[6.178s] Invoking command in '/home/sunrise/xgo_demo/src/xgo_motion': PYTHONPATH=/home/sunrise/xgo_demo/build/xgo_motion/prefix_override:/usr/lib/python3/dist-packages/colcon_core/task/python/colcon_distutils_commands:/home/sunrise/xgo_demo/install/xgo_motion/lib/python3.10/site-packages:${PYTHONPATH} /usr/bin/python3 -W ignore:setup.py install is deprecated -W ignore:easy_install command is deprecated setup.py egg_info --egg-base ../../build/xgo_motion build --build-base /home/sunrise/xgo_demo/build/xgo_motion/build install --record /home/sunrise/xgo_demo/build/xgo_motion/install.log --single-version-externally-managed install_data
[8.113s] running egg_info
[8.120s] writing ../../build/xgo_motion/xgo_motion.egg-info/PKG-INFO
[8.122s] writing dependency_links to ../../build/xgo_motion/xgo_motion.egg-info/dependency_links.txt
[8.124s] writing entry points to ../../build/xgo_motion/xgo_motion.egg-info/entry_points.txt
[8.124s] writing requirements to ../../build/xgo_motion/xgo_motion.egg-info/requires.txt
[8.129s] writing top-level names to ../../build/xgo_motion/xgo_motion.egg-info/top_level.txt
[8.207s] reading manifest file '../../build/xgo_motion/xgo_motion.egg-info/SOURCES.txt'
[8.254s] writing manifest file '../../build/xgo_motion/xgo_motion.egg-info/SOURCES.txt'
[8.257s] running build
[8.258s] running build_py
[8.474s] running install
[8.476s] running install_lib
[8.561s] running install_data
[8.563s] running install_egg_info
[8.573s] removing '/home/sunrise/xgo_demo/install/xgo_motion/lib/python3.10/site-packages/xgo_motion-0.0.0-py3.10.egg-info' (and everything under it)
[8.580s] Copying ../../build/xgo_motion/xgo_motion.egg-info to /home/sunrise/xgo_demo/install/xgo_motion/lib/python3.10/site-packages/xgo_motion-0.0.0-py3.10.egg-info
[8.583s] running install_scripts
[8.742s] Installing dog_show script to /home/sunrise/xgo_demo/install/xgo_motion/lib/xgo_motion
[8.764s] writing list of installed files to '/home/sunrise/xgo_demo/build/xgo_motion/install.log'
[9.020s] Invoked command in '/home/sunrise/xgo_demo/src/xgo_motion' returned '0': PYTHONPATH=/home/sunrise/xgo_demo/build/xgo_motion/prefix_override:/usr/lib/python3/dist-packages/colcon_core/task/python/colcon_distutils_commands:/home/sunrise/xgo_demo/install/xgo_motion/lib/python3.10/site-packages:${PYTHONPATH} /usr/bin/python3 -W ignore:setup.py install is deprecated -W ignore:easy_install command is deprecated setup.py egg_info --egg-base ../../build/xgo_motion build --build-base /home/sunrise/xgo_demo/build/xgo_motion/build install --record /home/sunrise/xgo_demo/build/xgo_motion/install.log --single-version-externally-managed install_data
