[7.778s] Invoking command in '/home/sunrise/xgo_demo/src/xgo_motion': PYTHONPATH=/home/sunrise/xgo_demo/build/xgo_motion/prefix_override:/usr/lib/python3/dist-packages/colcon_core/task/python/colcon_distutils_commands:/home/sunrise/xgo_demo/install/xgo_motion/lib/python3.10/site-packages:${PYTHONPATH} /usr/bin/python3 -W ignore:setup.py install is deprecated -W ignore:easy_install command is deprecated setup.py egg_info --egg-base ../../build/xgo_motion build --build-base /home/sunrise/xgo_demo/build/xgo_motion/build install --record /home/sunrise/xgo_demo/build/xgo_motion/install.log --single-version-externally-managed install_data
[10.106s] running egg_info
[10.123s] writing ../../build/xgo_motion/xgo_motion.egg-info/PKG-INFO
[10.127s] writing dependency_links to ../../build/xgo_motion/xgo_motion.egg-info/dependency_links.txt
[10.131s] writing entry points to ../../build/xgo_motion/xgo_motion.egg-info/entry_points.txt
[10.135s] writing requirements to ../../build/xgo_motion/xgo_motion.egg-info/requires.txt
[10.138s] writing top-level names to ../../build/xgo_motion/xgo_motion.egg-info/top_level.txt
[10.212s] reading manifest file '../../build/xgo_motion/xgo_motion.egg-info/SOURCES.txt'
[10.262s] writing manifest file '../../build/xgo_motion/xgo_motion.egg-info/SOURCES.txt'
[10.266s] running build
[10.271s] running build_py
[10.530s] running install
[10.532s] running install_lib
[10.624s] running install_data
[10.629s] running install_egg_info
[10.641s] removing '/home/sunrise/xgo_demo/install/xgo_motion/lib/python3.10/site-packages/xgo_motion-0.0.0-py3.10.egg-info' (and everything under it)
[10.642s] Copying ../../build/xgo_motion/xgo_motion.egg-info to /home/sunrise/xgo_demo/install/xgo_motion/lib/python3.10/site-packages/xgo_motion-0.0.0-py3.10.egg-info
[10.650s] running install_scripts
[10.806s] Installing dog_show script to /home/sunrise/xgo_demo/install/xgo_motion/lib/xgo_motion
[10.828s] writing list of installed files to '/home/sunrise/xgo_demo/build/xgo_motion/install.log'
[11.086s] Invoked command in '/home/sunrise/xgo_demo/src/xgo_motion' returned '0': PYTHONPATH=/home/sunrise/xgo_demo/build/xgo_motion/prefix_override:/usr/lib/python3/dist-packages/colcon_core/task/python/colcon_distutils_commands:/home/sunrise/xgo_demo/install/xgo_motion/lib/python3.10/site-packages:${PYTHONPATH} /usr/bin/python3 -W ignore:setup.py install is deprecated -W ignore:easy_install command is deprecated setup.py egg_info --egg-base ../../build/xgo_motion build --build-base /home/sunrise/xgo_demo/build/xgo_motion/build install --record /home/sunrise/xgo_demo/build/xgo_motion/install.log --single-version-externally-managed install_data
