[8.653s] Invoking command in '/home/sunrise/xgo_demo/src/xgo_device': PYTHONPATH=/home/sunrise/xgo_demo/build/xgo_device/prefix_override:/usr/lib/python3/dist-packages/colcon_core/task/python/colcon_distutils_commands:/home/sunrise/xgo_demo/install/xgo_device/lib/python3.10/site-packages:${PYTHONPATH} /usr/bin/python3 -W ignore:setup.py install is deprecated -W ignore:easy_install command is deprecated setup.py egg_info --egg-base ../../build/xgo_device build --build-base /home/sunrise/xgo_demo/build/xgo_device/build install --record /home/sunrise/xgo_demo/build/xgo_device/install.log --single-version-externally-managed
[11.474s] running egg_info
[11.487s] writing ../../build/xgo_device/xgo_device.egg-info/PKG-INFO
[11.491s] writing dependency_links to ../../build/xgo_device/xgo_device.egg-info/dependency_links.txt
[11.493s] writing entry points to ../../build/xgo_device/xgo_device.egg-info/entry_points.txt
[11.496s] writing requirements to ../../build/xgo_device/xgo_device.egg-info/requires.txt
[11.499s] writing top-level names to ../../build/xgo_device/xgo_device.egg-info/top_level.txt
[11.519s] reading manifest file '../../build/xgo_device/xgo_device.egg-info/SOURCES.txt'
[11.529s] writing manifest file '../../build/xgo_device/xgo_device.egg-info/SOURCES.txt'
[11.531s] running build
[11.533s] running build_py
[11.540s] running install
[11.545s] running install_lib
[11.563s] running install_egg_info
[11.582s] removing '/home/sunrise/xgo_demo/install/xgo_device/lib/python3.10/site-packages/xgo_device-0.0.1-py3.10.egg-info' (and everything under it)
[11.586s] Copying ../../build/xgo_device/xgo_device.egg-info to /home/sunrise/xgo_demo/install/xgo_device/lib/python3.10/site-packages/xgo_device-0.0.1-py3.10.egg-info
[11.610s] running install_scripts
[11.853s] Installing device_info script to /home/sunrise/xgo_demo/install/xgo_device/lib/xgo_device
[11.890s] writing list of installed files to '/home/sunrise/xgo_demo/build/xgo_device/install.log'
[12.307s] Invoked command in '/home/sunrise/xgo_demo/src/xgo_device' returned '0': PYTHONPATH=/home/sunrise/xgo_demo/build/xgo_device/prefix_override:/usr/lib/python3/dist-packages/colcon_core/task/python/colcon_distutils_commands:/home/sunrise/xgo_demo/install/xgo_device/lib/python3.10/site-packages:${PYTHONPATH} /usr/bin/python3 -W ignore:setup.py install is deprecated -W ignore:easy_install command is deprecated setup.py egg_info --egg-base ../../build/xgo_device build --build-base /home/sunrise/xgo_demo/build/xgo_device/build install --record /home/sunrise/xgo_demo/build/xgo_device/install.log --single-version-externally-managed
