running egg_info
writing ../../build/xgo_motion/xgo_motion.egg-info/PKG-INFO
writing dependency_links to ../../build/xgo_motion/xgo_motion.egg-info/dependency_links.txt
writing entry points to ../../build/xgo_motion/xgo_motion.egg-info/entry_points.txt
writing requirements to ../../build/xgo_motion/xgo_motion.egg-info/requires.txt
writing top-level names to ../../build/xgo_motion/xgo_motion.egg-info/top_level.txt
reading manifest file '../../build/xgo_motion/xgo_motion.egg-info/SOURCES.txt'
writing manifest file '../../build/xgo_motion/xgo_motion.egg-info/SOURCES.txt'
running build
running build_py
copying xgo_motion/dog_show.py -> /home/sunrise/xgo_demo/build/xgo_motion/build/lib/xgo_motion
running install
running install_lib
copying /home/sunrise/xgo_demo/build/xgo_motion/build/lib/xgo_motion/dog_show.py -> /home/sunrise/xgo_demo/install/xgo_motion/lib/python3.10/site-packages/xgo_motion
byte-compiling /home/sunrise/xgo_demo/install/xgo_motion/lib/python3.10/site-packages/xgo_motion/dog_show.py to dog_show.cpython-310.pyc
running install_data
running install_egg_info
removing '/home/sunrise/xgo_demo/install/xgo_motion/lib/python3.10/site-packages/xgo_motion-0.0.0-py3.10.egg-info' (and everything under it)
Copying ../../build/xgo_motion/xgo_motion.egg-info to /home/sunrise/xgo_demo/install/xgo_motion/lib/python3.10/site-packages/xgo_motion-0.0.0-py3.10.egg-info
running install_scripts
Installing dog_show script to /home/sunrise/xgo_demo/install/xgo_motion/lib/xgo_motion
writing list of installed files to '/home/sunrise/xgo_demo/build/xgo_motion/install.log'
