[5.359s] Invoking command in '/home/sunrise/xgo_demo/src/xgo_motion': PYTHONPATH=/home/sunrise/xgo_demo/build/xgo_motion/prefix_override:/usr/lib/python3/dist-packages/colcon_core/task/python/colcon_distutils_commands:/home/sunrise/xgo_demo/install/xgo_motion/lib/python3.10/site-packages:${PYTHONPATH} /usr/bin/python3 -W ignore:setup.py install is deprecated -W ignore:easy_install command is deprecated setup.py egg_info --egg-base ../../build/xgo_motion build --build-base /home/sunrise/xgo_demo/build/xgo_motion/build install --record /home/sunrise/xgo_demo/build/xgo_motion/install.log --single-version-externally-managed install_data
[6.862s] running egg_info
[6.869s] writing ../../build/xgo_motion/xgo_motion.egg-info/PKG-INFO
[6.870s] writing dependency_links to ../../build/xgo_motion/xgo_motion.egg-info/dependency_links.txt
[6.871s] writing entry points to ../../build/xgo_motion/xgo_motion.egg-info/entry_points.txt
[6.872s] writing requirements to ../../build/xgo_motion/xgo_motion.egg-info/requires.txt
[6.873s] writing top-level names to ../../build/xgo_motion/xgo_motion.egg-info/top_level.txt
[6.952s] reading manifest file '../../build/xgo_motion/xgo_motion.egg-info/SOURCES.txt'
[6.996s] writing manifest file '../../build/xgo_motion/xgo_motion.egg-info/SOURCES.txt'
[6.996s] running build
[6.997s] running build_py
[6.998s] copying xgo_motion/dog_show.py -> /home/sunrise/xgo_demo/build/xgo_motion/build/lib/xgo_motion
[7.194s] running install
[7.197s] running install_lib
[7.274s] copying /home/sunrise/xgo_demo/build/xgo_motion/build/lib/xgo_motion/dog_show.py -> /home/sunrise/xgo_demo/install/xgo_motion/lib/python3.10/site-packages/xgo_motion
[7.279s] byte-compiling /home/sunrise/xgo_demo/install/xgo_motion/lib/python3.10/site-packages/xgo_motion/dog_show.py to dog_show.cpython-310.pyc
[7.283s] running install_data
[7.284s] running install_egg_info
[7.293s] removing '/home/sunrise/xgo_demo/install/xgo_motion/lib/python3.10/site-packages/xgo_motion-0.0.0-py3.10.egg-info' (and everything under it)
[7.295s] Copying ../../build/xgo_motion/xgo_motion.egg-info to /home/sunrise/xgo_demo/install/xgo_motion/lib/python3.10/site-packages/xgo_motion-0.0.0-py3.10.egg-info
[7.299s] running install_scripts
[7.426s] Installing dog_show script to /home/sunrise/xgo_demo/install/xgo_motion/lib/xgo_motion
[7.447s] writing list of installed files to '/home/sunrise/xgo_demo/build/xgo_motion/install.log'
[7.673s] Invoked command in '/home/sunrise/xgo_demo/src/xgo_motion' returned '0': PYTHONPATH=/home/sunrise/xgo_demo/build/xgo_motion/prefix_override:/usr/lib/python3/dist-packages/colcon_core/task/python/colcon_distutils_commands:/home/sunrise/xgo_demo/install/xgo_motion/lib/python3.10/site-packages:${PYTHONPATH} /usr/bin/python3 -W ignore:setup.py install is deprecated -W ignore:easy_install command is deprecated setup.py egg_info --egg-base ../../build/xgo_motion build --build-base /home/sunrise/xgo_demo/build/xgo_motion/build install --record /home/sunrise/xgo_demo/build/xgo_motion/install.log --single-version-externally-managed install_data
