[7.563s] Invoking command in '/home/sunrise/xgo_demo/src/xgo_device': PYTHONPATH=/home/sunrise/xgo_demo/build/xgo_device/prefix_override:/usr/lib/python3/dist-packages/colcon_core/task/python/colcon_distutils_commands:/home/sunrise/xgo_demo/install/xgo_device/lib/python3.10/site-packages:${PYTHONPATH} /usr/bin/python3 -W ignore:setup.py install is deprecated -W ignore:easy_install command is deprecated setup.py egg_info --egg-base ../../build/xgo_device build --build-base /home/sunrise/xgo_demo/build/xgo_device/build install --record /home/sunrise/xgo_demo/build/xgo_device/install.log --single-version-externally-managed
[9.993s] running egg_info
[10.005s] writing ../../build/xgo_device/xgo_device.egg-info/PKG-INFO
[10.014s] writing dependency_links to ../../build/xgo_device/xgo_device.egg-info/dependency_links.txt
[10.025s] writing entry points to ../../build/xgo_device/xgo_device.egg-info/entry_points.txt
[10.035s] writing requirements to ../../build/xgo_device/xgo_device.egg-info/requires.txt
[10.048s] writing top-level names to ../../build/xgo_device/xgo_device.egg-info/top_level.txt
[10.068s] reading manifest file '../../build/xgo_device/xgo_device.egg-info/SOURCES.txt'
[10.080s] writing manifest file '../../build/xgo_device/xgo_device.egg-info/SOURCES.txt'
[10.100s] running build
[10.129s] running build_py
[10.136s] running install
[10.143s] running install_lib
[10.177s] running install_egg_info
[10.211s] removing '/home/sunrise/xgo_demo/install/xgo_device/lib/python3.10/site-packages/xgo_device-0.0.1-py3.10.egg-info' (and everything under it)
[10.223s] Copying ../../build/xgo_device/xgo_device.egg-info to /home/sunrise/xgo_demo/install/xgo_device/lib/python3.10/site-packages/xgo_device-0.0.1-py3.10.egg-info
[10.268s] running install_scripts
[10.546s] Installing device_info script to /home/sunrise/xgo_demo/install/xgo_device/lib/xgo_device
[10.559s] writing list of installed files to '/home/sunrise/xgo_demo/build/xgo_device/install.log'
[10.870s] Invoked command in '/home/sunrise/xgo_demo/src/xgo_device' returned '0': PYTHONPATH=/home/sunrise/xgo_demo/build/xgo_device/prefix_override:/usr/lib/python3/dist-packages/colcon_core/task/python/colcon_distutils_commands:/home/sunrise/xgo_demo/install/xgo_device/lib/python3.10/site-packages:${PYTHONPATH} /usr/bin/python3 -W ignore:setup.py install is deprecated -W ignore:easy_install command is deprecated setup.py egg_info --egg-base ../../build/xgo_device build --build-base /home/sunrise/xgo_demo/build/xgo_device/build install --record /home/sunrise/xgo_demo/build/xgo_device/install.log --single-version-externally-managed
