running egg_info
creating ../../build/xgo_body_py/xgo_body_py.egg-info
writing ../../build/xgo_body_py/xgo_body_py.egg-info/PKG-INFO
writing dependency_links to ../../build/xgo_body_py/xgo_body_py.egg-info/dependency_links.txt
writing entry points to ../../build/xgo_body_py/xgo_body_py.egg-info/entry_points.txt
writing requirements to ../../build/xgo_body_py/xgo_body_py.egg-info/requires.txt
writing top-level names to ../../build/xgo_body_py/xgo_body_py.egg-info/top_level.txt
writing manifest file '../../build/xgo_body_py/xgo_body_py.egg-info/SOURCES.txt'
reading manifest file '../../build/xgo_body_py/xgo_body_py.egg-info/SOURCES.txt'
writing manifest file '../../build/xgo_body_py/xgo_body_py.egg-info/SOURCES.txt'
running build
running build_py
creating /home/sunrise/xgo_demo/build/xgo_body_py/build
creating /home/sunrise/xgo_demo/build/xgo_body_py/build/lib
creating /home/sunrise/xgo_demo/build/xgo_body_py/build/lib/xgo_body_py
copying xgo_body_py/__init__.py -> /home/sunrise/xgo_demo/build/xgo_body_py/build/lib/xgo_body_py
copying xgo_body_py/initBody.py -> /home/sunrise/xgo_demo/build/xgo_body_py/build/lib/xgo_body_py
running install
running install_lib
creating /home/sunrise/xgo_demo/install/xgo_body_py/lib/python3.10/site-packages/xgo_body_py
copying /home/sunrise/xgo_demo/build/xgo_body_py/build/lib/xgo_body_py/__init__.py -> /home/sunrise/xgo_demo/install/xgo_body_py/lib/python3.10/site-packages/xgo_body_py
copying /home/sunrise/xgo_demo/build/xgo_body_py/build/lib/xgo_body_py/initBody.py -> /home/sunrise/xgo_demo/install/xgo_body_py/lib/python3.10/site-packages/xgo_body_py
byte-compiling /home/sunrise/xgo_demo/install/xgo_body_py/lib/python3.10/site-packages/xgo_body_py/__init__.py to __init__.cpython-310.pyc
byte-compiling /home/sunrise/xgo_demo/install/xgo_body_py/lib/python3.10/site-packages/xgo_body_py/initBody.py to initBody.cpython-310.pyc
running install_data
creating /home/sunrise/xgo_demo/install/xgo_body_py/share/ament_index
creating /home/sunrise/xgo_demo/install/xgo_body_py/share/ament_index/resource_index
creating /home/sunrise/xgo_demo/install/xgo_body_py/share/ament_index/resource_index/packages
copying resource/xgo_body_py -> /home/sunrise/xgo_demo/install/xgo_body_py/share/ament_index/resource_index/packages
copying package.xml -> /home/sunrise/xgo_demo/install/xgo_body_py/share/xgo_body_py
running install_egg_info
Copying ../../build/xgo_body_py/xgo_body_py.egg-info to /home/sunrise/xgo_demo/install/xgo_body_py/lib/python3.10/site-packages/xgo_body_py-0.0.0-py3.10.egg-info
running install_scripts
writing list of installed files to '/home/sunrise/xgo_demo/build/xgo_body_py/install.log'
