[5.058s] Invoking command in '/home/sunrise/xgo_demo/src/xgo_body_py': PYTHONPATH=/home/sunrise/xgo_demo/build/xgo_body_py/prefix_override:/usr/lib/python3/dist-packages/colcon_core/task/python/colcon_distutils_commands:/home/sunrise/xgo_demo/install/xgo_body_py/lib/python3.10/site-packages:${PYTHONPATH} /usr/bin/python3 -W ignore:setup.py install is deprecated -W ignore:easy_install command is deprecated setup.py egg_info --egg-base ../../build/xgo_body_py build --build-base /home/sunrise/xgo_demo/build/xgo_body_py/build install --record /home/sunrise/xgo_demo/build/xgo_body_py/install.log --single-version-externally-managed install_data
[6.999s] running egg_info
[7.012s] creating ../../build/xgo_body_py/xgo_body_py.egg-info
[7.017s] writing ../../build/xgo_body_py/xgo_body_py.egg-info/PKG-INFO
[7.018s] writing dependency_links to ../../build/xgo_body_py/xgo_body_py.egg-info/dependency_links.txt
[7.019s] writing entry points to ../../build/xgo_body_py/xgo_body_py.egg-info/entry_points.txt
[7.020s] writing requirements to ../../build/xgo_body_py/xgo_body_py.egg-info/requires.txt
[7.021s] writing top-level names to ../../build/xgo_body_py/xgo_body_py.egg-info/top_level.txt
[7.022s] writing manifest file '../../build/xgo_body_py/xgo_body_py.egg-info/SOURCES.txt'
[7.025s] reading manifest file '../../build/xgo_body_py/xgo_body_py.egg-info/SOURCES.txt'
[7.033s] writing manifest file '../../build/xgo_body_py/xgo_body_py.egg-info/SOURCES.txt'
[7.034s] running build
[7.035s] running build_py
[7.036s] creating /home/sunrise/xgo_demo/build/xgo_body_py/build
[7.037s] creating /home/sunrise/xgo_demo/build/xgo_body_py/build/lib
[7.038s] creating /home/sunrise/xgo_demo/build/xgo_body_py/build/lib/xgo_body_py
[7.039s] copying xgo_body_py/__init__.py -> /home/sunrise/xgo_demo/build/xgo_body_py/build/lib/xgo_body_py
[7.039s] copying xgo_body_py/initBody.py -> /home/sunrise/xgo_demo/build/xgo_body_py/build/lib/xgo_body_py
[7.040s] running install
[7.041s] running install_lib
[7.045s] creating /home/sunrise/xgo_demo/install/xgo_body_py/lib/python3.10/site-packages/xgo_body_py
[7.046s] copying /home/sunrise/xgo_demo/build/xgo_body_py/build/lib/xgo_body_py/__init__.py -> /home/sunrise/xgo_demo/install/xgo_body_py/lib/python3.10/site-packages/xgo_body_py
[7.047s] copying /home/sunrise/xgo_demo/build/xgo_body_py/build/lib/xgo_body_py/initBody.py -> /home/sunrise/xgo_demo/install/xgo_body_py/lib/python3.10/site-packages/xgo_body_py
[7.049s] byte-compiling /home/sunrise/xgo_demo/install/xgo_body_py/lib/python3.10/site-packages/xgo_body_py/__init__.py to __init__.cpython-310.pyc
[7.051s] byte-compiling /home/sunrise/xgo_demo/install/xgo_body_py/lib/python3.10/site-packages/xgo_body_py/initBody.py to initBody.cpython-310.pyc
[7.053s] running install_data
[7.054s] creating /home/sunrise/xgo_demo/install/xgo_body_py/share/ament_index
[7.055s] creating /home/sunrise/xgo_demo/install/xgo_body_py/share/ament_index/resource_index
[7.056s] creating /home/sunrise/xgo_demo/install/xgo_body_py/share/ament_index/resource_index/packages
[7.057s] copying resource/xgo_body_py -> /home/sunrise/xgo_demo/install/xgo_body_py/share/ament_index/resource_index/packages
[7.058s] copying package.xml -> /home/sunrise/xgo_demo/install/xgo_body_py/share/xgo_body_py
[7.061s] running install_egg_info
[7.070s] Copying ../../build/xgo_body_py/xgo_body_py.egg-info to /home/sunrise/xgo_demo/install/xgo_body_py/lib/python3.10/site-packages/xgo_body_py-0.0.0-py3.10.egg-info
[7.081s] running install_scripts
[7.229s] writing list of installed files to '/home/sunrise/xgo_demo/build/xgo_body_py/install.log'
[7.466s] Invoked command in '/home/sunrise/xgo_demo/src/xgo_body_py' returned '0': PYTHONPATH=/home/sunrise/xgo_demo/build/xgo_body_py/prefix_override:/usr/lib/python3/dist-packages/colcon_core/task/python/colcon_distutils_commands:/home/sunrise/xgo_demo/install/xgo_body_py/lib/python3.10/site-packages:${PYTHONPATH} /usr/bin/python3 -W ignore:setup.py install is deprecated -W ignore:easy_install command is deprecated setup.py egg_info --egg-base ../../build/xgo_body_py build --build-base /home/sunrise/xgo_demo/build/xgo_body_py/build install --record /home/sunrise/xgo_demo/build/xgo_body_py/install.log --single-version-externally-managed install_data
