[0.154s] Invoking command in '/home/sunrise/xgo_demo/build/xgo_body': CMAKE_PREFIX_PATH=${CMAKE_PREFIX_PATH}:/home/sunrise/xgo_demo/install/xgo_motion:/home/sunrise/xgo_demo/install/xgo_device:/home/sunrise/xgo_demo/install/xgo_body_py:/opt/tros/humble:/opt/ros/humble /usr/bin/cmake --build /home/sunrise/xgo_demo/build/xgo_body -- -j4 -l4
[4.009s] [ 10%] Built target xgo_body__rosidl_generator_c
[4.013s] [ 12%] Built target xgo_body__cpp
[4.015s] [ 12%] Built target ament_cmake_python_copy_xgo_body
[4.016s] [ 22%] Built target xgo_body__rosidl_typesupport_c
[4.019s] [ 33%] Built target xgo_body__rosidl_typesupport_introspection_c
[4.022s] [ 43%] Built target xgo_body__rosidl_typesupport_fastrtps_c
[4.023s] [ 54%] Built target xgo_body__rosidl_typesupport_fastrtps_cpp
[4.024s] [ 64%] Built target xgo_body__rosidl_typesupport_introspection_cpp
[4.026s] [ 75%] Built target xgo_body__rosidl_typesupport_cpp
[4.028s] [ 75%] Built target xgo_body
[4.029s] [ 78%] Built target xgo_body_node
[4.030s] [ 80%] Built target xgo_body__py
[4.031s] [ 89%] Built target xgo_body__rosidl_generator_py
[4.032s] [ 92%] Built target xgo_body__rosidl_typesupport_fastrtps_c__pyext
[4.033s] [ 96%] Built target xgo_body__rosidl_typesupport_c__pyext
[4.034s] [100%] Built target xgo_body__rosidl_typesupport_introspection_c__pyext
[4.034s] running egg_info
[4.035s] writing xgo_body.egg-info/PKG-INFO
[4.036s] writing dependency_links to xgo_body.egg-info/dependency_links.txt
[4.036s] writing top-level names to xgo_body.egg-info/top_level.txt
[4.037s] reading manifest file 'xgo_body.egg-info/SOURCES.txt'
[4.038s] writing manifest file 'xgo_body.egg-info/SOURCES.txt'
[4.038s] [100%] Built target ament_cmake_python_build_xgo_body_egg
[4.039s] Invoked command in '/home/sunrise/xgo_demo/build/xgo_body' returned '0': CMAKE_PREFIX_PATH=${CMAKE_PREFIX_PATH}:/home/sunrise/xgo_demo/install/xgo_motion:/home/sunrise/xgo_demo/install/xgo_device:/home/sunrise/xgo_demo/install/xgo_body_py:/opt/tros/humble:/opt/ros/humble /usr/bin/cmake --build /home/sunrise/xgo_demo/build/xgo_body -- -j4 -l4
[4.065s] Invoking command in '/home/sunrise/xgo_demo/build/xgo_body': CMAKE_PREFIX_PATH=${CMAKE_PREFIX_PATH}:/home/sunrise/xgo_demo/install/xgo_motion:/home/sunrise/xgo_demo/install/xgo_device:/home/sunrise/xgo_demo/install/xgo_body_py:/opt/tros/humble:/opt/ros/humble /usr/bin/cmake --install /home/sunrise/xgo_demo/build/xgo_body
[4.103s] -- Install configuration: ""
[4.105s] -- Up-to-date: /home/sunrise/xgo_demo/install/xgo_body/share/ament_index/resource_index/rosidl_interfaces/xgo_body
[4.107s] -- Up-to-date: /home/sunrise/xgo_demo/install/xgo_body/include/xgo_body/xgo_body
[4.109s] -- Up-to-date: /home/sunrise/xgo_demo/install/xgo_body/include/xgo_body/xgo_body/msg
[4.115s] -- Up-to-date: /home/sunrise/xgo_demo/install/xgo_body/include/xgo_body/xgo_body/msg/detail
[4.117s] -- Up-to-date: /home/sunrise/xgo_demo/install/xgo_body/include/xgo_body/xgo_body/msg/detail/leg_pose__struct.h
[4.118s] -- Up-to-date: /home/sunrise/xgo_demo/install/xgo_body/include/xgo_body/xgo_body/msg/detail/joint_angle__functions.c
[4.120s] -- Up-to-date: /home/sunrise/xgo_demo/install/xgo_body/include/xgo_body/xgo_body/msg/detail/body_pose__functions.h
[4.121s] -- Up-to-date: /home/sunrise/xgo_demo/install/xgo_body/include/xgo_body/xgo_body/msg/detail/joint_angle__functions.h
[4.122s] -- Up-to-date: /home/sunrise/xgo_demo/install/xgo_body/include/xgo_body/xgo_body/msg/detail/leg_pose__functions.h
[4.124s] -- Up-to-date: /home/sunrise/xgo_demo/install/xgo_body/include/xgo_body/xgo_body/msg/detail/joint_angle__struct.h
[4.126s] -- Up-to-date: /home/sunrise/xgo_demo/install/xgo_body/include/xgo_body/xgo_body/msg/detail/leg_pose__functions.c
[4.127s] -- Up-to-date: /home/sunrise/xgo_demo/install/xgo_body/include/xgo_body/xgo_body/msg/detail/leg_pose__type_support.h
[4.128s] -- Up-to-date: /home/sunrise/xgo_demo/install/xgo_body/include/xgo_body/xgo_body/msg/detail/joint_angle__type_support.h
[4.135s] -- Up-to-date: /home/sunrise/xgo_demo/install/xgo_body/include/xgo_body/xgo_body/msg/detail/body_pose__struct.h
[4.136s] -- Up-to-date: /home/sunrise/xgo_demo/install/xgo_body/include/xgo_body/xgo_body/msg/detail/body_pose__type_support.h
[4.136s] -- Up-to-date: /home/sunrise/xgo_demo/install/xgo_body/include/xgo_body/xgo_body/msg/detail/arm_pose__functions.c
[4.137s] -- Up-to-date: /home/sunrise/xgo_demo/install/xgo_body/include/xgo_body/xgo_body/msg/detail/arm_pose__struct.h
[4.138s] -- Up-to-date: /home/sunrise/xgo_demo/install/xgo_body/include/xgo_body/xgo_body/msg/detail/body_pose__functions.c
[4.143s] -- Up-to-date: /home/sunrise/xgo_demo/install/xgo_body/include/xgo_body/xgo_body/msg/detail/arm_pose__functions.h
[4.144s] -- Up-to-date: /home/sunrise/xgo_demo/install/xgo_body/include/xgo_body/xgo_body/msg/detail/arm_pose__type_support.h
[4.145s] -- Up-to-date: /home/sunrise/xgo_demo/install/xgo_body/include/xgo_body/xgo_body/msg/body_pose.h
[4.146s] -- Up-to-date: /home/sunrise/xgo_demo/install/xgo_body/include/xgo_body/xgo_body/msg/leg_pose.h
[4.147s] -- Up-to-date: /home/sunrise/xgo_demo/install/xgo_body/include/xgo_body/xgo_body/msg/arm_pose.h
[4.147s] -- Up-to-date: /home/sunrise/xgo_demo/install/xgo_body/include/xgo_body/xgo_body/msg/rosidl_generator_c__visibility_control.h
[4.148s] -- Up-to-date: /home/sunrise/xgo_demo/install/xgo_body/include/xgo_body/xgo_body/msg/joint_angle.h
[4.149s] -- Up-to-date: /home/sunrise/xgo_demo/install/xgo_body/share/xgo_body/environment/library_path.sh
[4.161s] -- Up-to-date: /home/sunrise/xgo_demo/install/xgo_body/share/xgo_body/environment/library_path.dsv
[4.167s] -- Up-to-date: /home/sunrise/xgo_demo/install/xgo_body/lib/libxgo_body__rosidl_generator_c.so
[4.169s] -- Up-to-date: /home/sunrise/xgo_demo/install/xgo_body/include/xgo_body/xgo_body
[4.173s] -- Up-to-date: /home/sunrise/xgo_demo/install/xgo_body/include/xgo_body/xgo_body/msg
[4.175s] -- Up-to-date: /home/sunrise/xgo_demo/install/xgo_body/include/xgo_body/xgo_body/msg/detail
[4.176s] -- Up-to-date: /home/sunrise/xgo_demo/install/xgo_body/include/xgo_body/xgo_body/msg/detail/leg_pose__rosidl_typesupport_fastrtps_c.h
[4.176s] -- Up-to-date: /home/sunrise/xgo_demo/install/xgo_body/include/xgo_body/xgo_body/msg/detail/body_pose__rosidl_typesupport_fastrtps_c.h
[4.177s] -- Up-to-date: /home/sunrise/xgo_demo/install/xgo_body/include/xgo_body/xgo_body/msg/detail/arm_pose__rosidl_typesupport_fastrtps_c.h
[4.182s] -- Up-to-date: /home/sunrise/xgo_demo/install/xgo_body/include/xgo_body/xgo_body/msg/detail/joint_angle__rosidl_typesupport_fastrtps_c.h
[4.183s] -- Up-to-date: /home/sunrise/xgo_demo/install/xgo_body/include/xgo_body/xgo_body/msg/rosidl_typesupport_fastrtps_c__visibility_control.h
[4.184s] -- Up-to-date: /home/sunrise/xgo_demo/install/xgo_body/lib/libxgo_body__rosidl_typesupport_fastrtps_c.so
[4.185s] -- Up-to-date: /home/sunrise/xgo_demo/install/xgo_body/include/xgo_body/xgo_body
[4.186s] -- Up-to-date: /home/sunrise/xgo_demo/install/xgo_body/include/xgo_body/xgo_body/msg
[4.193s] -- Up-to-date: /home/sunrise/xgo_demo/install/xgo_body/include/xgo_body/xgo_body/msg/detail
[4.194s] -- Up-to-date: /home/sunrise/xgo_demo/install/xgo_body/include/xgo_body/xgo_body/msg/detail/arm_pose__type_support.c
[4.197s] -- Up-to-date: /home/sunrise/xgo_demo/install/xgo_body/include/xgo_body/xgo_body/msg/detail/leg_pose__type_support.c
[4.203s] -- Up-to-date: /home/sunrise/xgo_demo/install/xgo_body/include/xgo_body/xgo_body/msg/detail/body_pose__type_support.c
[4.204s] -- Up-to-date: /home/sunrise/xgo_demo/install/xgo_body/include/xgo_body/xgo_body/msg/detail/arm_pose__rosidl_typesupport_introspection_c.h
[4.204s] -- Up-to-date: /home/sunrise/xgo_demo/install/xgo_body/include/xgo_body/xgo_body/msg/detail/body_pose__rosidl_typesupport_introspection_c.h
[4.205s] -- Up-to-date: /home/sunrise/xgo_demo/install/xgo_body/include/xgo_body/xgo_body/msg/detail/joint_angle__type_support.c
[4.206s] -- Up-to-date: /home/sunrise/xgo_demo/install/xgo_body/include/xgo_body/xgo_body/msg/detail/leg_pose__rosidl_typesupport_introspection_c.h
[4.207s] -- Up-to-date: /home/sunrise/xgo_demo/install/xgo_body/include/xgo_body/xgo_body/msg/detail/joint_angle__rosidl_typesupport_introspection_c.h
[4.207s] -- Up-to-date: /home/sunrise/xgo_demo/install/xgo_body/include/xgo_body/xgo_body/msg/rosidl_typesupport_introspection_c__visibility_control.h
[4.208s] -- Up-to-date: /home/sunrise/xgo_demo/install/xgo_body/lib/libxgo_body__rosidl_typesupport_introspection_c.so
[4.209s] -- Up-to-date: /home/sunrise/xgo_demo/install/xgo_body/lib/libxgo_body__rosidl_typesupport_c.so
[4.210s] -- Up-to-date: /home/sunrise/xgo_demo/install/xgo_body/include/xgo_body/xgo_body
[4.217s] -- Up-to-date: /home/sunrise/xgo_demo/install/xgo_body/include/xgo_body/xgo_body/msg
[4.222s] -- Up-to-date: /home/sunrise/xgo_demo/install/xgo_body/include/xgo_body/xgo_body/msg/detail
[4.223s] -- Up-to-date: /home/sunrise/xgo_demo/install/xgo_body/include/xgo_body/xgo_body/msg/detail/body_pose__type_support.hpp
[4.224s] -- Up-to-date: /home/sunrise/xgo_demo/install/xgo_body/include/xgo_body/xgo_body/msg/detail/leg_pose__builder.hpp
[4.225s] -- Up-to-date: /home/sunrise/xgo_demo/install/xgo_body/include/xgo_body/xgo_body/msg/detail/leg_pose__traits.hpp
[4.225s] -- Up-to-date: /home/sunrise/xgo_demo/install/xgo_body/include/xgo_body/xgo_body/msg/detail/body_pose__struct.hpp
[4.228s] -- Up-to-date: /home/sunrise/xgo_demo/install/xgo_body/include/xgo_body/xgo_body/msg/detail/joint_angle__builder.hpp
[4.228s] -- Up-to-date: /home/sunrise/xgo_demo/install/xgo_body/include/xgo_body/xgo_body/msg/detail/arm_pose__builder.hpp
[4.229s] -- Up-to-date: /home/sunrise/xgo_demo/install/xgo_body/include/xgo_body/xgo_body/msg/detail/body_pose__traits.hpp
[4.234s] -- Up-to-date: /home/sunrise/xgo_demo/install/xgo_body/include/xgo_body/xgo_body/msg/detail/joint_angle__type_support.hpp
[4.235s] -- Up-to-date: /home/sunrise/xgo_demo/install/xgo_body/include/xgo_body/xgo_body/msg/detail/arm_pose__traits.hpp
[4.236s] -- Up-to-date: /home/sunrise/xgo_demo/install/xgo_body/include/xgo_body/xgo_body/msg/detail/arm_pose__type_support.hpp
[4.237s] -- Up-to-date: /home/sunrise/xgo_demo/install/xgo_body/include/xgo_body/xgo_body/msg/detail/joint_angle__struct.hpp
[4.238s] -- Up-to-date: /home/sunrise/xgo_demo/install/xgo_body/include/xgo_body/xgo_body/msg/detail/leg_pose__struct.hpp
[4.247s] -- Up-to-date: /home/sunrise/xgo_demo/install/xgo_body/include/xgo_body/xgo_body/msg/detail/joint_angle__traits.hpp
[4.248s] -- Up-to-date: /home/sunrise/xgo_demo/install/xgo_body/include/xgo_body/xgo_body/msg/detail/arm_pose__struct.hpp
[4.248s] -- Up-to-date: /home/sunrise/xgo_demo/install/xgo_body/include/xgo_body/xgo_body/msg/detail/leg_pose__type_support.hpp
[4.249s] -- Up-to-date: /home/sunrise/xgo_demo/install/xgo_body/include/xgo_body/xgo_body/msg/detail/body_pose__builder.hpp
[4.258s] -- Up-to-date: /home/sunrise/xgo_demo/install/xgo_body/include/xgo_body/xgo_body/msg/joint_angle.hpp
[4.259s] -- Up-to-date: /home/sunrise/xgo_demo/install/xgo_body/include/xgo_body/xgo_body/msg/body_pose.hpp
[4.260s] -- Up-to-date: /home/sunrise/xgo_demo/install/xgo_body/include/xgo_body/xgo_body/msg/leg_pose.hpp
[4.261s] -- Up-to-date: /home/sunrise/xgo_demo/install/xgo_body/include/xgo_body/xgo_body/msg/arm_pose.hpp
[4.261s] -- Up-to-date: /home/sunrise/xgo_demo/install/xgo_body/include/xgo_body/xgo_body/msg/rosidl_generator_cpp__visibility_control.hpp
[4.274s] -- Up-to-date: /home/sunrise/xgo_demo/install/xgo_body/include/xgo_body/xgo_body
[4.277s] -- Up-to-date: /home/sunrise/xgo_demo/install/xgo_body/include/xgo_body/xgo_body/msg
[4.277s] -- Up-to-date: /home/sunrise/xgo_demo/install/xgo_body/include/xgo_body/xgo_body/msg/rosidl_typesupport_fastrtps_cpp__visibility_control.h
[4.278s] -- Up-to-date: /home/sunrise/xgo_demo/install/xgo_body/include/xgo_body/xgo_body/msg/detail
[4.279s] -- Up-to-date: /home/sunrise/xgo_demo/install/xgo_body/include/xgo_body/xgo_body/msg/detail/body_pose__rosidl_typesupport_fastrtps_cpp.hpp
[4.280s] -- Up-to-date: /home/sunrise/xgo_demo/install/xgo_body/include/xgo_body/xgo_body/msg/detail/joint_angle__rosidl_typesupport_fastrtps_cpp.hpp
[4.281s] -- Up-to-date: /home/sunrise/xgo_demo/install/xgo_body/include/xgo_body/xgo_body/msg/detail/dds_fastrtps
[4.284s] -- Up-to-date: /home/sunrise/xgo_demo/install/xgo_body/include/xgo_body/xgo_body/msg/detail/leg_pose__rosidl_typesupport_fastrtps_cpp.hpp
[4.285s] -- Up-to-date: /home/sunrise/xgo_demo/install/xgo_body/include/xgo_body/xgo_body/msg/detail/arm_pose__rosidl_typesupport_fastrtps_cpp.hpp
[4.286s] -- Up-to-date: /home/sunrise/xgo_demo/install/xgo_body/lib/libxgo_body__rosidl_typesupport_fastrtps_cpp.so
[4.286s] -- Up-to-date: /home/sunrise/xgo_demo/install/xgo_body/include/xgo_body/xgo_body
[4.287s] -- Up-to-date: /home/sunrise/xgo_demo/install/xgo_body/include/xgo_body/xgo_body/msg
[4.288s] -- Up-to-date: /home/sunrise/xgo_demo/install/xgo_body/include/xgo_body/xgo_body/msg/detail
[4.289s] -- Up-to-date: /home/sunrise/xgo_demo/install/xgo_body/include/xgo_body/xgo_body/msg/detail/arm_pose__rosidl_typesupport_introspection_cpp.hpp
[4.289s] -- Up-to-date: /home/sunrise/xgo_demo/install/xgo_body/include/xgo_body/xgo_body/msg/detail/body_pose__rosidl_typesupport_introspection_cpp.hpp
[4.290s] -- Up-to-date: /home/sunrise/xgo_demo/install/xgo_body/include/xgo_body/xgo_body/msg/detail/leg_pose__rosidl_typesupport_introspection_cpp.hpp
[4.291s] -- Up-to-date: /home/sunrise/xgo_demo/install/xgo_body/include/xgo_body/xgo_body/msg/detail/body_pose__type_support.cpp
[4.292s] -- Up-to-date: /home/sunrise/xgo_demo/install/xgo_body/include/xgo_body/xgo_body/msg/detail/arm_pose__type_support.cpp
[4.292s] -- Up-to-date: /home/sunrise/xgo_demo/install/xgo_body/include/xgo_body/xgo_body/msg/detail/joint_angle__rosidl_typesupport_introspection_cpp.hpp
[4.293s] -- Up-to-date: /home/sunrise/xgo_demo/install/xgo_body/include/xgo_body/xgo_body/msg/detail/joint_angle__type_support.cpp
[4.294s] -- Up-to-date: /home/sunrise/xgo_demo/install/xgo_body/include/xgo_body/xgo_body/msg/detail/leg_pose__type_support.cpp
[4.307s] -- Up-to-date: /home/sunrise/xgo_demo/install/xgo_body/lib/libxgo_body__rosidl_typesupport_introspection_cpp.so
[4.308s] -- Up-to-date: /home/sunrise/xgo_demo/install/xgo_body/lib/libxgo_body__rosidl_typesupport_cpp.so
[4.308s] -- Up-to-date: /home/sunrise/xgo_demo/install/xgo_body/share/xgo_body/environment/pythonpath.sh
[4.309s] -- Up-to-date: /home/sunrise/xgo_demo/install/xgo_body/share/xgo_body/environment/pythonpath.dsv
[4.310s] -- Up-to-date: /home/sunrise/xgo_demo/install/xgo_body/local/lib/python3.10/dist-packages/xgo_body-0.0.0-py3.10.egg-info
[4.311s] -- Installing: /home/sunrise/xgo_demo/install/xgo_body/local/lib/python3.10/dist-packages/xgo_body-0.0.0-py3.10.egg-info/dependency_links.txt
[4.312s] -- Installing: /home/sunrise/xgo_demo/install/xgo_body/local/lib/python3.10/dist-packages/xgo_body-0.0.0-py3.10.egg-info/PKG-INFO
[4.312s] -- Installing: /home/sunrise/xgo_demo/install/xgo_body/local/lib/python3.10/dist-packages/xgo_body-0.0.0-py3.10.egg-info/top_level.txt
[4.313s] -- Installing: /home/sunrise/xgo_demo/install/xgo_body/local/lib/python3.10/dist-packages/xgo_body-0.0.0-py3.10.egg-info/SOURCES.txt
[4.314s] -- Up-to-date: /home/sunrise/xgo_demo/install/xgo_body/local/lib/python3.10/dist-packages/xgo_body
[4.319s] -- Up-to-date: /home/sunrise/xgo_demo/install/xgo_body/local/lib/python3.10/dist-packages/xgo_body/xgo_body_s__rosidl_typesupport_fastrtps_c.cpython-310-aarch64-linux-gnu.so
[4.320s] -- Up-to-date: /home/sunrise/xgo_demo/install/xgo_body/local/lib/python3.10/dist-packages/xgo_body/__init__.py
[4.321s] -- Up-to-date: /home/sunrise/xgo_demo/install/xgo_body/local/lib/python3.10/dist-packages/xgo_body/_xgo_body_s.ep.rosidl_typesupport_introspection_c.c
[4.322s] -- Up-to-date: /home/sunrise/xgo_demo/install/xgo_body/local/lib/python3.10/dist-packages/xgo_body/_xgo_body_s.ep.rosidl_typesupport_fastrtps_c.c
[4.323s] -- Up-to-date: /home/sunrise/xgo_demo/install/xgo_body/local/lib/python3.10/dist-packages/xgo_body/libxgo_body__rosidl_generator_py.so
[4.324s] -- Up-to-date: /home/sunrise/xgo_demo/install/xgo_body/local/lib/python3.10/dist-packages/xgo_body/xgo_body_s__rosidl_typesupport_c.cpython-310-aarch64-linux-gnu.so
[4.325s] -- Up-to-date: /home/sunrise/xgo_demo/install/xgo_body/local/lib/python3.10/dist-packages/xgo_body/xgo_body_s__rosidl_typesupport_introspection_c.cpython-310-aarch64-linux-gnu.so
[4.326s] -- Up-to-date: /home/sunrise/xgo_demo/install/xgo_body/local/lib/python3.10/dist-packages/xgo_body/msg
[4.331s] -- Up-to-date: /home/sunrise/xgo_demo/install/xgo_body/local/lib/python3.10/dist-packages/xgo_body/msg/_body_pose_s.c
[4.332s] -- Up-to-date: /home/sunrise/xgo_demo/install/xgo_body/local/lib/python3.10/dist-packages/xgo_body/msg/_leg_pose_s.c
[4.333s] -- Up-to-date: /home/sunrise/xgo_demo/install/xgo_body/local/lib/python3.10/dist-packages/xgo_body/msg/_body_pose.py
[4.334s] -- Up-to-date: /home/sunrise/xgo_demo/install/xgo_body/local/lib/python3.10/dist-packages/xgo_body/msg/_arm_pose.py
[4.334s] -- Up-to-date: /home/sunrise/xgo_demo/install/xgo_body/local/lib/python3.10/dist-packages/xgo_body/msg/__init__.py
[4.335s] -- Up-to-date: /home/sunrise/xgo_demo/install/xgo_body/local/lib/python3.10/dist-packages/xgo_body/msg/_arm_pose_s.c
[4.336s] -- Up-to-date: /home/sunrise/xgo_demo/install/xgo_body/local/lib/python3.10/dist-packages/xgo_body/msg/_joint_angle_s.c
[4.337s] -- Up-to-date: /home/sunrise/xgo_demo/install/xgo_body/local/lib/python3.10/dist-packages/xgo_body/msg/_joint_angle.py
[4.338s] -- Up-to-date: /home/sunrise/xgo_demo/install/xgo_body/local/lib/python3.10/dist-packages/xgo_body/msg/_leg_pose.py
[4.339s] -- Up-to-date: /home/sunrise/xgo_demo/install/xgo_body/local/lib/python3.10/dist-packages/xgo_body/_xgo_body_s.ep.rosidl_typesupport_c.c
[4.658s] Listing '/home/sunrise/xgo_demo/install/xgo_body/local/lib/python3.10/dist-packages/xgo_body'...
[4.659s] Listing '/home/sunrise/xgo_demo/install/xgo_body/local/lib/python3.10/dist-packages/xgo_body/msg'...
[4.722s] -- Up-to-date: /home/sunrise/xgo_demo/install/xgo_body/local/lib/python3.10/dist-packages/xgo_body/xgo_body_s__rosidl_typesupport_fastrtps_c.cpython-310-aarch64-linux-gnu.so
[4.727s] -- Up-to-date: /home/sunrise/xgo_demo/install/xgo_body/local/lib/python3.10/dist-packages/xgo_body/xgo_body_s__rosidl_typesupport_introspection_c.cpython-310-aarch64-linux-gnu.so
[4.732s] -- Up-to-date: /home/sunrise/xgo_demo/install/xgo_body/local/lib/python3.10/dist-packages/xgo_body/xgo_body_s__rosidl_typesupport_c.cpython-310-aarch64-linux-gnu.so
[4.736s] -- Up-to-date: /home/sunrise/xgo_demo/install/xgo_body/lib/libxgo_body__rosidl_generator_py.so
[4.740s] -- Up-to-date: /home/sunrise/xgo_demo/install/xgo_body/share/xgo_body/msg/ArmPose.idl
[4.743s] -- Up-to-date: /home/sunrise/xgo_demo/install/xgo_body/share/xgo_body/msg/BodyPose.idl
[4.744s] -- Up-to-date: /home/sunrise/xgo_demo/install/xgo_body/share/xgo_body/msg/JointAngle.idl
[4.748s] -- Up-to-date: /home/sunrise/xgo_demo/install/xgo_body/share/xgo_body/msg/LegPose.idl
[4.749s] -- Up-to-date: /home/sunrise/xgo_demo/install/xgo_body/share/xgo_body/msg/ArmPose.msg
[4.751s] -- Up-to-date: /home/sunrise/xgo_demo/install/xgo_body/share/xgo_body/msg/BodyPose.msg
[4.752s] -- Up-to-date: /home/sunrise/xgo_demo/install/xgo_body/share/xgo_body/msg/JointAngle.msg
[4.753s] -- Up-to-date: /home/sunrise/xgo_demo/install/xgo_body/share/xgo_body/msg/LegPose.msg
[4.754s] -- Up-to-date: /home/sunrise/xgo_demo/install/xgo_body/lib/xgo_body/xgo_body_node
[4.755s] -- Up-to-date: /home/sunrise/xgo_demo/install/xgo_body/share/ament_index/resource_index/package_run_dependencies/xgo_body
[4.768s] -- Up-to-date: /home/sunrise/xgo_demo/install/xgo_body/share/ament_index/resource_index/parent_prefix_path/xgo_body
[4.771s] -- Up-to-date: /home/sunrise/xgo_demo/install/xgo_body/share/xgo_body/environment/ament_prefix_path.sh
[4.773s] -- Up-to-date: /home/sunrise/xgo_demo/install/xgo_body/share/xgo_body/environment/ament_prefix_path.dsv
[4.774s] -- Up-to-date: /home/sunrise/xgo_demo/install/xgo_body/share/xgo_body/environment/path.sh
[4.775s] -- Up-to-date: /home/sunrise/xgo_demo/install/xgo_body/share/xgo_body/environment/path.dsv
[4.776s] -- Up-to-date: /home/sunrise/xgo_demo/install/xgo_body/share/xgo_body/local_setup.bash
[4.777s] -- Up-to-date: /home/sunrise/xgo_demo/install/xgo_body/share/xgo_body/local_setup.sh
[4.777s] -- Up-to-date: /home/sunrise/xgo_demo/install/xgo_body/share/xgo_body/local_setup.zsh
[4.780s] -- Up-to-date: /home/sunrise/xgo_demo/install/xgo_body/share/xgo_body/local_setup.dsv
[4.780s] -- Installing: /home/sunrise/xgo_demo/install/xgo_body/share/xgo_body/package.dsv
[4.789s] -- Up-to-date: /home/sunrise/xgo_demo/install/xgo_body/share/ament_index/resource_index/packages/xgo_body
[4.791s] -- Up-to-date: /home/sunrise/xgo_demo/install/xgo_body/share/xgo_body/cmake/export_xgo_body__rosidl_generator_cExport.cmake
[4.792s] -- Up-to-date: /home/sunrise/xgo_demo/install/xgo_body/share/xgo_body/cmake/export_xgo_body__rosidl_generator_cExport-noconfig.cmake
[4.793s] -- Up-to-date: /home/sunrise/xgo_demo/install/xgo_body/share/xgo_body/cmake/export_xgo_body__rosidl_typesupport_fastrtps_cExport.cmake
[4.798s] -- Up-to-date: /home/sunrise/xgo_demo/install/xgo_body/share/xgo_body/cmake/export_xgo_body__rosidl_typesupport_fastrtps_cExport-noconfig.cmake
[4.799s] -- Up-to-date: /home/sunrise/xgo_demo/install/xgo_body/share/xgo_body/cmake/xgo_body__rosidl_typesupport_introspection_cExport.cmake
[4.801s] -- Up-to-date: /home/sunrise/xgo_demo/install/xgo_body/share/xgo_body/cmake/xgo_body__rosidl_typesupport_introspection_cExport-noconfig.cmake
[4.805s] -- Up-to-date: /home/sunrise/xgo_demo/install/xgo_body/share/xgo_body/cmake/xgo_body__rosidl_typesupport_cExport.cmake
[4.811s] -- Up-to-date: /home/sunrise/xgo_demo/install/xgo_body/share/xgo_body/cmake/xgo_body__rosidl_typesupport_cExport-noconfig.cmake
[4.811s] -- Up-to-date: /home/sunrise/xgo_demo/install/xgo_body/share/xgo_body/cmake/export_xgo_body__rosidl_generator_cppExport.cmake
[4.812s] -- Up-to-date: /home/sunrise/xgo_demo/install/xgo_body/share/xgo_body/cmake/export_xgo_body__rosidl_typesupport_fastrtps_cppExport.cmake
[4.813s] -- Up-to-date: /home/sunrise/xgo_demo/install/xgo_body/share/xgo_body/cmake/export_xgo_body__rosidl_typesupport_fastrtps_cppExport-noconfig.cmake
[4.814s] -- Up-to-date: /home/sunrise/xgo_demo/install/xgo_body/share/xgo_body/cmake/xgo_body__rosidl_typesupport_introspection_cppExport.cmake
[4.817s] -- Up-to-date: /home/sunrise/xgo_demo/install/xgo_body/share/xgo_body/cmake/xgo_body__rosidl_typesupport_introspection_cppExport-noconfig.cmake
[4.819s] -- Up-to-date: /home/sunrise/xgo_demo/install/xgo_body/share/xgo_body/cmake/xgo_body__rosidl_typesupport_cppExport.cmake
[4.820s] -- Up-to-date: /home/sunrise/xgo_demo/install/xgo_body/share/xgo_body/cmake/xgo_body__rosidl_typesupport_cppExport-noconfig.cmake
[4.821s] -- Up-to-date: /home/sunrise/xgo_demo/install/xgo_body/share/xgo_body/cmake/export_xgo_body__rosidl_generator_pyExport.cmake
[4.822s] -- Up-to-date: /home/sunrise/xgo_demo/install/xgo_body/share/xgo_body/cmake/export_xgo_body__rosidl_generator_pyExport-noconfig.cmake
[4.832s] -- Up-to-date: /home/sunrise/xgo_demo/install/xgo_body/share/xgo_body/cmake/rosidl_cmake-extras.cmake
[4.832s] -- Up-to-date: /home/sunrise/xgo_demo/install/xgo_body/share/xgo_body/cmake/ament_cmake_export_include_directories-extras.cmake
[4.833s] -- Up-to-date: /home/sunrise/xgo_demo/install/xgo_body/share/xgo_body/cmake/ament_cmake_export_libraries-extras.cmake
[4.835s] -- Up-to-date: /home/sunrise/xgo_demo/install/xgo_body/share/xgo_body/cmake/ament_cmake_export_targets-extras.cmake
[4.836s] -- Up-to-date: /home/sunrise/xgo_demo/install/xgo_body/share/xgo_body/cmake/rosidl_cmake_export_typesupport_targets-extras.cmake
[4.836s] -- Up-to-date: /home/sunrise/xgo_demo/install/xgo_body/share/xgo_body/cmake/ament_cmake_export_dependencies-extras.cmake
[4.837s] -- Up-to-date: /home/sunrise/xgo_demo/install/xgo_body/share/xgo_body/cmake/rosidl_cmake_export_typesupport_libraries-extras.cmake
[4.838s] -- Up-to-date: /home/sunrise/xgo_demo/install/xgo_body/share/xgo_body/cmake/xgo_bodyConfig.cmake
[4.843s] -- Up-to-date: /home/sunrise/xgo_demo/install/xgo_body/share/xgo_body/cmake/xgo_bodyConfig-version.cmake
[4.844s] -- Up-to-date: /home/sunrise/xgo_demo/install/xgo_body/share/xgo_body/package.xml
[4.862s] Invoked command in '/home/sunrise/xgo_demo/build/xgo_body' returned '0': CMAKE_PREFIX_PATH=${CMAKE_PREFIX_PATH}:/home/sunrise/xgo_demo/install/xgo_motion:/home/sunrise/xgo_demo/install/xgo_device:/home/sunrise/xgo_demo/install/xgo_body_py:/opt/tros/humble:/opt/ros/humble /usr/bin/cmake --install /home/sunrise/xgo_demo/build/xgo_body
