[8.339s] Invoking command in '/home/sunrise/xgo_demo/src/xgo_motion': PYTHONPATH=/home/sunrise/xgo_demo/build/xgo_motion/prefix_override:/usr/lib/python3/dist-packages/colcon_core/task/python/colcon_distutils_commands:/home/sunrise/xgo_demo/install/xgo_motion/lib/python3.10/site-packages:${PYTHONPATH} /usr/bin/python3 -W ignore:setup.py install is deprecated -W ignore:easy_install command is deprecated setup.py egg_info --egg-base ../../build/xgo_motion build --build-base /home/sunrise/xgo_demo/build/xgo_motion/build install --record /home/sunrise/xgo_demo/build/xgo_motion/install.log --single-version-externally-managed install_data
[10.498s] running egg_info
[10.506s] writing ../../build/xgo_motion/xgo_motion.egg-info/PKG-INFO
[10.516s] writing dependency_links to ../../build/xgo_motion/xgo_motion.egg-info/dependency_links.txt
[10.522s] writing entry points to ../../build/xgo_motion/xgo_motion.egg-info/entry_points.txt
[10.523s] writing requirements to ../../build/xgo_motion/xgo_motion.egg-info/requires.txt
[10.531s] writing top-level names to ../../build/xgo_motion/xgo_motion.egg-info/top_level.txt
[10.601s] reading manifest file '../../build/xgo_motion/xgo_motion.egg-info/SOURCES.txt'
[10.656s] writing manifest file '../../build/xgo_motion/xgo_motion.egg-info/SOURCES.txt'
[10.659s] running build
[10.660s] running build_py
[11.020s] running install
[11.024s] running install_lib
[11.120s] running install_data
[11.122s] running install_egg_info
[11.134s] removing '/home/sunrise/xgo_demo/install/xgo_motion/lib/python3.10/site-packages/xgo_motion-0.0.0-py3.10.egg-info' (and everything under it)
[11.135s] Copying ../../build/xgo_motion/xgo_motion.egg-info to /home/sunrise/xgo_demo/install/xgo_motion/lib/python3.10/site-packages/xgo_motion-0.0.0-py3.10.egg-info
[11.143s] running install_scripts
[11.316s] Installing dog_show script to /home/sunrise/xgo_demo/install/xgo_motion/lib/xgo_motion
[11.342s] writing list of installed files to '/home/sunrise/xgo_demo/build/xgo_motion/install.log'
[11.615s] Invoked command in '/home/sunrise/xgo_demo/src/xgo_motion' returned '0': PYTHONPATH=/home/sunrise/xgo_demo/build/xgo_motion/prefix_override:/usr/lib/python3/dist-packages/colcon_core/task/python/colcon_distutils_commands:/home/sunrise/xgo_demo/install/xgo_motion/lib/python3.10/site-packages:${PYTHONPATH} /usr/bin/python3 -W ignore:setup.py install is deprecated -W ignore:easy_install command is deprecated setup.py egg_info --egg-base ../../build/xgo_motion build --build-base /home/sunrise/xgo_demo/build/xgo_motion/build install --record /home/sunrise/xgo_demo/build/xgo_motion/install.log --single-version-externally-managed install_data
