gmake: Warning: File 'Makefile' has modification time 4830359 s in the future
gmake[1]: Warning: File 'CMakeFiles/Makefile2' has modification time 4830359 s in the future
gmake[2]: Warning: File 'CMakeFiles/xgo_head.dir/flags.make' has modification time 4830359 s in the future
[35m[1mConsolidate compiler generated dependencies of target xgo_head[0m
gmake[2]: warning:  Clock skew detected.  Your build may be incomplete.
gmake[2]: Warning: File 'CMakeFiles/xgo_head.dir/flags.make' has modification time 4830359 s in the future
gmake[2]: warning:  Clock skew detected.  Your build may be incomplete.
[100%] Built target xgo_head
gmake[1]: warning:  Clock skew detected.  Your build may be incomplete.
gmake: warning:  Clock skew detected.  Your build may be incomplete.
-- Install configuration: ""
-- Up-to-date: /home/sunrise/xgo_demo/install/xgo_head/lib/xgo_head/xgo_head
-- Up-to-date: /home/sunrise/xgo_demo/install/xgo_head/share/ament_index/resource_index/package_run_dependencies/xgo_head
-- Up-to-date: /home/sunrise/xgo_demo/install/xgo_head/share/ament_index/resource_index/parent_prefix_path/xgo_head
-- Up-to-date: /home/sunrise/xgo_demo/install/xgo_head/share/xgo_head/environment/ament_prefix_path.sh
-- Up-to-date: /home/sunrise/xgo_demo/install/xgo_head/share/xgo_head/environment/ament_prefix_path.dsv
-- Up-to-date: /home/sunrise/xgo_demo/install/xgo_head/share/xgo_head/environment/path.sh
-- Up-to-date: /home/sunrise/xgo_demo/install/xgo_head/share/xgo_head/environment/path.dsv
-- Up-to-date: /home/sunrise/xgo_demo/install/xgo_head/share/xgo_head/local_setup.bash
-- Up-to-date: /home/sunrise/xgo_demo/install/xgo_head/share/xgo_head/local_setup.sh
-- Up-to-date: /home/sunrise/xgo_demo/install/xgo_head/share/xgo_head/local_setup.zsh
-- Up-to-date: /home/sunrise/xgo_demo/install/xgo_head/share/xgo_head/local_setup.dsv
-- Installing: /home/sunrise/xgo_demo/install/xgo_head/share/xgo_head/package.dsv
-- Up-to-date: /home/sunrise/xgo_demo/install/xgo_head/share/ament_index/resource_index/packages/xgo_head
-- Up-to-date: /home/sunrise/xgo_demo/install/xgo_head/share/xgo_head/cmake/xgo_headConfig.cmake
-- Up-to-date: /home/sunrise/xgo_demo/install/xgo_head/share/xgo_head/cmake/xgo_headConfig-version.cmake
-- Up-to-date: /home/sunrise/xgo_demo/install/xgo_head/share/xgo_head/package.xml
