[0.057s] Invoking command in '/home/sunrise/xgo_demo/build/xgo_head': CMAKE_PREFIX_PATH=${CMAKE_PREFIX_PATH}:/home/sunrise/xgo_demo/install/xgo_body_py:/opt/tros/humble:/opt/ros/humble /usr/bin/cmake --build /home/sunrise/xgo_demo/build/xgo_head -- -j4 -l4
[0.288s] [35m[1mConsolidate compiler generated dependencies of target xgo_head[0m
[0.556s] [  2%] [32mBuilding CXX object CMakeFiles/xgo_head.dir/src/rclcomm.cpp.o[0m
[123.958s] [  5%] [32m[1mLinking CXX executable xgo_head[0m
[143.278s] [100%] Built target xgo_head
[143.319s] Invoked command in '/home/sunrise/xgo_demo/build/xgo_head' returned '0': CMAKE_PREFIX_PATH=${CMAKE_PREFIX_PATH}:/home/sunrise/xgo_demo/install/xgo_body_py:/opt/tros/humble:/opt/ros/humble /usr/bin/cmake --build /home/sunrise/xgo_demo/build/xgo_head -- -j4 -l4
[143.356s] Invoking command in '/home/sunrise/xgo_demo/build/xgo_head': CMAKE_PREFIX_PATH=${CMAKE_PREFIX_PATH}:/home/sunrise/xgo_demo/install/xgo_body_py:/opt/tros/humble:/opt/ros/humble /usr/bin/cmake --install /home/sunrise/xgo_demo/build/xgo_head
[143.382s] -- Install configuration: ""
[143.385s] -- Installing: /home/sunrise/xgo_demo/install/xgo_head/lib/xgo_head/xgo_head
[143.445s] -- Set runtime path of "/home/sunrise/xgo_demo/install/xgo_head/lib/xgo_head/xgo_head" to ""
[143.446s] -- Up-to-date: /home/sunrise/xgo_demo/install/xgo_head/share/ament_index/resource_index/package_run_dependencies/xgo_head
[143.447s] -- Up-to-date: /home/sunrise/xgo_demo/install/xgo_head/share/ament_index/resource_index/parent_prefix_path/xgo_head
[143.447s] -- Up-to-date: /home/sunrise/xgo_demo/install/xgo_head/share/xgo_head/environment/ament_prefix_path.sh
[143.448s] -- Up-to-date: /home/sunrise/xgo_demo/install/xgo_head/share/xgo_head/environment/ament_prefix_path.dsv
[143.449s] -- Up-to-date: /home/sunrise/xgo_demo/install/xgo_head/share/xgo_head/environment/path.sh
[143.450s] -- Up-to-date: /home/sunrise/xgo_demo/install/xgo_head/share/xgo_head/environment/path.dsv
[143.451s] -- Up-to-date: /home/sunrise/xgo_demo/install/xgo_head/share/xgo_head/local_setup.bash
[143.451s] -- Up-to-date: /home/sunrise/xgo_demo/install/xgo_head/share/xgo_head/local_setup.sh
[143.452s] -- Up-to-date: /home/sunrise/xgo_demo/install/xgo_head/share/xgo_head/local_setup.zsh
[143.453s] -- Up-to-date: /home/sunrise/xgo_demo/install/xgo_head/share/xgo_head/local_setup.dsv
[143.454s] -- Installing: /home/sunrise/xgo_demo/install/xgo_head/share/xgo_head/package.dsv
[143.455s] -- Up-to-date: /home/sunrise/xgo_demo/install/xgo_head/share/ament_index/resource_index/packages/xgo_head
[143.457s] -- Up-to-date: /home/sunrise/xgo_demo/install/xgo_head/share/xgo_head/cmake/xgo_headConfig.cmake
[143.459s] -- Up-to-date: /home/sunrise/xgo_demo/install/xgo_head/share/xgo_head/cmake/xgo_headConfig-version.cmake
[143.460s] -- Up-to-date: /home/sunrise/xgo_demo/install/xgo_head/share/xgo_head/package.xml
[143.461s] Invoked command in '/home/sunrise/xgo_demo/build/xgo_head' returned '0': CMAKE_PREFIX_PATH=${CMAKE_PREFIX_PATH}:/home/sunrise/xgo_demo/install/xgo_body_py:/opt/tros/humble:/opt/ros/humble /usr/bin/cmake --install /home/sunrise/xgo_demo/build/xgo_head
