[7.603s] Invoking command in '/home/sunrise/xgo_demo/src/xgo_device': PYTHONPATH=/home/sunrise/xgo_demo/build/xgo_device/prefix_override:/usr/lib/python3/dist-packages/colcon_core/task/python/colcon_distutils_commands:/home/sunrise/xgo_demo/install/xgo_device/lib/python3.10/site-packages:${PYTHONPATH} /usr/bin/python3 -W ignore:setup.py install is deprecated -W ignore:easy_install command is deprecated setup.py egg_info --egg-base ../../build/xgo_device build --build-base /home/sunrise/xgo_demo/build/xgo_device/build install --record /home/sunrise/xgo_demo/build/xgo_device/install.log --single-version-externally-managed
[9.975s] running egg_info
[9.983s] writing ../../build/xgo_device/xgo_device.egg-info/PKG-INFO
[9.985s] writing dependency_links to ../../build/xgo_device/xgo_device.egg-info/dependency_links.txt
[9.987s] writing entry points to ../../build/xgo_device/xgo_device.egg-info/entry_points.txt
[9.990s] writing requirements to ../../build/xgo_device/xgo_device.egg-info/requires.txt
[9.992s] writing top-level names to ../../build/xgo_device/xgo_device.egg-info/top_level.txt
[10.010s] reading manifest file '../../build/xgo_device/xgo_device.egg-info/SOURCES.txt'
[10.018s] writing manifest file '../../build/xgo_device/xgo_device.egg-info/SOURCES.txt'
[10.019s] running build
[10.020s] running build_py
[10.023s] running install
[10.026s] running install_lib
[10.036s] running install_egg_info
[10.051s] removing '/home/sunrise/xgo_demo/install/xgo_device/lib/python3.10/site-packages/xgo_device-0.0.1-py3.10.egg-info' (and everything under it)
[10.053s] Copying ../../build/xgo_device/xgo_device.egg-info to /home/sunrise/xgo_demo/install/xgo_device/lib/python3.10/site-packages/xgo_device-0.0.1-py3.10.egg-info
[10.060s] running install_scripts
[10.228s] Installing device_info script to /home/sunrise/xgo_demo/install/xgo_device/lib/xgo_device
[10.232s] writing list of installed files to '/home/sunrise/xgo_demo/build/xgo_device/install.log'
[10.521s] Invoked command in '/home/sunrise/xgo_demo/src/xgo_device' returned '0': PYTHONPATH=/home/sunrise/xgo_demo/build/xgo_device/prefix_override:/usr/lib/python3/dist-packages/colcon_core/task/python/colcon_distutils_commands:/home/sunrise/xgo_demo/install/xgo_device/lib/python3.10/site-packages:${PYTHONPATH} /usr/bin/python3 -W ignore:setup.py install is deprecated -W ignore:easy_install command is deprecated setup.py egg_info --egg-base ../../build/xgo_device build --build-base /home/sunrise/xgo_demo/build/xgo_device/build install --record /home/sunrise/xgo_demo/build/xgo_device/install.log --single-version-externally-managed
