In file included from [01m[K/home/sunrise/xgo_demo/src/xgo_head/src/rclcomm.cpp:1[m[K:
[01m[K/home/sunrise/xgo_demo/src/xgo_head/include/rclcomm.h:58:55:[m[K [01;35m[Kwarning: [m[Kuse of ‘[01m[Kauto[m[K’ in parameter declaration only available with ‘[01m[K-std=c++20[m[K’ or ‘[01m[K-fconcepts[m[K’
   58 |     std::optional<QPoint> extractIndexFingerTip(const [01;35m[Kauto[m[K& target);
      |                                                       [01;35m[K^~~~[m[K
[01m[K/home/sunrise/xgo_demo/src/xgo_head/src/rclcomm.cpp:[m[K In member function ‘[01m[Kvoid rclcomm::recvCompressedImageCallback(sensor_msgs::msg::CompressedImage_<std::allocator<void> >::SharedPtr)[m[K’:
[01m[K/home/sunrise/xgo_demo/src/xgo_head/src/rclcomm.cpp:381:5:[m[K [01;31m[Kerror: [m[Kjump to case label
  381 |     [01;31m[Kdefault[m[K:
      |     [01;31m[K^~~~~~~[m[K
[01m[K/home/sunrise/xgo_demo/src/xgo_head/src/rclcomm.cpp:358:12:[m[K [01;36m[Knote: [m[K  crosses initialization of ‘[01m[KQPen pen[m[K’
  358 |       QPen [01;36m[Kpen[m[K;
      |            [01;36m[K^~~[m[K
[01m[K/home/sunrise/xgo_demo/src/xgo_head/src/rclcomm.cpp:[m[K In member function ‘[01m[Kvoid rclcomm::recvHandFollowCallback(ai_msgs::msg::PerceptionTargets_<std::allocator<void> >::SharedPtr)[m[K’:
[01m[K/home/sunrise/xgo_demo/src/xgo_head/src/rclcomm.cpp:471:8:[m[K [01;35m[Kwarning: [m[Kunused variable ‘[01m[KtargetNum[m[K’ [[01;35m[K]8;;https://gcc.gnu.org/onlinedocs/gcc/Warning-Options.html#index-Wunused-variable-Wunused-variable]8;;[m[K]
  471 |   auto [01;35m[KtargetNum[m[K = targetList.size();
      |        [01;35m[K^~~~~~~~~[m[K
[01m[K/home/sunrise/xgo_demo/src/xgo_head/src/rclcomm.cpp:[m[K At global scope:
[01m[K/home/sunrise/xgo_demo/src/xgo_head/src/rclcomm.cpp:505:60:[m[K [01;35m[Kwarning: [m[Kuse of ‘[01m[Kauto[m[K’ in parameter declaration only available with ‘[01m[K-std=c++20[m[K’ or ‘[01m[K-fconcepts[m[K’
  505 | std::optional<QPoint> rclcomm::extractIndexFingerTip(const [01;35m[Kauto[m[K& target) {
      |                                                            [01;35m[K^~~~[m[K
gmake[2]: *** [CMakeFiles/xgo_head.dir/build.make:290: CMakeFiles/xgo_head.dir/src/rclcomm.cpp.o] Error 1
gmake[1]: *** [CMakeFiles/Makefile2:137: CMakeFiles/xgo_head.dir/all] Error 2
gmake: *** [Makefile:146: all] Error 2
