-- The C compiler identification is GNU 11.2.0
-- The CXX compiler identification is GNU 11.2.0
-- Detecting C compiler ABI info
-- Detecting C compiler ABI info - done
-- Check for working C compiler: /usr/bin/cc - skipped
-- Detecting C compile features
-- Detecting C compile features - done
-- Detecting CXX compiler ABI info
-- Detecting CXX compiler ABI info - done
-- Check for working CXX compiler: /usr/bin/c++ - skipped
-- Detecting CXX compile features
-- Detecting CXX compile features - done
-- Found ament_cmake: 1.3.12 (/opt/ros/humble/share/ament_cmake/cmake)
-- Found Python3: /usr/bin/python3 (found version "3.10.12") found components: Interpreter 
-- Found rosidl_default_generators: 1.2.0 (/opt/ros/humble/share/rosidl_default_generators/cmake)
-- Using all available rosidl_typesupport_c: rosidl_typesupport_fastrtps_c;rosidl_typesupport_introspection_c
-- Found rosidl_adapter: 3.1.7 (/opt/ros/humble/share/rosidl_adapter/cmake)
-- Using all available rosidl_typesupport_cpp: rosidl_typesupport_fastrtps_cpp;rosidl_typesupport_introspection_cpp
-- Found geometry_msgs: 4.9.0 (/opt/ros/humble/share/geometry_msgs/cmake)
-- Found sensor_msgs: 4.9.0 (/opt/ros/humble/share/sensor_msgs/cmake)
-- Found rclcpp: 16.0.14 (/opt/ros/humble/share/rclcpp/cmake)
-- Found rmw_implementation_cmake: 6.1.2 (/opt/ros/humble/share/rmw_implementation_cmake/cmake)
-- Found rmw_fastrtps_cpp: 6.2.8 (/opt/ros/humble/share/rmw_fastrtps_cpp/cmake)
-- Found OpenSSL: /usr/lib/aarch64-linux-gnu/libcrypto.so (found version "3.0.2")  
-- Found FastRTPS: /opt/ros/humble/include  
-- Using RMW implementation 'rmw_fastrtps_cpp' as default
-- Looking for pthread.h
-- Looking for pthread.h - found
-- Performing Test CMAKE_HAVE_LIBC_PTHREAD
-- Performing Test CMAKE_HAVE_LIBC_PTHREAD - Success
-- Found Threads: TRUE  
-- Found rclcpp_components: 16.0.14 (/opt/ros/humble/share/rclcpp_components/cmake)
-- Found serial: 1.2.1 (/usr/local/share/serial/cmake)
-- Found ament_cmake_ros: 0.10.0 (/opt/ros/humble/share/ament_cmake_ros/cmake)
-- Using all available rosidl_typesupport_c: rosidl_typesupport_fastrtps_c;rosidl_typesupport_introspection_c
-- Using all available rosidl_typesupport_cpp: rosidl_typesupport_fastrtps_cpp;rosidl_typesupport_introspection_cpp
-- Found PythonInterp: /usr/bin/python3 (found suitable version "3.10.12", minimum required is "3.6") 
-- Found python_cmake_module: 0.10.0 (/opt/ros/humble/share/python_cmake_module/cmake)
-- Found PythonLibs: /usr/lib/aarch64-linux-gnu/libpython3.10.so (found suitable version "3.10.12", minimum required is "3.5") 
-- Using PYTHON_EXECUTABLE: /usr/bin/python3
-- Using PYTHON_INCLUDE_DIRS: /usr/include/python3.10
-- Using PYTHON_LIBRARIES: /usr/lib/aarch64-linux-gnu/libpython3.10.so
-- Found PythonExtra: .so  
-- Found ament_lint_auto: 0.12.14 (/opt/ros/humble/share/ament_lint_auto/cmake)
-- Added test 'cppcheck' to perform static code analysis on C / C++ code
-- Configured cppcheck include dirs: /home/sunrise/xgo_demo/src/xgo_body/include
-- Configured cppcheck exclude dirs and/or files: 
-- Added test 'lint_cmake' to check CMake code style
-- Added test 'uncrustify' to check C / C++ code style
-- Configured uncrustify additional arguments: 
-- Added test 'xmllint' to check XML markup files
-- Configuring done
-- Generating done
-- Build files have been written to: /home/sunrise/xgo_demo/build/xgo_body
[  1%] [34m[1mGenerating C code for ROS interfaces[0m
[  3%] [34m[1mGenerating C++ code for ROS interfaces[0m
[  3%] Built target xgo_body__cpp
[  5%] [32mBuilding C object CMakeFiles/xgo_body__rosidl_generator_c.dir/rosidl_generator_c/xgo_body/msg/detail/arm_pose__functions.c.o[0m
[  7%] [32mBuilding C object CMakeFiles/xgo_body__rosidl_generator_c.dir/rosidl_generator_c/xgo_body/msg/detail/body_pose__functions.c.o[0m
[  8%] [32mBuilding C object CMakeFiles/xgo_body__rosidl_generator_c.dir/rosidl_generator_c/xgo_body/msg/detail/joint_angle__functions.c.o[0m
[ 10%] [32mBuilding C object CMakeFiles/xgo_body__rosidl_generator_c.dir/rosidl_generator_c/xgo_body/msg/detail/leg_pose__functions.c.o[0m
[ 12%] [32m[1mLinking C shared library libxgo_body__rosidl_generator_c.so[0m
[ 12%] Built target xgo_body__rosidl_generator_c
[ 14%] [34m[1mGenerating C++ type support for eProsima Fast-RTPS[0m
[ 15%] [32mBuilding CXX object CMakeFiles/xgo_body__rosidl_typesupport_fastrtps_cpp.dir/rosidl_typesupport_fastrtps_cpp/xgo_body/msg/detail/dds_fastrtps/arm_pose__type_support.cpp.o[0m
[ 17%] [32mBuilding CXX object CMakeFiles/xgo_body__rosidl_typesupport_fastrtps_cpp.dir/rosidl_typesupport_fastrtps_cpp/xgo_body/msg/detail/dds_fastrtps/body_pose__type_support.cpp.o[0m
[ 19%] [32mBuilding CXX object CMakeFiles/xgo_body__rosidl_typesupport_fastrtps_cpp.dir/rosidl_typesupport_fastrtps_cpp/xgo_body/msg/detail/dds_fastrtps/joint_angle__type_support.cpp.o[0m
[ 21%] [32mBuilding CXX object CMakeFiles/xgo_body__rosidl_typesupport_fastrtps_cpp.dir/rosidl_typesupport_fastrtps_cpp/xgo_body/msg/detail/dds_fastrtps/leg_pose__type_support.cpp.o[0m
[ 22%] [32m[1mLinking CXX shared library libxgo_body__rosidl_typesupport_fastrtps_cpp.so[0m
[ 22%] Built target xgo_body__rosidl_typesupport_fastrtps_cpp
[ 24%] [34m[1mGenerating C++ introspection for ROS interfaces[0m
[ 26%] [32mBuilding CXX object CMakeFiles/xgo_body__rosidl_typesupport_introspection_cpp.dir/rosidl_typesupport_introspection_cpp/xgo_body/msg/detail/arm_pose__type_support.cpp.o[0m
[ 28%] [32mBuilding CXX object CMakeFiles/xgo_body__rosidl_typesupport_introspection_cpp.dir/rosidl_typesupport_introspection_cpp/xgo_body/msg/detail/body_pose__type_support.cpp.o[0m
[ 29%] [32mBuilding CXX object CMakeFiles/xgo_body__rosidl_typesupport_introspection_cpp.dir/rosidl_typesupport_introspection_cpp/xgo_body/msg/detail/joint_angle__type_support.cpp.o[0m
[ 31%] [32mBuilding CXX object CMakeFiles/xgo_body__rosidl_typesupport_introspection_cpp.dir/rosidl_typesupport_introspection_cpp/xgo_body/msg/detail/leg_pose__type_support.cpp.o[0m
[ 33%] [34m[1mGenerating C type support for eProsima Fast-RTPS[0m
[ 35%] [32m[1mLinking CXX shared library libxgo_body__rosidl_typesupport_introspection_cpp.so[0m
[ 35%] Built target xgo_body__rosidl_typesupport_introspection_cpp
[ 36%] [34m[1mGenerating C introspection for ROS interfaces[0m
[ 38%] [32mBuilding CXX object CMakeFiles/xgo_body__rosidl_typesupport_fastrtps_c.dir/rosidl_typesupport_fastrtps_c/xgo_body/msg/detail/arm_pose__type_support_c.cpp.o[0m
[ 40%] [32mBuilding CXX object CMakeFiles/xgo_body__rosidl_typesupport_fastrtps_c.dir/rosidl_typesupport_fastrtps_c/xgo_body/msg/detail/body_pose__type_support_c.cpp.o[0m
[ 42%] [32mBuilding C object CMakeFiles/xgo_body__rosidl_typesupport_introspection_c.dir/rosidl_typesupport_introspection_c/xgo_body/msg/detail/arm_pose__type_support.c.o[0m
[ 43%] [32mBuilding C object CMakeFiles/xgo_body__rosidl_typesupport_introspection_c.dir/rosidl_typesupport_introspection_c/xgo_body/msg/detail/body_pose__type_support.c.o[0m
[ 45%] [32mBuilding C object CMakeFiles/xgo_body__rosidl_typesupport_introspection_c.dir/rosidl_typesupport_introspection_c/xgo_body/msg/detail/joint_angle__type_support.c.o[0m
[ 47%] [32mBuilding C object CMakeFiles/xgo_body__rosidl_typesupport_introspection_c.dir/rosidl_typesupport_introspection_c/xgo_body/msg/detail/leg_pose__type_support.c.o[0m
[ 49%] [32m[1mLinking C shared library libxgo_body__rosidl_typesupport_introspection_c.so[0m
[ 49%] Built target xgo_body__rosidl_typesupport_introspection_c
[ 50%] [32mBuilding CXX object CMakeFiles/xgo_body__rosidl_typesupport_fastrtps_c.dir/rosidl_typesupport_fastrtps_c/xgo_body/msg/detail/joint_angle__type_support_c.cpp.o[0m
[ 52%] [32mBuilding CXX object CMakeFiles/xgo_body__rosidl_typesupport_fastrtps_c.dir/rosidl_typesupport_fastrtps_c/xgo_body/msg/detail/leg_pose__type_support_c.cpp.o[0m
[ 54%] [32m[1mLinking CXX shared library libxgo_body__rosidl_typesupport_fastrtps_c.so[0m
[ 54%] Built target xgo_body__rosidl_typesupport_fastrtps_c
[ 56%] [34m[1mGenerating C type support dispatch for ROS interfaces[0m
[ 57%] [32mBuilding CXX object CMakeFiles/xgo_body__rosidl_typesupport_c.dir/rosidl_typesupport_c/xgo_body/msg/arm_pose__type_support.cpp.o[0m
[ 59%] [32mBuilding CXX object CMakeFiles/xgo_body__rosidl_typesupport_c.dir/rosidl_typesupport_c/xgo_body/msg/body_pose__type_support.cpp.o[0m
[ 61%] [32mBuilding CXX object CMakeFiles/xgo_body__rosidl_typesupport_c.dir/rosidl_typesupport_c/xgo_body/msg/joint_angle__type_support.cpp.o[0m
[ 63%] [32mBuilding CXX object CMakeFiles/xgo_body__rosidl_typesupport_c.dir/rosidl_typesupport_c/xgo_body/msg/leg_pose__type_support.cpp.o[0m
[ 64%] [32m[1mLinking CXX shared library libxgo_body__rosidl_typesupport_c.so[0m
[ 64%] Built target xgo_body__rosidl_typesupport_c
[ 66%] [34m[1mGenerating C++ type support dispatch for ROS interfaces[0m
[ 68%] [32mBuilding CXX object CMakeFiles/xgo_body__rosidl_typesupport_cpp.dir/rosidl_typesupport_cpp/xgo_body/msg/arm_pose__type_support.cpp.o[0m
[ 70%] [32mBuilding CXX object CMakeFiles/xgo_body__rosidl_typesupport_cpp.dir/rosidl_typesupport_cpp/xgo_body/msg/joint_angle__type_support.cpp.o[0m
[ 71%] [32mBuilding CXX object CMakeFiles/xgo_body__rosidl_typesupport_cpp.dir/rosidl_typesupport_cpp/xgo_body/msg/leg_pose__type_support.cpp.o[0m
[ 73%] [32mBuilding CXX object CMakeFiles/xgo_body__rosidl_typesupport_cpp.dir/rosidl_typesupport_cpp/xgo_body/msg/body_pose__type_support.cpp.o[0m
[ 75%] [32m[1mLinking CXX shared library libxgo_body__rosidl_typesupport_cpp.so[0m
[ 75%] Built target xgo_body__rosidl_typesupport_cpp
[ 75%] Built target ament_cmake_python_copy_xgo_body
[ 77%] [32mBuilding CXX object CMakeFiles/xgo_body_node.dir/src/xgo_body.cpp.o[0m
[ 78%] [32m[1mLinking CXX executable xgo_body_node[0m
[ 78%] Built target xgo_body_node
running egg_info
creating xgo_body.egg-info
writing xgo_body.egg-info/PKG-INFO
writing dependency_links to xgo_body.egg-info/dependency_links.txt
writing top-level names to xgo_body.egg-info/top_level.txt
writing manifest file 'xgo_body.egg-info/SOURCES.txt'
reading manifest file 'xgo_body.egg-info/SOURCES.txt'
writing manifest file 'xgo_body.egg-info/SOURCES.txt'
[ 78%] Built target ament_cmake_python_build_xgo_body_egg
[ 78%] Built target xgo_body
[ 80%] [34m[1mGenerating Python code for ROS interfaces[0m
[ 80%] Built target xgo_body__py
[ 82%] [32mBuilding C object CMakeFiles/xgo_body__rosidl_generator_py.dir/rosidl_generator_py/xgo_body/msg/_arm_pose_s.c.o[0m
[ 84%] [32mBuilding C object CMakeFiles/xgo_body__rosidl_generator_py.dir/rosidl_generator_py/xgo_body/msg/_leg_pose_s.c.o[0m
[ 85%] [32mBuilding C object CMakeFiles/xgo_body__rosidl_generator_py.dir/rosidl_generator_py/xgo_body/msg/_joint_angle_s.c.o[0m
[ 87%] [32mBuilding C object CMakeFiles/xgo_body__rosidl_generator_py.dir/rosidl_generator_py/xgo_body/msg/_body_pose_s.c.o[0m
[ 89%] [32m[1mLinking C shared library rosidl_generator_py/xgo_body/libxgo_body__rosidl_generator_py.so[0m
[ 89%] Built target xgo_body__rosidl_generator_py
[ 91%] [32mBuilding C object CMakeFiles/xgo_body__rosidl_typesupport_fastrtps_c__pyext.dir/rosidl_generator_py/xgo_body/_xgo_body_s.ep.rosidl_typesupport_fastrtps_c.c.o[0m
[ 92%] [32m[1mLinking C shared library rosidl_generator_py/xgo_body/xgo_body_s__rosidl_typesupport_fastrtps_c.cpython-310-aarch64-linux-gnu.so[0m
[ 92%] Built target xgo_body__rosidl_typesupport_fastrtps_c__pyext
[ 94%] [32mBuilding C object CMakeFiles/xgo_body__rosidl_typesupport_c__pyext.dir/rosidl_generator_py/xgo_body/_xgo_body_s.ep.rosidl_typesupport_c.c.o[0m
[ 96%] [32m[1mLinking C shared library rosidl_generator_py/xgo_body/xgo_body_s__rosidl_typesupport_c.cpython-310-aarch64-linux-gnu.so[0m
[ 96%] Built target xgo_body__rosidl_typesupport_c__pyext
[ 98%] [32mBuilding C object CMakeFiles/xgo_body__rosidl_typesupport_introspection_c__pyext.dir/rosidl_generator_py/xgo_body/_xgo_body_s.ep.rosidl_typesupport_introspection_c.c.o[0m
[100%] [32m[1mLinking C shared library rosidl_generator_py/xgo_body/xgo_body_s__rosidl_typesupport_introspection_c.cpython-310-aarch64-linux-gnu.so[0m
[100%] Built target xgo_body__rosidl_typesupport_introspection_c__pyext
-- Install configuration: ""
-- Installing: /home/sunrise/xgo_demo/install/xgo_body/share/ament_index/resource_index/rosidl_interfaces/xgo_body
-- Installing: /home/sunrise/xgo_demo/install/xgo_body/include/xgo_body/xgo_body
-- Installing: /home/sunrise/xgo_demo/install/xgo_body/include/xgo_body/xgo_body/msg
-- Installing: /home/sunrise/xgo_demo/install/xgo_body/include/xgo_body/xgo_body/msg/detail
-- Installing: /home/sunrise/xgo_demo/install/xgo_body/include/xgo_body/xgo_body/msg/detail/leg_pose__struct.h
-- Installing: /home/sunrise/xgo_demo/install/xgo_body/include/xgo_body/xgo_body/msg/detail/joint_angle__functions.c
-- Installing: /home/sunrise/xgo_demo/install/xgo_body/include/xgo_body/xgo_body/msg/detail/body_pose__functions.h
-- Installing: /home/sunrise/xgo_demo/install/xgo_body/include/xgo_body/xgo_body/msg/detail/joint_angle__functions.h
-- Installing: /home/sunrise/xgo_demo/install/xgo_body/include/xgo_body/xgo_body/msg/detail/leg_pose__functions.h
-- Installing: /home/sunrise/xgo_demo/install/xgo_body/include/xgo_body/xgo_body/msg/detail/joint_angle__struct.h
-- Installing: /home/sunrise/xgo_demo/install/xgo_body/include/xgo_body/xgo_body/msg/detail/leg_pose__functions.c
-- Installing: /home/sunrise/xgo_demo/install/xgo_body/include/xgo_body/xgo_body/msg/detail/leg_pose__type_support.h
-- Installing: /home/sunrise/xgo_demo/install/xgo_body/include/xgo_body/xgo_body/msg/detail/joint_angle__type_support.h
-- Installing: /home/sunrise/xgo_demo/install/xgo_body/include/xgo_body/xgo_body/msg/detail/body_pose__struct.h
-- Installing: /home/sunrise/xgo_demo/install/xgo_body/include/xgo_body/xgo_body/msg/detail/body_pose__type_support.h
-- Installing: /home/sunrise/xgo_demo/install/xgo_body/include/xgo_body/xgo_body/msg/detail/arm_pose__functions.c
-- Installing: /home/sunrise/xgo_demo/install/xgo_body/include/xgo_body/xgo_body/msg/detail/arm_pose__struct.h
-- Installing: /home/sunrise/xgo_demo/install/xgo_body/include/xgo_body/xgo_body/msg/detail/body_pose__functions.c
-- Installing: /home/sunrise/xgo_demo/install/xgo_body/include/xgo_body/xgo_body/msg/detail/arm_pose__functions.h
-- Installing: /home/sunrise/xgo_demo/install/xgo_body/include/xgo_body/xgo_body/msg/detail/arm_pose__type_support.h
-- Installing: /home/sunrise/xgo_demo/install/xgo_body/include/xgo_body/xgo_body/msg/body_pose.h
-- Installing: /home/sunrise/xgo_demo/install/xgo_body/include/xgo_body/xgo_body/msg/leg_pose.h
-- Installing: /home/sunrise/xgo_demo/install/xgo_body/include/xgo_body/xgo_body/msg/arm_pose.h
-- Installing: /home/sunrise/xgo_demo/install/xgo_body/include/xgo_body/xgo_body/msg/rosidl_generator_c__visibility_control.h
-- Installing: /home/sunrise/xgo_demo/install/xgo_body/include/xgo_body/xgo_body/msg/joint_angle.h
-- Installing: /home/sunrise/xgo_demo/install/xgo_body/share/xgo_body/environment/library_path.sh
-- Installing: /home/sunrise/xgo_demo/install/xgo_body/share/xgo_body/environment/library_path.dsv
-- Installing: /home/sunrise/xgo_demo/install/xgo_body/lib/libxgo_body__rosidl_generator_c.so
-- Set runtime path of "/home/sunrise/xgo_demo/install/xgo_body/lib/libxgo_body__rosidl_generator_c.so" to ""
-- Up-to-date: /home/sunrise/xgo_demo/install/xgo_body/include/xgo_body/xgo_body
-- Up-to-date: /home/sunrise/xgo_demo/install/xgo_body/include/xgo_body/xgo_body/msg
-- Up-to-date: /home/sunrise/xgo_demo/install/xgo_body/include/xgo_body/xgo_body/msg/detail
-- Installing: /home/sunrise/xgo_demo/install/xgo_body/include/xgo_body/xgo_body/msg/detail/leg_pose__rosidl_typesupport_fastrtps_c.h
-- Installing: /home/sunrise/xgo_demo/install/xgo_body/include/xgo_body/xgo_body/msg/detail/body_pose__rosidl_typesupport_fastrtps_c.h
-- Installing: /home/sunrise/xgo_demo/install/xgo_body/include/xgo_body/xgo_body/msg/detail/arm_pose__rosidl_typesupport_fastrtps_c.h
-- Installing: /home/sunrise/xgo_demo/install/xgo_body/include/xgo_body/xgo_body/msg/detail/joint_angle__rosidl_typesupport_fastrtps_c.h
-- Installing: /home/sunrise/xgo_demo/install/xgo_body/include/xgo_body/xgo_body/msg/rosidl_typesupport_fastrtps_c__visibility_control.h
-- Installing: /home/sunrise/xgo_demo/install/xgo_body/lib/libxgo_body__rosidl_typesupport_fastrtps_c.so
-- Set runtime path of "/home/sunrise/xgo_demo/install/xgo_body/lib/libxgo_body__rosidl_typesupport_fastrtps_c.so" to ""
-- Up-to-date: /home/sunrise/xgo_demo/install/xgo_body/include/xgo_body/xgo_body
-- Up-to-date: /home/sunrise/xgo_demo/install/xgo_body/include/xgo_body/xgo_body/msg
-- Up-to-date: /home/sunrise/xgo_demo/install/xgo_body/include/xgo_body/xgo_body/msg/detail
-- Installing: /home/sunrise/xgo_demo/install/xgo_body/include/xgo_body/xgo_body/msg/detail/arm_pose__type_support.c
-- Installing: /home/sunrise/xgo_demo/install/xgo_body/include/xgo_body/xgo_body/msg/detail/leg_pose__type_support.c
-- Installing: /home/sunrise/xgo_demo/install/xgo_body/include/xgo_body/xgo_body/msg/detail/body_pose__type_support.c
-- Installing: /home/sunrise/xgo_demo/install/xgo_body/include/xgo_body/xgo_body/msg/detail/arm_pose__rosidl_typesupport_introspection_c.h
-- Installing: /home/sunrise/xgo_demo/install/xgo_body/include/xgo_body/xgo_body/msg/detail/body_pose__rosidl_typesupport_introspection_c.h
-- Installing: /home/sunrise/xgo_demo/install/xgo_body/include/xgo_body/xgo_body/msg/detail/joint_angle__type_support.c
-- Installing: /home/sunrise/xgo_demo/install/xgo_body/include/xgo_body/xgo_body/msg/detail/leg_pose__rosidl_typesupport_introspection_c.h
-- Installing: /home/sunrise/xgo_demo/install/xgo_body/include/xgo_body/xgo_body/msg/detail/joint_angle__rosidl_typesupport_introspection_c.h
-- Installing: /home/sunrise/xgo_demo/install/xgo_body/include/xgo_body/xgo_body/msg/rosidl_typesupport_introspection_c__visibility_control.h
-- Installing: /home/sunrise/xgo_demo/install/xgo_body/lib/libxgo_body__rosidl_typesupport_introspection_c.so
-- Set runtime path of "/home/sunrise/xgo_demo/install/xgo_body/lib/libxgo_body__rosidl_typesupport_introspection_c.so" to ""
-- Installing: /home/sunrise/xgo_demo/install/xgo_body/lib/libxgo_body__rosidl_typesupport_c.so
-- Set runtime path of "/home/sunrise/xgo_demo/install/xgo_body/lib/libxgo_body__rosidl_typesupport_c.so" to ""
-- Up-to-date: /home/sunrise/xgo_demo/install/xgo_body/include/xgo_body/xgo_body
-- Up-to-date: /home/sunrise/xgo_demo/install/xgo_body/include/xgo_body/xgo_body/msg
-- Up-to-date: /home/sunrise/xgo_demo/install/xgo_body/include/xgo_body/xgo_body/msg/detail
-- Installing: /home/sunrise/xgo_demo/install/xgo_body/include/xgo_body/xgo_body/msg/detail/body_pose__type_support.hpp
-- Installing: /home/sunrise/xgo_demo/install/xgo_body/include/xgo_body/xgo_body/msg/detail/leg_pose__builder.hpp
-- Installing: /home/sunrise/xgo_demo/install/xgo_body/include/xgo_body/xgo_body/msg/detail/leg_pose__traits.hpp
-- Installing: /home/sunrise/xgo_demo/install/xgo_body/include/xgo_body/xgo_body/msg/detail/body_pose__struct.hpp
-- Installing: /home/sunrise/xgo_demo/install/xgo_body/include/xgo_body/xgo_body/msg/detail/joint_angle__builder.hpp
-- Installing: /home/sunrise/xgo_demo/install/xgo_body/include/xgo_body/xgo_body/msg/detail/arm_pose__builder.hpp
-- Installing: /home/sunrise/xgo_demo/install/xgo_body/include/xgo_body/xgo_body/msg/detail/body_pose__traits.hpp
-- Installing: /home/sunrise/xgo_demo/install/xgo_body/include/xgo_body/xgo_body/msg/detail/joint_angle__type_support.hpp
-- Installing: /home/sunrise/xgo_demo/install/xgo_body/include/xgo_body/xgo_body/msg/detail/arm_pose__traits.hpp
-- Installing: /home/sunrise/xgo_demo/install/xgo_body/include/xgo_body/xgo_body/msg/detail/arm_pose__type_support.hpp
-- Installing: /home/sunrise/xgo_demo/install/xgo_body/include/xgo_body/xgo_body/msg/detail/joint_angle__struct.hpp
-- Installing: /home/sunrise/xgo_demo/install/xgo_body/include/xgo_body/xgo_body/msg/detail/leg_pose__struct.hpp
-- Installing: /home/sunrise/xgo_demo/install/xgo_body/include/xgo_body/xgo_body/msg/detail/joint_angle__traits.hpp
-- Installing: /home/sunrise/xgo_demo/install/xgo_body/include/xgo_body/xgo_body/msg/detail/arm_pose__struct.hpp
-- Installing: /home/sunrise/xgo_demo/install/xgo_body/include/xgo_body/xgo_body/msg/detail/leg_pose__type_support.hpp
-- Installing: /home/sunrise/xgo_demo/install/xgo_body/include/xgo_body/xgo_body/msg/detail/body_pose__builder.hpp
-- Installing: /home/sunrise/xgo_demo/install/xgo_body/include/xgo_body/xgo_body/msg/joint_angle.hpp
-- Installing: /home/sunrise/xgo_demo/install/xgo_body/include/xgo_body/xgo_body/msg/body_pose.hpp
-- Installing: /home/sunrise/xgo_demo/install/xgo_body/include/xgo_body/xgo_body/msg/leg_pose.hpp
-- Installing: /home/sunrise/xgo_demo/install/xgo_body/include/xgo_body/xgo_body/msg/arm_pose.hpp
-- Installing: /home/sunrise/xgo_demo/install/xgo_body/include/xgo_body/xgo_body/msg/rosidl_generator_cpp__visibility_control.hpp
-- Up-to-date: /home/sunrise/xgo_demo/install/xgo_body/include/xgo_body/xgo_body
-- Up-to-date: /home/sunrise/xgo_demo/install/xgo_body/include/xgo_body/xgo_body/msg
-- Installing: /home/sunrise/xgo_demo/install/xgo_body/include/xgo_body/xgo_body/msg/rosidl_typesupport_fastrtps_cpp__visibility_control.h
-- Up-to-date: /home/sunrise/xgo_demo/install/xgo_body/include/xgo_body/xgo_body/msg/detail
-- Installing: /home/sunrise/xgo_demo/install/xgo_body/include/xgo_body/xgo_body/msg/detail/body_pose__rosidl_typesupport_fastrtps_cpp.hpp
-- Installing: /home/sunrise/xgo_demo/install/xgo_body/include/xgo_body/xgo_body/msg/detail/joint_angle__rosidl_typesupport_fastrtps_cpp.hpp
-- Installing: /home/sunrise/xgo_demo/install/xgo_body/include/xgo_body/xgo_body/msg/detail/dds_fastrtps
-- Installing: /home/sunrise/xgo_demo/install/xgo_body/include/xgo_body/xgo_body/msg/detail/leg_pose__rosidl_typesupport_fastrtps_cpp.hpp
-- Installing: /home/sunrise/xgo_demo/install/xgo_body/include/xgo_body/xgo_body/msg/detail/arm_pose__rosidl_typesupport_fastrtps_cpp.hpp
-- Installing: /home/sunrise/xgo_demo/install/xgo_body/lib/libxgo_body__rosidl_typesupport_fastrtps_cpp.so
-- Set runtime path of "/home/sunrise/xgo_demo/install/xgo_body/lib/libxgo_body__rosidl_typesupport_fastrtps_cpp.so" to ""
-- Up-to-date: /home/sunrise/xgo_demo/install/xgo_body/include/xgo_body/xgo_body
-- Up-to-date: /home/sunrise/xgo_demo/install/xgo_body/include/xgo_body/xgo_body/msg
-- Up-to-date: /home/sunrise/xgo_demo/install/xgo_body/include/xgo_body/xgo_body/msg/detail
-- Installing: /home/sunrise/xgo_demo/install/xgo_body/include/xgo_body/xgo_body/msg/detail/arm_pose__rosidl_typesupport_introspection_cpp.hpp
-- Installing: /home/sunrise/xgo_demo/install/xgo_body/include/xgo_body/xgo_body/msg/detail/body_pose__rosidl_typesupport_introspection_cpp.hpp
-- Installing: /home/sunrise/xgo_demo/install/xgo_body/include/xgo_body/xgo_body/msg/detail/leg_pose__rosidl_typesupport_introspection_cpp.hpp
-- Installing: /home/sunrise/xgo_demo/install/xgo_body/include/xgo_body/xgo_body/msg/detail/body_pose__type_support.cpp
-- Installing: /home/sunrise/xgo_demo/install/xgo_body/include/xgo_body/xgo_body/msg/detail/arm_pose__type_support.cpp
-- Installing: /home/sunrise/xgo_demo/install/xgo_body/include/xgo_body/xgo_body/msg/detail/joint_angle__rosidl_typesupport_introspection_cpp.hpp
-- Installing: /home/sunrise/xgo_demo/install/xgo_body/include/xgo_body/xgo_body/msg/detail/joint_angle__type_support.cpp
-- Installing: /home/sunrise/xgo_demo/install/xgo_body/include/xgo_body/xgo_body/msg/detail/leg_pose__type_support.cpp
-- Installing: /home/sunrise/xgo_demo/install/xgo_body/lib/libxgo_body__rosidl_typesupport_introspection_cpp.so
-- Set runtime path of "/home/sunrise/xgo_demo/install/xgo_body/lib/libxgo_body__rosidl_typesupport_introspection_cpp.so" to ""
-- Installing: /home/sunrise/xgo_demo/install/xgo_body/lib/libxgo_body__rosidl_typesupport_cpp.so
-- Set runtime path of "/home/sunrise/xgo_demo/install/xgo_body/lib/libxgo_body__rosidl_typesupport_cpp.so" to ""
-- Installing: /home/sunrise/xgo_demo/install/xgo_body/share/xgo_body/environment/pythonpath.sh
-- Installing: /home/sunrise/xgo_demo/install/xgo_body/share/xgo_body/environment/pythonpath.dsv
-- Installing: /home/sunrise/xgo_demo/install/xgo_body/local/lib/python3.10/dist-packages/xgo_body-0.0.0-py3.10.egg-info
-- Installing: /home/sunrise/xgo_demo/install/xgo_body/local/lib/python3.10/dist-packages/xgo_body-0.0.0-py3.10.egg-info/dependency_links.txt
-- Installing: /home/sunrise/xgo_demo/install/xgo_body/local/lib/python3.10/dist-packages/xgo_body-0.0.0-py3.10.egg-info/PKG-INFO
-- Installing: /home/sunrise/xgo_demo/install/xgo_body/local/lib/python3.10/dist-packages/xgo_body-0.0.0-py3.10.egg-info/top_level.txt
-- Installing: /home/sunrise/xgo_demo/install/xgo_body/local/lib/python3.10/dist-packages/xgo_body-0.0.0-py3.10.egg-info/SOURCES.txt
-- Installing: /home/sunrise/xgo_demo/install/xgo_body/local/lib/python3.10/dist-packages/xgo_body
-- Installing: /home/sunrise/xgo_demo/install/xgo_body/local/lib/python3.10/dist-packages/xgo_body/xgo_body_s__rosidl_typesupport_fastrtps_c.cpython-310-aarch64-linux-gnu.so
-- Installing: /home/sunrise/xgo_demo/install/xgo_body/local/lib/python3.10/dist-packages/xgo_body/__init__.py
-- Installing: /home/sunrise/xgo_demo/install/xgo_body/local/lib/python3.10/dist-packages/xgo_body/_xgo_body_s.ep.rosidl_typesupport_introspection_c.c
-- Installing: /home/sunrise/xgo_demo/install/xgo_body/local/lib/python3.10/dist-packages/xgo_body/_xgo_body_s.ep.rosidl_typesupport_fastrtps_c.c
-- Installing: /home/sunrise/xgo_demo/install/xgo_body/local/lib/python3.10/dist-packages/xgo_body/libxgo_body__rosidl_generator_py.so
-- Installing: /home/sunrise/xgo_demo/install/xgo_body/local/lib/python3.10/dist-packages/xgo_body/xgo_body_s__rosidl_typesupport_c.cpython-310-aarch64-linux-gnu.so
-- Installing: /home/sunrise/xgo_demo/install/xgo_body/local/lib/python3.10/dist-packages/xgo_body/xgo_body_s__rosidl_typesupport_introspection_c.cpython-310-aarch64-linux-gnu.so
-- Installing: /home/sunrise/xgo_demo/install/xgo_body/local/lib/python3.10/dist-packages/xgo_body/msg
-- Installing: /home/sunrise/xgo_demo/install/xgo_body/local/lib/python3.10/dist-packages/xgo_body/msg/_body_pose_s.c
-- Installing: /home/sunrise/xgo_demo/install/xgo_body/local/lib/python3.10/dist-packages/xgo_body/msg/_leg_pose_s.c
-- Installing: /home/sunrise/xgo_demo/install/xgo_body/local/lib/python3.10/dist-packages/xgo_body/msg/_body_pose.py
-- Installing: /home/sunrise/xgo_demo/install/xgo_body/local/lib/python3.10/dist-packages/xgo_body/msg/_arm_pose.py
-- Installing: /home/sunrise/xgo_demo/install/xgo_body/local/lib/python3.10/dist-packages/xgo_body/msg/__init__.py
-- Installing: /home/sunrise/xgo_demo/install/xgo_body/local/lib/python3.10/dist-packages/xgo_body/msg/_arm_pose_s.c
-- Installing: /home/sunrise/xgo_demo/install/xgo_body/local/lib/python3.10/dist-packages/xgo_body/msg/_joint_angle_s.c
-- Installing: /home/sunrise/xgo_demo/install/xgo_body/local/lib/python3.10/dist-packages/xgo_body/msg/_joint_angle.py
-- Installing: /home/sunrise/xgo_demo/install/xgo_body/local/lib/python3.10/dist-packages/xgo_body/msg/_leg_pose.py
-- Installing: /home/sunrise/xgo_demo/install/xgo_body/local/lib/python3.10/dist-packages/xgo_body/_xgo_body_s.ep.rosidl_typesupport_c.c
Listing '/home/sunrise/xgo_demo/install/xgo_body/local/lib/python3.10/dist-packages/xgo_body'...
Compiling '/home/sunrise/xgo_demo/install/xgo_body/local/lib/python3.10/dist-packages/xgo_body/__init__.py'...
Listing '/home/sunrise/xgo_demo/install/xgo_body/local/lib/python3.10/dist-packages/xgo_body/msg'...
Compiling '/home/sunrise/xgo_demo/install/xgo_body/local/lib/python3.10/dist-packages/xgo_body/msg/__init__.py'...
Compiling '/home/sunrise/xgo_demo/install/xgo_body/local/lib/python3.10/dist-packages/xgo_body/msg/_arm_pose.py'...
Compiling '/home/sunrise/xgo_demo/install/xgo_body/local/lib/python3.10/dist-packages/xgo_body/msg/_body_pose.py'...
Compiling '/home/sunrise/xgo_demo/install/xgo_body/local/lib/python3.10/dist-packages/xgo_body/msg/_joint_angle.py'...
Compiling '/home/sunrise/xgo_demo/install/xgo_body/local/lib/python3.10/dist-packages/xgo_body/msg/_leg_pose.py'...
-- Installing: /home/sunrise/xgo_demo/install/xgo_body/local/lib/python3.10/dist-packages/xgo_body/xgo_body_s__rosidl_typesupport_fastrtps_c.cpython-310-aarch64-linux-gnu.so
-- Set runtime path of "/home/sunrise/xgo_demo/install/xgo_body/local/lib/python3.10/dist-packages/xgo_body/xgo_body_s__rosidl_typesupport_fastrtps_c.cpython-310-aarch64-linux-gnu.so" to ""
-- Installing: /home/sunrise/xgo_demo/install/xgo_body/local/lib/python3.10/dist-packages/xgo_body/xgo_body_s__rosidl_typesupport_introspection_c.cpython-310-aarch64-linux-gnu.so
-- Set runtime path of "/home/sunrise/xgo_demo/install/xgo_body/local/lib/python3.10/dist-packages/xgo_body/xgo_body_s__rosidl_typesupport_introspection_c.cpython-310-aarch64-linux-gnu.so" to ""
-- Installing: /home/sunrise/xgo_demo/install/xgo_body/local/lib/python3.10/dist-packages/xgo_body/xgo_body_s__rosidl_typesupport_c.cpython-310-aarch64-linux-gnu.so
-- Set runtime path of "/home/sunrise/xgo_demo/install/xgo_body/local/lib/python3.10/dist-packages/xgo_body/xgo_body_s__rosidl_typesupport_c.cpython-310-aarch64-linux-gnu.so" to ""
-- Installing: /home/sunrise/xgo_demo/install/xgo_body/lib/libxgo_body__rosidl_generator_py.so
-- Set runtime path of "/home/sunrise/xgo_demo/install/xgo_body/lib/libxgo_body__rosidl_generator_py.so" to ""
-- Installing: /home/sunrise/xgo_demo/install/xgo_body/share/xgo_body/msg/ArmPose.idl
-- Installing: /home/sunrise/xgo_demo/install/xgo_body/share/xgo_body/msg/BodyPose.idl
-- Installing: /home/sunrise/xgo_demo/install/xgo_body/share/xgo_body/msg/JointAngle.idl
-- Installing: /home/sunrise/xgo_demo/install/xgo_body/share/xgo_body/msg/LegPose.idl
-- Installing: /home/sunrise/xgo_demo/install/xgo_body/share/xgo_body/msg/ArmPose.msg
-- Installing: /home/sunrise/xgo_demo/install/xgo_body/share/xgo_body/msg/BodyPose.msg
-- Installing: /home/sunrise/xgo_demo/install/xgo_body/share/xgo_body/msg/JointAngle.msg
-- Installing: /home/sunrise/xgo_demo/install/xgo_body/share/xgo_body/msg/LegPose.msg
-- Installing: /home/sunrise/xgo_demo/install/xgo_body/lib/xgo_body/xgo_body_node
-- Set runtime path of "/home/sunrise/xgo_demo/install/xgo_body/lib/xgo_body/xgo_body_node" to ""
-- Installing: /home/sunrise/xgo_demo/install/xgo_body/share/ament_index/resource_index/package_run_dependencies/xgo_body
-- Installing: /home/sunrise/xgo_demo/install/xgo_body/share/ament_index/resource_index/parent_prefix_path/xgo_body
-- Installing: /home/sunrise/xgo_demo/install/xgo_body/share/xgo_body/environment/ament_prefix_path.sh
-- Installing: /home/sunrise/xgo_demo/install/xgo_body/share/xgo_body/environment/ament_prefix_path.dsv
-- Installing: /home/sunrise/xgo_demo/install/xgo_body/share/xgo_body/environment/path.sh
-- Installing: /home/sunrise/xgo_demo/install/xgo_body/share/xgo_body/environment/path.dsv
-- Installing: /home/sunrise/xgo_demo/install/xgo_body/share/xgo_body/local_setup.bash
-- Installing: /home/sunrise/xgo_demo/install/xgo_body/share/xgo_body/local_setup.sh
-- Installing: /home/sunrise/xgo_demo/install/xgo_body/share/xgo_body/local_setup.zsh
-- Installing: /home/sunrise/xgo_demo/install/xgo_body/share/xgo_body/local_setup.dsv
-- Installing: /home/sunrise/xgo_demo/install/xgo_body/share/xgo_body/package.dsv
-- Installing: /home/sunrise/xgo_demo/install/xgo_body/share/ament_index/resource_index/packages/xgo_body
-- Installing: /home/sunrise/xgo_demo/install/xgo_body/share/xgo_body/cmake/export_xgo_body__rosidl_generator_cExport.cmake
-- Installing: /home/sunrise/xgo_demo/install/xgo_body/share/xgo_body/cmake/export_xgo_body__rosidl_generator_cExport-noconfig.cmake
-- Installing: /home/sunrise/xgo_demo/install/xgo_body/share/xgo_body/cmake/export_xgo_body__rosidl_typesupport_fastrtps_cExport.cmake
-- Installing: /home/sunrise/xgo_demo/install/xgo_body/share/xgo_body/cmake/export_xgo_body__rosidl_typesupport_fastrtps_cExport-noconfig.cmake
-- Installing: /home/sunrise/xgo_demo/install/xgo_body/share/xgo_body/cmake/xgo_body__rosidl_typesupport_introspection_cExport.cmake
-- Installing: /home/sunrise/xgo_demo/install/xgo_body/share/xgo_body/cmake/xgo_body__rosidl_typesupport_introspection_cExport-noconfig.cmake
-- Installing: /home/sunrise/xgo_demo/install/xgo_body/share/xgo_body/cmake/xgo_body__rosidl_typesupport_cExport.cmake
-- Installing: /home/sunrise/xgo_demo/install/xgo_body/share/xgo_body/cmake/xgo_body__rosidl_typesupport_cExport-noconfig.cmake
-- Installing: /home/sunrise/xgo_demo/install/xgo_body/share/xgo_body/cmake/export_xgo_body__rosidl_generator_cppExport.cmake
-- Installing: /home/sunrise/xgo_demo/install/xgo_body/share/xgo_body/cmake/export_xgo_body__rosidl_typesupport_fastrtps_cppExport.cmake
-- Installing: /home/sunrise/xgo_demo/install/xgo_body/share/xgo_body/cmake/export_xgo_body__rosidl_typesupport_fastrtps_cppExport-noconfig.cmake
-- Installing: /home/sunrise/xgo_demo/install/xgo_body/share/xgo_body/cmake/xgo_body__rosidl_typesupport_introspection_cppExport.cmake
-- Installing: /home/sunrise/xgo_demo/install/xgo_body/share/xgo_body/cmake/xgo_body__rosidl_typesupport_introspection_cppExport-noconfig.cmake
-- Installing: /home/sunrise/xgo_demo/install/xgo_body/share/xgo_body/cmake/xgo_body__rosidl_typesupport_cppExport.cmake
-- Installing: /home/sunrise/xgo_demo/install/xgo_body/share/xgo_body/cmake/xgo_body__rosidl_typesupport_cppExport-noconfig.cmake
-- Installing: /home/sunrise/xgo_demo/install/xgo_body/share/xgo_body/cmake/export_xgo_body__rosidl_generator_pyExport.cmake
-- Installing: /home/sunrise/xgo_demo/install/xgo_body/share/xgo_body/cmake/export_xgo_body__rosidl_generator_pyExport-noconfig.cmake
-- Installing: /home/sunrise/xgo_demo/install/xgo_body/share/xgo_body/cmake/rosidl_cmake-extras.cmake
-- Installing: /home/sunrise/xgo_demo/install/xgo_body/share/xgo_body/cmake/ament_cmake_export_include_directories-extras.cmake
-- Installing: /home/sunrise/xgo_demo/install/xgo_body/share/xgo_body/cmake/ament_cmake_export_libraries-extras.cmake
-- Installing: /home/sunrise/xgo_demo/install/xgo_body/share/xgo_body/cmake/ament_cmake_export_targets-extras.cmake
-- Installing: /home/sunrise/xgo_demo/install/xgo_body/share/xgo_body/cmake/rosidl_cmake_export_typesupport_targets-extras.cmake
-- Installing: /home/sunrise/xgo_demo/install/xgo_body/share/xgo_body/cmake/ament_cmake_export_dependencies-extras.cmake
-- Installing: /home/sunrise/xgo_demo/install/xgo_body/share/xgo_body/cmake/rosidl_cmake_export_typesupport_libraries-extras.cmake
-- Installing: /home/sunrise/xgo_demo/install/xgo_body/share/xgo_body/cmake/xgo_bodyConfig.cmake
-- Installing: /home/sunrise/xgo_demo/install/xgo_body/share/xgo_body/cmake/xgo_bodyConfig-version.cmake
-- Installing: /home/sunrise/xgo_demo/install/xgo_body/share/xgo_body/package.xml
