[0.095s] Invoking command in '/home/sunrise/xgo_demo/build/xgo_body': CMAKE_PREFIX_PATH=${CMAKE_PREFIX_PATH}:/home/sunrise/xgo_demo/install/xgo_body_py:/opt/tros/humble:/opt/ros/humble /usr/bin/cmake /home/sunrise/xgo_demo/src/xgo_body -DCMAKE_INSTALL_PREFIX=/home/sunrise/xgo_demo/install/xgo_body
[2.058s] -- The C compiler identification is GNU 11.2.0
[2.059s] -- The CXX compiler identification is GNU 11.2.0
[2.060s] -- Detecting C compiler ABI info
[2.061s] -- Detecting C compiler ABI info - done
[2.062s] -- Check for working C compiler: /usr/bin/cc - skipped
[2.063s] -- Detecting C compile features
[2.064s] -- Detecting C compile features - done
[2.065s] -- Detecting CXX compiler ABI info
[2.066s] -- Detecting CXX compiler ABI info - done
[2.096s] -- Check for working CXX compiler: /usr/bin/c++ - skipped
[2.097s] -- Detecting CXX compile features
[2.103s] -- Detecting CXX compile features - done
[2.116s] -- Found ament_cmake: 1.3.12 (/opt/ros/humble/share/ament_cmake/cmake)
[3.324s] -- Found Python3: /usr/bin/python3 (found version "3.10.12") found components: Interpreter 
[4.090s] -- Found rosidl_default_generators: 1.2.0 (/opt/ros/humble/share/rosidl_default_generators/cmake)
[4.113s] -- Using all available rosidl_typesupport_c: rosidl_typesupport_fastrtps_c;rosidl_typesupport_introspection_c
[4.151s] -- Found rosidl_adapter: 3.1.7 (/opt/ros/humble/share/rosidl_adapter/cmake)
[4.420s] -- Using all available rosidl_typesupport_cpp: rosidl_typesupport_fastrtps_cpp;rosidl_typesupport_introspection_cpp
[4.686s] -- Found geometry_msgs: 4.9.0 (/opt/ros/humble/share/geometry_msgs/cmake)
[5.064s] -- Found sensor_msgs: 4.9.0 (/opt/ros/humble/share/sensor_msgs/cmake)
[5.226s] -- Found rclcpp: 16.0.14 (/opt/ros/humble/share/rclcpp/cmake)
[5.514s] -- Found rmw_implementation_cmake: 6.1.2 (/opt/ros/humble/share/rmw_implementation_cmake/cmake)
[5.533s] -- Found rmw_fastrtps_cpp: 6.2.8 (/opt/ros/humble/share/rmw_fastrtps_cpp/cmake)
[5.965s] -- Found OpenSSL: /usr/lib/aarch64-linux-gnu/libcrypto.so (found version "3.0.2")  
[6.085s] -- Found FastRTPS: /opt/ros/humble/include  
[6.261s] -- Using RMW implementation 'rmw_fastrtps_cpp' as default
[6.312s] -- Looking for pthread.h
[6.725s] -- Looking for pthread.h - found
[6.727s] -- Performing Test CMAKE_HAVE_LIBC_PTHREAD
[7.125s] -- Performing Test CMAKE_HAVE_LIBC_PTHREAD - Success
[7.127s] -- Found Threads: TRUE  
[7.468s] -- Found rclcpp_components: 16.0.14 (/opt/ros/humble/share/rclcpp_components/cmake)
[7.662s] -- Found serial: 1.2.1 (/usr/local/share/serial/cmake)
[9.546s] -- Found ament_cmake_ros: 0.10.0 (/opt/ros/humble/share/ament_cmake_ros/cmake)
[10.801s] -- Using all available rosidl_typesupport_c: rosidl_typesupport_fastrtps_c;rosidl_typesupport_introspection_c
[12.456s] -- Using all available rosidl_typesupport_cpp: rosidl_typesupport_fastrtps_cpp;rosidl_typesupport_introspection_cpp
[12.629s] -- Found PythonInterp: /usr/bin/python3 (found suitable version "3.10.12", minimum required is "3.6") 
[12.638s] -- Found python_cmake_module: 0.10.0 (/opt/ros/humble/share/python_cmake_module/cmake)
[12.834s] -- Found PythonLibs: /usr/lib/aarch64-linux-gnu/libpython3.10.so (found suitable version "3.10.12", minimum required is "3.5") 
[12.835s] -- Using PYTHON_EXECUTABLE: /usr/bin/python3
[12.835s] -- Using PYTHON_INCLUDE_DIRS: /usr/include/python3.10
[12.836s] -- Using PYTHON_LIBRARIES: /usr/lib/aarch64-linux-gnu/libpython3.10.so
[13.009s] -- Found PythonExtra: .so  
[13.250s] -- Found ament_lint_auto: 0.12.14 (/opt/ros/humble/share/ament_lint_auto/cmake)
[13.350s] -- Added test 'cppcheck' to perform static code analysis on C / C++ code
[13.357s] -- Configured cppcheck include dirs: /home/sunrise/xgo_demo/src/xgo_body/include
[13.358s] -- Configured cppcheck exclude dirs and/or files: 
[13.363s] -- Added test 'lint_cmake' to check CMake code style
[13.369s] -- Added test 'uncrustify' to check C / C++ code style
[13.369s] -- Configured uncrustify additional arguments: 
[13.372s] -- Added test 'xmllint' to check XML markup files
[13.385s] -- Configuring done
[13.593s] -- Generating done
[13.667s] -- Build files have been written to: /home/sunrise/xgo_demo/build/xgo_body
[13.753s] Invoked command in '/home/sunrise/xgo_demo/build/xgo_body' returned '0': CMAKE_PREFIX_PATH=${CMAKE_PREFIX_PATH}:/home/sunrise/xgo_demo/install/xgo_body_py:/opt/tros/humble:/opt/ros/humble /usr/bin/cmake /home/sunrise/xgo_demo/src/xgo_body -DCMAKE_INSTALL_PREFIX=/home/sunrise/xgo_demo/install/xgo_body
[13.762s] Invoking command in '/home/sunrise/xgo_demo/build/xgo_body': CMAKE_PREFIX_PATH=${CMAKE_PREFIX_PATH}:/home/sunrise/xgo_demo/install/xgo_body_py:/opt/tros/humble:/opt/ros/humble /usr/bin/cmake --build /home/sunrise/xgo_demo/build/xgo_body -- -j4 -l4
[13.940s] [  1%] [34m[1mGenerating C code for ROS interfaces[0m
[14.082s] [  3%] [34m[1mGenerating C++ code for ROS interfaces[0m
[18.915s] [  3%] Built target xgo_body__cpp
[18.961s] [  5%] [32mBuilding C object CMakeFiles/xgo_body__rosidl_generator_c.dir/rosidl_generator_c/xgo_body/msg/detail/arm_pose__functions.c.o[0m
[19.270s] [  7%] [32mBuilding C object CMakeFiles/xgo_body__rosidl_generator_c.dir/rosidl_generator_c/xgo_body/msg/detail/body_pose__functions.c.o[0m
[19.556s] [  8%] [32mBuilding C object CMakeFiles/xgo_body__rosidl_generator_c.dir/rosidl_generator_c/xgo_body/msg/detail/joint_angle__functions.c.o[0m
[19.826s] [ 10%] [32mBuilding C object CMakeFiles/xgo_body__rosidl_generator_c.dir/rosidl_generator_c/xgo_body/msg/detail/leg_pose__functions.c.o[0m
[20.123s] [ 12%] [32m[1mLinking C shared library libxgo_body__rosidl_generator_c.so[0m
[20.318s] [ 12%] Built target xgo_body__rosidl_generator_c
[20.363s] [ 14%] [34m[1mGenerating C++ type support for eProsima Fast-RTPS[0m
[23.686s] [ 15%] [32mBuilding CXX object CMakeFiles/xgo_body__rosidl_typesupport_fastrtps_cpp.dir/rosidl_typesupport_fastrtps_cpp/xgo_body/msg/detail/dds_fastrtps/arm_pose__type_support.cpp.o[0m
[26.186s] [ 17%] [32mBuilding CXX object CMakeFiles/xgo_body__rosidl_typesupport_fastrtps_cpp.dir/rosidl_typesupport_fastrtps_cpp/xgo_body/msg/detail/dds_fastrtps/body_pose__type_support.cpp.o[0m
[28.694s] [ 19%] [32mBuilding CXX object CMakeFiles/xgo_body__rosidl_typesupport_fastrtps_cpp.dir/rosidl_typesupport_fastrtps_cpp/xgo_body/msg/detail/dds_fastrtps/joint_angle__type_support.cpp.o[0m
[31.224s] [ 21%] [32mBuilding CXX object CMakeFiles/xgo_body__rosidl_typesupport_fastrtps_cpp.dir/rosidl_typesupport_fastrtps_cpp/xgo_body/msg/detail/dds_fastrtps/leg_pose__type_support.cpp.o[0m
[33.733s] [ 22%] [32m[1mLinking CXX shared library libxgo_body__rosidl_typesupport_fastrtps_cpp.so[0m
[34.201s] [ 22%] Built target xgo_body__rosidl_typesupport_fastrtps_cpp
[34.235s] [ 24%] [34m[1mGenerating C++ introspection for ROS interfaces[0m
[36.963s] [ 26%] [32mBuilding CXX object CMakeFiles/xgo_body__rosidl_typesupport_introspection_cpp.dir/rosidl_typesupport_introspection_cpp/xgo_body/msg/detail/arm_pose__type_support.cpp.o[0m
[39.403s] [ 28%] [32mBuilding CXX object CMakeFiles/xgo_body__rosidl_typesupport_introspection_cpp.dir/rosidl_typesupport_introspection_cpp/xgo_body/msg/detail/body_pose__type_support.cpp.o[0m
[41.874s] [ 29%] [32mBuilding CXX object CMakeFiles/xgo_body__rosidl_typesupport_introspection_cpp.dir/rosidl_typesupport_introspection_cpp/xgo_body/msg/detail/joint_angle__type_support.cpp.o[0m
[44.270s] [ 31%] [32mBuilding CXX object CMakeFiles/xgo_body__rosidl_typesupport_introspection_cpp.dir/rosidl_typesupport_introspection_cpp/xgo_body/msg/detail/leg_pose__type_support.cpp.o[0m
[45.979s] [ 33%] [34m[1mGenerating C type support for eProsima Fast-RTPS[0m
[46.986s] [ 35%] [32m[1mLinking CXX shared library libxgo_body__rosidl_typesupport_introspection_cpp.so[0m
[47.571s] [ 35%] Built target xgo_body__rosidl_typesupport_introspection_cpp
[48.651s] [ 36%] [34m[1mGenerating C introspection for ROS interfaces[0m
[50.084s] [ 38%] [32mBuilding CXX object CMakeFiles/xgo_body__rosidl_typesupport_fastrtps_c.dir/rosidl_typesupport_fastrtps_c/xgo_body/msg/detail/arm_pose__type_support_c.cpp.o[0m
[53.973s] [ 40%] [32mBuilding CXX object CMakeFiles/xgo_body__rosidl_typesupport_fastrtps_c.dir/rosidl_typesupport_fastrtps_c/xgo_body/msg/detail/body_pose__type_support_c.cpp.o[0m
[54.100s] [ 42%] [32mBuilding C object CMakeFiles/xgo_body__rosidl_typesupport_introspection_c.dir/rosidl_typesupport_introspection_c/xgo_body/msg/detail/arm_pose__type_support.c.o[0m
[54.559s] [ 43%] [32mBuilding C object CMakeFiles/xgo_body__rosidl_typesupport_introspection_c.dir/rosidl_typesupport_introspection_c/xgo_body/msg/detail/body_pose__type_support.c.o[0m
[54.868s] [ 45%] [32mBuilding C object CMakeFiles/xgo_body__rosidl_typesupport_introspection_c.dir/rosidl_typesupport_introspection_c/xgo_body/msg/detail/joint_angle__type_support.c.o[0m
[55.317s] [ 47%] [32mBuilding C object CMakeFiles/xgo_body__rosidl_typesupport_introspection_c.dir/rosidl_typesupport_introspection_c/xgo_body/msg/detail/leg_pose__type_support.c.o[0m
[55.657s] [ 49%] [32m[1mLinking C shared library libxgo_body__rosidl_typesupport_introspection_c.so[0m
[56.113s] [ 49%] Built target xgo_body__rosidl_typesupport_introspection_c
[58.133s] [ 50%] [32mBuilding CXX object CMakeFiles/xgo_body__rosidl_typesupport_fastrtps_c.dir/rosidl_typesupport_fastrtps_c/xgo_body/msg/detail/joint_angle__type_support_c.cpp.o[0m
[61.836s] [ 52%] [32mBuilding CXX object CMakeFiles/xgo_body__rosidl_typesupport_fastrtps_c.dir/rosidl_typesupport_fastrtps_c/xgo_body/msg/detail/leg_pose__type_support_c.cpp.o[0m
[65.059s] [ 54%] [32m[1mLinking CXX shared library libxgo_body__rosidl_typesupport_fastrtps_c.so[0m
[65.649s] [ 54%] Built target xgo_body__rosidl_typesupport_fastrtps_c
[65.694s] [ 56%] [34m[1mGenerating C type support dispatch for ROS interfaces[0m
[68.487s] [ 57%] [32mBuilding CXX object CMakeFiles/xgo_body__rosidl_typesupport_c.dir/rosidl_typesupport_c/xgo_body/msg/arm_pose__type_support.cpp.o[0m
[68.638s] [ 59%] [32mBuilding CXX object CMakeFiles/xgo_body__rosidl_typesupport_c.dir/rosidl_typesupport_c/xgo_body/msg/body_pose__type_support.cpp.o[0m
[68.787s] [ 61%] [32mBuilding CXX object CMakeFiles/xgo_body__rosidl_typesupport_c.dir/rosidl_typesupport_c/xgo_body/msg/joint_angle__type_support.cpp.o[0m
[68.932s] [ 63%] [32mBuilding CXX object CMakeFiles/xgo_body__rosidl_typesupport_c.dir/rosidl_typesupport_c/xgo_body/msg/leg_pose__type_support.cpp.o[0m
[69.084s] [ 64%] [32m[1mLinking CXX shared library libxgo_body__rosidl_typesupport_c.so[0m
[69.262s] [ 64%] Built target xgo_body__rosidl_typesupport_c
[69.314s] [ 66%] [34m[1mGenerating C++ type support dispatch for ROS interfaces[0m
[71.912s] [ 68%] [32mBuilding CXX object CMakeFiles/xgo_body__rosidl_typesupport_cpp.dir/rosidl_typesupport_cpp/xgo_body/msg/arm_pose__type_support.cpp.o[0m
[73.676s] [ 70%] [32mBuilding CXX object CMakeFiles/xgo_body__rosidl_typesupport_cpp.dir/rosidl_typesupport_cpp/xgo_body/msg/joint_angle__type_support.cpp.o[0m
[75.559s] [ 71%] [32mBuilding CXX object CMakeFiles/xgo_body__rosidl_typesupport_cpp.dir/rosidl_typesupport_cpp/xgo_body/msg/leg_pose__type_support.cpp.o[0m
[77.451s] [ 73%] [32mBuilding CXX object CMakeFiles/xgo_body__rosidl_typesupport_cpp.dir/rosidl_typesupport_cpp/xgo_body/msg/body_pose__type_support.cpp.o[0m
[79.321s] [ 75%] [32m[1mLinking CXX shared library libxgo_body__rosidl_typesupport_cpp.so[0m
[79.514s] [ 75%] Built target xgo_body__rosidl_typesupport_cpp
[79.645s] [ 75%] Built target ament_cmake_python_copy_xgo_body
[79.729s] [ 77%] [32mBuilding CXX object CMakeFiles/xgo_body_node.dir/src/xgo_body.cpp.o[0m
[158.713s] [ 78%] [32m[1mLinking CXX executable xgo_body_node[0m
[163.930s] [ 78%] Built target xgo_body_node
[165.929s] running egg_info
[165.932s] creating xgo_body.egg-info
[165.934s] writing xgo_body.egg-info/PKG-INFO
[165.935s] writing dependency_links to xgo_body.egg-info/dependency_links.txt
[165.936s] writing top-level names to xgo_body.egg-info/top_level.txt
[165.937s] writing manifest file 'xgo_body.egg-info/SOURCES.txt'
[165.952s] reading manifest file 'xgo_body.egg-info/SOURCES.txt'
[165.956s] writing manifest file 'xgo_body.egg-info/SOURCES.txt'
[166.164s] [ 78%] Built target ament_cmake_python_build_xgo_body_egg
[166.240s] [ 78%] Built target xgo_body
[166.312s] [ 80%] [34m[1mGenerating Python code for ROS interfaces[0m
[171.224s] [ 80%] Built target xgo_body__py
[171.300s] [ 82%] [32mBuilding C object CMakeFiles/xgo_body__rosidl_generator_py.dir/rosidl_generator_py/xgo_body/msg/_arm_pose_s.c.o[0m
[172.085s] [ 84%] [32mBuilding C object CMakeFiles/xgo_body__rosidl_generator_py.dir/rosidl_generator_py/xgo_body/msg/_leg_pose_s.c.o[0m
[172.712s] [ 85%] [32mBuilding C object CMakeFiles/xgo_body__rosidl_generator_py.dir/rosidl_generator_py/xgo_body/msg/_joint_angle_s.c.o[0m
[173.327s] [ 87%] [32mBuilding C object CMakeFiles/xgo_body__rosidl_generator_py.dir/rosidl_generator_py/xgo_body/msg/_body_pose_s.c.o[0m
[173.950s] [ 89%] [32m[1mLinking C shared library rosidl_generator_py/xgo_body/libxgo_body__rosidl_generator_py.so[0m
[174.159s] [ 89%] Built target xgo_body__rosidl_generator_py
[174.234s] [ 91%] [32mBuilding C object CMakeFiles/xgo_body__rosidl_typesupport_fastrtps_c__pyext.dir/rosidl_generator_py/xgo_body/_xgo_body_s.ep.rosidl_typesupport_fastrtps_c.c.o[0m
[174.849s] [ 92%] [32m[1mLinking C shared library rosidl_generator_py/xgo_body/xgo_body_s__rosidl_typesupport_fastrtps_c.cpython-310-aarch64-linux-gnu.so[0m
[175.017s] [ 92%] Built target xgo_body__rosidl_typesupport_fastrtps_c__pyext
[175.089s] [ 94%] [32mBuilding C object CMakeFiles/xgo_body__rosidl_typesupport_c__pyext.dir/rosidl_generator_py/xgo_body/_xgo_body_s.ep.rosidl_typesupport_c.c.o[0m
[175.673s] [ 96%] [32m[1mLinking C shared library rosidl_generator_py/xgo_body/xgo_body_s__rosidl_typesupport_c.cpython-310-aarch64-linux-gnu.so[0m
[175.815s] [ 96%] Built target xgo_body__rosidl_typesupport_c__pyext
[175.885s] [ 98%] [32mBuilding C object CMakeFiles/xgo_body__rosidl_typesupport_introspection_c__pyext.dir/rosidl_generator_py/xgo_body/_xgo_body_s.ep.rosidl_typesupport_introspection_c.c.o[0m
[176.466s] [100%] [32m[1mLinking C shared library rosidl_generator_py/xgo_body/xgo_body_s__rosidl_typesupport_introspection_c.cpython-310-aarch64-linux-gnu.so[0m
[176.628s] [100%] Built target xgo_body__rosidl_typesupport_introspection_c__pyext
[176.667s] Invoked command in '/home/sunrise/xgo_demo/build/xgo_body' returned '0': CMAKE_PREFIX_PATH=${CMAKE_PREFIX_PATH}:/home/sunrise/xgo_demo/install/xgo_body_py:/opt/tros/humble:/opt/ros/humble /usr/bin/cmake --build /home/sunrise/xgo_demo/build/xgo_body -- -j4 -l4
[176.709s] Invoking command in '/home/sunrise/xgo_demo/build/xgo_body': CMAKE_PREFIX_PATH=${CMAKE_PREFIX_PATH}:/home/sunrise/xgo_demo/install/xgo_body_py:/opt/tros/humble:/opt/ros/humble /usr/bin/cmake --install /home/sunrise/xgo_demo/build/xgo_body
[176.741s] -- Install configuration: ""
[176.742s] -- Installing: /home/sunrise/xgo_demo/install/xgo_body/share/ament_index/resource_index/rosidl_interfaces/xgo_body
[176.744s] -- Installing: /home/sunrise/xgo_demo/install/xgo_body/include/xgo_body/xgo_body
[176.745s] -- Installing: /home/sunrise/xgo_demo/install/xgo_body/include/xgo_body/xgo_body/msg
[176.746s] -- Installing: /home/sunrise/xgo_demo/install/xgo_body/include/xgo_body/xgo_body/msg/detail
[176.748s] -- Installing: /home/sunrise/xgo_demo/install/xgo_body/include/xgo_body/xgo_body/msg/detail/leg_pose__struct.h
[176.749s] -- Installing: /home/sunrise/xgo_demo/install/xgo_body/include/xgo_body/xgo_body/msg/detail/joint_angle__functions.c
[176.750s] -- Installing: /home/sunrise/xgo_demo/install/xgo_body/include/xgo_body/xgo_body/msg/detail/body_pose__functions.h
[176.751s] -- Installing: /home/sunrise/xgo_demo/install/xgo_body/include/xgo_body/xgo_body/msg/detail/joint_angle__functions.h
[176.752s] -- Installing: /home/sunrise/xgo_demo/install/xgo_body/include/xgo_body/xgo_body/msg/detail/leg_pose__functions.h
[176.753s] -- Installing: /home/sunrise/xgo_demo/install/xgo_body/include/xgo_body/xgo_body/msg/detail/joint_angle__struct.h
[176.754s] -- Installing: /home/sunrise/xgo_demo/install/xgo_body/include/xgo_body/xgo_body/msg/detail/leg_pose__functions.c
[176.755s] -- Installing: /home/sunrise/xgo_demo/install/xgo_body/include/xgo_body/xgo_body/msg/detail/leg_pose__type_support.h
[176.756s] -- Installing: /home/sunrise/xgo_demo/install/xgo_body/include/xgo_body/xgo_body/msg/detail/joint_angle__type_support.h
[176.757s] -- Installing: /home/sunrise/xgo_demo/install/xgo_body/include/xgo_body/xgo_body/msg/detail/body_pose__struct.h
[176.758s] -- Installing: /home/sunrise/xgo_demo/install/xgo_body/include/xgo_body/xgo_body/msg/detail/body_pose__type_support.h
[176.759s] -- Installing: /home/sunrise/xgo_demo/install/xgo_body/include/xgo_body/xgo_body/msg/detail/arm_pose__functions.c
[176.760s] -- Installing: /home/sunrise/xgo_demo/install/xgo_body/include/xgo_body/xgo_body/msg/detail/arm_pose__struct.h
[176.761s] -- Installing: /home/sunrise/xgo_demo/install/xgo_body/include/xgo_body/xgo_body/msg/detail/body_pose__functions.c
[176.762s] -- Installing: /home/sunrise/xgo_demo/install/xgo_body/include/xgo_body/xgo_body/msg/detail/arm_pose__functions.h
[176.763s] -- Installing: /home/sunrise/xgo_demo/install/xgo_body/include/xgo_body/xgo_body/msg/detail/arm_pose__type_support.h
[176.764s] -- Installing: /home/sunrise/xgo_demo/install/xgo_body/include/xgo_body/xgo_body/msg/body_pose.h
[176.765s] -- Installing: /home/sunrise/xgo_demo/install/xgo_body/include/xgo_body/xgo_body/msg/leg_pose.h
[176.766s] -- Installing: /home/sunrise/xgo_demo/install/xgo_body/include/xgo_body/xgo_body/msg/arm_pose.h
[176.767s] -- Installing: /home/sunrise/xgo_demo/install/xgo_body/include/xgo_body/xgo_body/msg/rosidl_generator_c__visibility_control.h
[176.768s] -- Installing: /home/sunrise/xgo_demo/install/xgo_body/include/xgo_body/xgo_body/msg/joint_angle.h
[176.769s] -- Installing: /home/sunrise/xgo_demo/install/xgo_body/share/xgo_body/environment/library_path.sh
[176.770s] -- Installing: /home/sunrise/xgo_demo/install/xgo_body/share/xgo_body/environment/library_path.dsv
[176.771s] -- Installing: /home/sunrise/xgo_demo/install/xgo_body/lib/libxgo_body__rosidl_generator_c.so
[176.775s] -- Set runtime path of "/home/sunrise/xgo_demo/install/xgo_body/lib/libxgo_body__rosidl_generator_c.so" to ""
[176.776s] -- Up-to-date: /home/sunrise/xgo_demo/install/xgo_body/include/xgo_body/xgo_body
[176.777s] -- Up-to-date: /home/sunrise/xgo_demo/install/xgo_body/include/xgo_body/xgo_body/msg
[176.778s] -- Up-to-date: /home/sunrise/xgo_demo/install/xgo_body/include/xgo_body/xgo_body/msg/detail
[176.779s] -- Installing: /home/sunrise/xgo_demo/install/xgo_body/include/xgo_body/xgo_body/msg/detail/leg_pose__rosidl_typesupport_fastrtps_c.h
[176.780s] -- Installing: /home/sunrise/xgo_demo/install/xgo_body/include/xgo_body/xgo_body/msg/detail/body_pose__rosidl_typesupport_fastrtps_c.h
[176.781s] -- Installing: /home/sunrise/xgo_demo/install/xgo_body/include/xgo_body/xgo_body/msg/detail/arm_pose__rosidl_typesupport_fastrtps_c.h
[176.782s] -- Installing: /home/sunrise/xgo_demo/install/xgo_body/include/xgo_body/xgo_body/msg/detail/joint_angle__rosidl_typesupport_fastrtps_c.h
[176.783s] -- Installing: /home/sunrise/xgo_demo/install/xgo_body/include/xgo_body/xgo_body/msg/rosidl_typesupport_fastrtps_c__visibility_control.h
[176.784s] -- Installing: /home/sunrise/xgo_demo/install/xgo_body/lib/libxgo_body__rosidl_typesupport_fastrtps_c.so
[176.790s] -- Set runtime path of "/home/sunrise/xgo_demo/install/xgo_body/lib/libxgo_body__rosidl_typesupport_fastrtps_c.so" to ""
[176.792s] -- Up-to-date: /home/sunrise/xgo_demo/install/xgo_body/include/xgo_body/xgo_body
[176.794s] -- Up-to-date: /home/sunrise/xgo_demo/install/xgo_body/include/xgo_body/xgo_body/msg
[176.795s] -- Up-to-date: /home/sunrise/xgo_demo/install/xgo_body/include/xgo_body/xgo_body/msg/detail
[176.796s] -- Installing: /home/sunrise/xgo_demo/install/xgo_body/include/xgo_body/xgo_body/msg/detail/arm_pose__type_support.c
[176.797s] -- Installing: /home/sunrise/xgo_demo/install/xgo_body/include/xgo_body/xgo_body/msg/detail/leg_pose__type_support.c
[176.798s] -- Installing: /home/sunrise/xgo_demo/install/xgo_body/include/xgo_body/xgo_body/msg/detail/body_pose__type_support.c
[176.799s] -- Installing: /home/sunrise/xgo_demo/install/xgo_body/include/xgo_body/xgo_body/msg/detail/arm_pose__rosidl_typesupport_introspection_c.h
[176.800s] -- Installing: /home/sunrise/xgo_demo/install/xgo_body/include/xgo_body/xgo_body/msg/detail/body_pose__rosidl_typesupport_introspection_c.h
[176.801s] -- Installing: /home/sunrise/xgo_demo/install/xgo_body/include/xgo_body/xgo_body/msg/detail/joint_angle__type_support.c
[176.802s] -- Installing: /home/sunrise/xgo_demo/install/xgo_body/include/xgo_body/xgo_body/msg/detail/leg_pose__rosidl_typesupport_introspection_c.h
[176.803s] -- Installing: /home/sunrise/xgo_demo/install/xgo_body/include/xgo_body/xgo_body/msg/detail/joint_angle__rosidl_typesupport_introspection_c.h
[176.804s] -- Installing: /home/sunrise/xgo_demo/install/xgo_body/include/xgo_body/xgo_body/msg/rosidl_typesupport_introspection_c__visibility_control.h
[176.805s] -- Installing: /home/sunrise/xgo_demo/install/xgo_body/lib/libxgo_body__rosidl_typesupport_introspection_c.so
[176.806s] -- Set runtime path of "/home/sunrise/xgo_demo/install/xgo_body/lib/libxgo_body__rosidl_typesupport_introspection_c.so" to ""
[176.808s] -- Installing: /home/sunrise/xgo_demo/install/xgo_body/lib/libxgo_body__rosidl_typesupport_c.so
[176.809s] -- Set runtime path of "/home/sunrise/xgo_demo/install/xgo_body/lib/libxgo_body__rosidl_typesupport_c.so" to ""
[176.810s] -- Up-to-date: /home/sunrise/xgo_demo/install/xgo_body/include/xgo_body/xgo_body
[176.811s] -- Up-to-date: /home/sunrise/xgo_demo/install/xgo_body/include/xgo_body/xgo_body/msg
[176.813s] -- Up-to-date: /home/sunrise/xgo_demo/install/xgo_body/include/xgo_body/xgo_body/msg/detail
[176.814s] -- Installing: /home/sunrise/xgo_demo/install/xgo_body/include/xgo_body/xgo_body/msg/detail/body_pose__type_support.hpp
[176.815s] -- Installing: /home/sunrise/xgo_demo/install/xgo_body/include/xgo_body/xgo_body/msg/detail/leg_pose__builder.hpp
[176.816s] -- Installing: /home/sunrise/xgo_demo/install/xgo_body/include/xgo_body/xgo_body/msg/detail/leg_pose__traits.hpp
[176.818s] -- Installing: /home/sunrise/xgo_demo/install/xgo_body/include/xgo_body/xgo_body/msg/detail/body_pose__struct.hpp
[176.819s] -- Installing: /home/sunrise/xgo_demo/install/xgo_body/include/xgo_body/xgo_body/msg/detail/joint_angle__builder.hpp
[176.820s] -- Installing: /home/sunrise/xgo_demo/install/xgo_body/include/xgo_body/xgo_body/msg/detail/arm_pose__builder.hpp
[176.821s] -- Installing: /home/sunrise/xgo_demo/install/xgo_body/include/xgo_body/xgo_body/msg/detail/body_pose__traits.hpp
[176.822s] -- Installing: /home/sunrise/xgo_demo/install/xgo_body/include/xgo_body/xgo_body/msg/detail/joint_angle__type_support.hpp
[176.824s] -- Installing: /home/sunrise/xgo_demo/install/xgo_body/include/xgo_body/xgo_body/msg/detail/arm_pose__traits.hpp
[176.824s] -- Installing: /home/sunrise/xgo_demo/install/xgo_body/include/xgo_body/xgo_body/msg/detail/arm_pose__type_support.hpp
[176.825s] -- Installing: /home/sunrise/xgo_demo/install/xgo_body/include/xgo_body/xgo_body/msg/detail/joint_angle__struct.hpp
[176.826s] -- Installing: /home/sunrise/xgo_demo/install/xgo_body/include/xgo_body/xgo_body/msg/detail/leg_pose__struct.hpp
[176.827s] -- Installing: /home/sunrise/xgo_demo/install/xgo_body/include/xgo_body/xgo_body/msg/detail/joint_angle__traits.hpp
[176.828s] -- Installing: /home/sunrise/xgo_demo/install/xgo_body/include/xgo_body/xgo_body/msg/detail/arm_pose__struct.hpp
[176.829s] -- Installing: /home/sunrise/xgo_demo/install/xgo_body/include/xgo_body/xgo_body/msg/detail/leg_pose__type_support.hpp
[176.830s] -- Installing: /home/sunrise/xgo_demo/install/xgo_body/include/xgo_body/xgo_body/msg/detail/body_pose__builder.hpp
[176.831s] -- Installing: /home/sunrise/xgo_demo/install/xgo_body/include/xgo_body/xgo_body/msg/joint_angle.hpp
[176.831s] -- Installing: /home/sunrise/xgo_demo/install/xgo_body/include/xgo_body/xgo_body/msg/body_pose.hpp
[176.832s] -- Installing: /home/sunrise/xgo_demo/install/xgo_body/include/xgo_body/xgo_body/msg/leg_pose.hpp
[176.833s] -- Installing: /home/sunrise/xgo_demo/install/xgo_body/include/xgo_body/xgo_body/msg/arm_pose.hpp
[176.834s] -- Installing: /home/sunrise/xgo_demo/install/xgo_body/include/xgo_body/xgo_body/msg/rosidl_generator_cpp__visibility_control.hpp
[176.834s] -- Up-to-date: /home/sunrise/xgo_demo/install/xgo_body/include/xgo_body/xgo_body
[176.835s] -- Up-to-date: /home/sunrise/xgo_demo/install/xgo_body/include/xgo_body/xgo_body/msg
[176.836s] -- Installing: /home/sunrise/xgo_demo/install/xgo_body/include/xgo_body/xgo_body/msg/rosidl_typesupport_fastrtps_cpp__visibility_control.h
[176.837s] -- Up-to-date: /home/sunrise/xgo_demo/install/xgo_body/include/xgo_body/xgo_body/msg/detail
[176.838s] -- Installing: /home/sunrise/xgo_demo/install/xgo_body/include/xgo_body/xgo_body/msg/detail/body_pose__rosidl_typesupport_fastrtps_cpp.hpp
[176.839s] -- Installing: /home/sunrise/xgo_demo/install/xgo_body/include/xgo_body/xgo_body/msg/detail/joint_angle__rosidl_typesupport_fastrtps_cpp.hpp
[176.840s] -- Installing: /home/sunrise/xgo_demo/install/xgo_body/include/xgo_body/xgo_body/msg/detail/dds_fastrtps
[176.841s] -- Installing: /home/sunrise/xgo_demo/install/xgo_body/include/xgo_body/xgo_body/msg/detail/leg_pose__rosidl_typesupport_fastrtps_cpp.hpp
[176.842s] -- Installing: /home/sunrise/xgo_demo/install/xgo_body/include/xgo_body/xgo_body/msg/detail/arm_pose__rosidl_typesupport_fastrtps_cpp.hpp
[176.843s] -- Installing: /home/sunrise/xgo_demo/install/xgo_body/lib/libxgo_body__rosidl_typesupport_fastrtps_cpp.so
[176.844s] -- Set runtime path of "/home/sunrise/xgo_demo/install/xgo_body/lib/libxgo_body__rosidl_typesupport_fastrtps_cpp.so" to ""
[176.845s] -- Up-to-date: /home/sunrise/xgo_demo/install/xgo_body/include/xgo_body/xgo_body
[176.846s] -- Up-to-date: /home/sunrise/xgo_demo/install/xgo_body/include/xgo_body/xgo_body/msg
[176.847s] -- Up-to-date: /home/sunrise/xgo_demo/install/xgo_body/include/xgo_body/xgo_body/msg/detail
[176.849s] -- Installing: /home/sunrise/xgo_demo/install/xgo_body/include/xgo_body/xgo_body/msg/detail/arm_pose__rosidl_typesupport_introspection_cpp.hpp
[176.850s] -- Installing: /home/sunrise/xgo_demo/install/xgo_body/include/xgo_body/xgo_body/msg/detail/body_pose__rosidl_typesupport_introspection_cpp.hpp
[176.851s] -- Installing: /home/sunrise/xgo_demo/install/xgo_body/include/xgo_body/xgo_body/msg/detail/leg_pose__rosidl_typesupport_introspection_cpp.hpp
[176.852s] -- Installing: /home/sunrise/xgo_demo/install/xgo_body/include/xgo_body/xgo_body/msg/detail/body_pose__type_support.cpp
[176.852s] -- Installing: /home/sunrise/xgo_demo/install/xgo_body/include/xgo_body/xgo_body/msg/detail/arm_pose__type_support.cpp
[176.853s] -- Installing: /home/sunrise/xgo_demo/install/xgo_body/include/xgo_body/xgo_body/msg/detail/joint_angle__rosidl_typesupport_introspection_cpp.hpp
[176.854s] -- Installing: /home/sunrise/xgo_demo/install/xgo_body/include/xgo_body/xgo_body/msg/detail/joint_angle__type_support.cpp
[176.854s] -- Installing: /home/sunrise/xgo_demo/install/xgo_body/include/xgo_body/xgo_body/msg/detail/leg_pose__type_support.cpp
[176.855s] -- Installing: /home/sunrise/xgo_demo/install/xgo_body/lib/libxgo_body__rosidl_typesupport_introspection_cpp.so
[176.862s] -- Set runtime path of "/home/sunrise/xgo_demo/install/xgo_body/lib/libxgo_body__rosidl_typesupport_introspection_cpp.so" to ""
[176.863s] -- Installing: /home/sunrise/xgo_demo/install/xgo_body/lib/libxgo_body__rosidl_typesupport_cpp.so
[176.865s] -- Set runtime path of "/home/sunrise/xgo_demo/install/xgo_body/lib/libxgo_body__rosidl_typesupport_cpp.so" to ""
[176.866s] -- Installing: /home/sunrise/xgo_demo/install/xgo_body/share/xgo_body/environment/pythonpath.sh
[176.866s] -- Installing: /home/sunrise/xgo_demo/install/xgo_body/share/xgo_body/environment/pythonpath.dsv
[176.868s] -- Installing: /home/sunrise/xgo_demo/install/xgo_body/local/lib/python3.10/dist-packages/xgo_body-0.0.0-py3.10.egg-info
[176.869s] -- Installing: /home/sunrise/xgo_demo/install/xgo_body/local/lib/python3.10/dist-packages/xgo_body-0.0.0-py3.10.egg-info/dependency_links.txt
[176.870s] -- Installing: /home/sunrise/xgo_demo/install/xgo_body/local/lib/python3.10/dist-packages/xgo_body-0.0.0-py3.10.egg-info/PKG-INFO
[176.872s] -- Installing: /home/sunrise/xgo_demo/install/xgo_body/local/lib/python3.10/dist-packages/xgo_body-0.0.0-py3.10.egg-info/top_level.txt
[176.873s] -- Installing: /home/sunrise/xgo_demo/install/xgo_body/local/lib/python3.10/dist-packages/xgo_body-0.0.0-py3.10.egg-info/SOURCES.txt
[176.874s] -- Installing: /home/sunrise/xgo_demo/install/xgo_body/local/lib/python3.10/dist-packages/xgo_body
[176.875s] -- Installing: /home/sunrise/xgo_demo/install/xgo_body/local/lib/python3.10/dist-packages/xgo_body/xgo_body_s__rosidl_typesupport_fastrtps_c.cpython-310-aarch64-linux-gnu.so
[176.876s] -- Installing: /home/sunrise/xgo_demo/install/xgo_body/local/lib/python3.10/dist-packages/xgo_body/__init__.py
[176.877s] -- Installing: /home/sunrise/xgo_demo/install/xgo_body/local/lib/python3.10/dist-packages/xgo_body/_xgo_body_s.ep.rosidl_typesupport_introspection_c.c
[176.878s] -- Installing: /home/sunrise/xgo_demo/install/xgo_body/local/lib/python3.10/dist-packages/xgo_body/_xgo_body_s.ep.rosidl_typesupport_fastrtps_c.c
[176.879s] -- Installing: /home/sunrise/xgo_demo/install/xgo_body/local/lib/python3.10/dist-packages/xgo_body/libxgo_body__rosidl_generator_py.so
[176.880s] -- Installing: /home/sunrise/xgo_demo/install/xgo_body/local/lib/python3.10/dist-packages/xgo_body/xgo_body_s__rosidl_typesupport_c.cpython-310-aarch64-linux-gnu.so
[176.881s] -- Installing: /home/sunrise/xgo_demo/install/xgo_body/local/lib/python3.10/dist-packages/xgo_body/xgo_body_s__rosidl_typesupport_introspection_c.cpython-310-aarch64-linux-gnu.so
[176.882s] -- Installing: /home/sunrise/xgo_demo/install/xgo_body/local/lib/python3.10/dist-packages/xgo_body/msg
[176.883s] -- Installing: /home/sunrise/xgo_demo/install/xgo_body/local/lib/python3.10/dist-packages/xgo_body/msg/_body_pose_s.c
[176.884s] -- Installing: /home/sunrise/xgo_demo/install/xgo_body/local/lib/python3.10/dist-packages/xgo_body/msg/_leg_pose_s.c
[176.885s] -- Installing: /home/sunrise/xgo_demo/install/xgo_body/local/lib/python3.10/dist-packages/xgo_body/msg/_body_pose.py
[176.886s] -- Installing: /home/sunrise/xgo_demo/install/xgo_body/local/lib/python3.10/dist-packages/xgo_body/msg/_arm_pose.py
[176.887s] -- Installing: /home/sunrise/xgo_demo/install/xgo_body/local/lib/python3.10/dist-packages/xgo_body/msg/__init__.py
[176.888s] -- Installing: /home/sunrise/xgo_demo/install/xgo_body/local/lib/python3.10/dist-packages/xgo_body/msg/_arm_pose_s.c
[176.889s] -- Installing: /home/sunrise/xgo_demo/install/xgo_body/local/lib/python3.10/dist-packages/xgo_body/msg/_joint_angle_s.c
[176.890s] -- Installing: /home/sunrise/xgo_demo/install/xgo_body/local/lib/python3.10/dist-packages/xgo_body/msg/_joint_angle.py
[176.890s] -- Installing: /home/sunrise/xgo_demo/install/xgo_body/local/lib/python3.10/dist-packages/xgo_body/msg/_leg_pose.py
[176.891s] -- Installing: /home/sunrise/xgo_demo/install/xgo_body/local/lib/python3.10/dist-packages/xgo_body/_xgo_body_s.ep.rosidl_typesupport_c.c
[177.159s] Listing '/home/sunrise/xgo_demo/install/xgo_body/local/lib/python3.10/dist-packages/xgo_body'...
[177.160s] Compiling '/home/sunrise/xgo_demo/install/xgo_body/local/lib/python3.10/dist-packages/xgo_body/__init__.py'...
[177.161s] Listing '/home/sunrise/xgo_demo/install/xgo_body/local/lib/python3.10/dist-packages/xgo_body/msg'...
[177.161s] Compiling '/home/sunrise/xgo_demo/install/xgo_body/local/lib/python3.10/dist-packages/xgo_body/msg/__init__.py'...
[177.162s] Compiling '/home/sunrise/xgo_demo/install/xgo_body/local/lib/python3.10/dist-packages/xgo_body/msg/_arm_pose.py'...
[177.163s] Compiling '/home/sunrise/xgo_demo/install/xgo_body/local/lib/python3.10/dist-packages/xgo_body/msg/_body_pose.py'...
[177.164s] Compiling '/home/sunrise/xgo_demo/install/xgo_body/local/lib/python3.10/dist-packages/xgo_body/msg/_joint_angle.py'...
[177.165s] Compiling '/home/sunrise/xgo_demo/install/xgo_body/local/lib/python3.10/dist-packages/xgo_body/msg/_leg_pose.py'...
[177.211s] -- Installing: /home/sunrise/xgo_demo/install/xgo_body/local/lib/python3.10/dist-packages/xgo_body/xgo_body_s__rosidl_typesupport_fastrtps_c.cpython-310-aarch64-linux-gnu.so
[177.213s] -- Set runtime path of "/home/sunrise/xgo_demo/install/xgo_body/local/lib/python3.10/dist-packages/xgo_body/xgo_body_s__rosidl_typesupport_fastrtps_c.cpython-310-aarch64-linux-gnu.so" to ""
[177.214s] -- Installing: /home/sunrise/xgo_demo/install/xgo_body/local/lib/python3.10/dist-packages/xgo_body/xgo_body_s__rosidl_typesupport_introspection_c.cpython-310-aarch64-linux-gnu.so
[177.216s] -- Set runtime path of "/home/sunrise/xgo_demo/install/xgo_body/local/lib/python3.10/dist-packages/xgo_body/xgo_body_s__rosidl_typesupport_introspection_c.cpython-310-aarch64-linux-gnu.so" to ""
[177.218s] -- Installing: /home/sunrise/xgo_demo/install/xgo_body/local/lib/python3.10/dist-packages/xgo_body/xgo_body_s__rosidl_typesupport_c.cpython-310-aarch64-linux-gnu.so
[177.219s] -- Set runtime path of "/home/sunrise/xgo_demo/install/xgo_body/local/lib/python3.10/dist-packages/xgo_body/xgo_body_s__rosidl_typesupport_c.cpython-310-aarch64-linux-gnu.so" to ""
[177.222s] -- Installing: /home/sunrise/xgo_demo/install/xgo_body/lib/libxgo_body__rosidl_generator_py.so
[177.223s] -- Set runtime path of "/home/sunrise/xgo_demo/install/xgo_body/lib/libxgo_body__rosidl_generator_py.so" to ""
[177.224s] -- Installing: /home/sunrise/xgo_demo/install/xgo_body/share/xgo_body/msg/ArmPose.idl
[177.227s] -- Installing: /home/sunrise/xgo_demo/install/xgo_body/share/xgo_body/msg/BodyPose.idl
[177.228s] -- Installing: /home/sunrise/xgo_demo/install/xgo_body/share/xgo_body/msg/JointAngle.idl
[177.229s] -- Installing: /home/sunrise/xgo_demo/install/xgo_body/share/xgo_body/msg/LegPose.idl
[177.230s] -- Installing: /home/sunrise/xgo_demo/install/xgo_body/share/xgo_body/msg/ArmPose.msg
[177.231s] -- Installing: /home/sunrise/xgo_demo/install/xgo_body/share/xgo_body/msg/BodyPose.msg
[177.232s] -- Installing: /home/sunrise/xgo_demo/install/xgo_body/share/xgo_body/msg/JointAngle.msg
[177.233s] -- Installing: /home/sunrise/xgo_demo/install/xgo_body/share/xgo_body/msg/LegPose.msg
[177.245s] -- Installing: /home/sunrise/xgo_demo/install/xgo_body/lib/xgo_body/xgo_body_node
[177.261s] -- Set runtime path of "/home/sunrise/xgo_demo/install/xgo_body/lib/xgo_body/xgo_body_node" to ""
[177.261s] -- Installing: /home/sunrise/xgo_demo/install/xgo_body/share/ament_index/resource_index/package_run_dependencies/xgo_body
[177.263s] -- Installing: /home/sunrise/xgo_demo/install/xgo_body/share/ament_index/resource_index/parent_prefix_path/xgo_body
[177.271s] -- Installing: /home/sunrise/xgo_demo/install/xgo_body/share/xgo_body/environment/ament_prefix_path.sh
[177.272s] -- Installing: /home/sunrise/xgo_demo/install/xgo_body/share/xgo_body/environment/ament_prefix_path.dsv
[177.273s] -- Installing: /home/sunrise/xgo_demo/install/xgo_body/share/xgo_body/environment/path.sh
[177.275s] -- Installing: /home/sunrise/xgo_demo/install/xgo_body/share/xgo_body/environment/path.dsv
[177.276s] -- Installing: /home/sunrise/xgo_demo/install/xgo_body/share/xgo_body/local_setup.bash
[177.277s] -- Installing: /home/sunrise/xgo_demo/install/xgo_body/share/xgo_body/local_setup.sh
[177.278s] -- Installing: /home/sunrise/xgo_demo/install/xgo_body/share/xgo_body/local_setup.zsh
[177.280s] -- Installing: /home/sunrise/xgo_demo/install/xgo_body/share/xgo_body/local_setup.dsv
[177.281s] -- Installing: /home/sunrise/xgo_demo/install/xgo_body/share/xgo_body/package.dsv
[177.282s] -- Installing: /home/sunrise/xgo_demo/install/xgo_body/share/ament_index/resource_index/packages/xgo_body
[177.284s] -- Installing: /home/sunrise/xgo_demo/install/xgo_body/share/xgo_body/cmake/export_xgo_body__rosidl_generator_cExport.cmake
[177.285s] -- Installing: /home/sunrise/xgo_demo/install/xgo_body/share/xgo_body/cmake/export_xgo_body__rosidl_generator_cExport-noconfig.cmake
[177.286s] -- Installing: /home/sunrise/xgo_demo/install/xgo_body/share/xgo_body/cmake/export_xgo_body__rosidl_typesupport_fastrtps_cExport.cmake
[177.288s] -- Installing: /home/sunrise/xgo_demo/install/xgo_body/share/xgo_body/cmake/export_xgo_body__rosidl_typesupport_fastrtps_cExport-noconfig.cmake
[177.289s] -- Installing: /home/sunrise/xgo_demo/install/xgo_body/share/xgo_body/cmake/xgo_body__rosidl_typesupport_introspection_cExport.cmake
[177.290s] -- Installing: /home/sunrise/xgo_demo/install/xgo_body/share/xgo_body/cmake/xgo_body__rosidl_typesupport_introspection_cExport-noconfig.cmake
[177.292s] -- Installing: /home/sunrise/xgo_demo/install/xgo_body/share/xgo_body/cmake/xgo_body__rosidl_typesupport_cExport.cmake
[177.293s] -- Installing: /home/sunrise/xgo_demo/install/xgo_body/share/xgo_body/cmake/xgo_body__rosidl_typesupport_cExport-noconfig.cmake
[177.294s] -- Installing: /home/sunrise/xgo_demo/install/xgo_body/share/xgo_body/cmake/export_xgo_body__rosidl_generator_cppExport.cmake
[177.296s] -- Installing: /home/sunrise/xgo_demo/install/xgo_body/share/xgo_body/cmake/export_xgo_body__rosidl_typesupport_fastrtps_cppExport.cmake
[177.297s] -- Installing: /home/sunrise/xgo_demo/install/xgo_body/share/xgo_body/cmake/export_xgo_body__rosidl_typesupport_fastrtps_cppExport-noconfig.cmake
[177.298s] -- Installing: /home/sunrise/xgo_demo/install/xgo_body/share/xgo_body/cmake/xgo_body__rosidl_typesupport_introspection_cppExport.cmake
[177.300s] -- Installing: /home/sunrise/xgo_demo/install/xgo_body/share/xgo_body/cmake/xgo_body__rosidl_typesupport_introspection_cppExport-noconfig.cmake
[177.301s] -- Installing: /home/sunrise/xgo_demo/install/xgo_body/share/xgo_body/cmake/xgo_body__rosidl_typesupport_cppExport.cmake
[177.303s] -- Installing: /home/sunrise/xgo_demo/install/xgo_body/share/xgo_body/cmake/xgo_body__rosidl_typesupport_cppExport-noconfig.cmake
[177.304s] -- Installing: /home/sunrise/xgo_demo/install/xgo_body/share/xgo_body/cmake/export_xgo_body__rosidl_generator_pyExport.cmake
[177.305s] -- Installing: /home/sunrise/xgo_demo/install/xgo_body/share/xgo_body/cmake/export_xgo_body__rosidl_generator_pyExport-noconfig.cmake
[177.308s] -- Installing: /home/sunrise/xgo_demo/install/xgo_body/share/xgo_body/cmake/rosidl_cmake-extras.cmake
[177.309s] -- Installing: /home/sunrise/xgo_demo/install/xgo_body/share/xgo_body/cmake/ament_cmake_export_include_directories-extras.cmake
[177.310s] -- Installing: /home/sunrise/xgo_demo/install/xgo_body/share/xgo_body/cmake/ament_cmake_export_libraries-extras.cmake
[177.312s] -- Installing: /home/sunrise/xgo_demo/install/xgo_body/share/xgo_body/cmake/ament_cmake_export_targets-extras.cmake
[177.313s] -- Installing: /home/sunrise/xgo_demo/install/xgo_body/share/xgo_body/cmake/rosidl_cmake_export_typesupport_targets-extras.cmake
[177.314s] -- Installing: /home/sunrise/xgo_demo/install/xgo_body/share/xgo_body/cmake/ament_cmake_export_dependencies-extras.cmake
[177.316s] -- Installing: /home/sunrise/xgo_demo/install/xgo_body/share/xgo_body/cmake/rosidl_cmake_export_typesupport_libraries-extras.cmake
[177.318s] -- Installing: /home/sunrise/xgo_demo/install/xgo_body/share/xgo_body/cmake/xgo_bodyConfig.cmake
[177.319s] -- Installing: /home/sunrise/xgo_demo/install/xgo_body/share/xgo_body/cmake/xgo_bodyConfig-version.cmake
[177.320s] -- Installing: /home/sunrise/xgo_demo/install/xgo_body/share/xgo_body/package.xml
[177.335s] Invoked command in '/home/sunrise/xgo_demo/build/xgo_body' returned '0': CMAKE_PREFIX_PATH=${CMAKE_PREFIX_PATH}:/home/sunrise/xgo_demo/install/xgo_body_py:/opt/tros/humble:/opt/ros/humble /usr/bin/cmake --install /home/sunrise/xgo_demo/build/xgo_body
