[0.085s] Invoking command in '/home/sunrise/xgo_demo/build/xgo_head': CMAKE_PREFIX_PATH=${CMAKE_PREFIX_PATH}:/home/sunrise/xgo_demo/install/xgo_body_py:/opt/tros/humble:/opt/ros/humble /usr/bin/cmake --build /home/sunrise/xgo_demo/build/xgo_head -- -j4 -l4
[0.408s] [35m[1mConsolidate compiler generated dependencies of target xgo_head[0m
[0.726s] [  2%] [32mBuilding CXX object CMakeFiles/xgo_head.dir/src/rclcomm.cpp.o[0m
[179.307s] [  5%] [32m[1mLinking CXX executable xgo_head[0m
[206.569s] [100%] Built target xgo_head
[206.649s] Invoked command in '/home/sunrise/xgo_demo/build/xgo_head' returned '0': CMAKE_PREFIX_PATH=${CMAKE_PREFIX_PATH}:/home/sunrise/xgo_demo/install/xgo_body_py:/opt/tros/humble:/opt/ros/humble /usr/bin/cmake --build /home/sunrise/xgo_demo/build/xgo_head -- -j4 -l4
[206.714s] Invoking command in '/home/sunrise/xgo_demo/build/xgo_head': CMAKE_PREFIX_PATH=${CMAKE_PREFIX_PATH}:/home/sunrise/xgo_demo/install/xgo_body_py:/opt/tros/humble:/opt/ros/humble /usr/bin/cmake --install /home/sunrise/xgo_demo/build/xgo_head
[206.756s] -- Install configuration: ""
[206.763s] -- Installing: /home/sunrise/xgo_demo/install/xgo_head/lib/xgo_head/xgo_head
[206.840s] -- Set runtime path of "/home/sunrise/xgo_demo/install/xgo_head/lib/xgo_head/xgo_head" to ""
[206.849s] -- Up-to-date: /home/sunrise/xgo_demo/install/xgo_head/share/ament_index/resource_index/package_run_dependencies/xgo_head
[206.850s] -- Up-to-date: /home/sunrise/xgo_demo/install/xgo_head/share/ament_index/resource_index/parent_prefix_path/xgo_head
[206.851s] -- Up-to-date: /home/sunrise/xgo_demo/install/xgo_head/share/xgo_head/environment/ament_prefix_path.sh
[206.852s] -- Up-to-date: /home/sunrise/xgo_demo/install/xgo_head/share/xgo_head/environment/ament_prefix_path.dsv
[206.858s] -- Up-to-date: /home/sunrise/xgo_demo/install/xgo_head/share/xgo_head/environment/path.sh
[206.859s] -- Up-to-date: /home/sunrise/xgo_demo/install/xgo_head/share/xgo_head/environment/path.dsv
[206.860s] -- Up-to-date: /home/sunrise/xgo_demo/install/xgo_head/share/xgo_head/local_setup.bash
[206.862s] -- Up-to-date: /home/sunrise/xgo_demo/install/xgo_head/share/xgo_head/local_setup.sh
[206.866s] -- Up-to-date: /home/sunrise/xgo_demo/install/xgo_head/share/xgo_head/local_setup.zsh
[206.868s] -- Up-to-date: /home/sunrise/xgo_demo/install/xgo_head/share/xgo_head/local_setup.dsv
[206.869s] -- Installing: /home/sunrise/xgo_demo/install/xgo_head/share/xgo_head/package.dsv
[206.870s] -- Up-to-date: /home/sunrise/xgo_demo/install/xgo_head/share/ament_index/resource_index/packages/xgo_head
[206.871s] -- Up-to-date: /home/sunrise/xgo_demo/install/xgo_head/share/xgo_head/cmake/xgo_headConfig.cmake
[206.876s] -- Up-to-date: /home/sunrise/xgo_demo/install/xgo_head/share/xgo_head/cmake/xgo_headConfig-version.cmake
[206.879s] -- Up-to-date: /home/sunrise/xgo_demo/install/xgo_head/share/xgo_head/package.xml
[206.882s] Invoked command in '/home/sunrise/xgo_demo/build/xgo_head' returned '0': CMAKE_PREFIX_PATH=${CMAKE_PREFIX_PATH}:/home/sunrise/xgo_demo/install/xgo_body_py:/opt/tros/humble:/opt/ros/humble /usr/bin/cmake --install /home/sunrise/xgo_demo/build/xgo_head
