[9.055s] Invoking command in '/home/sunrise/xgo_demo/src/xgo_device': PYTHONPATH=/home/sunrise/xgo_demo/build/xgo_device/prefix_override:/usr/lib/python3/dist-packages/colcon_core/task/python/colcon_distutils_commands:/home/sunrise/xgo_demo/install/xgo_device/lib/python3.10/site-packages:${PYTHONPATH} /usr/bin/python3 -W ignore:setup.py install is deprecated -W ignore:easy_install command is deprecated setup.py egg_info --egg-base ../../build/xgo_device build --build-base /home/sunrise/xgo_demo/build/xgo_device/build install --record /home/sunrise/xgo_demo/build/xgo_device/install.log --single-version-externally-managed
[11.902s] running egg_info
[11.914s] writing ../../build/xgo_device/xgo_device.egg-info/PKG-INFO
[11.921s] writing dependency_links to ../../build/xgo_device/xgo_device.egg-info/dependency_links.txt
[11.924s] writing entry points to ../../build/xgo_device/xgo_device.egg-info/entry_points.txt
[11.928s] writing requirements to ../../build/xgo_device/xgo_device.egg-info/requires.txt
[11.931s] writing top-level names to ../../build/xgo_device/xgo_device.egg-info/top_level.txt
[11.954s] reading manifest file '../../build/xgo_device/xgo_device.egg-info/SOURCES.txt'
[11.961s] writing manifest file '../../build/xgo_device/xgo_device.egg-info/SOURCES.txt'
[11.969s] running build
[11.977s] running build_py
[11.987s] running install
[11.988s] running install_lib
[11.992s] running install_egg_info
[11.993s] removing '/home/sunrise/xgo_demo/install/xgo_device/lib/python3.10/site-packages/xgo_device-0.0.1-py3.10.egg-info' (and everything under it)
[11.995s] Copying ../../build/xgo_device/xgo_device.egg-info to /home/sunrise/xgo_demo/install/xgo_device/lib/python3.10/site-packages/xgo_device-0.0.1-py3.10.egg-info
[11.999s] running install_scripts
[12.175s] Installing device_info script to /home/sunrise/xgo_demo/install/xgo_device/lib/xgo_device
[12.180s] writing list of installed files to '/home/sunrise/xgo_demo/build/xgo_device/install.log'
[12.577s] Invoked command in '/home/sunrise/xgo_demo/src/xgo_device' returned '0': PYTHONPATH=/home/sunrise/xgo_demo/build/xgo_device/prefix_override:/usr/lib/python3/dist-packages/colcon_core/task/python/colcon_distutils_commands:/home/sunrise/xgo_demo/install/xgo_device/lib/python3.10/site-packages:${PYTHONPATH} /usr/bin/python3 -W ignore:setup.py install is deprecated -W ignore:easy_install command is deprecated setup.py egg_info --egg-base ../../build/xgo_device build --build-base /home/sunrise/xgo_demo/build/xgo_device/build install --record /home/sunrise/xgo_demo/build/xgo_device/install.log --single-version-externally-managed
