[0.067s] Invoking command in '/home/sunrise/xgo_demo/build/xgo_head': CMAKE_PREFIX_PATH=${CMAKE_PREFIX_PATH}:/home/sunrise/xgo_demo/install/xgo_body_py:/opt/tros/humble:/opt/ros/humble /usr/bin/cmake --build /home/sunrise/xgo_demo/build/xgo_head -- -j4 -l4
[0.198s] gmake: Warning: File 'Makefile' has modification time 4830364 s in the future
[0.367s] gmake[1]: Warning: File 'CMakeFiles/Makefile2' has modification time 4830364 s in the future
[0.438s] gmake[2]: Warning: File 'CMakeFiles/xgo_head.dir/flags.make' has modification time 4830364 s in the future
[0.484s] gmake[2]: warning:  Clock skew detected.  Your build may be incomplete.
[0.550s] gmake[2]: Warning: File 'CMakeFiles/xgo_head.dir/flags.make' has modification time 4830363 s in the future
[0.723s] [  2%] [32mBuilding CXX object CMakeFiles/xgo_head.dir/src/rclcomm.cpp.o[0m
[130.076s] [  5%] [32m[1mLinking CXX executable xgo_head[0m
[149.563s] gmake[2]: warning:  Clock skew detected.  Your build may be incomplete.
[149.591s] [100%] Built target xgo_head
[149.596s] gmake[1]: warning:  Clock skew detected.  Your build may be incomplete.
[149.625s] gmake: warning:  Clock skew detected.  Your build may be incomplete.
[149.642s] Invoked command in '/home/sunrise/xgo_demo/build/xgo_head' returned '0': CMAKE_PREFIX_PATH=${CMAKE_PREFIX_PATH}:/home/sunrise/xgo_demo/install/xgo_body_py:/opt/tros/humble:/opt/ros/humble /usr/bin/cmake --build /home/sunrise/xgo_demo/build/xgo_head -- -j4 -l4
[149.692s] Invoking command in '/home/sunrise/xgo_demo/build/xgo_head': CMAKE_PREFIX_PATH=${CMAKE_PREFIX_PATH}:/home/sunrise/xgo_demo/install/xgo_body_py:/opt/tros/humble:/opt/ros/humble /usr/bin/cmake --install /home/sunrise/xgo_demo/build/xgo_head
[149.727s] -- Install configuration: ""
[149.733s] -- Installing: /home/sunrise/xgo_demo/install/xgo_head/lib/xgo_head/xgo_head
[149.791s] -- Set runtime path of "/home/sunrise/xgo_demo/install/xgo_head/lib/xgo_head/xgo_head" to ""
[149.794s] -- Up-to-date: /home/sunrise/xgo_demo/install/xgo_head/share/ament_index/resource_index/package_run_dependencies/xgo_head
[149.795s] -- Up-to-date: /home/sunrise/xgo_demo/install/xgo_head/share/ament_index/resource_index/parent_prefix_path/xgo_head
[149.806s] -- Up-to-date: /home/sunrise/xgo_demo/install/xgo_head/share/xgo_head/environment/ament_prefix_path.sh
[149.808s] -- Up-to-date: /home/sunrise/xgo_demo/install/xgo_head/share/xgo_head/environment/ament_prefix_path.dsv
[149.809s] -- Up-to-date: /home/sunrise/xgo_demo/install/xgo_head/share/xgo_head/environment/path.sh
[149.810s] -- Up-to-date: /home/sunrise/xgo_demo/install/xgo_head/share/xgo_head/environment/path.dsv
[149.810s] -- Up-to-date: /home/sunrise/xgo_demo/install/xgo_head/share/xgo_head/local_setup.bash
[149.811s] -- Up-to-date: /home/sunrise/xgo_demo/install/xgo_head/share/xgo_head/local_setup.sh
[149.812s] -- Up-to-date: /home/sunrise/xgo_demo/install/xgo_head/share/xgo_head/local_setup.zsh
[149.813s] -- Up-to-date: /home/sunrise/xgo_demo/install/xgo_head/share/xgo_head/local_setup.dsv
[149.813s] -- Installing: /home/sunrise/xgo_demo/install/xgo_head/share/xgo_head/package.dsv
[149.814s] -- Up-to-date: /home/sunrise/xgo_demo/install/xgo_head/share/ament_index/resource_index/packages/xgo_head
[149.814s] -- Up-to-date: /home/sunrise/xgo_demo/install/xgo_head/share/xgo_head/cmake/xgo_headConfig.cmake
[149.815s] -- Up-to-date: /home/sunrise/xgo_demo/install/xgo_head/share/xgo_head/cmake/xgo_headConfig-version.cmake
[149.818s] -- Up-to-date: /home/sunrise/xgo_demo/install/xgo_head/share/xgo_head/package.xml
[149.828s] Invoked command in '/home/sunrise/xgo_demo/build/xgo_head' returned '0': CMAKE_PREFIX_PATH=${CMAKE_PREFIX_PATH}:/home/sunrise/xgo_demo/install/xgo_body_py:/opt/tros/humble:/opt/ros/humble /usr/bin/cmake --install /home/sunrise/xgo_demo/build/xgo_head
