[3.897s] Invoking command in '/home/sunrise/xgo_demo/build/xgo_head': CMAKE_PREFIX_PATH=${CMAKE_PREFIX_PATH}:/home/sunrise/xgo_demo/install/xgo_motion:/home/sunrise/xgo_demo/install/xgo_device:/home/sunrise/xgo_demo/install/xgo_body_py:/opt/tros/humble:/opt/ros/humble /usr/bin/cmake --build /home/sunrise/xgo_demo/build/xgo_head -- -j4 -l4
[4.314s] [35m[1mConsolidate compiler generated dependencies of target xgo_head[0m
[4.740s] [  2%] [32mBuilding CXX object CMakeFiles/xgo_head.dir/src/mainwindow.cpp.o[0m
[35.005s] [01m[K/home/sunrise/xgo_demo/src/xgo_head/src/mainwindow.cpp:[m[K In member function ‘[01m[Kvoid MainWindow::updateTopicInfo(QString)[m[K’:
[35.006s] [01m[K/home/sunrise/xgo_demo/src/xgo_head/src/mainwindow.cpp:68:42:[m[K [01;35m[Kwarning: [m[Kunused parameter ‘[01m[Kdata[m[K’ [[01;35m[K]8;;https://gcc.gnu.org/onlinedocs/gcc/Warning-Options.html#index-Wunused-parameter-Wunused-parameter]8;;[m[K]
[35.007s]    68 | void MainWindow::updateTopicInfo([01;35m[KQString data[m[K){
[35.008s]       |                                  [01;35m[K~~~~~~~~^~~~[m[K
[35.017s] [01m[K/home/sunrise/xgo_demo/src/xgo_head/src/mainwindow.cpp:[m[K In member function ‘[01m[Kvoid MainWindow::onGpioData(int, int, int)[m[K’:
[35.018s] [01m[K/home/sunrise/xgo_demo/src/xgo_head/src/mainwindow.cpp:132:35:[m[K [01;31m[Kerror: [m[K‘[01m[Kbool GpioReader::closeGpio()[m[K’ is private within this context
[35.019s]   132 |         [01;31m[KgpioKeyLeftDown->closeGpio()[m[K;
[35.020s]       |         [01;31m[K~~~~~~~~~~~~~~~~~~~~~~~~~~^~[m[K
[35.021s] In file included from [01m[K/home/sunrise/xgo_demo/src/xgo_head/include/mainwindow.h:13[m[K,
[35.022s]                  from [01m[K/home/sunrise/xgo_demo/src/xgo_head/src/mainwindow.cpp:1[m[K:
[35.023s] [01m[K/home/sunrise/xgo_demo/src/xgo_head/include/GpioReader.h:31:10:[m[K [01;36m[Knote: [m[Kdeclared private here
[35.024s]    31 |     bool [01;36m[KcloseGpio[m[K();
[35.024s]       |          [01;36m[K^~~~~~~~~[m[K
[35.025s] [01m[K/home/sunrise/xgo_demo/src/xgo_head/src/mainwindow.cpp:133:33:[m[K [01;31m[Kerror: [m[K‘[01m[Kbool GpioReader::closeGpio()[m[K’ is private within this context
[35.026s]   133 |         [01;31m[KgpioKeyLeftUp->closeGpio()[m[K;
[35.027s]       |         [01;31m[K~~~~~~~~~~~~~~~~~~~~~~~~^~[m[K
[35.027s] In file included from [01m[K/home/sunrise/xgo_demo/src/xgo_head/include/mainwindow.h:13[m[K,
[35.028s]                  from [01m[K/home/sunrise/xgo_demo/src/xgo_head/src/mainwindow.cpp:1[m[K:
[35.029s] [01m[K/home/sunrise/xgo_demo/src/xgo_head/include/GpioReader.h:31:10:[m[K [01;36m[Knote: [m[Kdeclared private here
[35.030s]    31 |     bool [01;36m[KcloseGpio[m[K();
[35.031s]       |          [01;36m[K^~~~~~~~~[m[K
[35.031s] [01m[K/home/sunrise/xgo_demo/src/xgo_head/src/mainwindow.cpp:134:36:[m[K [01;31m[Kerror: [m[K‘[01m[Kbool GpioReader::closeGpio()[m[K’ is private within this context
[35.032s]   134 |         [01;31m[KgpioKeyRightDown->closeGpio()[m[K;
[35.033s]       |         [01;31m[K~~~~~~~~~~~~~~~~~~~~~~~~~~~^~[m[K
[35.033s] In file included from [01m[K/home/sunrise/xgo_demo/src/xgo_head/include/mainwindow.h:13[m[K,
[35.034s]                  from [01m[K/home/sunrise/xgo_demo/src/xgo_head/src/mainwindow.cpp:1[m[K:
[35.035s] [01m[K/home/sunrise/xgo_demo/src/xgo_head/include/GpioReader.h:31:10:[m[K [01;36m[Knote: [m[Kdeclared private here
[35.036s]    31 |     bool [01;36m[KcloseGpio[m[K();
[35.037s]       |          [01;36m[K^~~~~~~~~[m[K
[35.038s] [01m[K/home/sunrise/xgo_demo/src/xgo_head/src/mainwindow.cpp:135:34:[m[K [01;31m[Kerror: [m[K‘[01m[Kbool GpioReader::closeGpio()[m[K’ is private within this context
[35.039s]   135 |         [01;31m[KgpioKeyRightUp->closeGpio()[m[K;
[35.040s]       |         [01;31m[K~~~~~~~~~~~~~~~~~~~~~~~~~^~[m[K
[35.041s] In file included from [01m[K/home/sunrise/xgo_demo/src/xgo_head/include/mainwindow.h:13[m[K,
[35.042s]                  from [01m[K/home/sunrise/xgo_demo/src/xgo_head/src/mainwindow.cpp:1[m[K:
[35.043s] [01m[K/home/sunrise/xgo_demo/src/xgo_head/include/GpioReader.h:31:10:[m[K [01;36m[Knote: [m[Kdeclared private here
[35.044s]    31 |     bool [01;36m[KcloseGpio[m[K();
[35.045s]       |          [01;36m[K^~~~~~~~~[m[K
[40.464s] gmake[2]: *** [CMakeFiles/xgo_head.dir/build.make:276: CMakeFiles/xgo_head.dir/src/mainwindow.cpp.o] Error 1
[40.465s] gmake[1]: *** [CMakeFiles/Makefile2:137: CMakeFiles/xgo_head.dir/all] Error 2
[40.466s] gmake: *** [Makefile:146: all] Error 2
[40.474s] Invoked command in '/home/sunrise/xgo_demo/build/xgo_head' returned '2': CMAKE_PREFIX_PATH=${CMAKE_PREFIX_PATH}:/home/sunrise/xgo_demo/install/xgo_motion:/home/sunrise/xgo_demo/install/xgo_device:/home/sunrise/xgo_demo/install/xgo_body_py:/opt/tros/humble:/opt/ros/humble /usr/bin/cmake --build /home/sunrise/xgo_demo/build/xgo_head -- -j4 -l4
