[7.797s] Invoking command in '/home/sunrise/xgo_demo/src/xgo_device': PYTHONPATH=/home/sunrise/xgo_demo/build/xgo_device/prefix_override:/usr/lib/python3/dist-packages/colcon_core/task/python/colcon_distutils_commands:/home/sunrise/xgo_demo/install/xgo_device/lib/python3.10/site-packages:${PYTHONPATH} /usr/bin/python3 -W ignore:setup.py install is deprecated -W ignore:easy_install command is deprecated setup.py egg_info --egg-base ../../build/xgo_device build --build-base /home/sunrise/xgo_demo/build/xgo_device/build install --record /home/sunrise/xgo_demo/build/xgo_device/install.log --single-version-externally-managed
[10.230s] running egg_info
[10.240s] writing ../../build/xgo_device/xgo_device.egg-info/PKG-INFO
[10.246s] writing dependency_links to ../../build/xgo_device/xgo_device.egg-info/dependency_links.txt
[10.252s] writing entry points to ../../build/xgo_device/xgo_device.egg-info/entry_points.txt
[10.257s] writing requirements to ../../build/xgo_device/xgo_device.egg-info/requires.txt
[10.260s] writing top-level names to ../../build/xgo_device/xgo_device.egg-info/top_level.txt
[10.285s] reading manifest file '../../build/xgo_device/xgo_device.egg-info/SOURCES.txt'
[10.296s] writing manifest file '../../build/xgo_device/xgo_device.egg-info/SOURCES.txt'
[10.299s] running build
[10.305s] running build_py
[10.309s] running install
[10.316s] running install_lib
[10.320s] running install_egg_info
[10.349s] removing '/home/sunrise/xgo_demo/install/xgo_device/lib/python3.10/site-packages/xgo_device-0.0.1-py3.10.egg-info' (and everything under it)
[10.350s] Copying ../../build/xgo_device/xgo_device.egg-info to /home/sunrise/xgo_demo/install/xgo_device/lib/python3.10/site-packages/xgo_device-0.0.1-py3.10.egg-info
[10.350s] running install_scripts
[10.511s] Installing device_info script to /home/sunrise/xgo_demo/install/xgo_device/lib/xgo_device
[10.515s] writing list of installed files to '/home/sunrise/xgo_demo/build/xgo_device/install.log'
[10.806s] Invoked command in '/home/sunrise/xgo_demo/src/xgo_device' returned '0': PYTHONPATH=/home/sunrise/xgo_demo/build/xgo_device/prefix_override:/usr/lib/python3/dist-packages/colcon_core/task/python/colcon_distutils_commands:/home/sunrise/xgo_demo/install/xgo_device/lib/python3.10/site-packages:${PYTHONPATH} /usr/bin/python3 -W ignore:setup.py install is deprecated -W ignore:easy_install command is deprecated setup.py egg_info --egg-base ../../build/xgo_device build --build-base /home/sunrise/xgo_demo/build/xgo_device/build install --record /home/sunrise/xgo_demo/build/xgo_device/install.log --single-version-externally-managed
