[0.869s] DEBUG:colcon:Command line arguments: ['/usr/bin/colcon', 'build']
[0.870s] DEBUG:colcon:Parsed command line arguments: Namespace(log_base=None, log_level=None, verb_name='build', build_base='build', install_base='install', merge_install=False, symlink_install=False, test_result_base=None, continue_on_error=False, executor='parallel', parallel_workers=4, event_handlers=None, ignore_user_meta=False, metas=['./colcon.meta'], base_paths=['.'], packages_ignore=None, packages_ignore_regex=None, paths=None, packages_up_to=None, packages_up_to_regex=None, packages_above=None, packages_above_and_dependencies=None, packages_above_depth=None, packages_select_by_dep=None, packages_skip_by_dep=None, packages_skip_up_to=None, packages_select_build_failed=False, packages_skip_build_finished=False, packages_select_test_failures=False, packages_skip_test_passed=False, packages_select=None, packages_skip=None, packages_select_regex=None, packages_skip_regex=None, packages_start=None, packages_end=None, allow_overriding=[], cmake_args=None, cmake_target=None, cmake_target_skip_unavailable=False, cmake_clean_cache=False, cmake_clean_first=False, cmake_force_configure=False, ament_cmake_args=None, catkin_cmake_args=None, catkin_skip_building_tests=False, verb_parser=<colcon_defaults.argument_parser.defaults.DefaultArgumentsDecorator object at 0x7fb1f07340>, verb_extension=<colcon_core.verb.build.BuildVerb object at 0x7fb1f06e60>, main=<bound method BuildVerb.main of <colcon_core.verb.build.BuildVerb object at 0x7fb1f06e60>>)
[2.237s] Level 1:colcon.colcon_core.package_discovery:discover_packages(colcon_meta) check parameters
[2.238s] Level 1:colcon.colcon_core.package_discovery:discover_packages(recursive) check parameters
[2.238s] Level 1:colcon.colcon_core.package_discovery:discover_packages(ignore) check parameters
[2.238s] Level 1:colcon.colcon_core.package_discovery:discover_packages(path) check parameters
[2.239s] Level 1:colcon.colcon_core.package_discovery:discover_packages(colcon_meta) discover
[2.239s] Level 1:colcon.colcon_core.package_discovery:discover_packages(recursive) discover
[2.239s] INFO:colcon.colcon_core.package_discovery:Crawling recursively for packages in '/home/sunrise/xgo_demo'
[2.240s] Level 1:colcon.colcon_core.package_identification:_identify(.) by extensions ['ignore', 'ignore_ament_install']
[2.240s] Level 1:colcon.colcon_core.package_identification:_identify(.) by extension 'ignore'
[2.241s] Level 1:colcon.colcon_core.package_identification:_identify(.) by extension 'ignore_ament_install'
[2.241s] Level 1:colcon.colcon_core.package_identification:_identify(.) by extensions ['colcon_pkg']
[2.242s] Level 1:colcon.colcon_core.package_identification:_identify(.) by extension 'colcon_pkg'
[2.242s] Level 1:colcon.colcon_core.package_identification:_identify(.) by extensions ['colcon_meta']
[2.242s] Level 1:colcon.colcon_core.package_identification:_identify(.) by extension 'colcon_meta'
[2.242s] Level 1:colcon.colcon_core.package_identification:_identify(.) by extensions ['ros']
[2.243s] Level 1:colcon.colcon_core.package_identification:_identify(.) by extension 'ros'
[2.333s] Level 1:colcon.colcon_core.package_identification:_identify(.) by extensions ['cmake', 'python']
[2.333s] Level 1:colcon.colcon_core.package_identification:_identify(.) by extension 'cmake'
[2.334s] Level 1:colcon.colcon_core.package_identification:_identify(.) by extension 'python'
[2.334s] Level 1:colcon.colcon_core.package_identification:_identify(.) by extensions ['python_setup_py']
[2.334s] Level 1:colcon.colcon_core.package_identification:_identify(.) by extension 'python_setup_py'
[2.335s] Level 1:colcon.colcon_core.package_identification:_identify(build) by extensions ['ignore', 'ignore_ament_install']
[2.336s] Level 1:colcon.colcon_core.package_identification:_identify(build) by extension 'ignore'
[2.336s] Level 1:colcon.colcon_core.package_identification:_identify(build) ignored
[2.337s] Level 1:colcon.colcon_core.package_identification:_identify(config) by extensions ['ignore', 'ignore_ament_install']
[2.338s] Level 1:colcon.colcon_core.package_identification:_identify(config) by extension 'ignore'
[2.338s] Level 1:colcon.colcon_core.package_identification:_identify(config) by extension 'ignore_ament_install'
[2.339s] Level 1:colcon.colcon_core.package_identification:_identify(config) by extensions ['colcon_pkg']
[2.339s] Level 1:colcon.colcon_core.package_identification:_identify(config) by extension 'colcon_pkg'
[2.339s] Level 1:colcon.colcon_core.package_identification:_identify(config) by extensions ['colcon_meta']
[2.339s] Level 1:colcon.colcon_core.package_identification:_identify(config) by extension 'colcon_meta'
[2.340s] Level 1:colcon.colcon_core.package_identification:_identify(config) by extensions ['ros']
[2.340s] Level 1:colcon.colcon_core.package_identification:_identify(config) by extension 'ros'
[2.341s] Level 1:colcon.colcon_core.package_identification:_identify(config) by extensions ['cmake', 'python']
[2.341s] Level 1:colcon.colcon_core.package_identification:_identify(config) by extension 'cmake'
[2.341s] Level 1:colcon.colcon_core.package_identification:_identify(config) by extension 'python'
[2.342s] Level 1:colcon.colcon_core.package_identification:_identify(config) by extensions ['python_setup_py']
[2.342s] Level 1:colcon.colcon_core.package_identification:_identify(config) by extension 'python_setup_py'
[2.343s] Level 1:colcon.colcon_core.package_identification:_identify(config/efficient_det) by extensions ['ignore', 'ignore_ament_install']
[2.343s] Level 1:colcon.colcon_core.package_identification:_identify(config/efficient_det) by extension 'ignore'
[2.344s] Level 1:colcon.colcon_core.package_identification:_identify(config/efficient_det) by extension 'ignore_ament_install'
[2.345s] Level 1:colcon.colcon_core.package_identification:_identify(config/efficient_det) by extensions ['colcon_pkg']
[2.345s] Level 1:colcon.colcon_core.package_identification:_identify(config/efficient_det) by extension 'colcon_pkg'
[2.345s] Level 1:colcon.colcon_core.package_identification:_identify(config/efficient_det) by extensions ['colcon_meta']
[2.345s] Level 1:colcon.colcon_core.package_identification:_identify(config/efficient_det) by extension 'colcon_meta'
[2.346s] Level 1:colcon.colcon_core.package_identification:_identify(config/efficient_det) by extensions ['ros']
[2.346s] Level 1:colcon.colcon_core.package_identification:_identify(config/efficient_det) by extension 'ros'
[2.347s] Level 1:colcon.colcon_core.package_identification:_identify(config/efficient_det) by extensions ['cmake', 'python']
[2.347s] Level 1:colcon.colcon_core.package_identification:_identify(config/efficient_det) by extension 'cmake'
[2.347s] Level 1:colcon.colcon_core.package_identification:_identify(config/efficient_det) by extension 'python'
[2.348s] Level 1:colcon.colcon_core.package_identification:_identify(config/efficient_det) by extensions ['python_setup_py']
[2.348s] Level 1:colcon.colcon_core.package_identification:_identify(config/efficient_det) by extension 'python_setup_py'
[2.349s] Level 1:colcon.colcon_core.package_identification:_identify(install) by extensions ['ignore', 'ignore_ament_install']
[2.349s] Level 1:colcon.colcon_core.package_identification:_identify(install) by extension 'ignore'
[2.350s] Level 1:colcon.colcon_core.package_identification:_identify(install) ignored
[2.351s] Level 1:colcon.colcon_core.package_identification:_identify(log) by extensions ['ignore', 'ignore_ament_install']
[2.351s] Level 1:colcon.colcon_core.package_identification:_identify(log) by extension 'ignore'
[2.352s] Level 1:colcon.colcon_core.package_identification:_identify(log) ignored
[2.352s] Level 1:colcon.colcon_core.package_identification:_identify(src) by extensions ['ignore', 'ignore_ament_install']
[2.353s] Level 1:colcon.colcon_core.package_identification:_identify(src) by extension 'ignore'
[2.353s] Level 1:colcon.colcon_core.package_identification:_identify(src) by extension 'ignore_ament_install'
[2.354s] Level 1:colcon.colcon_core.package_identification:_identify(src) by extensions ['colcon_pkg']
[2.354s] Level 1:colcon.colcon_core.package_identification:_identify(src) by extension 'colcon_pkg'
[2.355s] Level 1:colcon.colcon_core.package_identification:_identify(src) by extensions ['colcon_meta']
[2.355s] Level 1:colcon.colcon_core.package_identification:_identify(src) by extension 'colcon_meta'
[2.355s] Level 1:colcon.colcon_core.package_identification:_identify(src) by extensions ['ros']
[2.355s] Level 1:colcon.colcon_core.package_identification:_identify(src) by extension 'ros'
[2.356s] Level 1:colcon.colcon_core.package_identification:_identify(src) by extensions ['cmake', 'python']
[2.356s] Level 1:colcon.colcon_core.package_identification:_identify(src) by extension 'cmake'
[2.357s] Level 1:colcon.colcon_core.package_identification:_identify(src) by extension 'python'
[2.357s] Level 1:colcon.colcon_core.package_identification:_identify(src) by extensions ['python_setup_py']
[2.357s] Level 1:colcon.colcon_core.package_identification:_identify(src) by extension 'python_setup_py'
[2.358s] Level 1:colcon.colcon_core.package_identification:_identify(src/xgo_body) by extensions ['ignore', 'ignore_ament_install']
[2.359s] Level 1:colcon.colcon_core.package_identification:_identify(src/xgo_body) by extension 'ignore'
[2.359s] Level 1:colcon.colcon_core.package_identification:_identify(src/xgo_body) by extension 'ignore_ament_install'
[2.360s] Level 1:colcon.colcon_core.package_identification:_identify(src/xgo_body) by extensions ['colcon_pkg']
[2.360s] Level 1:colcon.colcon_core.package_identification:_identify(src/xgo_body) by extension 'colcon_pkg'
[2.361s] Level 1:colcon.colcon_core.package_identification:_identify(src/xgo_body) by extensions ['colcon_meta']
[2.361s] Level 1:colcon.colcon_core.package_identification:_identify(src/xgo_body) by extension 'colcon_meta'
[2.361s] Level 1:colcon.colcon_core.package_identification:_identify(src/xgo_body) by extensions ['ros']
[2.361s] Level 1:colcon.colcon_core.package_identification:_identify(src/xgo_body) by extension 'ros'
[2.379s] DEBUG:colcon.colcon_core.package_identification:Package 'src/xgo_body' with type 'ros.ament_cmake' and name 'xgo_body'
[2.380s] Level 1:colcon.colcon_core.package_identification:_identify(src/xgo_body_py) by extensions ['ignore', 'ignore_ament_install']
[2.381s] Level 1:colcon.colcon_core.package_identification:_identify(src/xgo_body_py) by extension 'ignore'
[2.382s] Level 1:colcon.colcon_core.package_identification:_identify(src/xgo_body_py) by extension 'ignore_ament_install'
[2.383s] Level 1:colcon.colcon_core.package_identification:_identify(src/xgo_body_py) by extensions ['colcon_pkg']
[2.383s] Level 1:colcon.colcon_core.package_identification:_identify(src/xgo_body_py) by extension 'colcon_pkg'
[2.384s] Level 1:colcon.colcon_core.package_identification:_identify(src/xgo_body_py) by extensions ['colcon_meta']
[2.385s] Level 1:colcon.colcon_core.package_identification:_identify(src/xgo_body_py) by extension 'colcon_meta'
[2.385s] Level 1:colcon.colcon_core.package_identification:_identify(src/xgo_body_py) by extensions ['ros']
[2.386s] Level 1:colcon.colcon_core.package_identification:_identify(src/xgo_body_py) by extension 'ros'
[2.404s] DEBUG:colcon.colcon_core.package_identification:Package 'src/xgo_body_py' with type 'ros.ament_python' and name 'xgo_body_py'
[2.405s] Level 1:colcon.colcon_core.package_identification:_identify(src/xgo_device) by extensions ['ignore', 'ignore_ament_install']
[2.406s] Level 1:colcon.colcon_core.package_identification:_identify(src/xgo_device) by extension 'ignore'
[2.407s] Level 1:colcon.colcon_core.package_identification:_identify(src/xgo_device) by extension 'ignore_ament_install'
[2.407s] Level 1:colcon.colcon_core.package_identification:_identify(src/xgo_device) by extensions ['colcon_pkg']
[2.408s] Level 1:colcon.colcon_core.package_identification:_identify(src/xgo_device) by extension 'colcon_pkg'
[2.408s] Level 1:colcon.colcon_core.package_identification:_identify(src/xgo_device) by extensions ['colcon_meta']
[2.409s] Level 1:colcon.colcon_core.package_identification:_identify(src/xgo_device) by extension 'colcon_meta'
[2.409s] Level 1:colcon.colcon_core.package_identification:_identify(src/xgo_device) by extensions ['ros']
[2.410s] Level 1:colcon.colcon_core.package_identification:_identify(src/xgo_device) by extension 'ros'
[2.414s] DEBUG:colcon.colcon_core.package_identification:Package 'src/xgo_device' with type 'ros.ament_python' and name 'xgo_device'
[2.415s] Level 1:colcon.colcon_core.package_identification:_identify(src/xgo_head) by extensions ['ignore', 'ignore_ament_install']
[2.415s] Level 1:colcon.colcon_core.package_identification:_identify(src/xgo_head) by extension 'ignore'
[2.416s] Level 1:colcon.colcon_core.package_identification:_identify(src/xgo_head) by extension 'ignore_ament_install'
[2.417s] Level 1:colcon.colcon_core.package_identification:_identify(src/xgo_head) by extensions ['colcon_pkg']
[2.417s] Level 1:colcon.colcon_core.package_identification:_identify(src/xgo_head) by extension 'colcon_pkg'
[2.417s] Level 1:colcon.colcon_core.package_identification:_identify(src/xgo_head) by extensions ['colcon_meta']
[2.418s] Level 1:colcon.colcon_core.package_identification:_identify(src/xgo_head) by extension 'colcon_meta'
[2.418s] Level 1:colcon.colcon_core.package_identification:_identify(src/xgo_head) by extensions ['ros']
[2.418s] Level 1:colcon.colcon_core.package_identification:_identify(src/xgo_head) by extension 'ros'
[2.422s] DEBUG:colcon.colcon_core.package_identification:Package 'src/xgo_head' with type 'ros.ament_cmake' and name 'xgo_head'
[2.423s] Level 1:colcon.colcon_core.package_identification:_identify(src/xgo_motion) by extensions ['ignore', 'ignore_ament_install']
[2.424s] Level 1:colcon.colcon_core.package_identification:_identify(src/xgo_motion) by extension 'ignore'
[2.424s] Level 1:colcon.colcon_core.package_identification:_identify(src/xgo_motion) by extension 'ignore_ament_install'
[2.425s] Level 1:colcon.colcon_core.package_identification:_identify(src/xgo_motion) by extensions ['colcon_pkg']
[2.425s] Level 1:colcon.colcon_core.package_identification:_identify(src/xgo_motion) by extension 'colcon_pkg'
[2.426s] Level 1:colcon.colcon_core.package_identification:_identify(src/xgo_motion) by extensions ['colcon_meta']
[2.426s] Level 1:colcon.colcon_core.package_identification:_identify(src/xgo_motion) by extension 'colcon_meta'
[2.426s] Level 1:colcon.colcon_core.package_identification:_identify(src/xgo_motion) by extensions ['ros']
[2.427s] Level 1:colcon.colcon_core.package_identification:_identify(src/xgo_motion) by extension 'ros'
[2.432s] DEBUG:colcon.colcon_core.package_identification:Package 'src/xgo_motion' with type 'ros.ament_python' and name 'xgo_motion'
[2.432s] Level 1:colcon.colcon_core.package_discovery:discover_packages(recursive) using defaults
[2.433s] Level 1:colcon.colcon_core.package_discovery:discover_packages(ignore) discover
[2.433s] Level 1:colcon.colcon_core.package_discovery:discover_packages(ignore) using defaults
[2.433s] Level 1:colcon.colcon_core.package_discovery:discover_packages(path) discover
[2.433s] Level 1:colcon.colcon_core.package_discovery:discover_packages(path) using defaults
[2.587s] Level 1:colcon.colcon_core.package_discovery:discover_packages(prefix_path) check parameters
[2.588s] Level 1:colcon.colcon_core.package_discovery:discover_packages(prefix_path) discover
[2.606s] DEBUG:colcon.colcon_installed_package_information.package_discovery:Found 3 installed packages in /home/sunrise/xgo_demo/install
[2.611s] DEBUG:colcon.colcon_installed_package_information.package_discovery:Found 49 installed packages in /opt/tros/humble
[2.619s] DEBUG:colcon.colcon_installed_package_information.package_discovery:Found 183 installed packages in /opt/ros/humble
[2.627s] Level 1:colcon.colcon_core.package_discovery:discover_packages(prefix_path) using defaults
[3.071s] Level 5:colcon.colcon_core.verb:set package 'xgo_body' build argument 'cmake_args' from command line to 'None'
[3.072s] Level 5:colcon.colcon_core.verb:set package 'xgo_body' build argument 'cmake_target' from command line to 'None'
[3.072s] Level 5:colcon.colcon_core.verb:set package 'xgo_body' build argument 'cmake_target_skip_unavailable' from command line to 'False'
[3.072s] Level 5:colcon.colcon_core.verb:set package 'xgo_body' build argument 'cmake_clean_cache' from command line to 'False'
[3.072s] Level 5:colcon.colcon_core.verb:set package 'xgo_body' build argument 'cmake_clean_first' from command line to 'False'
[3.072s] Level 5:colcon.colcon_core.verb:set package 'xgo_body' build argument 'cmake_force_configure' from command line to 'False'
[3.072s] Level 5:colcon.colcon_core.verb:set package 'xgo_body' build argument 'ament_cmake_args' from command line to 'None'
[3.073s] Level 5:colcon.colcon_core.verb:set package 'xgo_body' build argument 'catkin_cmake_args' from command line to 'None'
[3.073s] Level 5:colcon.colcon_core.verb:set package 'xgo_body' build argument 'catkin_skip_building_tests' from command line to 'False'
[3.073s] DEBUG:colcon.colcon_core.verb:Building package 'xgo_body' with the following arguments: {'ament_cmake_args': None, 'build_base': '/home/sunrise/xgo_demo/build/xgo_body', 'catkin_cmake_args': None, 'catkin_skip_building_tests': False, 'cmake_args': None, 'cmake_clean_cache': False, 'cmake_clean_first': False, 'cmake_force_configure': False, 'cmake_target': None, 'cmake_target_skip_unavailable': False, 'install_base': '/home/sunrise/xgo_demo/install/xgo_body', 'merge_install': False, 'path': '/home/sunrise/xgo_demo/src/xgo_body', 'symlink_install': False, 'test_result_base': None}
[3.076s] Level 5:colcon.colcon_core.verb:set package 'xgo_body_py' build argument 'cmake_args' from command line to 'None'
[3.076s] Level 5:colcon.colcon_core.verb:set package 'xgo_body_py' build argument 'cmake_target' from command line to 'None'
[3.076s] Level 5:colcon.colcon_core.verb:set package 'xgo_body_py' build argument 'cmake_target_skip_unavailable' from command line to 'False'
[3.077s] Level 5:colcon.colcon_core.verb:set package 'xgo_body_py' build argument 'cmake_clean_cache' from command line to 'False'
[3.077s] Level 5:colcon.colcon_core.verb:set package 'xgo_body_py' build argument 'cmake_clean_first' from command line to 'False'
[3.077s] Level 5:colcon.colcon_core.verb:set package 'xgo_body_py' build argument 'cmake_force_configure' from command line to 'False'
[3.077s] Level 5:colcon.colcon_core.verb:set package 'xgo_body_py' build argument 'ament_cmake_args' from command line to 'None'
[3.077s] Level 5:colcon.colcon_core.verb:set package 'xgo_body_py' build argument 'catkin_cmake_args' from command line to 'None'
[3.077s] Level 5:colcon.colcon_core.verb:set package 'xgo_body_py' build argument 'catkin_skip_building_tests' from command line to 'False'
[3.078s] DEBUG:colcon.colcon_core.verb:Building package 'xgo_body_py' with the following arguments: {'ament_cmake_args': None, 'build_base': '/home/sunrise/xgo_demo/build/xgo_body_py', 'catkin_cmake_args': None, 'catkin_skip_building_tests': False, 'cmake_args': None, 'cmake_clean_cache': False, 'cmake_clean_first': False, 'cmake_force_configure': False, 'cmake_target': None, 'cmake_target_skip_unavailable': False, 'install_base': '/home/sunrise/xgo_demo/install/xgo_body_py', 'merge_install': False, 'path': '/home/sunrise/xgo_demo/src/xgo_body_py', 'symlink_install': False, 'test_result_base': None}
[3.081s] Level 5:colcon.colcon_core.verb:set package 'xgo_device' build argument 'cmake_args' from command line to 'None'
[3.081s] Level 5:colcon.colcon_core.verb:set package 'xgo_device' build argument 'cmake_target' from command line to 'None'
[3.082s] Level 5:colcon.colcon_core.verb:set package 'xgo_device' build argument 'cmake_target_skip_unavailable' from command line to 'False'
[3.082s] Level 5:colcon.colcon_core.verb:set package 'xgo_device' build argument 'cmake_clean_cache' from command line to 'False'
[3.083s] Level 5:colcon.colcon_core.verb:set package 'xgo_device' build argument 'cmake_clean_first' from command line to 'False'
[3.083s] Level 5:colcon.colcon_core.verb:set package 'xgo_device' build argument 'cmake_force_configure' from command line to 'False'
[3.083s] Level 5:colcon.colcon_core.verb:set package 'xgo_device' build argument 'ament_cmake_args' from command line to 'None'
[3.084s] Level 5:colcon.colcon_core.verb:set package 'xgo_device' build argument 'catkin_cmake_args' from command line to 'None'
[3.084s] Level 5:colcon.colcon_core.verb:set package 'xgo_device' build argument 'catkin_skip_building_tests' from command line to 'False'
[3.085s] DEBUG:colcon.colcon_core.verb:Building package 'xgo_device' with the following arguments: {'ament_cmake_args': None, 'build_base': '/home/sunrise/xgo_demo/build/xgo_device', 'catkin_cmake_args': None, 'catkin_skip_building_tests': False, 'cmake_args': None, 'cmake_clean_cache': False, 'cmake_clean_first': False, 'cmake_force_configure': False, 'cmake_target': None, 'cmake_target_skip_unavailable': False, 'install_base': '/home/sunrise/xgo_demo/install/xgo_device', 'merge_install': False, 'path': '/home/sunrise/xgo_demo/src/xgo_device', 'symlink_install': False, 'test_result_base': None}
[3.088s] Level 5:colcon.colcon_core.verb:set package 'xgo_head' build argument 'cmake_args' from command line to 'None'
[3.088s] Level 5:colcon.colcon_core.verb:set package 'xgo_head' build argument 'cmake_target' from command line to 'None'
[3.089s] Level 5:colcon.colcon_core.verb:set package 'xgo_head' build argument 'cmake_target_skip_unavailable' from command line to 'False'
[3.089s] Level 5:colcon.colcon_core.verb:set package 'xgo_head' build argument 'cmake_clean_cache' from command line to 'False'
[3.089s] Level 5:colcon.colcon_core.verb:set package 'xgo_head' build argument 'cmake_clean_first' from command line to 'False'
[3.090s] Level 5:colcon.colcon_core.verb:set package 'xgo_head' build argument 'cmake_force_configure' from command line to 'False'
[3.090s] Level 5:colcon.colcon_core.verb:set package 'xgo_head' build argument 'ament_cmake_args' from command line to 'None'
[3.090s] Level 5:colcon.colcon_core.verb:set package 'xgo_head' build argument 'catkin_cmake_args' from command line to 'None'
[3.090s] Level 5:colcon.colcon_core.verb:set package 'xgo_head' build argument 'catkin_skip_building_tests' from command line to 'False'
[3.091s] DEBUG:colcon.colcon_core.verb:Building package 'xgo_head' with the following arguments: {'ament_cmake_args': None, 'build_base': '/home/sunrise/xgo_demo/build/xgo_head', 'catkin_cmake_args': None, 'catkin_skip_building_tests': False, 'cmake_args': None, 'cmake_clean_cache': False, 'cmake_clean_first': False, 'cmake_force_configure': False, 'cmake_target': None, 'cmake_target_skip_unavailable': False, 'install_base': '/home/sunrise/xgo_demo/install/xgo_head', 'merge_install': False, 'path': '/home/sunrise/xgo_demo/src/xgo_head', 'symlink_install': False, 'test_result_base': None}
[3.094s] Level 5:colcon.colcon_core.verb:set package 'xgo_motion' build argument 'cmake_args' from command line to 'None'
[3.094s] Level 5:colcon.colcon_core.verb:set package 'xgo_motion' build argument 'cmake_target' from command line to 'None'
[3.095s] Level 5:colcon.colcon_core.verb:set package 'xgo_motion' build argument 'cmake_target_skip_unavailable' from command line to 'False'
[3.095s] Level 5:colcon.colcon_core.verb:set package 'xgo_motion' build argument 'cmake_clean_cache' from command line to 'False'
[3.095s] Level 5:colcon.colcon_core.verb:set package 'xgo_motion' build argument 'cmake_clean_first' from command line to 'False'
[3.095s] Level 5:colcon.colcon_core.verb:set package 'xgo_motion' build argument 'cmake_force_configure' from command line to 'False'
[3.096s] Level 5:colcon.colcon_core.verb:set package 'xgo_motion' build argument 'ament_cmake_args' from command line to 'None'
[3.096s] Level 5:colcon.colcon_core.verb:set package 'xgo_motion' build argument 'catkin_cmake_args' from command line to 'None'
[3.096s] Level 5:colcon.colcon_core.verb:set package 'xgo_motion' build argument 'catkin_skip_building_tests' from command line to 'False'
[3.096s] DEBUG:colcon.colcon_core.verb:Building package 'xgo_motion' with the following arguments: {'ament_cmake_args': None, 'build_base': '/home/sunrise/xgo_demo/build/xgo_motion', 'catkin_cmake_args': None, 'catkin_skip_building_tests': False, 'cmake_args': None, 'cmake_clean_cache': False, 'cmake_clean_first': False, 'cmake_force_configure': False, 'cmake_target': None, 'cmake_target_skip_unavailable': False, 'install_base': '/home/sunrise/xgo_demo/install/xgo_motion', 'merge_install': False, 'path': '/home/sunrise/xgo_demo/src/xgo_motion', 'symlink_install': False, 'test_result_base': None}
[3.098s] INFO:colcon.colcon_core.executor:Executing jobs using 'parallel' executor
[3.104s] DEBUG:colcon.colcon_parallel_executor.executor.parallel:run_until_complete
[3.107s] INFO:colcon.colcon_ros.task.ament_cmake.build:Building ROS package in '/home/sunrise/xgo_demo/src/xgo_body' with build type 'ament_cmake'
[3.109s] INFO:colcon.colcon_cmake.task.cmake.build:Building CMake package in '/home/sunrise/xgo_demo/src/xgo_body'
[3.128s] INFO:colcon.colcon_core.plugin_system:Skipping extension 'colcon_core.shell.bat': Not used on non-Windows systems
[3.130s] INFO:colcon.colcon_core.shell:Skip shell extension 'powershell' for command environment: Not usable outside of PowerShell
[3.131s] DEBUG:colcon.colcon_core.shell:Skip shell extension 'dsv' for command environment
[3.150s] INFO:colcon.colcon_ros.task.ament_python.build:Building ROS package in '/home/sunrise/xgo_demo/src/xgo_body_py' with build type 'ament_python'
[3.151s] Level 1:colcon.colcon_core.shell:create_environment_hook('xgo_body_py', 'ament_prefix_path')
[3.153s] INFO:colcon.colcon_core.shell:Creating environment hook '/home/sunrise/xgo_demo/install/xgo_body_py/share/xgo_body_py/hook/ament_prefix_path.ps1'
[3.158s] INFO:colcon.colcon_core.shell:Creating environment descriptor '/home/sunrise/xgo_demo/install/xgo_body_py/share/xgo_body_py/hook/ament_prefix_path.dsv'
[3.161s] INFO:colcon.colcon_core.shell:Creating environment hook '/home/sunrise/xgo_demo/install/xgo_body_py/share/xgo_body_py/hook/ament_prefix_path.sh'
[3.167s] INFO:colcon.colcon_core.shell:Skip shell extension 'powershell' for command environment: Not usable outside of PowerShell
[3.167s] DEBUG:colcon.colcon_core.shell:Skip shell extension 'dsv' for command environment
[3.186s] INFO:colcon.colcon_ros.task.ament_python.build:Building ROS package in '/home/sunrise/xgo_demo/src/xgo_device' with build type 'ament_python'
[3.187s] Level 1:colcon.colcon_core.shell:create_environment_hook('xgo_device', 'ament_prefix_path')
[3.190s] INFO:colcon.colcon_core.shell:Creating environment hook '/home/sunrise/xgo_demo/install/xgo_device/share/xgo_device/hook/ament_prefix_path.ps1'
[3.194s] INFO:colcon.colcon_core.shell:Creating environment descriptor '/home/sunrise/xgo_demo/install/xgo_device/share/xgo_device/hook/ament_prefix_path.dsv'
[3.197s] INFO:colcon.colcon_core.shell:Creating environment hook '/home/sunrise/xgo_demo/install/xgo_device/share/xgo_device/hook/ament_prefix_path.sh'
[3.202s] INFO:colcon.colcon_core.shell:Skip shell extension 'powershell' for command environment: Not usable outside of PowerShell
[3.204s] DEBUG:colcon.colcon_core.shell:Skip shell extension 'dsv' for command environment
[3.223s] INFO:colcon.colcon_ros.task.ament_cmake.build:Building ROS package in '/home/sunrise/xgo_demo/src/xgo_head' with build type 'ament_cmake'
[3.224s] INFO:colcon.colcon_cmake.task.cmake.build:Building CMake package in '/home/sunrise/xgo_demo/src/xgo_head'
[3.226s] INFO:colcon.colcon_core.shell:Skip shell extension 'powershell' for command environment: Not usable outside of PowerShell
[3.227s] DEBUG:colcon.colcon_core.shell:Skip shell extension 'dsv' for command environment
[3.271s] DEBUG:colcon.colcon_core.event_handler.log_command:Invoking command in '/home/sunrise/xgo_demo/build/xgo_body': CMAKE_PREFIX_PATH=${CMAKE_PREFIX_PATH}:/home/sunrise/xgo_demo/install/xgo_body_py:/opt/tros/humble:/opt/ros/humble /usr/bin/cmake --build /home/sunrise/xgo_demo/build/xgo_body -- -j4 -l4
[5.620s] INFO:colcon.colcon_core.task.python.build:Building Python package in '/home/sunrise/xgo_demo/src/xgo_body_py'
[5.622s] INFO:colcon.colcon_core.shell:Skip shell extension 'powershell' for command environment: Not usable outside of PowerShell
[5.623s] DEBUG:colcon.colcon_core.shell:Skip shell extension 'dsv' for command environment
[7.502s] WARNING:colcon.colcon_ros.task.ament_python.build:Package 'xgo_device' doesn't explicitly install a marker in the package index (colcon-ros currently does it implicitly but that fallback will be removed in the future)
[7.505s] WARNING:colcon.colcon_ros.task.ament_python.build:Package 'xgo_device' doesn't explicitly install the 'package.xml' file (colcon-ros currently does it implicitly but that fallback will be removed in the future)
[7.506s] INFO:colcon.colcon_core.task.python.build:Building Python package in '/home/sunrise/xgo_demo/src/xgo_device'
[7.508s] INFO:colcon.colcon_core.shell:Skip shell extension 'powershell' for command environment: Not usable outside of PowerShell
[7.510s] DEBUG:colcon.colcon_core.shell:Skip shell extension 'dsv' for command environment
[7.547s] DEBUG:colcon.colcon_core.event_handler.log_command:Invoking command in '/home/sunrise/xgo_demo/build/xgo_head': CMAKE_PREFIX_PATH=${CMAKE_PREFIX_PATH}:/home/sunrise/xgo_demo/install/xgo_body_py:/opt/tros/humble:/opt/ros/humble /usr/bin/cmake --build /home/sunrise/xgo_demo/build/xgo_head -- -j4 -l4
[7.598s] DEBUG:colcon.colcon_core.event_handler.log_command:Invoked command in '/home/sunrise/xgo_demo/build/xgo_body' returned '0': CMAKE_PREFIX_PATH=${CMAKE_PREFIX_PATH}:/home/sunrise/xgo_demo/install/xgo_body_py:/opt/tros/humble:/opt/ros/humble /usr/bin/cmake --build /home/sunrise/xgo_demo/build/xgo_body -- -j4 -l4
[7.636s] DEBUG:colcon.colcon_core.event_handler.log_command:Invoking command in '/home/sunrise/xgo_demo/build/xgo_body': CMAKE_PREFIX_PATH=${CMAKE_PREFIX_PATH}:/home/sunrise/xgo_demo/install/xgo_body_py:/opt/tros/humble:/opt/ros/humble /usr/bin/cmake --install /home/sunrise/xgo_demo/build/xgo_body
[8.555s] Level 1:colcon.colcon_core.environment:create_environment_scripts_only(xgo_body)
[8.588s] Level 1:colcon.colcon_core.environment:checking '/home/sunrise/xgo_demo/install/xgo_body' for CMake module files
[8.608s] Level 1:colcon.colcon_core.environment:checking '/home/sunrise/xgo_demo/install/xgo_body' for CMake config files
[8.611s] Level 1:colcon.colcon_core.shell:create_environment_hook('xgo_body', 'cmake_prefix_path')
[8.613s] INFO:colcon.colcon_core.shell:Creating environment hook '/home/sunrise/xgo_demo/install/xgo_body/share/xgo_body/hook/cmake_prefix_path.ps1'
[8.618s] DEBUG:colcon.colcon_core.event_handler.log_command:Invoked command in '/home/sunrise/xgo_demo/build/xgo_body' returned '0': CMAKE_PREFIX_PATH=${CMAKE_PREFIX_PATH}:/home/sunrise/xgo_demo/install/xgo_body_py:/opt/tros/humble:/opt/ros/humble /usr/bin/cmake --install /home/sunrise/xgo_demo/build/xgo_body
[8.622s] INFO:colcon.colcon_core.shell:Creating environment descriptor '/home/sunrise/xgo_demo/install/xgo_body/share/xgo_body/hook/cmake_prefix_path.dsv'
[8.626s] INFO:colcon.colcon_core.shell:Creating environment hook '/home/sunrise/xgo_demo/install/xgo_body/share/xgo_body/hook/cmake_prefix_path.sh'
[8.632s] Level 1:colcon.colcon_core.environment:checking '/home/sunrise/xgo_demo/install/xgo_body/lib'
[8.634s] Level 1:colcon.colcon_core.shell:create_environment_hook('xgo_body', 'ld_library_path_lib')
[8.637s] INFO:colcon.colcon_core.shell:Creating environment hook '/home/sunrise/xgo_demo/install/xgo_body/share/xgo_body/hook/ld_library_path_lib.ps1'
[8.641s] INFO:colcon.colcon_core.shell:Creating environment descriptor '/home/sunrise/xgo_demo/install/xgo_body/share/xgo_body/hook/ld_library_path_lib.dsv'
[8.644s] INFO:colcon.colcon_core.shell:Creating environment hook '/home/sunrise/xgo_demo/install/xgo_body/share/xgo_body/hook/ld_library_path_lib.sh'
[8.648s] Level 1:colcon.colcon_core.environment:checking '/home/sunrise/xgo_demo/install/xgo_body/bin'
[8.649s] Level 1:colcon.colcon_core.environment:checking '/home/sunrise/xgo_demo/install/xgo_body/lib/pkgconfig/xgo_body.pc'
[8.651s] Level 1:colcon.colcon_core.environment:checking '/home/sunrise/xgo_demo/install/xgo_body/lib/python3.10/site-packages'
[8.653s] Level 1:colcon.colcon_core.environment:checking '/home/sunrise/xgo_demo/install/xgo_body/bin'
[8.657s] INFO:colcon.colcon_core.shell:Creating package script '/home/sunrise/xgo_demo/install/xgo_body/share/xgo_body/package.ps1'
[8.665s] INFO:colcon.colcon_core.shell:Creating package descriptor '/home/sunrise/xgo_demo/install/xgo_body/share/xgo_body/package.dsv'
[8.671s] INFO:colcon.colcon_core.shell:Creating package script '/home/sunrise/xgo_demo/install/xgo_body/share/xgo_body/package.sh'
[8.678s] INFO:colcon.colcon_core.shell:Creating package script '/home/sunrise/xgo_demo/install/xgo_body/share/xgo_body/package.bash'
[8.686s] INFO:colcon.colcon_core.shell:Creating package script '/home/sunrise/xgo_demo/install/xgo_body/share/xgo_body/package.zsh'
[8.692s] Level 1:colcon.colcon_core.environment:create_file_with_runtime_dependencies(/home/sunrise/xgo_demo/install/xgo_body/share/colcon-core/packages/xgo_body)
[8.697s] Level 1:colcon.colcon_core.environment:create_environment_scripts_only(xgo_body)
[8.699s] Level 1:colcon.colcon_core.environment:checking '/home/sunrise/xgo_demo/install/xgo_body' for CMake module files
[8.705s] Level 1:colcon.colcon_core.environment:checking '/home/sunrise/xgo_demo/install/xgo_body' for CMake config files
[8.707s] Level 1:colcon.colcon_core.shell:create_environment_hook('xgo_body', 'cmake_prefix_path')
[8.709s] INFO:colcon.colcon_core.shell:Creating environment hook '/home/sunrise/xgo_demo/install/xgo_body/share/xgo_body/hook/cmake_prefix_path.ps1'
[8.712s] INFO:colcon.colcon_core.shell:Creating environment descriptor '/home/sunrise/xgo_demo/install/xgo_body/share/xgo_body/hook/cmake_prefix_path.dsv'
[8.716s] INFO:colcon.colcon_core.shell:Creating environment hook '/home/sunrise/xgo_demo/install/xgo_body/share/xgo_body/hook/cmake_prefix_path.sh'
[8.722s] Level 1:colcon.colcon_core.environment:checking '/home/sunrise/xgo_demo/install/xgo_body/lib'
[8.723s] Level 1:colcon.colcon_core.shell:create_environment_hook('xgo_body', 'ld_library_path_lib')
[8.726s] INFO:colcon.colcon_core.shell:Creating environment hook '/home/sunrise/xgo_demo/install/xgo_body/share/xgo_body/hook/ld_library_path_lib.ps1'
[8.730s] INFO:colcon.colcon_core.shell:Creating environment descriptor '/home/sunrise/xgo_demo/install/xgo_body/share/xgo_body/hook/ld_library_path_lib.dsv'
[8.734s] INFO:colcon.colcon_core.shell:Creating environment hook '/home/sunrise/xgo_demo/install/xgo_body/share/xgo_body/hook/ld_library_path_lib.sh'
[8.738s] Level 1:colcon.colcon_core.environment:checking '/home/sunrise/xgo_demo/install/xgo_body/bin'
[8.738s] Level 1:colcon.colcon_core.environment:checking '/home/sunrise/xgo_demo/install/xgo_body/lib/pkgconfig/xgo_body.pc'
[8.740s] Level 1:colcon.colcon_core.environment:checking '/home/sunrise/xgo_demo/install/xgo_body/lib/python3.10/site-packages'
[8.742s] Level 1:colcon.colcon_core.environment:checking '/home/sunrise/xgo_demo/install/xgo_body/bin'
[8.746s] INFO:colcon.colcon_core.shell:Creating package script '/home/sunrise/xgo_demo/install/xgo_body/share/xgo_body/package.ps1'
[8.751s] INFO:colcon.colcon_core.shell:Creating package descriptor '/home/sunrise/xgo_demo/install/xgo_body/share/xgo_body/package.dsv'
[8.757s] INFO:colcon.colcon_core.shell:Creating package script '/home/sunrise/xgo_demo/install/xgo_body/share/xgo_body/package.sh'
[8.762s] INFO:colcon.colcon_core.shell:Creating package script '/home/sunrise/xgo_demo/install/xgo_body/share/xgo_body/package.bash'
[8.768s] INFO:colcon.colcon_core.shell:Creating package script '/home/sunrise/xgo_demo/install/xgo_body/share/xgo_body/package.zsh'
[8.776s] Level 1:colcon.colcon_core.environment:create_file_with_runtime_dependencies(/home/sunrise/xgo_demo/install/xgo_body/share/colcon-core/packages/xgo_body)
[8.785s] INFO:colcon.colcon_ros.task.ament_python.build:Building ROS package in '/home/sunrise/xgo_demo/src/xgo_motion' with build type 'ament_python'
[8.787s] Level 1:colcon.colcon_core.shell:create_environment_hook('xgo_motion', 'ament_prefix_path')
[8.790s] INFO:colcon.colcon_core.shell:Creating environment hook '/home/sunrise/xgo_demo/install/xgo_motion/share/xgo_motion/hook/ament_prefix_path.ps1'
[8.797s] INFO:colcon.colcon_core.shell:Creating environment descriptor '/home/sunrise/xgo_demo/install/xgo_motion/share/xgo_motion/hook/ament_prefix_path.dsv'
[8.800s] INFO:colcon.colcon_core.shell:Creating environment hook '/home/sunrise/xgo_demo/install/xgo_motion/share/xgo_motion/hook/ament_prefix_path.sh'
[8.805s] INFO:colcon.colcon_core.shell:Skip shell extension 'powershell' for command environment: Not usable outside of PowerShell
[8.805s] DEBUG:colcon.colcon_core.shell:Skip shell extension 'dsv' for command environment
[8.839s] DEBUG:colcon.colcon_core.event_handler.log_command:Invoked command in '/home/sunrise/xgo_demo/build/xgo_head' returned '0': CMAKE_PREFIX_PATH=${CMAKE_PREFIX_PATH}:/home/sunrise/xgo_demo/install/xgo_body_py:/opt/tros/humble:/opt/ros/humble /usr/bin/cmake --build /home/sunrise/xgo_demo/build/xgo_head -- -j4 -l4
[8.848s] DEBUG:colcon.colcon_core.event_handler.log_command:Invoking command in '/home/sunrise/xgo_demo/build/xgo_head': CMAKE_PREFIX_PATH=${CMAKE_PREFIX_PATH}:/home/sunrise/xgo_demo/install/xgo_body_py:/opt/tros/humble:/opt/ros/humble /usr/bin/cmake --install /home/sunrise/xgo_demo/build/xgo_head
[11.221s] INFO:colcon.colcon_core.task.python.build:Building Python package in '/home/sunrise/xgo_demo/src/xgo_motion'
[11.223s] INFO:colcon.colcon_core.shell:Skip shell extension 'powershell' for command environment: Not usable outside of PowerShell
[11.223s] DEBUG:colcon.colcon_core.shell:Skip shell extension 'dsv' for command environment
[11.254s] Level 1:colcon.colcon_core.environment:create_environment_scripts_only(xgo_head)
[11.257s] Level 1:colcon.colcon_core.environment:checking '/home/sunrise/xgo_demo/install/xgo_head' for CMake module files
[11.260s] DEBUG:colcon.colcon_core.event_handler.log_command:Invoked command in '/home/sunrise/xgo_demo/build/xgo_head' returned '0': CMAKE_PREFIX_PATH=${CMAKE_PREFIX_PATH}:/home/sunrise/xgo_demo/install/xgo_body_py:/opt/tros/humble:/opt/ros/humble /usr/bin/cmake --install /home/sunrise/xgo_demo/build/xgo_head
[11.263s] Level 1:colcon.colcon_core.environment:checking '/home/sunrise/xgo_demo/install/xgo_head' for CMake config files
[11.264s] Level 1:colcon.colcon_core.shell:create_environment_hook('xgo_head', 'cmake_prefix_path')
[11.266s] INFO:colcon.colcon_core.shell:Creating environment hook '/home/sunrise/xgo_demo/install/xgo_head/share/xgo_head/hook/cmake_prefix_path.ps1'
[11.269s] INFO:colcon.colcon_core.shell:Creating environment descriptor '/home/sunrise/xgo_demo/install/xgo_head/share/xgo_head/hook/cmake_prefix_path.dsv'
[11.271s] INFO:colcon.colcon_core.shell:Creating environment hook '/home/sunrise/xgo_demo/install/xgo_head/share/xgo_head/hook/cmake_prefix_path.sh'
[11.276s] Level 1:colcon.colcon_core.environment:checking '/home/sunrise/xgo_demo/install/xgo_head/lib'
[11.276s] Level 1:colcon.colcon_core.environment:checking '/home/sunrise/xgo_demo/install/xgo_head/bin'
[11.277s] Level 1:colcon.colcon_core.environment:checking '/home/sunrise/xgo_demo/install/xgo_head/lib/pkgconfig/xgo_head.pc'
[11.278s] Level 1:colcon.colcon_core.environment:checking '/home/sunrise/xgo_demo/install/xgo_head/lib/python3.10/site-packages'
[11.280s] Level 1:colcon.colcon_core.environment:checking '/home/sunrise/xgo_demo/install/xgo_head/bin'
[11.282s] INFO:colcon.colcon_core.shell:Creating package script '/home/sunrise/xgo_demo/install/xgo_head/share/xgo_head/package.ps1'
[11.286s] INFO:colcon.colcon_core.shell:Creating package descriptor '/home/sunrise/xgo_demo/install/xgo_head/share/xgo_head/package.dsv'
[11.289s] INFO:colcon.colcon_core.shell:Creating package script '/home/sunrise/xgo_demo/install/xgo_head/share/xgo_head/package.sh'
[11.292s] INFO:colcon.colcon_core.shell:Creating package script '/home/sunrise/xgo_demo/install/xgo_head/share/xgo_head/package.bash'
[11.295s] INFO:colcon.colcon_core.shell:Creating package script '/home/sunrise/xgo_demo/install/xgo_head/share/xgo_head/package.zsh'
[11.297s] Level 1:colcon.colcon_core.environment:create_file_with_runtime_dependencies(/home/sunrise/xgo_demo/install/xgo_head/share/colcon-core/packages/xgo_head)
[11.301s] Level 1:colcon.colcon_core.environment:create_environment_scripts_only(xgo_head)
[11.303s] Level 1:colcon.colcon_core.environment:checking '/home/sunrise/xgo_demo/install/xgo_head' for CMake module files
[11.306s] Level 1:colcon.colcon_core.environment:checking '/home/sunrise/xgo_demo/install/xgo_head' for CMake config files
[11.307s] Level 1:colcon.colcon_core.shell:create_environment_hook('xgo_head', 'cmake_prefix_path')
[11.308s] INFO:colcon.colcon_core.shell:Creating environment hook '/home/sunrise/xgo_demo/install/xgo_head/share/xgo_head/hook/cmake_prefix_path.ps1'
[11.311s] INFO:colcon.colcon_core.shell:Creating environment descriptor '/home/sunrise/xgo_demo/install/xgo_head/share/xgo_head/hook/cmake_prefix_path.dsv'
[11.314s] INFO:colcon.colcon_core.shell:Creating environment hook '/home/sunrise/xgo_demo/install/xgo_head/share/xgo_head/hook/cmake_prefix_path.sh'
[11.318s] Level 1:colcon.colcon_core.environment:checking '/home/sunrise/xgo_demo/install/xgo_head/lib'
[11.319s] Level 1:colcon.colcon_core.environment:checking '/home/sunrise/xgo_demo/install/xgo_head/bin'
[11.320s] Level 1:colcon.colcon_core.environment:checking '/home/sunrise/xgo_demo/install/xgo_head/lib/pkgconfig/xgo_head.pc'
[11.321s] Level 1:colcon.colcon_core.environment:checking '/home/sunrise/xgo_demo/install/xgo_head/lib/python3.10/site-packages'
[11.323s] Level 1:colcon.colcon_core.environment:checking '/home/sunrise/xgo_demo/install/xgo_head/bin'
[11.326s] INFO:colcon.colcon_core.shell:Creating package script '/home/sunrise/xgo_demo/install/xgo_head/share/xgo_head/package.ps1'
[11.329s] INFO:colcon.colcon_core.shell:Creating package descriptor '/home/sunrise/xgo_demo/install/xgo_head/share/xgo_head/package.dsv'
[11.332s] INFO:colcon.colcon_core.shell:Creating package script '/home/sunrise/xgo_demo/install/xgo_head/share/xgo_head/package.sh'
[11.335s] INFO:colcon.colcon_core.shell:Creating package script '/home/sunrise/xgo_demo/install/xgo_head/share/xgo_head/package.bash'
[11.338s] INFO:colcon.colcon_core.shell:Creating package script '/home/sunrise/xgo_demo/install/xgo_head/share/xgo_head/package.zsh'
[11.341s] Level 1:colcon.colcon_core.environment:create_file_with_runtime_dependencies(/home/sunrise/xgo_demo/install/xgo_head/share/colcon-core/packages/xgo_head)
[11.358s] DEBUG:colcon.colcon_core.event_handler.log_command:Invoking command in '/home/sunrise/xgo_demo/src/xgo_body_py': PYTHONPATH=/home/sunrise/xgo_demo/build/xgo_body_py/prefix_override:/usr/lib/python3/dist-packages/colcon_core/task/python/colcon_distutils_commands:/home/sunrise/xgo_demo/install/xgo_body_py/lib/python3.10/site-packages:${PYTHONPATH} /usr/bin/python3 -W ignore:setup.py install is deprecated -W ignore:easy_install command is deprecated setup.py egg_info --egg-base ../../build/xgo_body_py build --build-base /home/sunrise/xgo_demo/build/xgo_body_py/build install --record /home/sunrise/xgo_demo/build/xgo_body_py/install.log --single-version-externally-managed install_data
[11.375s] DEBUG:colcon.colcon_core.event_handler.log_command:Invoking command in '/home/sunrise/xgo_demo/src/xgo_device': PYTHONPATH=/home/sunrise/xgo_demo/build/xgo_device/prefix_override:/usr/lib/python3/dist-packages/colcon_core/task/python/colcon_distutils_commands:/home/sunrise/xgo_demo/install/xgo_device/lib/python3.10/site-packages:${PYTHONPATH} /usr/bin/python3 -W ignore:setup.py install is deprecated -W ignore:easy_install command is deprecated setup.py egg_info --egg-base ../../build/xgo_device build --build-base /home/sunrise/xgo_demo/build/xgo_device/build install --record /home/sunrise/xgo_demo/build/xgo_device/install.log --single-version-externally-managed
[13.870s] Level 1:colcon.colcon_core.environment:checking '/home/sunrise/xgo_demo/install/xgo_body_py' for CMake module files
[13.872s] DEBUG:colcon.colcon_core.event_handler.log_command:Invoked command in '/home/sunrise/xgo_demo/src/xgo_body_py' returned '0': PYTHONPATH=/home/sunrise/xgo_demo/build/xgo_body_py/prefix_override:/usr/lib/python3/dist-packages/colcon_core/task/python/colcon_distutils_commands:/home/sunrise/xgo_demo/install/xgo_body_py/lib/python3.10/site-packages:${PYTHONPATH} /usr/bin/python3 -W ignore:setup.py install is deprecated -W ignore:easy_install command is deprecated setup.py egg_info --egg-base ../../build/xgo_body_py build --build-base /home/sunrise/xgo_demo/build/xgo_body_py/build install --record /home/sunrise/xgo_demo/build/xgo_body_py/install.log --single-version-externally-managed install_data
[13.875s] Level 1:colcon.colcon_core.environment:checking '/home/sunrise/xgo_demo/install/xgo_body_py' for CMake config files
[13.879s] Level 1:colcon.colcon_core.environment:checking '/home/sunrise/xgo_demo/install/xgo_body_py/lib'
[13.881s] Level 1:colcon.colcon_core.environment:checking '/home/sunrise/xgo_demo/install/xgo_body_py/bin'
[13.882s] Level 1:colcon.colcon_core.environment:checking '/home/sunrise/xgo_demo/install/xgo_body_py/lib/pkgconfig/xgo_body_py.pc'
[13.884s] Level 1:colcon.colcon_core.environment:checking '/home/sunrise/xgo_demo/install/xgo_body_py/lib/python3.10/site-packages'
[13.885s] Level 1:colcon.colcon_core.shell:create_environment_hook('xgo_body_py', 'pythonpath')
[13.887s] INFO:colcon.colcon_core.shell:Creating environment hook '/home/sunrise/xgo_demo/install/xgo_body_py/share/xgo_body_py/hook/pythonpath.ps1'
[13.891s] INFO:colcon.colcon_core.shell:Creating environment descriptor '/home/sunrise/xgo_demo/install/xgo_body_py/share/xgo_body_py/hook/pythonpath.dsv'
[13.896s] INFO:colcon.colcon_core.shell:Creating environment hook '/home/sunrise/xgo_demo/install/xgo_body_py/share/xgo_body_py/hook/pythonpath.sh'
[13.902s] Level 1:colcon.colcon_core.environment:checking '/home/sunrise/xgo_demo/install/xgo_body_py/bin'
[13.903s] Level 1:colcon.colcon_core.environment:create_environment_scripts_only(xgo_body_py)
[13.906s] INFO:colcon.colcon_core.shell:Creating package script '/home/sunrise/xgo_demo/install/xgo_body_py/share/xgo_body_py/package.ps1'
[13.910s] INFO:colcon.colcon_core.shell:Creating package descriptor '/home/sunrise/xgo_demo/install/xgo_body_py/share/xgo_body_py/package.dsv'
[13.916s] INFO:colcon.colcon_core.shell:Creating package script '/home/sunrise/xgo_demo/install/xgo_body_py/share/xgo_body_py/package.sh'
[13.921s] INFO:colcon.colcon_core.shell:Creating package script '/home/sunrise/xgo_demo/install/xgo_body_py/share/xgo_body_py/package.bash'
[13.925s] INFO:colcon.colcon_core.shell:Creating package script '/home/sunrise/xgo_demo/install/xgo_body_py/share/xgo_body_py/package.zsh'
[13.929s] Level 1:colcon.colcon_core.environment:create_file_with_runtime_dependencies(/home/sunrise/xgo_demo/install/xgo_body_py/share/colcon-core/packages/xgo_body_py)
[13.942s] Level 1:colcon.colcon_core.environment:checking '/home/sunrise/xgo_demo/install/xgo_device' for CMake module files
[13.947s] DEBUG:colcon.colcon_core.event_handler.log_command:Invoked command in '/home/sunrise/xgo_demo/src/xgo_device' returned '0': PYTHONPATH=/home/sunrise/xgo_demo/build/xgo_device/prefix_override:/usr/lib/python3/dist-packages/colcon_core/task/python/colcon_distutils_commands:/home/sunrise/xgo_demo/install/xgo_device/lib/python3.10/site-packages:${PYTHONPATH} /usr/bin/python3 -W ignore:setup.py install is deprecated -W ignore:easy_install command is deprecated setup.py egg_info --egg-base ../../build/xgo_device build --build-base /home/sunrise/xgo_demo/build/xgo_device/build install --record /home/sunrise/xgo_demo/build/xgo_device/install.log --single-version-externally-managed
[13.948s] Level 1:colcon.colcon_core.environment:checking '/home/sunrise/xgo_demo/install/xgo_device' for CMake config files
[13.952s] Level 1:colcon.colcon_core.environment:checking '/home/sunrise/xgo_demo/install/xgo_device/lib'
[13.953s] Level 1:colcon.colcon_core.environment:checking '/home/sunrise/xgo_demo/install/xgo_device/bin'
[13.954s] Level 1:colcon.colcon_core.environment:checking '/home/sunrise/xgo_demo/install/xgo_device/lib/pkgconfig/xgo_device.pc'
[13.956s] Level 1:colcon.colcon_core.environment:checking '/home/sunrise/xgo_demo/install/xgo_device/lib/python3.10/site-packages'
[13.957s] Level 1:colcon.colcon_core.shell:create_environment_hook('xgo_device', 'pythonpath')
[13.959s] INFO:colcon.colcon_core.shell:Creating environment hook '/home/sunrise/xgo_demo/install/xgo_device/share/xgo_device/hook/pythonpath.ps1'
[13.963s] INFO:colcon.colcon_core.shell:Creating environment descriptor '/home/sunrise/xgo_demo/install/xgo_device/share/xgo_device/hook/pythonpath.dsv'
[13.966s] INFO:colcon.colcon_core.shell:Creating environment hook '/home/sunrise/xgo_demo/install/xgo_device/share/xgo_device/hook/pythonpath.sh'
[13.971s] Level 1:colcon.colcon_core.environment:checking '/home/sunrise/xgo_demo/install/xgo_device/bin'
[13.972s] Level 1:colcon.colcon_core.environment:create_environment_scripts_only(xgo_device)
[13.974s] INFO:colcon.colcon_core.shell:Creating package script '/home/sunrise/xgo_demo/install/xgo_device/share/xgo_device/package.ps1'
[13.979s] INFO:colcon.colcon_core.shell:Creating package descriptor '/home/sunrise/xgo_demo/install/xgo_device/share/xgo_device/package.dsv'
[13.983s] INFO:colcon.colcon_core.shell:Creating package script '/home/sunrise/xgo_demo/install/xgo_device/share/xgo_device/package.sh'
[13.987s] INFO:colcon.colcon_core.shell:Creating package script '/home/sunrise/xgo_demo/install/xgo_device/share/xgo_device/package.bash'
[13.989s] INFO:colcon.colcon_core.shell:Creating package script '/home/sunrise/xgo_demo/install/xgo_device/share/xgo_device/package.zsh'
[13.992s] Level 1:colcon.colcon_core.environment:create_file_with_runtime_dependencies(/home/sunrise/xgo_demo/install/xgo_device/share/colcon-core/packages/xgo_device)
[14.303s] DEBUG:colcon.colcon_core.event_handler.log_command:Invoking command in '/home/sunrise/xgo_demo/src/xgo_motion': PYTHONPATH=/home/sunrise/xgo_demo/build/xgo_motion/prefix_override:/usr/lib/python3/dist-packages/colcon_core/task/python/colcon_distutils_commands:/home/sunrise/xgo_demo/install/xgo_motion/lib/python3.10/site-packages:${PYTHONPATH} /usr/bin/python3 -W ignore:setup.py install is deprecated -W ignore:easy_install command is deprecated setup.py egg_info --egg-base ../../build/xgo_motion build --build-base /home/sunrise/xgo_demo/build/xgo_motion/build install --record /home/sunrise/xgo_demo/build/xgo_motion/install.log --single-version-externally-managed install_data
[17.499s] Level 1:colcon.colcon_core.environment:checking '/home/sunrise/xgo_demo/install/xgo_motion' for CMake module files
[17.504s] DEBUG:colcon.colcon_core.event_handler.log_command:Invoked command in '/home/sunrise/xgo_demo/src/xgo_motion' returned '0': PYTHONPATH=/home/sunrise/xgo_demo/build/xgo_motion/prefix_override:/usr/lib/python3/dist-packages/colcon_core/task/python/colcon_distutils_commands:/home/sunrise/xgo_demo/install/xgo_motion/lib/python3.10/site-packages:${PYTHONPATH} /usr/bin/python3 -W ignore:setup.py install is deprecated -W ignore:easy_install command is deprecated setup.py egg_info --egg-base ../../build/xgo_motion build --build-base /home/sunrise/xgo_demo/build/xgo_motion/build install --record /home/sunrise/xgo_demo/build/xgo_motion/install.log --single-version-externally-managed install_data
[17.506s] Level 1:colcon.colcon_core.environment:checking '/home/sunrise/xgo_demo/install/xgo_motion' for CMake config files
[17.514s] Level 1:colcon.colcon_core.environment:checking '/home/sunrise/xgo_demo/install/xgo_motion/lib'
[17.515s] Level 1:colcon.colcon_core.environment:checking '/home/sunrise/xgo_demo/install/xgo_motion/bin'
[17.515s] Level 1:colcon.colcon_core.environment:checking '/home/sunrise/xgo_demo/install/xgo_motion/lib/pkgconfig/xgo_motion.pc'
[17.517s] Level 1:colcon.colcon_core.environment:checking '/home/sunrise/xgo_demo/install/xgo_motion/lib/python3.10/site-packages'
[17.517s] Level 1:colcon.colcon_core.shell:create_environment_hook('xgo_motion', 'pythonpath')
[17.519s] INFO:colcon.colcon_core.shell:Creating environment hook '/home/sunrise/xgo_demo/install/xgo_motion/share/xgo_motion/hook/pythonpath.ps1'
[17.522s] INFO:colcon.colcon_core.shell:Creating environment descriptor '/home/sunrise/xgo_demo/install/xgo_motion/share/xgo_motion/hook/pythonpath.dsv'
[17.524s] INFO:colcon.colcon_core.shell:Creating environment hook '/home/sunrise/xgo_demo/install/xgo_motion/share/xgo_motion/hook/pythonpath.sh'
[17.528s] Level 1:colcon.colcon_core.environment:checking '/home/sunrise/xgo_demo/install/xgo_motion/bin'
[17.529s] Level 1:colcon.colcon_core.environment:create_environment_scripts_only(xgo_motion)
[17.531s] INFO:colcon.colcon_core.shell:Creating package script '/home/sunrise/xgo_demo/install/xgo_motion/share/xgo_motion/package.ps1'
[17.534s] INFO:colcon.colcon_core.shell:Creating package descriptor '/home/sunrise/xgo_demo/install/xgo_motion/share/xgo_motion/package.dsv'
[17.537s] INFO:colcon.colcon_core.shell:Creating package script '/home/sunrise/xgo_demo/install/xgo_motion/share/xgo_motion/package.sh'
[17.540s] INFO:colcon.colcon_core.shell:Creating package script '/home/sunrise/xgo_demo/install/xgo_motion/share/xgo_motion/package.bash'
[17.542s] INFO:colcon.colcon_core.shell:Creating package script '/home/sunrise/xgo_demo/install/xgo_motion/share/xgo_motion/package.zsh'
[17.545s] Level 1:colcon.colcon_core.environment:create_file_with_runtime_dependencies(/home/sunrise/xgo_demo/install/xgo_motion/share/colcon-core/packages/xgo_motion)
[17.546s] DEBUG:colcon.colcon_parallel_executor.executor.parallel:closing loop
[17.548s] DEBUG:colcon.colcon_parallel_executor.executor.parallel:loop closed
[17.549s] DEBUG:colcon.colcon_parallel_executor.executor.parallel:run_until_complete finished with '0'
[17.549s] DEBUG:colcon.colcon_core.event_reactor:joining thread
[17.578s] INFO:colcon.colcon_core.plugin_system:Skipping extension 'colcon_notification.desktop_notification.notify_send': Could not find 'notify-send'
[17.579s] INFO:colcon.colcon_core.plugin_system:Skipping extension 'colcon_notification.desktop_notification.terminal_notifier': Not used on non-Darwin systems
[17.579s] INFO:colcon.colcon_core.plugin_system:Skipping extension 'colcon_notification.desktop_notification.win32': Not used on non-Windows systems
[17.580s] INFO:colcon.colcon_notification.desktop_notification:Sending desktop notification using 'notify2'
[17.604s] DEBUG:colcon.colcon_core.event_reactor:joined thread
[17.606s] INFO:colcon.colcon_core.shell:Creating prefix script '/home/sunrise/xgo_demo/install/local_setup.ps1'
[17.615s] INFO:colcon.colcon_core.shell:Creating prefix util module '/home/sunrise/xgo_demo/install/_local_setup_util_ps1.py'
[17.627s] INFO:colcon.colcon_core.shell:Creating prefix chain script '/home/sunrise/xgo_demo/install/setup.ps1'
[17.634s] INFO:colcon.colcon_core.shell:Creating prefix script '/home/sunrise/xgo_demo/install/local_setup.sh'
[17.638s] INFO:colcon.colcon_core.shell:Creating prefix util module '/home/sunrise/xgo_demo/install/_local_setup_util_sh.py'
[17.642s] INFO:colcon.colcon_core.shell:Creating prefix chain script '/home/sunrise/xgo_demo/install/setup.sh'
[17.650s] INFO:colcon.colcon_core.shell:Creating prefix script '/home/sunrise/xgo_demo/install/local_setup.bash'
[17.653s] INFO:colcon.colcon_core.shell:Creating prefix chain script '/home/sunrise/xgo_demo/install/setup.bash'
[17.661s] INFO:colcon.colcon_core.shell:Creating prefix script '/home/sunrise/xgo_demo/install/local_setup.zsh'
[17.665s] INFO:colcon.colcon_core.shell:Creating prefix chain script '/home/sunrise/xgo_demo/install/setup.zsh'
