[2.821s] Invoking command in '/home/sunrise/xgo_demo/build/xgo_head': CMAKE_PREFIX_PATH=${CMAKE_PREFIX_PATH}:/home/sunrise/xgo_demo/install/xgo_body_py:/opt/tros/humble:/opt/ros/humble /usr/bin/cmake --build /home/sunrise/xgo_demo/build/xgo_head -- -j4 -l4
[3.297s] [35m[1mConsolidate compiler generated dependencies of target xgo_head[0m
[3.775s] [  2%] [32mBuilding CXX object CMakeFiles/xgo_head.dir/src/rclcomm.cpp.o[0m
[174.470s] [  5%] [32m[1mLinking CXX executable xgo_head[0m
[200.039s] [100%] Built target xgo_head
[200.099s] Invoked command in '/home/sunrise/xgo_demo/build/xgo_head' returned '0': CMAKE_PREFIX_PATH=${CMAKE_PREFIX_PATH}:/home/sunrise/xgo_demo/install/xgo_body_py:/opt/tros/humble:/opt/ros/humble /usr/bin/cmake --build /home/sunrise/xgo_demo/build/xgo_head -- -j4 -l4
[200.117s] Invoking command in '/home/sunrise/xgo_demo/build/xgo_head': CMAKE_PREFIX_PATH=${CMAKE_PREFIX_PATH}:/home/sunrise/xgo_demo/install/xgo_body_py:/opt/tros/humble:/opt/ros/humble /usr/bin/cmake --install /home/sunrise/xgo_demo/build/xgo_head
[200.151s] -- Install configuration: ""
[200.159s] -- Installing: /home/sunrise/xgo_demo/install/xgo_head/lib/xgo_head/xgo_head
[200.226s] -- Set runtime path of "/home/sunrise/xgo_demo/install/xgo_head/lib/xgo_head/xgo_head" to ""
[200.230s] -- Up-to-date: /home/sunrise/xgo_demo/install/xgo_head/share/ament_index/resource_index/package_run_dependencies/xgo_head
[200.231s] -- Up-to-date: /home/sunrise/xgo_demo/install/xgo_head/share/ament_index/resource_index/parent_prefix_path/xgo_head
[200.239s] -- Up-to-date: /home/sunrise/xgo_demo/install/xgo_head/share/xgo_head/environment/ament_prefix_path.sh
[200.244s] -- Up-to-date: /home/sunrise/xgo_demo/install/xgo_head/share/xgo_head/environment/ament_prefix_path.dsv
[200.246s] -- Up-to-date: /home/sunrise/xgo_demo/install/xgo_head/share/xgo_head/environment/path.sh
[200.248s] -- Up-to-date: /home/sunrise/xgo_demo/install/xgo_head/share/xgo_head/environment/path.dsv
[200.249s] -- Up-to-date: /home/sunrise/xgo_demo/install/xgo_head/share/xgo_head/local_setup.bash
[200.252s] -- Up-to-date: /home/sunrise/xgo_demo/install/xgo_head/share/xgo_head/local_setup.sh
[200.255s] -- Up-to-date: /home/sunrise/xgo_demo/install/xgo_head/share/xgo_head/local_setup.zsh
[200.256s] -- Up-to-date: /home/sunrise/xgo_demo/install/xgo_head/share/xgo_head/local_setup.dsv
[200.257s] -- Installing: /home/sunrise/xgo_demo/install/xgo_head/share/xgo_head/package.dsv
[200.266s] -- Up-to-date: /home/sunrise/xgo_demo/install/xgo_head/share/ament_index/resource_index/packages/xgo_head
[200.269s] -- Up-to-date: /home/sunrise/xgo_demo/install/xgo_head/share/xgo_head/cmake/xgo_headConfig.cmake
[200.276s] -- Up-to-date: /home/sunrise/xgo_demo/install/xgo_head/share/xgo_head/cmake/xgo_headConfig-version.cmake
[200.280s] -- Up-to-date: /home/sunrise/xgo_demo/install/xgo_head/share/xgo_head/package.xml
[200.282s] Invoked command in '/home/sunrise/xgo_demo/build/xgo_head' returned '0': CMAKE_PREFIX_PATH=${CMAKE_PREFIX_PATH}:/home/sunrise/xgo_demo/install/xgo_body_py:/opt/tros/humble:/opt/ros/humble /usr/bin/cmake --install /home/sunrise/xgo_demo/build/xgo_head
