[0.789s] DEBUG:colcon:Command line arguments: ['/usr/bin/colcon', 'build']
[0.789s] DEBUG:colcon:Parsed command line arguments: Namespace(log_base=None, log_level=None, verb_name='build', build_base='build', install_base='install', merge_install=False, symlink_install=False, test_result_base=None, continue_on_error=False, executor='parallel', parallel_workers=4, event_handlers=None, ignore_user_meta=False, metas=['./colcon.meta'], base_paths=['.'], packages_ignore=None, packages_ignore_regex=None, paths=None, packages_up_to=None, packages_up_to_regex=None, packages_above=None, packages_above_and_dependencies=None, packages_above_depth=None, packages_select_by_dep=None, packages_skip_by_dep=None, packages_skip_up_to=None, packages_select_build_failed=False, packages_skip_build_finished=False, packages_select_test_failures=False, packages_skip_test_passed=False, packages_select=None, packages_skip=None, packages_select_regex=None, packages_skip_regex=None, packages_start=None, packages_end=None, allow_overriding=[], cmake_args=None, cmake_target=None, cmake_target_skip_unavailable=False, cmake_clean_cache=False, cmake_clean_first=False, cmake_force_configure=False, ament_cmake_args=None, catkin_cmake_args=None, catkin_skip_building_tests=False, verb_parser=<colcon_defaults.argument_parser.defaults.DefaultArgumentsDecorator object at 0x7fb6563310>, verb_extension=<colcon_core.verb.build.BuildVerb object at 0x7fb6562e30>, main=<bound method BuildVerb.main of <colcon_core.verb.build.BuildVerb object at 0x7fb6562e30>>)
[2.071s] Level 1:colcon.colcon_core.package_discovery:discover_packages(colcon_meta) check parameters
[2.071s] Level 1:colcon.colcon_core.package_discovery:discover_packages(recursive) check parameters
[2.072s] Level 1:colcon.colcon_core.package_discovery:discover_packages(ignore) check parameters
[2.072s] Level 1:colcon.colcon_core.package_discovery:discover_packages(path) check parameters
[2.072s] Level 1:colcon.colcon_core.package_discovery:discover_packages(colcon_meta) discover
[2.072s] Level 1:colcon.colcon_core.package_discovery:discover_packages(recursive) discover
[2.073s] INFO:colcon.colcon_core.package_discovery:Crawling recursively for packages in '/home/sunrise/xgo_demo'
[2.073s] Level 1:colcon.colcon_core.package_identification:_identify(.) by extensions ['ignore', 'ignore_ament_install']
[2.074s] Level 1:colcon.colcon_core.package_identification:_identify(.) by extension 'ignore'
[2.074s] Level 1:colcon.colcon_core.package_identification:_identify(.) by extension 'ignore_ament_install'
[2.075s] Level 1:colcon.colcon_core.package_identification:_identify(.) by extensions ['colcon_pkg']
[2.075s] Level 1:colcon.colcon_core.package_identification:_identify(.) by extension 'colcon_pkg'
[2.075s] Level 1:colcon.colcon_core.package_identification:_identify(.) by extensions ['colcon_meta']
[2.076s] Level 1:colcon.colcon_core.package_identification:_identify(.) by extension 'colcon_meta'
[2.076s] Level 1:colcon.colcon_core.package_identification:_identify(.) by extensions ['ros']
[2.076s] Level 1:colcon.colcon_core.package_identification:_identify(.) by extension 'ros'
[2.155s] Level 1:colcon.colcon_core.package_identification:_identify(.) by extensions ['cmake', 'python']
[2.155s] Level 1:colcon.colcon_core.package_identification:_identify(.) by extension 'cmake'
[2.156s] Level 1:colcon.colcon_core.package_identification:_identify(.) by extension 'python'
[2.156s] Level 1:colcon.colcon_core.package_identification:_identify(.) by extensions ['python_setup_py']
[2.156s] Level 1:colcon.colcon_core.package_identification:_identify(.) by extension 'python_setup_py'
[2.157s] Level 1:colcon.colcon_core.package_identification:_identify(build) by extensions ['ignore', 'ignore_ament_install']
[2.157s] Level 1:colcon.colcon_core.package_identification:_identify(build) by extension 'ignore'
[2.158s] Level 1:colcon.colcon_core.package_identification:_identify(build) ignored
[2.159s] Level 1:colcon.colcon_core.package_identification:_identify(config) by extensions ['ignore', 'ignore_ament_install']
[2.159s] Level 1:colcon.colcon_core.package_identification:_identify(config) by extension 'ignore'
[2.160s] Level 1:colcon.colcon_core.package_identification:_identify(config) by extension 'ignore_ament_install'
[2.160s] Level 1:colcon.colcon_core.package_identification:_identify(config) by extensions ['colcon_pkg']
[2.161s] Level 1:colcon.colcon_core.package_identification:_identify(config) by extension 'colcon_pkg'
[2.161s] Level 1:colcon.colcon_core.package_identification:_identify(config) by extensions ['colcon_meta']
[2.161s] Level 1:colcon.colcon_core.package_identification:_identify(config) by extension 'colcon_meta'
[2.162s] Level 1:colcon.colcon_core.package_identification:_identify(config) by extensions ['ros']
[2.163s] Level 1:colcon.colcon_core.package_identification:_identify(config) by extension 'ros'
[2.163s] Level 1:colcon.colcon_core.package_identification:_identify(config) by extensions ['cmake', 'python']
[2.164s] Level 1:colcon.colcon_core.package_identification:_identify(config) by extension 'cmake'
[2.165s] Level 1:colcon.colcon_core.package_identification:_identify(config) by extension 'python'
[2.165s] Level 1:colcon.colcon_core.package_identification:_identify(config) by extensions ['python_setup_py']
[2.165s] Level 1:colcon.colcon_core.package_identification:_identify(config) by extension 'python_setup_py'
[2.166s] Level 1:colcon.colcon_core.package_identification:_identify(config/efficient_det) by extensions ['ignore', 'ignore_ament_install']
[2.167s] Level 1:colcon.colcon_core.package_identification:_identify(config/efficient_det) by extension 'ignore'
[2.167s] Level 1:colcon.colcon_core.package_identification:_identify(config/efficient_det) by extension 'ignore_ament_install'
[2.168s] Level 1:colcon.colcon_core.package_identification:_identify(config/efficient_det) by extensions ['colcon_pkg']
[2.168s] Level 1:colcon.colcon_core.package_identification:_identify(config/efficient_det) by extension 'colcon_pkg'
[2.168s] Level 1:colcon.colcon_core.package_identification:_identify(config/efficient_det) by extensions ['colcon_meta']
[2.168s] Level 1:colcon.colcon_core.package_identification:_identify(config/efficient_det) by extension 'colcon_meta'
[2.169s] Level 1:colcon.colcon_core.package_identification:_identify(config/efficient_det) by extensions ['ros']
[2.169s] Level 1:colcon.colcon_core.package_identification:_identify(config/efficient_det) by extension 'ros'
[2.170s] Level 1:colcon.colcon_core.package_identification:_identify(config/efficient_det) by extensions ['cmake', 'python']
[2.170s] Level 1:colcon.colcon_core.package_identification:_identify(config/efficient_det) by extension 'cmake'
[2.170s] Level 1:colcon.colcon_core.package_identification:_identify(config/efficient_det) by extension 'python'
[2.171s] Level 1:colcon.colcon_core.package_identification:_identify(config/efficient_det) by extensions ['python_setup_py']
[2.171s] Level 1:colcon.colcon_core.package_identification:_identify(config/efficient_det) by extension 'python_setup_py'
[2.172s] Level 1:colcon.colcon_core.package_identification:_identify(install) by extensions ['ignore', 'ignore_ament_install']
[2.172s] Level 1:colcon.colcon_core.package_identification:_identify(install) by extension 'ignore'
[2.173s] Level 1:colcon.colcon_core.package_identification:_identify(install) ignored
[2.173s] Level 1:colcon.colcon_core.package_identification:_identify(log) by extensions ['ignore', 'ignore_ament_install']
[2.174s] Level 1:colcon.colcon_core.package_identification:_identify(log) by extension 'ignore'
[2.174s] Level 1:colcon.colcon_core.package_identification:_identify(log) ignored
[2.175s] Level 1:colcon.colcon_core.package_identification:_identify(src) by extensions ['ignore', 'ignore_ament_install']
[2.175s] Level 1:colcon.colcon_core.package_identification:_identify(src) by extension 'ignore'
[2.176s] Level 1:colcon.colcon_core.package_identification:_identify(src) by extension 'ignore_ament_install'
[2.176s] Level 1:colcon.colcon_core.package_identification:_identify(src) by extensions ['colcon_pkg']
[2.176s] Level 1:colcon.colcon_core.package_identification:_identify(src) by extension 'colcon_pkg'
[2.177s] Level 1:colcon.colcon_core.package_identification:_identify(src) by extensions ['colcon_meta']
[2.177s] Level 1:colcon.colcon_core.package_identification:_identify(src) by extension 'colcon_meta'
[2.177s] Level 1:colcon.colcon_core.package_identification:_identify(src) by extensions ['ros']
[2.178s] Level 1:colcon.colcon_core.package_identification:_identify(src) by extension 'ros'
[2.178s] Level 1:colcon.colcon_core.package_identification:_identify(src) by extensions ['cmake', 'python']
[2.179s] Level 1:colcon.colcon_core.package_identification:_identify(src) by extension 'cmake'
[2.179s] Level 1:colcon.colcon_core.package_identification:_identify(src) by extension 'python'
[2.179s] Level 1:colcon.colcon_core.package_identification:_identify(src) by extensions ['python_setup_py']
[2.180s] Level 1:colcon.colcon_core.package_identification:_identify(src) by extension 'python_setup_py'
[2.180s] Level 1:colcon.colcon_core.package_identification:_identify(src/xgo_body) by extensions ['ignore', 'ignore_ament_install']
[2.181s] Level 1:colcon.colcon_core.package_identification:_identify(src/xgo_body) by extension 'ignore'
[2.181s] Level 1:colcon.colcon_core.package_identification:_identify(src/xgo_body) by extension 'ignore_ament_install'
[2.182s] Level 1:colcon.colcon_core.package_identification:_identify(src/xgo_body) by extensions ['colcon_pkg']
[2.182s] Level 1:colcon.colcon_core.package_identification:_identify(src/xgo_body) by extension 'colcon_pkg'
[2.182s] Level 1:colcon.colcon_core.package_identification:_identify(src/xgo_body) by extensions ['colcon_meta']
[2.183s] Level 1:colcon.colcon_core.package_identification:_identify(src/xgo_body) by extension 'colcon_meta'
[2.183s] Level 1:colcon.colcon_core.package_identification:_identify(src/xgo_body) by extensions ['ros']
[2.183s] Level 1:colcon.colcon_core.package_identification:_identify(src/xgo_body) by extension 'ros'
[2.201s] DEBUG:colcon.colcon_core.package_identification:Package 'src/xgo_body' with type 'ros.ament_cmake' and name 'xgo_body'
[2.202s] Level 1:colcon.colcon_core.package_identification:_identify(src/xgo_body_py) by extensions ['ignore', 'ignore_ament_install']
[2.202s] Level 1:colcon.colcon_core.package_identification:_identify(src/xgo_body_py) by extension 'ignore'
[2.203s] Level 1:colcon.colcon_core.package_identification:_identify(src/xgo_body_py) by extension 'ignore_ament_install'
[2.203s] Level 1:colcon.colcon_core.package_identification:_identify(src/xgo_body_py) by extensions ['colcon_pkg']
[2.204s] Level 1:colcon.colcon_core.package_identification:_identify(src/xgo_body_py) by extension 'colcon_pkg'
[2.204s] Level 1:colcon.colcon_core.package_identification:_identify(src/xgo_body_py) by extensions ['colcon_meta']
[2.204s] Level 1:colcon.colcon_core.package_identification:_identify(src/xgo_body_py) by extension 'colcon_meta'
[2.205s] Level 1:colcon.colcon_core.package_identification:_identify(src/xgo_body_py) by extensions ['ros']
[2.205s] Level 1:colcon.colcon_core.package_identification:_identify(src/xgo_body_py) by extension 'ros'
[2.220s] DEBUG:colcon.colcon_core.package_identification:Package 'src/xgo_body_py' with type 'ros.ament_python' and name 'xgo_body_py'
[2.221s] Level 1:colcon.colcon_core.package_identification:_identify(src/xgo_head) by extensions ['ignore', 'ignore_ament_install']
[2.221s] Level 1:colcon.colcon_core.package_identification:_identify(src/xgo_head) by extension 'ignore'
[2.222s] Level 1:colcon.colcon_core.package_identification:_identify(src/xgo_head) by extension 'ignore_ament_install'
[2.222s] Level 1:colcon.colcon_core.package_identification:_identify(src/xgo_head) by extensions ['colcon_pkg']
[2.222s] Level 1:colcon.colcon_core.package_identification:_identify(src/xgo_head) by extension 'colcon_pkg'
[2.223s] Level 1:colcon.colcon_core.package_identification:_identify(src/xgo_head) by extensions ['colcon_meta']
[2.223s] Level 1:colcon.colcon_core.package_identification:_identify(src/xgo_head) by extension 'colcon_meta'
[2.223s] Level 1:colcon.colcon_core.package_identification:_identify(src/xgo_head) by extensions ['ros']
[2.224s] Level 1:colcon.colcon_core.package_identification:_identify(src/xgo_head) by extension 'ros'
[2.228s] DEBUG:colcon.colcon_core.package_identification:Package 'src/xgo_head' with type 'ros.ament_cmake' and name 'xgo_head'
[2.228s] Level 1:colcon.colcon_core.package_discovery:discover_packages(recursive) using defaults
[2.229s] Level 1:colcon.colcon_core.package_discovery:discover_packages(ignore) discover
[2.229s] Level 1:colcon.colcon_core.package_discovery:discover_packages(ignore) using defaults
[2.229s] Level 1:colcon.colcon_core.package_discovery:discover_packages(path) discover
[2.229s] Level 1:colcon.colcon_core.package_discovery:discover_packages(path) using defaults
[2.373s] Level 1:colcon.colcon_core.package_discovery:discover_packages(prefix_path) check parameters
[2.373s] Level 1:colcon.colcon_core.package_discovery:discover_packages(prefix_path) discover
[2.389s] DEBUG:colcon.colcon_installed_package_information.package_discovery:Found 3 installed packages in /home/sunrise/xgo_demo/install
[2.392s] DEBUG:colcon.colcon_installed_package_information.package_discovery:Found 49 installed packages in /opt/tros/humble
[2.400s] DEBUG:colcon.colcon_installed_package_information.package_discovery:Found 183 installed packages in /opt/ros/humble
[2.409s] Level 1:colcon.colcon_core.package_discovery:discover_packages(prefix_path) using defaults
[2.839s] Level 5:colcon.colcon_core.verb:set package 'xgo_body' build argument 'cmake_args' from command line to 'None'
[2.839s] Level 5:colcon.colcon_core.verb:set package 'xgo_body' build argument 'cmake_target' from command line to 'None'
[2.839s] Level 5:colcon.colcon_core.verb:set package 'xgo_body' build argument 'cmake_target_skip_unavailable' from command line to 'False'
[2.840s] Level 5:colcon.colcon_core.verb:set package 'xgo_body' build argument 'cmake_clean_cache' from command line to 'False'
[2.840s] Level 5:colcon.colcon_core.verb:set package 'xgo_body' build argument 'cmake_clean_first' from command line to 'False'
[2.840s] Level 5:colcon.colcon_core.verb:set package 'xgo_body' build argument 'cmake_force_configure' from command line to 'False'
[2.840s] Level 5:colcon.colcon_core.verb:set package 'xgo_body' build argument 'ament_cmake_args' from command line to 'None'
[2.840s] Level 5:colcon.colcon_core.verb:set package 'xgo_body' build argument 'catkin_cmake_args' from command line to 'None'
[2.840s] Level 5:colcon.colcon_core.verb:set package 'xgo_body' build argument 'catkin_skip_building_tests' from command line to 'False'
[2.841s] DEBUG:colcon.colcon_core.verb:Building package 'xgo_body' with the following arguments: {'ament_cmake_args': None, 'build_base': '/home/sunrise/xgo_demo/build/xgo_body', 'catkin_cmake_args': None, 'catkin_skip_building_tests': False, 'cmake_args': None, 'cmake_clean_cache': False, 'cmake_clean_first': False, 'cmake_force_configure': False, 'cmake_target': None, 'cmake_target_skip_unavailable': False, 'install_base': '/home/sunrise/xgo_demo/install/xgo_body', 'merge_install': False, 'path': '/home/sunrise/xgo_demo/src/xgo_body', 'symlink_install': False, 'test_result_base': None}
[2.843s] Level 5:colcon.colcon_core.verb:set package 'xgo_body_py' build argument 'cmake_args' from command line to 'None'
[2.844s] Level 5:colcon.colcon_core.verb:set package 'xgo_body_py' build argument 'cmake_target' from command line to 'None'
[2.844s] Level 5:colcon.colcon_core.verb:set package 'xgo_body_py' build argument 'cmake_target_skip_unavailable' from command line to 'False'
[2.844s] Level 5:colcon.colcon_core.verb:set package 'xgo_body_py' build argument 'cmake_clean_cache' from command line to 'False'
[2.844s] Level 5:colcon.colcon_core.verb:set package 'xgo_body_py' build argument 'cmake_clean_first' from command line to 'False'
[2.844s] Level 5:colcon.colcon_core.verb:set package 'xgo_body_py' build argument 'cmake_force_configure' from command line to 'False'
[2.845s] Level 5:colcon.colcon_core.verb:set package 'xgo_body_py' build argument 'ament_cmake_args' from command line to 'None'
[2.845s] Level 5:colcon.colcon_core.verb:set package 'xgo_body_py' build argument 'catkin_cmake_args' from command line to 'None'
[2.845s] Level 5:colcon.colcon_core.verb:set package 'xgo_body_py' build argument 'catkin_skip_building_tests' from command line to 'False'
[2.845s] DEBUG:colcon.colcon_core.verb:Building package 'xgo_body_py' with the following arguments: {'ament_cmake_args': None, 'build_base': '/home/sunrise/xgo_demo/build/xgo_body_py', 'catkin_cmake_args': None, 'catkin_skip_building_tests': False, 'cmake_args': None, 'cmake_clean_cache': False, 'cmake_clean_first': False, 'cmake_force_configure': False, 'cmake_target': None, 'cmake_target_skip_unavailable': False, 'install_base': '/home/sunrise/xgo_demo/install/xgo_body_py', 'merge_install': False, 'path': '/home/sunrise/xgo_demo/src/xgo_body_py', 'symlink_install': False, 'test_result_base': None}
[2.848s] Level 5:colcon.colcon_core.verb:set package 'xgo_head' build argument 'cmake_args' from command line to 'None'
[2.848s] Level 5:colcon.colcon_core.verb:set package 'xgo_head' build argument 'cmake_target' from command line to 'None'
[2.848s] Level 5:colcon.colcon_core.verb:set package 'xgo_head' build argument 'cmake_target_skip_unavailable' from command line to 'False'
[2.849s] Level 5:colcon.colcon_core.verb:set package 'xgo_head' build argument 'cmake_clean_cache' from command line to 'False'
[2.849s] Level 5:colcon.colcon_core.verb:set package 'xgo_head' build argument 'cmake_clean_first' from command line to 'False'
[2.849s] Level 5:colcon.colcon_core.verb:set package 'xgo_head' build argument 'cmake_force_configure' from command line to 'False'
[2.849s] Level 5:colcon.colcon_core.verb:set package 'xgo_head' build argument 'ament_cmake_args' from command line to 'None'
[2.849s] Level 5:colcon.colcon_core.verb:set package 'xgo_head' build argument 'catkin_cmake_args' from command line to 'None'
[2.849s] Level 5:colcon.colcon_core.verb:set package 'xgo_head' build argument 'catkin_skip_building_tests' from command line to 'False'
[2.850s] DEBUG:colcon.colcon_core.verb:Building package 'xgo_head' with the following arguments: {'ament_cmake_args': None, 'build_base': '/home/sunrise/xgo_demo/build/xgo_head', 'catkin_cmake_args': None, 'catkin_skip_building_tests': False, 'cmake_args': None, 'cmake_clean_cache': False, 'cmake_clean_first': False, 'cmake_force_configure': False, 'cmake_target': None, 'cmake_target_skip_unavailable': False, 'install_base': '/home/sunrise/xgo_demo/install/xgo_head', 'merge_install': False, 'path': '/home/sunrise/xgo_demo/src/xgo_head', 'symlink_install': False, 'test_result_base': None}
[2.851s] INFO:colcon.colcon_core.executor:Executing jobs using 'parallel' executor
[2.856s] DEBUG:colcon.colcon_parallel_executor.executor.parallel:run_until_complete
[2.857s] INFO:colcon.colcon_ros.task.ament_cmake.build:Building ROS package in '/home/sunrise/xgo_demo/src/xgo_body' with build type 'ament_cmake'
[2.858s] INFO:colcon.colcon_cmake.task.cmake.build:Building CMake package in '/home/sunrise/xgo_demo/src/xgo_body'
[2.878s] INFO:colcon.colcon_core.plugin_system:Skipping extension 'colcon_core.shell.bat': Not used on non-Windows systems
[2.880s] INFO:colcon.colcon_core.shell:Skip shell extension 'powershell' for command environment: Not usable outside of PowerShell
[2.880s] DEBUG:colcon.colcon_core.shell:Skip shell extension 'dsv' for command environment
[2.900s] INFO:colcon.colcon_ros.task.ament_python.build:Building ROS package in '/home/sunrise/xgo_demo/src/xgo_body_py' with build type 'ament_python'
[2.901s] Level 1:colcon.colcon_core.shell:create_environment_hook('xgo_body_py', 'ament_prefix_path')
[2.903s] INFO:colcon.colcon_core.shell:Creating environment hook '/home/sunrise/xgo_demo/install/xgo_body_py/share/xgo_body_py/hook/ament_prefix_path.ps1'
[2.908s] INFO:colcon.colcon_core.shell:Creating environment descriptor '/home/sunrise/xgo_demo/install/xgo_body_py/share/xgo_body_py/hook/ament_prefix_path.dsv'
[2.911s] INFO:colcon.colcon_core.shell:Creating environment hook '/home/sunrise/xgo_demo/install/xgo_body_py/share/xgo_body_py/hook/ament_prefix_path.sh'
[2.916s] INFO:colcon.colcon_core.shell:Skip shell extension 'powershell' for command environment: Not usable outside of PowerShell
[2.917s] DEBUG:colcon.colcon_core.shell:Skip shell extension 'dsv' for command environment
[2.933s] INFO:colcon.colcon_ros.task.ament_cmake.build:Building ROS package in '/home/sunrise/xgo_demo/src/xgo_head' with build type 'ament_cmake'
[2.934s] INFO:colcon.colcon_cmake.task.cmake.build:Building CMake package in '/home/sunrise/xgo_demo/src/xgo_head'
[2.936s] INFO:colcon.colcon_core.shell:Skip shell extension 'powershell' for command environment: Not usable outside of PowerShell
[2.937s] DEBUG:colcon.colcon_core.shell:Skip shell extension 'dsv' for command environment
[2.981s] DEBUG:colcon.colcon_core.event_handler.log_command:Invoking command in '/home/sunrise/xgo_demo/build/xgo_body': CMAKE_PREFIX_PATH=${CMAKE_PREFIX_PATH}:/home/sunrise/xgo_demo/install/xgo_body_py:/opt/tros/humble:/opt/ros/humble /usr/bin/cmake --build /home/sunrise/xgo_demo/build/xgo_body -- -j4 -l4
[5.036s] INFO:colcon.colcon_core.task.python.build:Building Python package in '/home/sunrise/xgo_demo/src/xgo_body_py'
[5.038s] INFO:colcon.colcon_core.shell:Skip shell extension 'powershell' for command environment: Not usable outside of PowerShell
[5.038s] DEBUG:colcon.colcon_core.shell:Skip shell extension 'dsv' for command environment
[5.074s] DEBUG:colcon.colcon_core.event_handler.log_command:Invoking command in '/home/sunrise/xgo_demo/build/xgo_head': CMAKE_PREFIX_PATH=${CMAKE_PREFIX_PATH}:/home/sunrise/xgo_demo/install/xgo_body_py:/opt/tros/humble:/opt/ros/humble /usr/bin/cmake --build /home/sunrise/xgo_demo/build/xgo_head -- -j4 -l4
[5.659s] DEBUG:colcon.colcon_core.event_handler.log_command:Invoked command in '/home/sunrise/xgo_demo/build/xgo_body' returned '0': CMAKE_PREFIX_PATH=${CMAKE_PREFIX_PATH}:/home/sunrise/xgo_demo/install/xgo_body_py:/opt/tros/humble:/opt/ros/humble /usr/bin/cmake --build /home/sunrise/xgo_demo/build/xgo_body -- -j4 -l4
[5.696s] DEBUG:colcon.colcon_core.event_handler.log_command:Invoking command in '/home/sunrise/xgo_demo/build/xgo_body': CMAKE_PREFIX_PATH=${CMAKE_PREFIX_PATH}:/home/sunrise/xgo_demo/install/xgo_body_py:/opt/tros/humble:/opt/ros/humble /usr/bin/cmake --install /home/sunrise/xgo_demo/build/xgo_body
[6.118s] Level 1:colcon.colcon_core.environment:create_environment_scripts_only(xgo_body)
[6.159s] DEBUG:colcon.colcon_core.event_handler.log_command:Invoked command in '/home/sunrise/xgo_demo/build/xgo_body' returned '0': CMAKE_PREFIX_PATH=${CMAKE_PREFIX_PATH}:/home/sunrise/xgo_demo/install/xgo_body_py:/opt/tros/humble:/opt/ros/humble /usr/bin/cmake --install /home/sunrise/xgo_demo/build/xgo_body
[6.166s] Level 1:colcon.colcon_core.environment:checking '/home/sunrise/xgo_demo/install/xgo_body' for CMake module files
[6.170s] Level 1:colcon.colcon_core.environment:checking '/home/sunrise/xgo_demo/install/xgo_body' for CMake config files
[6.172s] Level 1:colcon.colcon_core.shell:create_environment_hook('xgo_body', 'cmake_prefix_path')
[6.175s] INFO:colcon.colcon_core.shell:Creating environment hook '/home/sunrise/xgo_demo/install/xgo_body/share/xgo_body/hook/cmake_prefix_path.ps1'
[6.179s] INFO:colcon.colcon_core.shell:Creating environment descriptor '/home/sunrise/xgo_demo/install/xgo_body/share/xgo_body/hook/cmake_prefix_path.dsv'
[6.181s] INFO:colcon.colcon_core.shell:Creating environment hook '/home/sunrise/xgo_demo/install/xgo_body/share/xgo_body/hook/cmake_prefix_path.sh'
[6.186s] Level 1:colcon.colcon_core.environment:checking '/home/sunrise/xgo_demo/install/xgo_body/lib'
[6.188s] Level 1:colcon.colcon_core.shell:create_environment_hook('xgo_body', 'ld_library_path_lib')
[6.189s] INFO:colcon.colcon_core.shell:Creating environment hook '/home/sunrise/xgo_demo/install/xgo_body/share/xgo_body/hook/ld_library_path_lib.ps1'
[6.193s] INFO:colcon.colcon_core.shell:Creating environment descriptor '/home/sunrise/xgo_demo/install/xgo_body/share/xgo_body/hook/ld_library_path_lib.dsv'
[6.196s] INFO:colcon.colcon_core.shell:Creating environment hook '/home/sunrise/xgo_demo/install/xgo_body/share/xgo_body/hook/ld_library_path_lib.sh'
[6.200s] Level 1:colcon.colcon_core.environment:checking '/home/sunrise/xgo_demo/install/xgo_body/bin'
[6.201s] Level 1:colcon.colcon_core.environment:checking '/home/sunrise/xgo_demo/install/xgo_body/lib/pkgconfig/xgo_body.pc'
[6.203s] Level 1:colcon.colcon_core.environment:checking '/home/sunrise/xgo_demo/install/xgo_body/lib/python3.10/site-packages'
[6.205s] Level 1:colcon.colcon_core.environment:checking '/home/sunrise/xgo_demo/install/xgo_body/bin'
[6.208s] INFO:colcon.colcon_core.shell:Creating package script '/home/sunrise/xgo_demo/install/xgo_body/share/xgo_body/package.ps1'
[6.215s] INFO:colcon.colcon_core.shell:Creating package descriptor '/home/sunrise/xgo_demo/install/xgo_body/share/xgo_body/package.dsv'
[6.220s] INFO:colcon.colcon_core.shell:Creating package script '/home/sunrise/xgo_demo/install/xgo_body/share/xgo_body/package.sh'
[6.226s] INFO:colcon.colcon_core.shell:Creating package script '/home/sunrise/xgo_demo/install/xgo_body/share/xgo_body/package.bash'
[6.233s] INFO:colcon.colcon_core.shell:Creating package script '/home/sunrise/xgo_demo/install/xgo_body/share/xgo_body/package.zsh'
[6.239s] Level 1:colcon.colcon_core.environment:create_file_with_runtime_dependencies(/home/sunrise/xgo_demo/install/xgo_body/share/colcon-core/packages/xgo_body)
[6.243s] Level 1:colcon.colcon_core.environment:create_environment_scripts_only(xgo_body)
[6.245s] Level 1:colcon.colcon_core.environment:checking '/home/sunrise/xgo_demo/install/xgo_body' for CMake module files
[6.250s] Level 1:colcon.colcon_core.environment:checking '/home/sunrise/xgo_demo/install/xgo_body' for CMake config files
[6.252s] Level 1:colcon.colcon_core.shell:create_environment_hook('xgo_body', 'cmake_prefix_path')
[6.254s] INFO:colcon.colcon_core.shell:Creating environment hook '/home/sunrise/xgo_demo/install/xgo_body/share/xgo_body/hook/cmake_prefix_path.ps1'
[6.257s] INFO:colcon.colcon_core.shell:Creating environment descriptor '/home/sunrise/xgo_demo/install/xgo_body/share/xgo_body/hook/cmake_prefix_path.dsv'
[6.260s] INFO:colcon.colcon_core.shell:Creating environment hook '/home/sunrise/xgo_demo/install/xgo_body/share/xgo_body/hook/cmake_prefix_path.sh'
[6.264s] Level 1:colcon.colcon_core.environment:checking '/home/sunrise/xgo_demo/install/xgo_body/lib'
[6.265s] Level 1:colcon.colcon_core.shell:create_environment_hook('xgo_body', 'ld_library_path_lib')
[6.267s] INFO:colcon.colcon_core.shell:Creating environment hook '/home/sunrise/xgo_demo/install/xgo_body/share/xgo_body/hook/ld_library_path_lib.ps1'
[6.270s] INFO:colcon.colcon_core.shell:Creating environment descriptor '/home/sunrise/xgo_demo/install/xgo_body/share/xgo_body/hook/ld_library_path_lib.dsv'
[6.272s] INFO:colcon.colcon_core.shell:Creating environment hook '/home/sunrise/xgo_demo/install/xgo_body/share/xgo_body/hook/ld_library_path_lib.sh'
[6.276s] Level 1:colcon.colcon_core.environment:checking '/home/sunrise/xgo_demo/install/xgo_body/bin'
[6.276s] Level 1:colcon.colcon_core.environment:checking '/home/sunrise/xgo_demo/install/xgo_body/lib/pkgconfig/xgo_body.pc'
[6.278s] Level 1:colcon.colcon_core.environment:checking '/home/sunrise/xgo_demo/install/xgo_body/lib/python3.10/site-packages'
[6.280s] Level 1:colcon.colcon_core.environment:checking '/home/sunrise/xgo_demo/install/xgo_body/bin'
[6.283s] INFO:colcon.colcon_core.shell:Creating package script '/home/sunrise/xgo_demo/install/xgo_body/share/xgo_body/package.ps1'
[6.287s] INFO:colcon.colcon_core.shell:Creating package descriptor '/home/sunrise/xgo_demo/install/xgo_body/share/xgo_body/package.dsv'
[6.291s] INFO:colcon.colcon_core.shell:Creating package script '/home/sunrise/xgo_demo/install/xgo_body/share/xgo_body/package.sh'
[6.294s] INFO:colcon.colcon_core.shell:Creating package script '/home/sunrise/xgo_demo/install/xgo_body/share/xgo_body/package.bash'
[6.298s] INFO:colcon.colcon_core.shell:Creating package script '/home/sunrise/xgo_demo/install/xgo_body/share/xgo_body/package.zsh'
[6.301s] Level 1:colcon.colcon_core.environment:create_file_with_runtime_dependencies(/home/sunrise/xgo_demo/install/xgo_body/share/colcon-core/packages/xgo_body)
[7.868s] DEBUG:colcon.colcon_core.event_handler.log_command:Invoking command in '/home/sunrise/xgo_demo/src/xgo_body_py': PYTHONPATH=/home/sunrise/xgo_demo/build/xgo_body_py/prefix_override:/usr/lib/python3/dist-packages/colcon_core/task/python/colcon_distutils_commands:/home/sunrise/xgo_demo/install/xgo_body_py/lib/python3.10/site-packages:${PYTHONPATH} /usr/bin/python3 -W ignore:setup.py install is deprecated -W ignore:easy_install command is deprecated setup.py egg_info --egg-base ../../build/xgo_body_py build --build-base /home/sunrise/xgo_demo/build/xgo_body_py/build install --record /home/sunrise/xgo_demo/build/xgo_body_py/install.log --single-version-externally-managed install_data
[10.104s] Level 1:colcon.colcon_core.environment:checking '/home/sunrise/xgo_demo/install/xgo_body_py' for CMake module files
[10.107s] DEBUG:colcon.colcon_core.event_handler.log_command:Invoked command in '/home/sunrise/xgo_demo/src/xgo_body_py' returned '0': PYTHONPATH=/home/sunrise/xgo_demo/build/xgo_body_py/prefix_override:/usr/lib/python3/dist-packages/colcon_core/task/python/colcon_distutils_commands:/home/sunrise/xgo_demo/install/xgo_body_py/lib/python3.10/site-packages:${PYTHONPATH} /usr/bin/python3 -W ignore:setup.py install is deprecated -W ignore:easy_install command is deprecated setup.py egg_info --egg-base ../../build/xgo_body_py build --build-base /home/sunrise/xgo_demo/build/xgo_body_py/build install --record /home/sunrise/xgo_demo/build/xgo_body_py/install.log --single-version-externally-managed install_data
[10.109s] Level 1:colcon.colcon_core.environment:checking '/home/sunrise/xgo_demo/install/xgo_body_py' for CMake config files
[10.112s] Level 1:colcon.colcon_core.environment:checking '/home/sunrise/xgo_demo/install/xgo_body_py/lib'
[10.113s] Level 1:colcon.colcon_core.environment:checking '/home/sunrise/xgo_demo/install/xgo_body_py/bin'
[10.114s] Level 1:colcon.colcon_core.environment:checking '/home/sunrise/xgo_demo/install/xgo_body_py/lib/pkgconfig/xgo_body_py.pc'
[10.116s] Level 1:colcon.colcon_core.environment:checking '/home/sunrise/xgo_demo/install/xgo_body_py/lib/python3.10/site-packages'
[10.117s] Level 1:colcon.colcon_core.shell:create_environment_hook('xgo_body_py', 'pythonpath')
[10.118s] INFO:colcon.colcon_core.shell:Creating environment hook '/home/sunrise/xgo_demo/install/xgo_body_py/share/xgo_body_py/hook/pythonpath.ps1'
[10.122s] INFO:colcon.colcon_core.shell:Creating environment descriptor '/home/sunrise/xgo_demo/install/xgo_body_py/share/xgo_body_py/hook/pythonpath.dsv'
[10.124s] INFO:colcon.colcon_core.shell:Creating environment hook '/home/sunrise/xgo_demo/install/xgo_body_py/share/xgo_body_py/hook/pythonpath.sh'
[10.129s] Level 1:colcon.colcon_core.environment:checking '/home/sunrise/xgo_demo/install/xgo_body_py/bin'
[10.129s] Level 1:colcon.colcon_core.environment:create_environment_scripts_only(xgo_body_py)
[10.132s] INFO:colcon.colcon_core.shell:Creating package script '/home/sunrise/xgo_demo/install/xgo_body_py/share/xgo_body_py/package.ps1'
[10.136s] INFO:colcon.colcon_core.shell:Creating package descriptor '/home/sunrise/xgo_demo/install/xgo_body_py/share/xgo_body_py/package.dsv'
[10.139s] INFO:colcon.colcon_core.shell:Creating package script '/home/sunrise/xgo_demo/install/xgo_body_py/share/xgo_body_py/package.sh'
[10.143s] INFO:colcon.colcon_core.shell:Creating package script '/home/sunrise/xgo_demo/install/xgo_body_py/share/xgo_body_py/package.bash'
[10.146s] INFO:colcon.colcon_core.shell:Creating package script '/home/sunrise/xgo_demo/install/xgo_body_py/share/xgo_body_py/package.zsh'
[10.149s] Level 1:colcon.colcon_core.environment:create_file_with_runtime_dependencies(/home/sunrise/xgo_demo/install/xgo_body_py/share/colcon-core/packages/xgo_body_py)
[148.851s] DEBUG:colcon.colcon_core.event_handler.log_command:Invoked command in '/home/sunrise/xgo_demo/build/xgo_head' returned '0': CMAKE_PREFIX_PATH=${CMAKE_PREFIX_PATH}:/home/sunrise/xgo_demo/install/xgo_body_py:/opt/tros/humble:/opt/ros/humble /usr/bin/cmake --build /home/sunrise/xgo_demo/build/xgo_head -- -j4 -l4
[148.859s] DEBUG:colcon.colcon_core.event_handler.log_command:Invoking command in '/home/sunrise/xgo_demo/build/xgo_head': CMAKE_PREFIX_PATH=${CMAKE_PREFIX_PATH}:/home/sunrise/xgo_demo/install/xgo_body_py:/opt/tros/humble:/opt/ros/humble /usr/bin/cmake --install /home/sunrise/xgo_demo/build/xgo_head
[148.956s] Level 1:colcon.colcon_core.environment:create_environment_scripts_only(xgo_head)
[148.958s] Level 1:colcon.colcon_core.environment:checking '/home/sunrise/xgo_demo/install/xgo_head' for CMake module files
[148.961s] DEBUG:colcon.colcon_core.event_handler.log_command:Invoked command in '/home/sunrise/xgo_demo/build/xgo_head' returned '0': CMAKE_PREFIX_PATH=${CMAKE_PREFIX_PATH}:/home/sunrise/xgo_demo/install/xgo_body_py:/opt/tros/humble:/opt/ros/humble /usr/bin/cmake --install /home/sunrise/xgo_demo/build/xgo_head
[148.963s] Level 1:colcon.colcon_core.environment:checking '/home/sunrise/xgo_demo/install/xgo_head' for CMake config files
[148.964s] Level 1:colcon.colcon_core.shell:create_environment_hook('xgo_head', 'cmake_prefix_path')
[148.966s] INFO:colcon.colcon_core.shell:Creating environment hook '/home/sunrise/xgo_demo/install/xgo_head/share/xgo_head/hook/cmake_prefix_path.ps1'
[148.969s] INFO:colcon.colcon_core.shell:Creating environment descriptor '/home/sunrise/xgo_demo/install/xgo_head/share/xgo_head/hook/cmake_prefix_path.dsv'
[148.972s] INFO:colcon.colcon_core.shell:Creating environment hook '/home/sunrise/xgo_demo/install/xgo_head/share/xgo_head/hook/cmake_prefix_path.sh'
[148.976s] Level 1:colcon.colcon_core.environment:checking '/home/sunrise/xgo_demo/install/xgo_head/lib'
[148.977s] Level 1:colcon.colcon_core.environment:checking '/home/sunrise/xgo_demo/install/xgo_head/bin'
[148.977s] Level 1:colcon.colcon_core.environment:checking '/home/sunrise/xgo_demo/install/xgo_head/lib/pkgconfig/xgo_head.pc'
[148.979s] Level 1:colcon.colcon_core.environment:checking '/home/sunrise/xgo_demo/install/xgo_head/lib/python3.10/site-packages'
[148.981s] Level 1:colcon.colcon_core.environment:checking '/home/sunrise/xgo_demo/install/xgo_head/bin'
[148.983s] INFO:colcon.colcon_core.shell:Creating package script '/home/sunrise/xgo_demo/install/xgo_head/share/xgo_head/package.ps1'
[148.986s] INFO:colcon.colcon_core.shell:Creating package descriptor '/home/sunrise/xgo_demo/install/xgo_head/share/xgo_head/package.dsv'
[148.989s] INFO:colcon.colcon_core.shell:Creating package script '/home/sunrise/xgo_demo/install/xgo_head/share/xgo_head/package.sh'
[148.993s] INFO:colcon.colcon_core.shell:Creating package script '/home/sunrise/xgo_demo/install/xgo_head/share/xgo_head/package.bash'
[148.996s] INFO:colcon.colcon_core.shell:Creating package script '/home/sunrise/xgo_demo/install/xgo_head/share/xgo_head/package.zsh'
[148.999s] Level 1:colcon.colcon_core.environment:create_file_with_runtime_dependencies(/home/sunrise/xgo_demo/install/xgo_head/share/colcon-core/packages/xgo_head)
[149.002s] Level 1:colcon.colcon_core.environment:create_environment_scripts_only(xgo_head)
[149.004s] Level 1:colcon.colcon_core.environment:checking '/home/sunrise/xgo_demo/install/xgo_head' for CMake module files
[149.007s] Level 1:colcon.colcon_core.environment:checking '/home/sunrise/xgo_demo/install/xgo_head' for CMake config files
[149.008s] Level 1:colcon.colcon_core.shell:create_environment_hook('xgo_head', 'cmake_prefix_path')
[149.010s] INFO:colcon.colcon_core.shell:Creating environment hook '/home/sunrise/xgo_demo/install/xgo_head/share/xgo_head/hook/cmake_prefix_path.ps1'
[149.012s] INFO:colcon.colcon_core.shell:Creating environment descriptor '/home/sunrise/xgo_demo/install/xgo_head/share/xgo_head/hook/cmake_prefix_path.dsv'
[149.015s] INFO:colcon.colcon_core.shell:Creating environment hook '/home/sunrise/xgo_demo/install/xgo_head/share/xgo_head/hook/cmake_prefix_path.sh'
[149.019s] Level 1:colcon.colcon_core.environment:checking '/home/sunrise/xgo_demo/install/xgo_head/lib'
[149.019s] Level 1:colcon.colcon_core.environment:checking '/home/sunrise/xgo_demo/install/xgo_head/bin'
[149.020s] Level 1:colcon.colcon_core.environment:checking '/home/sunrise/xgo_demo/install/xgo_head/lib/pkgconfig/xgo_head.pc'
[149.021s] Level 1:colcon.colcon_core.environment:checking '/home/sunrise/xgo_demo/install/xgo_head/lib/python3.10/site-packages'
[149.023s] Level 1:colcon.colcon_core.environment:checking '/home/sunrise/xgo_demo/install/xgo_head/bin'
[149.025s] INFO:colcon.colcon_core.shell:Creating package script '/home/sunrise/xgo_demo/install/xgo_head/share/xgo_head/package.ps1'
[149.028s] INFO:colcon.colcon_core.shell:Creating package descriptor '/home/sunrise/xgo_demo/install/xgo_head/share/xgo_head/package.dsv'
[149.031s] INFO:colcon.colcon_core.shell:Creating package script '/home/sunrise/xgo_demo/install/xgo_head/share/xgo_head/package.sh'
[149.034s] INFO:colcon.colcon_core.shell:Creating package script '/home/sunrise/xgo_demo/install/xgo_head/share/xgo_head/package.bash'
[149.037s] INFO:colcon.colcon_core.shell:Creating package script '/home/sunrise/xgo_demo/install/xgo_head/share/xgo_head/package.zsh'
[149.041s] Level 1:colcon.colcon_core.environment:create_file_with_runtime_dependencies(/home/sunrise/xgo_demo/install/xgo_head/share/colcon-core/packages/xgo_head)
[149.043s] DEBUG:colcon.colcon_parallel_executor.executor.parallel:closing loop
[149.044s] DEBUG:colcon.colcon_parallel_executor.executor.parallel:loop closed
[149.045s] DEBUG:colcon.colcon_parallel_executor.executor.parallel:run_until_complete finished with '0'
[149.046s] DEBUG:colcon.colcon_core.event_reactor:joining thread
[149.091s] INFO:colcon.colcon_core.plugin_system:Skipping extension 'colcon_notification.desktop_notification.notify_send': Could not find 'notify-send'
[149.092s] INFO:colcon.colcon_core.plugin_system:Skipping extension 'colcon_notification.desktop_notification.terminal_notifier': Not used on non-Darwin systems
[149.092s] INFO:colcon.colcon_core.plugin_system:Skipping extension 'colcon_notification.desktop_notification.win32': Not used on non-Windows systems
[149.093s] INFO:colcon.colcon_notification.desktop_notification:Sending desktop notification using 'notify2'
[149.112s] DEBUG:colcon.colcon_core.event_reactor:joined thread
[149.114s] INFO:colcon.colcon_core.shell:Creating prefix script '/home/sunrise/xgo_demo/install/local_setup.ps1'
[149.123s] INFO:colcon.colcon_core.shell:Creating prefix util module '/home/sunrise/xgo_demo/install/_local_setup_util_ps1.py'
[149.134s] INFO:colcon.colcon_core.shell:Creating prefix chain script '/home/sunrise/xgo_demo/install/setup.ps1'
[149.143s] INFO:colcon.colcon_core.shell:Creating prefix script '/home/sunrise/xgo_demo/install/local_setup.sh'
[149.148s] INFO:colcon.colcon_core.shell:Creating prefix util module '/home/sunrise/xgo_demo/install/_local_setup_util_sh.py'
[149.152s] INFO:colcon.colcon_core.shell:Creating prefix chain script '/home/sunrise/xgo_demo/install/setup.sh'
[149.170s] INFO:colcon.colcon_core.shell:Creating prefix script '/home/sunrise/xgo_demo/install/local_setup.bash'
[149.177s] INFO:colcon.colcon_core.shell:Creating prefix chain script '/home/sunrise/xgo_demo/install/setup.bash'
[149.184s] INFO:colcon.colcon_core.shell:Creating prefix script '/home/sunrise/xgo_demo/install/local_setup.zsh'
[149.192s] INFO:colcon.colcon_core.shell:Creating prefix chain script '/home/sunrise/xgo_demo/install/setup.zsh'
