[5.423s] Invoking command in '/home/sunrise/xgo_demo/src/xgo_body_py': PYTHONPATH=/home/sunrise/xgo_demo/build/xgo_body_py/prefix_override:/usr/lib/python3/dist-packages/colcon_core/task/python/colcon_distutils_commands:/home/sunrise/xgo_demo/install/xgo_body_py/lib/python3.10/site-packages:${PYTHONPATH} /usr/bin/python3 -W ignore:setup.py install is deprecated -W ignore:easy_install command is deprecated setup.py egg_info --egg-base ../../build/xgo_body_py build --build-base /home/sunrise/xgo_demo/build/xgo_body_py/build install --record /home/sunrise/xgo_demo/build/xgo_body_py/install.log --single-version-externally-managed install_data
[7.221s] running egg_info
[7.226s] writing ../../build/xgo_body_py/xgo_body_py.egg-info/PKG-INFO
[7.232s] writing dependency_links to ../../build/xgo_body_py/xgo_body_py.egg-info/dependency_links.txt
[7.233s] writing entry points to ../../build/xgo_body_py/xgo_body_py.egg-info/entry_points.txt
[7.234s] writing requirements to ../../build/xgo_body_py/xgo_body_py.egg-info/requires.txt
[7.235s] writing top-level names to ../../build/xgo_body_py/xgo_body_py.egg-info/top_level.txt
[7.244s] reading manifest file '../../build/xgo_body_py/xgo_body_py.egg-info/SOURCES.txt'
[7.252s] writing manifest file '../../build/xgo_body_py/xgo_body_py.egg-info/SOURCES.txt'
[7.252s] running build
[7.256s] running build_py
[7.257s] running install
[7.260s] running install_lib
[7.266s] running install_data
[7.268s] running install_egg_info
[7.278s] removing '/home/sunrise/xgo_demo/install/xgo_body_py/lib/python3.10/site-packages/xgo_body_py-0.0.0-py3.10.egg-info' (and everything under it)
[7.283s] Copying ../../build/xgo_body_py/xgo_body_py.egg-info to /home/sunrise/xgo_demo/install/xgo_body_py/lib/python3.10/site-packages/xgo_body_py-0.0.0-py3.10.egg-info
[7.287s] running install_scripts
[7.435s] writing list of installed files to '/home/sunrise/xgo_demo/build/xgo_body_py/install.log'
[7.668s] Invoked command in '/home/sunrise/xgo_demo/src/xgo_body_py' returned '0': PYTHONPATH=/home/sunrise/xgo_demo/build/xgo_body_py/prefix_override:/usr/lib/python3/dist-packages/colcon_core/task/python/colcon_distutils_commands:/home/sunrise/xgo_demo/install/xgo_body_py/lib/python3.10/site-packages:${PYTHONPATH} /usr/bin/python3 -W ignore:setup.py install is deprecated -W ignore:easy_install command is deprecated setup.py egg_info --egg-base ../../build/xgo_body_py build --build-base /home/sunrise/xgo_demo/build/xgo_body_py/build install --record /home/sunrise/xgo_demo/build/xgo_body_py/install.log --single-version-externally-managed install_data
