[0.151s] Invoking command in '/home/sunrise/xgo_demo/build/xgo_body': CMAKE_PREFIX_PATH=${CMAKE_PREFIX_PATH}:/home/sunrise/xgo_demo/install/xgo_motion:/home/sunrise/xgo_demo/install/xgo_device:/home/sunrise/xgo_demo/install/xgo_body_py:/opt/tros/humble:/opt/ros/humble /usr/bin/cmake --build /home/sunrise/xgo_demo/build/xgo_body -- -j4 -l4
[4.213s] [ 10%] Built target xgo_body__rosidl_generator_c
[4.215s] [ 12%] Built target xgo_body__cpp
[4.218s] [ 12%] Built target ament_cmake_python_copy_xgo_body
[4.219s] [ 22%] Built target xgo_body__rosidl_typesupport_fastrtps_c
[4.221s] [ 33%] Built target xgo_body__rosidl_typesupport_introspection_c
[4.225s] [ 43%] Built target xgo_body__rosidl_typesupport_c
[4.226s] [ 54%] Built target xgo_body__rosidl_typesupport_fastrtps_cpp
[4.227s] [ 64%] Built target xgo_body__rosidl_typesupport_introspection_cpp
[4.229s] [ 75%] Built target xgo_body__rosidl_typesupport_cpp
[4.235s] [ 75%] Built target xgo_body
[4.253s] [ 78%] Built target xgo_body_node
[4.254s] [ 80%] Built target xgo_body__py
[4.254s] [ 89%] Built target xgo_body__rosidl_generator_py
[4.255s] [ 92%] Built target xgo_body__rosidl_typesupport_c__pyext
[4.257s] [ 96%] Built target xgo_body__rosidl_typesupport_fastrtps_c__pyext
[4.257s] [100%] Built target xgo_body__rosidl_typesupport_introspection_c__pyext
[4.258s] running egg_info
[4.259s] writing xgo_body.egg-info/PKG-INFO
[4.261s] writing dependency_links to xgo_body.egg-info/dependency_links.txt
[4.261s] writing top-level names to xgo_body.egg-info/top_level.txt
[4.262s] reading manifest file 'xgo_body.egg-info/SOURCES.txt'
[4.263s] writing manifest file 'xgo_body.egg-info/SOURCES.txt'
[4.264s] [100%] Built target ament_cmake_python_build_xgo_body_egg
[4.265s] Invoked command in '/home/sunrise/xgo_demo/build/xgo_body' returned '0': CMAKE_PREFIX_PATH=${CMAKE_PREFIX_PATH}:/home/sunrise/xgo_demo/install/xgo_motion:/home/sunrise/xgo_demo/install/xgo_device:/home/sunrise/xgo_demo/install/xgo_body_py:/opt/tros/humble:/opt/ros/humble /usr/bin/cmake --build /home/sunrise/xgo_demo/build/xgo_body -- -j4 -l4
[4.274s] Invoking command in '/home/sunrise/xgo_demo/build/xgo_body': CMAKE_PREFIX_PATH=${CMAKE_PREFIX_PATH}:/home/sunrise/xgo_demo/install/xgo_motion:/home/sunrise/xgo_demo/install/xgo_device:/home/sunrise/xgo_demo/install/xgo_body_py:/opt/tros/humble:/opt/ros/humble /usr/bin/cmake --install /home/sunrise/xgo_demo/build/xgo_body
[4.333s] -- Install configuration: ""
[4.334s] -- Up-to-date: /home/sunrise/xgo_demo/install/xgo_body/share/ament_index/resource_index/rosidl_interfaces/xgo_body
[4.336s] -- Up-to-date: /home/sunrise/xgo_demo/install/xgo_body/include/xgo_body/xgo_body
[4.338s] -- Up-to-date: /home/sunrise/xgo_demo/install/xgo_body/include/xgo_body/xgo_body/msg
[4.339s] -- Up-to-date: /home/sunrise/xgo_demo/install/xgo_body/include/xgo_body/xgo_body/msg/detail
[4.341s] -- Up-to-date: /home/sunrise/xgo_demo/install/xgo_body/include/xgo_body/xgo_body/msg/detail/leg_pose__struct.h
[4.341s] -- Up-to-date: /home/sunrise/xgo_demo/install/xgo_body/include/xgo_body/xgo_body/msg/detail/joint_angle__functions.c
[4.342s] -- Up-to-date: /home/sunrise/xgo_demo/install/xgo_body/include/xgo_body/xgo_body/msg/detail/body_pose__functions.h
[4.343s] -- Up-to-date: /home/sunrise/xgo_demo/install/xgo_body/include/xgo_body/xgo_body/msg/detail/joint_angle__functions.h
[4.344s] -- Up-to-date: /home/sunrise/xgo_demo/install/xgo_body/include/xgo_body/xgo_body/msg/detail/leg_pose__functions.h
[4.345s] -- Up-to-date: /home/sunrise/xgo_demo/install/xgo_body/include/xgo_body/xgo_body/msg/detail/joint_angle__struct.h
[4.346s] -- Up-to-date: /home/sunrise/xgo_demo/install/xgo_body/include/xgo_body/xgo_body/msg/detail/leg_pose__functions.c
[4.346s] -- Up-to-date: /home/sunrise/xgo_demo/install/xgo_body/include/xgo_body/xgo_body/msg/detail/leg_pose__type_support.h
[4.347s] -- Up-to-date: /home/sunrise/xgo_demo/install/xgo_body/include/xgo_body/xgo_body/msg/detail/joint_angle__type_support.h
[4.351s] -- Up-to-date: /home/sunrise/xgo_demo/install/xgo_body/include/xgo_body/xgo_body/msg/detail/body_pose__struct.h
[4.353s] -- Up-to-date: /home/sunrise/xgo_demo/install/xgo_body/include/xgo_body/xgo_body/msg/detail/body_pose__type_support.h
[4.354s] -- Up-to-date: /home/sunrise/xgo_demo/install/xgo_body/include/xgo_body/xgo_body/msg/detail/arm_pose__functions.c
[4.355s] -- Up-to-date: /home/sunrise/xgo_demo/install/xgo_body/include/xgo_body/xgo_body/msg/detail/arm_pose__struct.h
[4.357s] -- Up-to-date: /home/sunrise/xgo_demo/install/xgo_body/include/xgo_body/xgo_body/msg/detail/body_pose__functions.c
[4.357s] -- Up-to-date: /home/sunrise/xgo_demo/install/xgo_body/include/xgo_body/xgo_body/msg/detail/arm_pose__functions.h
[4.358s] -- Up-to-date: /home/sunrise/xgo_demo/install/xgo_body/include/xgo_body/xgo_body/msg/detail/arm_pose__type_support.h
[4.359s] -- Up-to-date: /home/sunrise/xgo_demo/install/xgo_body/include/xgo_body/xgo_body/msg/body_pose.h
[4.369s] -- Up-to-date: /home/sunrise/xgo_demo/install/xgo_body/include/xgo_body/xgo_body/msg/leg_pose.h
[4.370s] -- Up-to-date: /home/sunrise/xgo_demo/install/xgo_body/include/xgo_body/xgo_body/msg/arm_pose.h
[4.371s] -- Up-to-date: /home/sunrise/xgo_demo/install/xgo_body/include/xgo_body/xgo_body/msg/rosidl_generator_c__visibility_control.h
[4.371s] -- Up-to-date: /home/sunrise/xgo_demo/install/xgo_body/include/xgo_body/xgo_body/msg/joint_angle.h
[4.372s] -- Up-to-date: /home/sunrise/xgo_demo/install/xgo_body/share/xgo_body/environment/library_path.sh
[4.374s] -- Up-to-date: /home/sunrise/xgo_demo/install/xgo_body/share/xgo_body/environment/library_path.dsv
[4.376s] -- Up-to-date: /home/sunrise/xgo_demo/install/xgo_body/lib/libxgo_body__rosidl_generator_c.so
[4.379s] -- Up-to-date: /home/sunrise/xgo_demo/install/xgo_body/include/xgo_body/xgo_body
[4.388s] -- Up-to-date: /home/sunrise/xgo_demo/install/xgo_body/include/xgo_body/xgo_body/msg
[4.389s] -- Up-to-date: /home/sunrise/xgo_demo/install/xgo_body/include/xgo_body/xgo_body/msg/detail
[4.390s] -- Up-to-date: /home/sunrise/xgo_demo/install/xgo_body/include/xgo_body/xgo_body/msg/detail/leg_pose__rosidl_typesupport_fastrtps_c.h
[4.391s] -- Up-to-date: /home/sunrise/xgo_demo/install/xgo_body/include/xgo_body/xgo_body/msg/detail/body_pose__rosidl_typesupport_fastrtps_c.h
[4.392s] -- Up-to-date: /home/sunrise/xgo_demo/install/xgo_body/include/xgo_body/xgo_body/msg/detail/arm_pose__rosidl_typesupport_fastrtps_c.h
[4.393s] -- Up-to-date: /home/sunrise/xgo_demo/install/xgo_body/include/xgo_body/xgo_body/msg/detail/joint_angle__rosidl_typesupport_fastrtps_c.h
[4.393s] -- Up-to-date: /home/sunrise/xgo_demo/install/xgo_body/include/xgo_body/xgo_body/msg/rosidl_typesupport_fastrtps_c__visibility_control.h
[4.394s] -- Up-to-date: /home/sunrise/xgo_demo/install/xgo_body/lib/libxgo_body__rosidl_typesupport_fastrtps_c.so
[4.395s] -- Up-to-date: /home/sunrise/xgo_demo/install/xgo_body/include/xgo_body/xgo_body
[4.400s] -- Up-to-date: /home/sunrise/xgo_demo/install/xgo_body/include/xgo_body/xgo_body/msg
[4.401s] -- Up-to-date: /home/sunrise/xgo_demo/install/xgo_body/include/xgo_body/xgo_body/msg/detail
[4.402s] -- Up-to-date: /home/sunrise/xgo_demo/install/xgo_body/include/xgo_body/xgo_body/msg/detail/arm_pose__type_support.c
[4.403s] -- Up-to-date: /home/sunrise/xgo_demo/install/xgo_body/include/xgo_body/xgo_body/msg/detail/leg_pose__type_support.c
[4.403s] -- Up-to-date: /home/sunrise/xgo_demo/install/xgo_body/include/xgo_body/xgo_body/msg/detail/body_pose__type_support.c
[4.404s] -- Up-to-date: /home/sunrise/xgo_demo/install/xgo_body/include/xgo_body/xgo_body/msg/detail/arm_pose__rosidl_typesupport_introspection_c.h
[4.405s] -- Up-to-date: /home/sunrise/xgo_demo/install/xgo_body/include/xgo_body/xgo_body/msg/detail/body_pose__rosidl_typesupport_introspection_c.h
[4.406s] -- Up-to-date: /home/sunrise/xgo_demo/install/xgo_body/include/xgo_body/xgo_body/msg/detail/joint_angle__type_support.c
[4.407s] -- Up-to-date: /home/sunrise/xgo_demo/install/xgo_body/include/xgo_body/xgo_body/msg/detail/leg_pose__rosidl_typesupport_introspection_c.h
[4.407s] -- Up-to-date: /home/sunrise/xgo_demo/install/xgo_body/include/xgo_body/xgo_body/msg/detail/joint_angle__rosidl_typesupport_introspection_c.h
[4.425s] -- Up-to-date: /home/sunrise/xgo_demo/install/xgo_body/include/xgo_body/xgo_body/msg/rosidl_typesupport_introspection_c__visibility_control.h
[4.426s] -- Up-to-date: /home/sunrise/xgo_demo/install/xgo_body/lib/libxgo_body__rosidl_typesupport_introspection_c.so
[4.427s] -- Up-to-date: /home/sunrise/xgo_demo/install/xgo_body/lib/libxgo_body__rosidl_typesupport_c.so
[4.432s] -- Up-to-date: /home/sunrise/xgo_demo/install/xgo_body/include/xgo_body/xgo_body
[4.433s] -- Up-to-date: /home/sunrise/xgo_demo/install/xgo_body/include/xgo_body/xgo_body/msg
[4.434s] -- Up-to-date: /home/sunrise/xgo_demo/install/xgo_body/include/xgo_body/xgo_body/msg/detail
[4.435s] -- Up-to-date: /home/sunrise/xgo_demo/install/xgo_body/include/xgo_body/xgo_body/msg/detail/body_pose__type_support.hpp
[4.440s] -- Up-to-date: /home/sunrise/xgo_demo/install/xgo_body/include/xgo_body/xgo_body/msg/detail/leg_pose__builder.hpp
[4.441s] -- Up-to-date: /home/sunrise/xgo_demo/install/xgo_body/include/xgo_body/xgo_body/msg/detail/leg_pose__traits.hpp
[4.442s] -- Up-to-date: /home/sunrise/xgo_demo/install/xgo_body/include/xgo_body/xgo_body/msg/detail/body_pose__struct.hpp
[4.443s] -- Up-to-date: /home/sunrise/xgo_demo/install/xgo_body/include/xgo_body/xgo_body/msg/detail/joint_angle__builder.hpp
[4.448s] -- Up-to-date: /home/sunrise/xgo_demo/install/xgo_body/include/xgo_body/xgo_body/msg/detail/arm_pose__builder.hpp
[4.449s] -- Up-to-date: /home/sunrise/xgo_demo/install/xgo_body/include/xgo_body/xgo_body/msg/detail/body_pose__traits.hpp
[4.450s] -- Up-to-date: /home/sunrise/xgo_demo/install/xgo_body/include/xgo_body/xgo_body/msg/detail/joint_angle__type_support.hpp
[4.451s] -- Up-to-date: /home/sunrise/xgo_demo/install/xgo_body/include/xgo_body/xgo_body/msg/detail/arm_pose__traits.hpp
[4.451s] -- Up-to-date: /home/sunrise/xgo_demo/install/xgo_body/include/xgo_body/xgo_body/msg/detail/arm_pose__type_support.hpp
[4.452s] -- Up-to-date: /home/sunrise/xgo_demo/install/xgo_body/include/xgo_body/xgo_body/msg/detail/joint_angle__struct.hpp
[4.453s] -- Up-to-date: /home/sunrise/xgo_demo/install/xgo_body/include/xgo_body/xgo_body/msg/detail/leg_pose__struct.hpp
[4.454s] -- Up-to-date: /home/sunrise/xgo_demo/install/xgo_body/include/xgo_body/xgo_body/msg/detail/joint_angle__traits.hpp
[4.454s] -- Up-to-date: /home/sunrise/xgo_demo/install/xgo_body/include/xgo_body/xgo_body/msg/detail/arm_pose__struct.hpp
[4.455s] -- Up-to-date: /home/sunrise/xgo_demo/install/xgo_body/include/xgo_body/xgo_body/msg/detail/leg_pose__type_support.hpp
[4.456s] -- Up-to-date: /home/sunrise/xgo_demo/install/xgo_body/include/xgo_body/xgo_body/msg/detail/body_pose__builder.hpp
[4.457s] -- Up-to-date: /home/sunrise/xgo_demo/install/xgo_body/include/xgo_body/xgo_body/msg/joint_angle.hpp
[4.458s] -- Up-to-date: /home/sunrise/xgo_demo/install/xgo_body/include/xgo_body/xgo_body/msg/body_pose.hpp
[4.458s] -- Up-to-date: /home/sunrise/xgo_demo/install/xgo_body/include/xgo_body/xgo_body/msg/leg_pose.hpp
[4.459s] -- Up-to-date: /home/sunrise/xgo_demo/install/xgo_body/include/xgo_body/xgo_body/msg/arm_pose.hpp
[4.459s] -- Up-to-date: /home/sunrise/xgo_demo/install/xgo_body/include/xgo_body/xgo_body/msg/rosidl_generator_cpp__visibility_control.hpp
[4.469s] -- Up-to-date: /home/sunrise/xgo_demo/install/xgo_body/include/xgo_body/xgo_body
[4.470s] -- Up-to-date: /home/sunrise/xgo_demo/install/xgo_body/include/xgo_body/xgo_body/msg
[4.470s] -- Up-to-date: /home/sunrise/xgo_demo/install/xgo_body/include/xgo_body/xgo_body/msg/rosidl_typesupport_fastrtps_cpp__visibility_control.h
[4.471s] -- Up-to-date: /home/sunrise/xgo_demo/install/xgo_body/include/xgo_body/xgo_body/msg/detail
[4.476s] -- Up-to-date: /home/sunrise/xgo_demo/install/xgo_body/include/xgo_body/xgo_body/msg/detail/body_pose__rosidl_typesupport_fastrtps_cpp.hpp
[4.477s] -- Up-to-date: /home/sunrise/xgo_demo/install/xgo_body/include/xgo_body/xgo_body/msg/detail/joint_angle__rosidl_typesupport_fastrtps_cpp.hpp
[4.478s] -- Up-to-date: /home/sunrise/xgo_demo/install/xgo_body/include/xgo_body/xgo_body/msg/detail/dds_fastrtps
[4.479s] -- Up-to-date: /home/sunrise/xgo_demo/install/xgo_body/include/xgo_body/xgo_body/msg/detail/leg_pose__rosidl_typesupport_fastrtps_cpp.hpp
[4.479s] -- Up-to-date: /home/sunrise/xgo_demo/install/xgo_body/include/xgo_body/xgo_body/msg/detail/arm_pose__rosidl_typesupport_fastrtps_cpp.hpp
[4.482s] -- Up-to-date: /home/sunrise/xgo_demo/install/xgo_body/lib/libxgo_body__rosidl_typesupport_fastrtps_cpp.so
[4.483s] -- Up-to-date: /home/sunrise/xgo_demo/install/xgo_body/include/xgo_body/xgo_body
[4.488s] -- Up-to-date: /home/sunrise/xgo_demo/install/xgo_body/include/xgo_body/xgo_body/msg
[4.489s] -- Up-to-date: /home/sunrise/xgo_demo/install/xgo_body/include/xgo_body/xgo_body/msg/detail
[4.490s] -- Up-to-date: /home/sunrise/xgo_demo/install/xgo_body/include/xgo_body/xgo_body/msg/detail/arm_pose__rosidl_typesupport_introspection_cpp.hpp
[4.490s] -- Up-to-date: /home/sunrise/xgo_demo/install/xgo_body/include/xgo_body/xgo_body/msg/detail/body_pose__rosidl_typesupport_introspection_cpp.hpp
[4.491s] -- Up-to-date: /home/sunrise/xgo_demo/install/xgo_body/include/xgo_body/xgo_body/msg/detail/leg_pose__rosidl_typesupport_introspection_cpp.hpp
[4.491s] -- Up-to-date: /home/sunrise/xgo_demo/install/xgo_body/include/xgo_body/xgo_body/msg/detail/body_pose__type_support.cpp
[4.492s] -- Up-to-date: /home/sunrise/xgo_demo/install/xgo_body/include/xgo_body/xgo_body/msg/detail/arm_pose__type_support.cpp
[4.493s] -- Up-to-date: /home/sunrise/xgo_demo/install/xgo_body/include/xgo_body/xgo_body/msg/detail/joint_angle__rosidl_typesupport_introspection_cpp.hpp
[4.494s] -- Up-to-date: /home/sunrise/xgo_demo/install/xgo_body/include/xgo_body/xgo_body/msg/detail/joint_angle__type_support.cpp
[4.495s] -- Up-to-date: /home/sunrise/xgo_demo/install/xgo_body/include/xgo_body/xgo_body/msg/detail/leg_pose__type_support.cpp
[4.495s] -- Up-to-date: /home/sunrise/xgo_demo/install/xgo_body/lib/libxgo_body__rosidl_typesupport_introspection_cpp.so
[4.504s] -- Up-to-date: /home/sunrise/xgo_demo/install/xgo_body/lib/libxgo_body__rosidl_typesupport_cpp.so
[4.505s] -- Up-to-date: /home/sunrise/xgo_demo/install/xgo_body/share/xgo_body/environment/pythonpath.sh
[4.506s] -- Up-to-date: /home/sunrise/xgo_demo/install/xgo_body/share/xgo_body/environment/pythonpath.dsv
[4.507s] -- Up-to-date: /home/sunrise/xgo_demo/install/xgo_body/local/lib/python3.10/dist-packages/xgo_body-0.0.0-py3.10.egg-info
[4.514s] -- Installing: /home/sunrise/xgo_demo/install/xgo_body/local/lib/python3.10/dist-packages/xgo_body-0.0.0-py3.10.egg-info/dependency_links.txt
[4.515s] -- Installing: /home/sunrise/xgo_demo/install/xgo_body/local/lib/python3.10/dist-packages/xgo_body-0.0.0-py3.10.egg-info/PKG-INFO
[4.516s] -- Installing: /home/sunrise/xgo_demo/install/xgo_body/local/lib/python3.10/dist-packages/xgo_body-0.0.0-py3.10.egg-info/top_level.txt
[4.517s] -- Installing: /home/sunrise/xgo_demo/install/xgo_body/local/lib/python3.10/dist-packages/xgo_body-0.0.0-py3.10.egg-info/SOURCES.txt
[4.518s] -- Up-to-date: /home/sunrise/xgo_demo/install/xgo_body/local/lib/python3.10/dist-packages/xgo_body
[4.519s] -- Up-to-date: /home/sunrise/xgo_demo/install/xgo_body/local/lib/python3.10/dist-packages/xgo_body/xgo_body_s__rosidl_typesupport_fastrtps_c.cpython-310-aarch64-linux-gnu.so
[4.519s] -- Up-to-date: /home/sunrise/xgo_demo/install/xgo_body/local/lib/python3.10/dist-packages/xgo_body/__init__.py
[4.524s] -- Up-to-date: /home/sunrise/xgo_demo/install/xgo_body/local/lib/python3.10/dist-packages/xgo_body/_xgo_body_s.ep.rosidl_typesupport_introspection_c.c
[4.525s] -- Up-to-date: /home/sunrise/xgo_demo/install/xgo_body/local/lib/python3.10/dist-packages/xgo_body/_xgo_body_s.ep.rosidl_typesupport_fastrtps_c.c
[4.526s] -- Up-to-date: /home/sunrise/xgo_demo/install/xgo_body/local/lib/python3.10/dist-packages/xgo_body/libxgo_body__rosidl_generator_py.so
[4.527s] -- Up-to-date: /home/sunrise/xgo_demo/install/xgo_body/local/lib/python3.10/dist-packages/xgo_body/xgo_body_s__rosidl_typesupport_c.cpython-310-aarch64-linux-gnu.so
[4.540s] -- Up-to-date: /home/sunrise/xgo_demo/install/xgo_body/local/lib/python3.10/dist-packages/xgo_body/xgo_body_s__rosidl_typesupport_introspection_c.cpython-310-aarch64-linux-gnu.so
[4.541s] -- Up-to-date: /home/sunrise/xgo_demo/install/xgo_body/local/lib/python3.10/dist-packages/xgo_body/msg
[4.542s] -- Up-to-date: /home/sunrise/xgo_demo/install/xgo_body/local/lib/python3.10/dist-packages/xgo_body/msg/_body_pose_s.c
[4.544s] -- Up-to-date: /home/sunrise/xgo_demo/install/xgo_body/local/lib/python3.10/dist-packages/xgo_body/msg/_leg_pose_s.c
[4.553s] -- Up-to-date: /home/sunrise/xgo_demo/install/xgo_body/local/lib/python3.10/dist-packages/xgo_body/msg/_body_pose.py
[4.554s] -- Up-to-date: /home/sunrise/xgo_demo/install/xgo_body/local/lib/python3.10/dist-packages/xgo_body/msg/_arm_pose.py
[4.555s] -- Up-to-date: /home/sunrise/xgo_demo/install/xgo_body/local/lib/python3.10/dist-packages/xgo_body/msg/__init__.py
[4.556s] -- Up-to-date: /home/sunrise/xgo_demo/install/xgo_body/local/lib/python3.10/dist-packages/xgo_body/msg/_arm_pose_s.c
[4.557s] -- Up-to-date: /home/sunrise/xgo_demo/install/xgo_body/local/lib/python3.10/dist-packages/xgo_body/msg/_joint_angle_s.c
[4.558s] -- Up-to-date: /home/sunrise/xgo_demo/install/xgo_body/local/lib/python3.10/dist-packages/xgo_body/msg/_joint_angle.py
[4.559s] -- Up-to-date: /home/sunrise/xgo_demo/install/xgo_body/local/lib/python3.10/dist-packages/xgo_body/msg/_leg_pose.py
[4.560s] -- Up-to-date: /home/sunrise/xgo_demo/install/xgo_body/local/lib/python3.10/dist-packages/xgo_body/_xgo_body_s.ep.rosidl_typesupport_c.c
[4.791s] Listing '/home/sunrise/xgo_demo/install/xgo_body/local/lib/python3.10/dist-packages/xgo_body'...
[4.792s] Listing '/home/sunrise/xgo_demo/install/xgo_body/local/lib/python3.10/dist-packages/xgo_body/msg'...
[4.855s] -- Up-to-date: /home/sunrise/xgo_demo/install/xgo_body/local/lib/python3.10/dist-packages/xgo_body/xgo_body_s__rosidl_typesupport_fastrtps_c.cpython-310-aarch64-linux-gnu.so
[4.858s] -- Up-to-date: /home/sunrise/xgo_demo/install/xgo_body/local/lib/python3.10/dist-packages/xgo_body/xgo_body_s__rosidl_typesupport_introspection_c.cpython-310-aarch64-linux-gnu.so
[4.861s] -- Up-to-date: /home/sunrise/xgo_demo/install/xgo_body/local/lib/python3.10/dist-packages/xgo_body/xgo_body_s__rosidl_typesupport_c.cpython-310-aarch64-linux-gnu.so
[4.864s] -- Up-to-date: /home/sunrise/xgo_demo/install/xgo_body/lib/libxgo_body__rosidl_generator_py.so
[4.869s] -- Up-to-date: /home/sunrise/xgo_demo/install/xgo_body/share/xgo_body/msg/ArmPose.idl
[4.871s] -- Up-to-date: /home/sunrise/xgo_demo/install/xgo_body/share/xgo_body/msg/BodyPose.idl
[4.875s] -- Up-to-date: /home/sunrise/xgo_demo/install/xgo_body/share/xgo_body/msg/JointAngle.idl
[4.880s] -- Up-to-date: /home/sunrise/xgo_demo/install/xgo_body/share/xgo_body/msg/LegPose.idl
[4.881s] -- Up-to-date: /home/sunrise/xgo_demo/install/xgo_body/share/xgo_body/msg/ArmPose.msg
[4.882s] -- Up-to-date: /home/sunrise/xgo_demo/install/xgo_body/share/xgo_body/msg/BodyPose.msg
[4.883s] -- Up-to-date: /home/sunrise/xgo_demo/install/xgo_body/share/xgo_body/msg/JointAngle.msg
[4.888s] -- Up-to-date: /home/sunrise/xgo_demo/install/xgo_body/share/xgo_body/msg/LegPose.msg
[4.889s] -- Up-to-date: /home/sunrise/xgo_demo/install/xgo_body/lib/xgo_body/xgo_body_node
[4.890s] -- Up-to-date: /home/sunrise/xgo_demo/install/xgo_body/share/ament_index/resource_index/package_run_dependencies/xgo_body
[4.891s] -- Up-to-date: /home/sunrise/xgo_demo/install/xgo_body/share/ament_index/resource_index/parent_prefix_path/xgo_body
[4.892s] -- Up-to-date: /home/sunrise/xgo_demo/install/xgo_body/share/xgo_body/environment/ament_prefix_path.sh
[4.899s] -- Up-to-date: /home/sunrise/xgo_demo/install/xgo_body/share/xgo_body/environment/ament_prefix_path.dsv
[4.903s] -- Up-to-date: /home/sunrise/xgo_demo/install/xgo_body/share/xgo_body/environment/path.sh
[4.904s] -- Up-to-date: /home/sunrise/xgo_demo/install/xgo_body/share/xgo_body/environment/path.dsv
[4.905s] -- Up-to-date: /home/sunrise/xgo_demo/install/xgo_body/share/xgo_body/local_setup.bash
[4.906s] -- Up-to-date: /home/sunrise/xgo_demo/install/xgo_body/share/xgo_body/local_setup.sh
[4.907s] -- Up-to-date: /home/sunrise/xgo_demo/install/xgo_body/share/xgo_body/local_setup.zsh
[4.917s] -- Up-to-date: /home/sunrise/xgo_demo/install/xgo_body/share/xgo_body/local_setup.dsv
[4.918s] -- Installing: /home/sunrise/xgo_demo/install/xgo_body/share/xgo_body/package.dsv
[4.918s] -- Up-to-date: /home/sunrise/xgo_demo/install/xgo_body/share/ament_index/resource_index/packages/xgo_body
[4.919s] -- Up-to-date: /home/sunrise/xgo_demo/install/xgo_body/share/xgo_body/cmake/export_xgo_body__rosidl_generator_cExport.cmake
[4.929s] -- Up-to-date: /home/sunrise/xgo_demo/install/xgo_body/share/xgo_body/cmake/export_xgo_body__rosidl_generator_cExport-noconfig.cmake
[4.930s] -- Up-to-date: /home/sunrise/xgo_demo/install/xgo_body/share/xgo_body/cmake/export_xgo_body__rosidl_typesupport_fastrtps_cExport.cmake
[4.931s] -- Up-to-date: /home/sunrise/xgo_demo/install/xgo_body/share/xgo_body/cmake/export_xgo_body__rosidl_typesupport_fastrtps_cExport-noconfig.cmake
[4.931s] -- Up-to-date: /home/sunrise/xgo_demo/install/xgo_body/share/xgo_body/cmake/xgo_body__rosidl_typesupport_introspection_cExport.cmake
[4.956s] -- Up-to-date: /home/sunrise/xgo_demo/install/xgo_body/share/xgo_body/cmake/xgo_body__rosidl_typesupport_introspection_cExport-noconfig.cmake
[4.958s] -- Up-to-date: /home/sunrise/xgo_demo/install/xgo_body/share/xgo_body/cmake/xgo_body__rosidl_typesupport_cExport.cmake
[4.959s] -- Up-to-date: /home/sunrise/xgo_demo/install/xgo_body/share/xgo_body/cmake/xgo_body__rosidl_typesupport_cExport-noconfig.cmake
[4.960s] -- Up-to-date: /home/sunrise/xgo_demo/install/xgo_body/share/xgo_body/cmake/export_xgo_body__rosidl_generator_cppExport.cmake
[4.964s] -- Up-to-date: /home/sunrise/xgo_demo/install/xgo_body/share/xgo_body/cmake/export_xgo_body__rosidl_typesupport_fastrtps_cppExport.cmake
[4.965s] -- Up-to-date: /home/sunrise/xgo_demo/install/xgo_body/share/xgo_body/cmake/export_xgo_body__rosidl_typesupport_fastrtps_cppExport-noconfig.cmake
[4.967s] -- Up-to-date: /home/sunrise/xgo_demo/install/xgo_body/share/xgo_body/cmake/xgo_body__rosidl_typesupport_introspection_cppExport.cmake
[4.977s] -- Up-to-date: /home/sunrise/xgo_demo/install/xgo_body/share/xgo_body/cmake/xgo_body__rosidl_typesupport_introspection_cppExport-noconfig.cmake
[4.980s] -- Up-to-date: /home/sunrise/xgo_demo/install/xgo_body/share/xgo_body/cmake/xgo_body__rosidl_typesupport_cppExport.cmake
[4.993s] -- Up-to-date: /home/sunrise/xgo_demo/install/xgo_body/share/xgo_body/cmake/xgo_body__rosidl_typesupport_cppExport-noconfig.cmake
[4.994s] -- Up-to-date: /home/sunrise/xgo_demo/install/xgo_body/share/xgo_body/cmake/export_xgo_body__rosidl_generator_pyExport.cmake
[4.995s] -- Up-to-date: /home/sunrise/xgo_demo/install/xgo_body/share/xgo_body/cmake/export_xgo_body__rosidl_generator_pyExport-noconfig.cmake
[4.996s] -- Up-to-date: /home/sunrise/xgo_demo/install/xgo_body/share/xgo_body/cmake/rosidl_cmake-extras.cmake
[4.997s] -- Up-to-date: /home/sunrise/xgo_demo/install/xgo_body/share/xgo_body/cmake/ament_cmake_export_include_directories-extras.cmake
[4.998s] -- Up-to-date: /home/sunrise/xgo_demo/install/xgo_body/share/xgo_body/cmake/ament_cmake_export_libraries-extras.cmake
[4.999s] -- Up-to-date: /home/sunrise/xgo_demo/install/xgo_body/share/xgo_body/cmake/ament_cmake_export_targets-extras.cmake
[5.000s] -- Up-to-date: /home/sunrise/xgo_demo/install/xgo_body/share/xgo_body/cmake/rosidl_cmake_export_typesupport_targets-extras.cmake
[5.017s] -- Up-to-date: /home/sunrise/xgo_demo/install/xgo_body/share/xgo_body/cmake/ament_cmake_export_dependencies-extras.cmake
[5.018s] -- Up-to-date: /home/sunrise/xgo_demo/install/xgo_body/share/xgo_body/cmake/rosidl_cmake_export_typesupport_libraries-extras.cmake
[5.019s] -- Up-to-date: /home/sunrise/xgo_demo/install/xgo_body/share/xgo_body/cmake/xgo_bodyConfig.cmake
[5.019s] -- Up-to-date: /home/sunrise/xgo_demo/install/xgo_body/share/xgo_body/cmake/xgo_bodyConfig-version.cmake
[5.020s] -- Up-to-date: /home/sunrise/xgo_demo/install/xgo_body/share/xgo_body/package.xml
[5.021s] Invoked command in '/home/sunrise/xgo_demo/build/xgo_body' returned '0': CMAKE_PREFIX_PATH=${CMAKE_PREFIX_PATH}:/home/sunrise/xgo_demo/install/xgo_motion:/home/sunrise/xgo_demo/install/xgo_device:/home/sunrise/xgo_demo/install/xgo_body_py:/opt/tros/humble:/opt/ros/humble /usr/bin/cmake --install /home/sunrise/xgo_demo/build/xgo_body
