running egg_info
creating ../../build/xgo_device/xgo_device.egg-info
writing ../../build/xgo_device/xgo_device.egg-info/PKG-INFO
writing dependency_links to ../../build/xgo_device/xgo_device.egg-info/dependency_links.txt
writing entry points to ../../build/xgo_device/xgo_device.egg-info/entry_points.txt
writing requirements to ../../build/xgo_device/xgo_device.egg-info/requires.txt
writing top-level names to ../../build/xgo_device/xgo_device.egg-info/top_level.txt
writing manifest file '../../build/xgo_device/xgo_device.egg-info/SOURCES.txt'
reading manifest file '../../build/xgo_device/xgo_device.egg-info/SOURCES.txt'
writing manifest file '../../build/xgo_device/xgo_device.egg-info/SOURCES.txt'
running build
running build_py
creating /home/sunrise/xgo_demo/build/xgo_device/build
creating /home/sunrise/xgo_demo/build/xgo_device/build/lib
creating /home/sunrise/xgo_demo/build/xgo_device/build/lib/xgo_device
copying xgo_device/xgolib .py -> /home/sunrise/xgo_demo/build/xgo_device/build/lib/xgo_device
copying xgo_device/__init__.py -> /home/sunrise/xgo_demo/build/xgo_device/build/lib/xgo_device
copying xgo_device/display_utils.py -> /home/sunrise/xgo_demo/build/xgo_device/build/lib/xgo_device
copying xgo_device/device_info.py -> /home/sunrise/xgo_demo/build/xgo_device/build/lib/xgo_device
running install
running install_lib
creating /home/sunrise/xgo_demo/install/xgo_device/lib/python3.10/site-packages/xgo_device
copying /home/sunrise/xgo_demo/build/xgo_device/build/lib/xgo_device/xgolib .py -> /home/sunrise/xgo_demo/install/xgo_device/lib/python3.10/site-packages/xgo_device
copying /home/sunrise/xgo_demo/build/xgo_device/build/lib/xgo_device/__init__.py -> /home/sunrise/xgo_demo/install/xgo_device/lib/python3.10/site-packages/xgo_device
copying /home/sunrise/xgo_demo/build/xgo_device/build/lib/xgo_device/display_utils.py -> /home/sunrise/xgo_demo/install/xgo_device/lib/python3.10/site-packages/xgo_device
copying /home/sunrise/xgo_demo/build/xgo_device/build/lib/xgo_device/device_info.py -> /home/sunrise/xgo_demo/install/xgo_device/lib/python3.10/site-packages/xgo_device
byte-compiling /home/sunrise/xgo_demo/install/xgo_device/lib/python3.10/site-packages/xgo_device/xgolib .py to xgolib .cpython-310.pyc
byte-compiling /home/sunrise/xgo_demo/install/xgo_device/lib/python3.10/site-packages/xgo_device/__init__.py to __init__.cpython-310.pyc
byte-compiling /home/sunrise/xgo_demo/install/xgo_device/lib/python3.10/site-packages/xgo_device/display_utils.py to display_utils.cpython-310.pyc
byte-compiling /home/sunrise/xgo_demo/install/xgo_device/lib/python3.10/site-packages/xgo_device/device_info.py to device_info.cpython-310.pyc
running install_egg_info
Copying ../../build/xgo_device/xgo_device.egg-info to /home/sunrise/xgo_demo/install/xgo_device/lib/python3.10/site-packages/xgo_device-0.0.1-py3.10.egg-info
running install_scripts
Installing device_info script to /home/sunrise/xgo_demo/install/xgo_device/lib/xgo_device
writing list of installed files to '/home/sunrise/xgo_demo/build/xgo_device/install.log'
