[8.184s] Invoking command in '/home/sunrise/xgo_demo/src/xgo_device': PYTHONPATH=/home/sunrise/xgo_demo/build/xgo_device/prefix_override:/usr/lib/python3/dist-packages/colcon_core/task/python/colcon_distutils_commands:/home/sunrise/xgo_demo/install/xgo_device/lib/python3.10/site-packages:${PYTHONPATH} /usr/bin/python3 -W ignore:setup.py install is deprecated -W ignore:easy_install command is deprecated setup.py egg_info --egg-base ../../build/xgo_device build --build-base /home/sunrise/xgo_demo/build/xgo_device/build install --record /home/sunrise/xgo_demo/build/xgo_device/install.log --single-version-externally-managed
[10.177s] running egg_info
[10.193s] creating ../../build/xgo_device/xgo_device.egg-info
[10.198s] writing ../../build/xgo_device/xgo_device.egg-info/PKG-INFO
[10.205s] writing dependency_links to ../../build/xgo_device/xgo_device.egg-info/dependency_links.txt
[10.209s] writing entry points to ../../build/xgo_device/xgo_device.egg-info/entry_points.txt
[10.240s] writing requirements to ../../build/xgo_device/xgo_device.egg-info/requires.txt
[10.248s] writing top-level names to ../../build/xgo_device/xgo_device.egg-info/top_level.txt
[10.253s] writing manifest file '../../build/xgo_device/xgo_device.egg-info/SOURCES.txt'
[10.279s] reading manifest file '../../build/xgo_device/xgo_device.egg-info/SOURCES.txt'
[10.296s] writing manifest file '../../build/xgo_device/xgo_device.egg-info/SOURCES.txt'
[10.300s] running build
[10.304s] running build_py
[10.308s] creating /home/sunrise/xgo_demo/build/xgo_device/build
[10.312s] creating /home/sunrise/xgo_demo/build/xgo_device/build/lib
[10.316s] creating /home/sunrise/xgo_demo/build/xgo_device/build/lib/xgo_device
[10.320s] copying xgo_device/xgolib .py -> /home/sunrise/xgo_demo/build/xgo_device/build/lib/xgo_device
[10.325s] copying xgo_device/__init__.py -> /home/sunrise/xgo_demo/build/xgo_device/build/lib/xgo_device
[10.328s] copying xgo_device/display_utils.py -> /home/sunrise/xgo_demo/build/xgo_device/build/lib/xgo_device
[10.332s] copying xgo_device/device_info.py -> /home/sunrise/xgo_demo/build/xgo_device/build/lib/xgo_device
[10.336s] running install
[10.340s] running install_lib
[10.346s] creating /home/sunrise/xgo_demo/install/xgo_device/lib/python3.10/site-packages/xgo_device
[10.355s] copying /home/sunrise/xgo_demo/build/xgo_device/build/lib/xgo_device/xgolib .py -> /home/sunrise/xgo_demo/install/xgo_device/lib/python3.10/site-packages/xgo_device
[10.356s] copying /home/sunrise/xgo_demo/build/xgo_device/build/lib/xgo_device/__init__.py -> /home/sunrise/xgo_demo/install/xgo_device/lib/python3.10/site-packages/xgo_device
[10.357s] copying /home/sunrise/xgo_demo/build/xgo_device/build/lib/xgo_device/display_utils.py -> /home/sunrise/xgo_demo/install/xgo_device/lib/python3.10/site-packages/xgo_device
[10.358s] copying /home/sunrise/xgo_demo/build/xgo_device/build/lib/xgo_device/device_info.py -> /home/sunrise/xgo_demo/install/xgo_device/lib/python3.10/site-packages/xgo_device
[10.358s] byte-compiling /home/sunrise/xgo_demo/install/xgo_device/lib/python3.10/site-packages/xgo_device/xgolib .py to xgolib .cpython-310.pyc
[10.359s] byte-compiling /home/sunrise/xgo_demo/install/xgo_device/lib/python3.10/site-packages/xgo_device/__init__.py to __init__.cpython-310.pyc
[10.360s] byte-compiling /home/sunrise/xgo_demo/install/xgo_device/lib/python3.10/site-packages/xgo_device/display_utils.py to display_utils.cpython-310.pyc
[10.361s] byte-compiling /home/sunrise/xgo_demo/install/xgo_device/lib/python3.10/site-packages/xgo_device/device_info.py to device_info.cpython-310.pyc
[10.361s] running install_egg_info
[10.362s] Copying ../../build/xgo_device/xgo_device.egg-info to /home/sunrise/xgo_demo/install/xgo_device/lib/python3.10/site-packages/xgo_device-0.0.1-py3.10.egg-info
[10.363s] running install_scripts
[10.481s] Installing device_info script to /home/sunrise/xgo_demo/install/xgo_device/lib/xgo_device
[10.487s] writing list of installed files to '/home/sunrise/xgo_demo/build/xgo_device/install.log'
[10.756s] Invoked command in '/home/sunrise/xgo_demo/src/xgo_device' returned '0': PYTHONPATH=/home/sunrise/xgo_demo/build/xgo_device/prefix_override:/usr/lib/python3/dist-packages/colcon_core/task/python/colcon_distutils_commands:/home/sunrise/xgo_demo/install/xgo_device/lib/python3.10/site-packages:${PYTHONPATH} /usr/bin/python3 -W ignore:setup.py install is deprecated -W ignore:easy_install command is deprecated setup.py egg_info --egg-base ../../build/xgo_device build --build-base /home/sunrise/xgo_demo/build/xgo_device/build install --record /home/sunrise/xgo_demo/build/xgo_device/install.log --single-version-externally-managed
