[0.670s] DEBUG:colcon:Command line arguments: ['/usr/bin/colcon', 'build']
[0.670s] DEBUG:colcon:Parsed command line arguments: Namespace(log_base=None, log_level=None, verb_name='build', build_base='build', install_base='install', merge_install=False, symlink_install=False, test_result_base=None, continue_on_error=False, executor='parallel', parallel_workers=4, event_handlers=None, ignore_user_meta=False, metas=['./colcon.meta'], base_paths=['.'], packages_ignore=None, packages_ignore_regex=None, paths=None, packages_up_to=None, packages_up_to_regex=None, packages_above=None, packages_above_and_dependencies=None, packages_above_depth=None, packages_select_by_dep=None, packages_skip_by_dep=None, packages_skip_up_to=None, packages_select_build_failed=False, packages_skip_build_finished=False, packages_select_test_failures=False, packages_skip_test_passed=False, packages_select=None, packages_skip=None, packages_select_regex=None, packages_skip_regex=None, packages_start=None, packages_end=None, allow_overriding=[], cmake_args=None, cmake_target=None, cmake_target_skip_unavailable=False, cmake_clean_cache=False, cmake_clean_first=False, cmake_force_configure=False, ament_cmake_args=None, catkin_cmake_args=None, catkin_skip_building_tests=False, verb_parser=<colcon_defaults.argument_parser.defaults.DefaultArgumentsDecorator object at 0x7f7dc53340>, verb_extension=<colcon_core.verb.build.BuildVerb object at 0x7f7dc52e60>, main=<bound method BuildVerb.main of <colcon_core.verb.build.BuildVerb object at 0x7f7dc52e60>>)
[1.674s] Level 1:colcon.colcon_core.package_discovery:discover_packages(colcon_meta) check parameters
[1.675s] Level 1:colcon.colcon_core.package_discovery:discover_packages(recursive) check parameters
[1.675s] Level 1:colcon.colcon_core.package_discovery:discover_packages(ignore) check parameters
[1.676s] Level 1:colcon.colcon_core.package_discovery:discover_packages(path) check parameters
[1.676s] Level 1:colcon.colcon_core.package_discovery:discover_packages(colcon_meta) discover
[1.676s] Level 1:colcon.colcon_core.package_discovery:discover_packages(recursive) discover
[1.677s] INFO:colcon.colcon_core.package_discovery:Crawling recursively for packages in '/home/sunrise/xgo_demo'
[1.677s] Level 1:colcon.colcon_core.package_identification:_identify(.) by extensions ['ignore', 'ignore_ament_install']
[1.678s] Level 1:colcon.colcon_core.package_identification:_identify(.) by extension 'ignore'
[1.678s] Level 1:colcon.colcon_core.package_identification:_identify(.) by extension 'ignore_ament_install'
[1.679s] Level 1:colcon.colcon_core.package_identification:_identify(.) by extensions ['colcon_pkg']
[1.679s] Level 1:colcon.colcon_core.package_identification:_identify(.) by extension 'colcon_pkg'
[1.679s] Level 1:colcon.colcon_core.package_identification:_identify(.) by extensions ['colcon_meta']
[1.679s] Level 1:colcon.colcon_core.package_identification:_identify(.) by extension 'colcon_meta'
[1.680s] Level 1:colcon.colcon_core.package_identification:_identify(.) by extensions ['ros']
[1.680s] Level 1:colcon.colcon_core.package_identification:_identify(.) by extension 'ros'
[1.754s] Level 1:colcon.colcon_core.package_identification:_identify(.) by extensions ['cmake', 'python']
[1.754s] Level 1:colcon.colcon_core.package_identification:_identify(.) by extension 'cmake'
[1.755s] Level 1:colcon.colcon_core.package_identification:_identify(.) by extension 'python'
[1.755s] Level 1:colcon.colcon_core.package_identification:_identify(.) by extensions ['python_setup_py']
[1.755s] Level 1:colcon.colcon_core.package_identification:_identify(.) by extension 'python_setup_py'
[1.756s] Level 1:colcon.colcon_core.package_identification:_identify(build) by extensions ['ignore', 'ignore_ament_install']
[1.757s] Level 1:colcon.colcon_core.package_identification:_identify(build) by extension 'ignore'
[1.757s] Level 1:colcon.colcon_core.package_identification:_identify(build) ignored
[1.758s] Level 1:colcon.colcon_core.package_identification:_identify(config) by extensions ['ignore', 'ignore_ament_install']
[1.758s] Level 1:colcon.colcon_core.package_identification:_identify(config) by extension 'ignore'
[1.759s] Level 1:colcon.colcon_core.package_identification:_identify(config) by extension 'ignore_ament_install'
[1.759s] Level 1:colcon.colcon_core.package_identification:_identify(config) by extensions ['colcon_pkg']
[1.760s] Level 1:colcon.colcon_core.package_identification:_identify(config) by extension 'colcon_pkg'
[1.760s] Level 1:colcon.colcon_core.package_identification:_identify(config) by extensions ['colcon_meta']
[1.760s] Level 1:colcon.colcon_core.package_identification:_identify(config) by extension 'colcon_meta'
[1.761s] Level 1:colcon.colcon_core.package_identification:_identify(config) by extensions ['ros']
[1.761s] Level 1:colcon.colcon_core.package_identification:_identify(config) by extension 'ros'
[1.761s] Level 1:colcon.colcon_core.package_identification:_identify(config) by extensions ['cmake', 'python']
[1.762s] Level 1:colcon.colcon_core.package_identification:_identify(config) by extension 'cmake'
[1.762s] Level 1:colcon.colcon_core.package_identification:_identify(config) by extension 'python'
[1.762s] Level 1:colcon.colcon_core.package_identification:_identify(config) by extensions ['python_setup_py']
[1.762s] Level 1:colcon.colcon_core.package_identification:_identify(config) by extension 'python_setup_py'
[1.763s] Level 1:colcon.colcon_core.package_identification:_identify(config/efficient_det) by extensions ['ignore', 'ignore_ament_install']
[1.764s] Level 1:colcon.colcon_core.package_identification:_identify(config/efficient_det) by extension 'ignore'
[1.765s] Level 1:colcon.colcon_core.package_identification:_identify(config/efficient_det) by extension 'ignore_ament_install'
[1.765s] Level 1:colcon.colcon_core.package_identification:_identify(config/efficient_det) by extensions ['colcon_pkg']
[1.765s] Level 1:colcon.colcon_core.package_identification:_identify(config/efficient_det) by extension 'colcon_pkg'
[1.766s] Level 1:colcon.colcon_core.package_identification:_identify(config/efficient_det) by extensions ['colcon_meta']
[1.766s] Level 1:colcon.colcon_core.package_identification:_identify(config/efficient_det) by extension 'colcon_meta'
[1.767s] Level 1:colcon.colcon_core.package_identification:_identify(config/efficient_det) by extensions ['ros']
[1.767s] Level 1:colcon.colcon_core.package_identification:_identify(config/efficient_det) by extension 'ros'
[1.768s] Level 1:colcon.colcon_core.package_identification:_identify(config/efficient_det) by extensions ['cmake', 'python']
[1.768s] Level 1:colcon.colcon_core.package_identification:_identify(config/efficient_det) by extension 'cmake'
[1.768s] Level 1:colcon.colcon_core.package_identification:_identify(config/efficient_det) by extension 'python'
[1.769s] Level 1:colcon.colcon_core.package_identification:_identify(config/efficient_det) by extensions ['python_setup_py']
[1.769s] Level 1:colcon.colcon_core.package_identification:_identify(config/efficient_det) by extension 'python_setup_py'
[1.770s] Level 1:colcon.colcon_core.package_identification:_identify(install) by extensions ['ignore', 'ignore_ament_install']
[1.770s] Level 1:colcon.colcon_core.package_identification:_identify(install) by extension 'ignore'
[1.770s] Level 1:colcon.colcon_core.package_identification:_identify(install) ignored
[1.771s] Level 1:colcon.colcon_core.package_identification:_identify(log) by extensions ['ignore', 'ignore_ament_install']
[1.772s] Level 1:colcon.colcon_core.package_identification:_identify(log) by extension 'ignore'
[1.772s] Level 1:colcon.colcon_core.package_identification:_identify(log) ignored
[1.773s] Level 1:colcon.colcon_core.package_identification:_identify(src) by extensions ['ignore', 'ignore_ament_install']
[1.774s] Level 1:colcon.colcon_core.package_identification:_identify(src) by extension 'ignore'
[1.774s] Level 1:colcon.colcon_core.package_identification:_identify(src) by extension 'ignore_ament_install'
[1.774s] Level 1:colcon.colcon_core.package_identification:_identify(src) by extensions ['colcon_pkg']
[1.775s] Level 1:colcon.colcon_core.package_identification:_identify(src) by extension 'colcon_pkg'
[1.775s] Level 1:colcon.colcon_core.package_identification:_identify(src) by extensions ['colcon_meta']
[1.775s] Level 1:colcon.colcon_core.package_identification:_identify(src) by extension 'colcon_meta'
[1.776s] Level 1:colcon.colcon_core.package_identification:_identify(src) by extensions ['ros']
[1.776s] Level 1:colcon.colcon_core.package_identification:_identify(src) by extension 'ros'
[1.777s] Level 1:colcon.colcon_core.package_identification:_identify(src) by extensions ['cmake', 'python']
[1.777s] Level 1:colcon.colcon_core.package_identification:_identify(src) by extension 'cmake'
[1.777s] Level 1:colcon.colcon_core.package_identification:_identify(src) by extension 'python'
[1.777s] Level 1:colcon.colcon_core.package_identification:_identify(src) by extensions ['python_setup_py']
[1.778s] Level 1:colcon.colcon_core.package_identification:_identify(src) by extension 'python_setup_py'
[1.778s] Level 1:colcon.colcon_core.package_identification:_identify(src/xgo_body) by extensions ['ignore', 'ignore_ament_install']
[1.779s] Level 1:colcon.colcon_core.package_identification:_identify(src/xgo_body) by extension 'ignore'
[1.779s] Level 1:colcon.colcon_core.package_identification:_identify(src/xgo_body) by extension 'ignore_ament_install'
[1.780s] Level 1:colcon.colcon_core.package_identification:_identify(src/xgo_body) by extensions ['colcon_pkg']
[1.780s] Level 1:colcon.colcon_core.package_identification:_identify(src/xgo_body) by extension 'colcon_pkg'
[1.780s] Level 1:colcon.colcon_core.package_identification:_identify(src/xgo_body) by extensions ['colcon_meta']
[1.781s] Level 1:colcon.colcon_core.package_identification:_identify(src/xgo_body) by extension 'colcon_meta'
[1.781s] Level 1:colcon.colcon_core.package_identification:_identify(src/xgo_body) by extensions ['ros']
[1.781s] Level 1:colcon.colcon_core.package_identification:_identify(src/xgo_body) by extension 'ros'
[1.796s] DEBUG:colcon.colcon_core.package_identification:Package 'src/xgo_body' with type 'ros.ament_cmake' and name 'xgo_body'
[1.796s] Level 1:colcon.colcon_core.package_identification:_identify(src/xgo_body_py) by extensions ['ignore', 'ignore_ament_install']
[1.797s] Level 1:colcon.colcon_core.package_identification:_identify(src/xgo_body_py) by extension 'ignore'
[1.797s] Level 1:colcon.colcon_core.package_identification:_identify(src/xgo_body_py) by extension 'ignore_ament_install'
[1.798s] Level 1:colcon.colcon_core.package_identification:_identify(src/xgo_body_py) by extensions ['colcon_pkg']
[1.798s] Level 1:colcon.colcon_core.package_identification:_identify(src/xgo_body_py) by extension 'colcon_pkg'
[1.798s] Level 1:colcon.colcon_core.package_identification:_identify(src/xgo_body_py) by extensions ['colcon_meta']
[1.799s] Level 1:colcon.colcon_core.package_identification:_identify(src/xgo_body_py) by extension 'colcon_meta'
[1.799s] Level 1:colcon.colcon_core.package_identification:_identify(src/xgo_body_py) by extensions ['ros']
[1.799s] Level 1:colcon.colcon_core.package_identification:_identify(src/xgo_body_py) by extension 'ros'
[1.813s] DEBUG:colcon.colcon_core.package_identification:Package 'src/xgo_body_py' with type 'ros.ament_python' and name 'xgo_body_py'
[1.814s] Level 1:colcon.colcon_core.package_identification:_identify(src/xgo_head) by extensions ['ignore', 'ignore_ament_install']
[1.815s] Level 1:colcon.colcon_core.package_identification:_identify(src/xgo_head) by extension 'ignore'
[1.815s] Level 1:colcon.colcon_core.package_identification:_identify(src/xgo_head) by extension 'ignore_ament_install'
[1.816s] Level 1:colcon.colcon_core.package_identification:_identify(src/xgo_head) by extensions ['colcon_pkg']
[1.816s] Level 1:colcon.colcon_core.package_identification:_identify(src/xgo_head) by extension 'colcon_pkg'
[1.816s] Level 1:colcon.colcon_core.package_identification:_identify(src/xgo_head) by extensions ['colcon_meta']
[1.817s] Level 1:colcon.colcon_core.package_identification:_identify(src/xgo_head) by extension 'colcon_meta'
[1.817s] Level 1:colcon.colcon_core.package_identification:_identify(src/xgo_head) by extensions ['ros']
[1.817s] Level 1:colcon.colcon_core.package_identification:_identify(src/xgo_head) by extension 'ros'
[1.821s] DEBUG:colcon.colcon_core.package_identification:Package 'src/xgo_head' with type 'ros.ament_cmake' and name 'xgo_head'
[1.821s] Level 1:colcon.colcon_core.package_discovery:discover_packages(recursive) using defaults
[1.822s] Level 1:colcon.colcon_core.package_discovery:discover_packages(ignore) discover
[1.822s] Level 1:colcon.colcon_core.package_discovery:discover_packages(ignore) using defaults
[1.822s] Level 1:colcon.colcon_core.package_discovery:discover_packages(path) discover
[1.822s] Level 1:colcon.colcon_core.package_discovery:discover_packages(path) using defaults
[1.944s] Level 1:colcon.colcon_core.package_discovery:discover_packages(prefix_path) check parameters
[1.944s] Level 1:colcon.colcon_core.package_discovery:discover_packages(prefix_path) discover
[1.955s] DEBUG:colcon.colcon_installed_package_information.package_discovery:Found 3 installed packages in /home/sunrise/xgo_demo/install
[1.958s] DEBUG:colcon.colcon_installed_package_information.package_discovery:Found 49 installed packages in /opt/tros/humble
[1.967s] DEBUG:colcon.colcon_installed_package_information.package_discovery:Found 183 installed packages in /opt/ros/humble
[1.976s] Level 1:colcon.colcon_core.package_discovery:discover_packages(prefix_path) using defaults
[2.260s] Level 5:colcon.colcon_core.verb:set package 'xgo_body' build argument 'cmake_args' from command line to 'None'
[2.261s] Level 5:colcon.colcon_core.verb:set package 'xgo_body' build argument 'cmake_target' from command line to 'None'
[2.261s] Level 5:colcon.colcon_core.verb:set package 'xgo_body' build argument 'cmake_target_skip_unavailable' from command line to 'False'
[2.261s] Level 5:colcon.colcon_core.verb:set package 'xgo_body' build argument 'cmake_clean_cache' from command line to 'False'
[2.261s] Level 5:colcon.colcon_core.verb:set package 'xgo_body' build argument 'cmake_clean_first' from command line to 'False'
[2.261s] Level 5:colcon.colcon_core.verb:set package 'xgo_body' build argument 'cmake_force_configure' from command line to 'False'
[2.262s] Level 5:colcon.colcon_core.verb:set package 'xgo_body' build argument 'ament_cmake_args' from command line to 'None'
[2.262s] Level 5:colcon.colcon_core.verb:set package 'xgo_body' build argument 'catkin_cmake_args' from command line to 'None'
[2.262s] Level 5:colcon.colcon_core.verb:set package 'xgo_body' build argument 'catkin_skip_building_tests' from command line to 'False'
[2.262s] DEBUG:colcon.colcon_core.verb:Building package 'xgo_body' with the following arguments: {'ament_cmake_args': None, 'build_base': '/home/sunrise/xgo_demo/build/xgo_body', 'catkin_cmake_args': None, 'catkin_skip_building_tests': False, 'cmake_args': None, 'cmake_clean_cache': False, 'cmake_clean_first': False, 'cmake_force_configure': False, 'cmake_target': None, 'cmake_target_skip_unavailable': False, 'install_base': '/home/sunrise/xgo_demo/install/xgo_body', 'merge_install': False, 'path': '/home/sunrise/xgo_demo/src/xgo_body', 'symlink_install': False, 'test_result_base': None}
[2.265s] Level 5:colcon.colcon_core.verb:set package 'xgo_body_py' build argument 'cmake_args' from command line to 'None'
[2.265s] Level 5:colcon.colcon_core.verb:set package 'xgo_body_py' build argument 'cmake_target' from command line to 'None'
[2.265s] Level 5:colcon.colcon_core.verb:set package 'xgo_body_py' build argument 'cmake_target_skip_unavailable' from command line to 'False'
[2.266s] Level 5:colcon.colcon_core.verb:set package 'xgo_body_py' build argument 'cmake_clean_cache' from command line to 'False'
[2.266s] Level 5:colcon.colcon_core.verb:set package 'xgo_body_py' build argument 'cmake_clean_first' from command line to 'False'
[2.266s] Level 5:colcon.colcon_core.verb:set package 'xgo_body_py' build argument 'cmake_force_configure' from command line to 'False'
[2.266s] Level 5:colcon.colcon_core.verb:set package 'xgo_body_py' build argument 'ament_cmake_args' from command line to 'None'
[2.266s] Level 5:colcon.colcon_core.verb:set package 'xgo_body_py' build argument 'catkin_cmake_args' from command line to 'None'
[2.266s] Level 5:colcon.colcon_core.verb:set package 'xgo_body_py' build argument 'catkin_skip_building_tests' from command line to 'False'
[2.267s] DEBUG:colcon.colcon_core.verb:Building package 'xgo_body_py' with the following arguments: {'ament_cmake_args': None, 'build_base': '/home/sunrise/xgo_demo/build/xgo_body_py', 'catkin_cmake_args': None, 'catkin_skip_building_tests': False, 'cmake_args': None, 'cmake_clean_cache': False, 'cmake_clean_first': False, 'cmake_force_configure': False, 'cmake_target': None, 'cmake_target_skip_unavailable': False, 'install_base': '/home/sunrise/xgo_demo/install/xgo_body_py', 'merge_install': False, 'path': '/home/sunrise/xgo_demo/src/xgo_body_py', 'symlink_install': False, 'test_result_base': None}
[2.269s] Level 5:colcon.colcon_core.verb:set package 'xgo_head' build argument 'cmake_args' from command line to 'None'
[2.270s] Level 5:colcon.colcon_core.verb:set package 'xgo_head' build argument 'cmake_target' from command line to 'None'
[2.270s] Level 5:colcon.colcon_core.verb:set package 'xgo_head' build argument 'cmake_target_skip_unavailable' from command line to 'False'
[2.270s] Level 5:colcon.colcon_core.verb:set package 'xgo_head' build argument 'cmake_clean_cache' from command line to 'False'
[2.270s] Level 5:colcon.colcon_core.verb:set package 'xgo_head' build argument 'cmake_clean_first' from command line to 'False'
[2.270s] Level 5:colcon.colcon_core.verb:set package 'xgo_head' build argument 'cmake_force_configure' from command line to 'False'
[2.271s] Level 5:colcon.colcon_core.verb:set package 'xgo_head' build argument 'ament_cmake_args' from command line to 'None'
[2.271s] Level 5:colcon.colcon_core.verb:set package 'xgo_head' build argument 'catkin_cmake_args' from command line to 'None'
[2.271s] Level 5:colcon.colcon_core.verb:set package 'xgo_head' build argument 'catkin_skip_building_tests' from command line to 'False'
[2.271s] DEBUG:colcon.colcon_core.verb:Building package 'xgo_head' with the following arguments: {'ament_cmake_args': None, 'build_base': '/home/sunrise/xgo_demo/build/xgo_head', 'catkin_cmake_args': None, 'catkin_skip_building_tests': False, 'cmake_args': None, 'cmake_clean_cache': False, 'cmake_clean_first': False, 'cmake_force_configure': False, 'cmake_target': None, 'cmake_target_skip_unavailable': False, 'install_base': '/home/sunrise/xgo_demo/install/xgo_head', 'merge_install': False, 'path': '/home/sunrise/xgo_demo/src/xgo_head', 'symlink_install': False, 'test_result_base': None}
[2.272s] INFO:colcon.colcon_core.executor:Executing jobs using 'parallel' executor
[2.278s] DEBUG:colcon.colcon_parallel_executor.executor.parallel:run_until_complete
[2.279s] INFO:colcon.colcon_ros.task.ament_cmake.build:Building ROS package in '/home/sunrise/xgo_demo/src/xgo_body' with build type 'ament_cmake'
[2.280s] INFO:colcon.colcon_cmake.task.cmake.build:Building CMake package in '/home/sunrise/xgo_demo/src/xgo_body'
[2.294s] INFO:colcon.colcon_core.plugin_system:Skipping extension 'colcon_core.shell.bat': Not used on non-Windows systems
[2.296s] INFO:colcon.colcon_core.shell:Skip shell extension 'powershell' for command environment: Not usable outside of PowerShell
[2.296s] DEBUG:colcon.colcon_core.shell:Skip shell extension 'dsv' for command environment
[2.315s] INFO:colcon.colcon_ros.task.ament_python.build:Building ROS package in '/home/sunrise/xgo_demo/src/xgo_body_py' with build type 'ament_python'
[2.317s] Level 1:colcon.colcon_core.shell:create_environment_hook('xgo_body_py', 'ament_prefix_path')
[2.319s] INFO:colcon.colcon_core.shell:Creating environment hook '/home/sunrise/xgo_demo/install/xgo_body_py/share/xgo_body_py/hook/ament_prefix_path.ps1'
[2.323s] INFO:colcon.colcon_core.shell:Creating environment descriptor '/home/sunrise/xgo_demo/install/xgo_body_py/share/xgo_body_py/hook/ament_prefix_path.dsv'
[2.326s] INFO:colcon.colcon_core.shell:Creating environment hook '/home/sunrise/xgo_demo/install/xgo_body_py/share/xgo_body_py/hook/ament_prefix_path.sh'
[2.331s] INFO:colcon.colcon_core.shell:Skip shell extension 'powershell' for command environment: Not usable outside of PowerShell
[2.332s] DEBUG:colcon.colcon_core.shell:Skip shell extension 'dsv' for command environment
[2.349s] INFO:colcon.colcon_ros.task.ament_cmake.build:Building ROS package in '/home/sunrise/xgo_demo/src/xgo_head' with build type 'ament_cmake'
[2.350s] INFO:colcon.colcon_cmake.task.cmake.build:Building CMake package in '/home/sunrise/xgo_demo/src/xgo_head'
[2.356s] INFO:colcon.colcon_core.shell:Skip shell extension 'powershell' for command environment: Not usable outside of PowerShell
[2.357s] DEBUG:colcon.colcon_core.shell:Skip shell extension 'dsv' for command environment
[2.399s] DEBUG:colcon.colcon_core.event_handler.log_command:Invoking command in '/home/sunrise/xgo_demo/build/xgo_body': CMAKE_PREFIX_PATH=${CMAKE_PREFIX_PATH}:/home/sunrise/xgo_demo/install/xgo_body_py:/opt/tros/humble:/opt/ros/humble /usr/bin/cmake --build /home/sunrise/xgo_demo/build/xgo_body -- -j4 -l4
[4.454s] INFO:colcon.colcon_core.task.python.build:Building Python package in '/home/sunrise/xgo_demo/src/xgo_body_py'
[4.456s] INFO:colcon.colcon_core.shell:Skip shell extension 'powershell' for command environment: Not usable outside of PowerShell
[4.457s] DEBUG:colcon.colcon_core.shell:Skip shell extension 'dsv' for command environment
[4.493s] DEBUG:colcon.colcon_core.event_handler.log_command:Invoking command in '/home/sunrise/xgo_demo/build/xgo_head': CMAKE_PREFIX_PATH=${CMAKE_PREFIX_PATH}:/home/sunrise/xgo_demo/install/xgo_body_py:/opt/tros/humble:/opt/ros/humble /usr/bin/cmake --build /home/sunrise/xgo_demo/build/xgo_head -- -j4 -l4
[5.090s] DEBUG:colcon.colcon_core.event_handler.log_command:Invoked command in '/home/sunrise/xgo_demo/build/xgo_body' returned '0': CMAKE_PREFIX_PATH=${CMAKE_PREFIX_PATH}:/home/sunrise/xgo_demo/install/xgo_body_py:/opt/tros/humble:/opt/ros/humble /usr/bin/cmake --build /home/sunrise/xgo_demo/build/xgo_body -- -j4 -l4
[5.131s] DEBUG:colcon.colcon_core.event_handler.log_command:Invoking command in '/home/sunrise/xgo_demo/build/xgo_body': CMAKE_PREFIX_PATH=${CMAKE_PREFIX_PATH}:/home/sunrise/xgo_demo/install/xgo_body_py:/opt/tros/humble:/opt/ros/humble /usr/bin/cmake --install /home/sunrise/xgo_demo/build/xgo_body
[5.718s] Level 1:colcon.colcon_core.environment:create_environment_scripts_only(xgo_body)
[5.746s] Level 1:colcon.colcon_core.environment:checking '/home/sunrise/xgo_demo/install/xgo_body' for CMake module files
[5.751s] Level 1:colcon.colcon_core.environment:checking '/home/sunrise/xgo_demo/install/xgo_body' for CMake config files
[5.753s] Level 1:colcon.colcon_core.shell:create_environment_hook('xgo_body', 'cmake_prefix_path')
[5.755s] INFO:colcon.colcon_core.shell:Creating environment hook '/home/sunrise/xgo_demo/install/xgo_body/share/xgo_body/hook/cmake_prefix_path.ps1'
[5.765s] INFO:colcon.colcon_core.shell:Creating environment descriptor '/home/sunrise/xgo_demo/install/xgo_body/share/xgo_body/hook/cmake_prefix_path.dsv'
[5.768s] INFO:colcon.colcon_core.shell:Creating environment hook '/home/sunrise/xgo_demo/install/xgo_body/share/xgo_body/hook/cmake_prefix_path.sh'
[5.779s] DEBUG:colcon.colcon_core.event_handler.log_command:Invoked command in '/home/sunrise/xgo_demo/build/xgo_body' returned '0': CMAKE_PREFIX_PATH=${CMAKE_PREFIX_PATH}:/home/sunrise/xgo_demo/install/xgo_body_py:/opt/tros/humble:/opt/ros/humble /usr/bin/cmake --install /home/sunrise/xgo_demo/build/xgo_body
[5.782s] Level 1:colcon.colcon_core.environment:checking '/home/sunrise/xgo_demo/install/xgo_body/lib'
[5.783s] Level 1:colcon.colcon_core.shell:create_environment_hook('xgo_body', 'ld_library_path_lib')
[5.785s] INFO:colcon.colcon_core.shell:Creating environment hook '/home/sunrise/xgo_demo/install/xgo_body/share/xgo_body/hook/ld_library_path_lib.ps1'
[5.790s] INFO:colcon.colcon_core.shell:Creating environment descriptor '/home/sunrise/xgo_demo/install/xgo_body/share/xgo_body/hook/ld_library_path_lib.dsv'
[5.792s] INFO:colcon.colcon_core.shell:Creating environment hook '/home/sunrise/xgo_demo/install/xgo_body/share/xgo_body/hook/ld_library_path_lib.sh'
[5.795s] Level 1:colcon.colcon_core.environment:checking '/home/sunrise/xgo_demo/install/xgo_body/bin'
[5.796s] Level 1:colcon.colcon_core.environment:checking '/home/sunrise/xgo_demo/install/xgo_body/lib/pkgconfig/xgo_body.pc'
[5.799s] Level 1:colcon.colcon_core.environment:checking '/home/sunrise/xgo_demo/install/xgo_body/lib/python3.10/site-packages'
[5.803s] Level 1:colcon.colcon_core.environment:checking '/home/sunrise/xgo_demo/install/xgo_body/bin'
[5.806s] INFO:colcon.colcon_core.shell:Creating package script '/home/sunrise/xgo_demo/install/xgo_body/share/xgo_body/package.ps1'
[5.812s] INFO:colcon.colcon_core.shell:Creating package descriptor '/home/sunrise/xgo_demo/install/xgo_body/share/xgo_body/package.dsv'
[5.816s] INFO:colcon.colcon_core.shell:Creating package script '/home/sunrise/xgo_demo/install/xgo_body/share/xgo_body/package.sh'
[5.824s] INFO:colcon.colcon_core.shell:Creating package script '/home/sunrise/xgo_demo/install/xgo_body/share/xgo_body/package.bash'
[5.832s] INFO:colcon.colcon_core.shell:Creating package script '/home/sunrise/xgo_demo/install/xgo_body/share/xgo_body/package.zsh'
[5.840s] Level 1:colcon.colcon_core.environment:create_file_with_runtime_dependencies(/home/sunrise/xgo_demo/install/xgo_body/share/colcon-core/packages/xgo_body)
[5.845s] Level 1:colcon.colcon_core.environment:create_environment_scripts_only(xgo_body)
[5.850s] Level 1:colcon.colcon_core.environment:checking '/home/sunrise/xgo_demo/install/xgo_body' for CMake module files
[5.855s] Level 1:colcon.colcon_core.environment:checking '/home/sunrise/xgo_demo/install/xgo_body' for CMake config files
[5.858s] Level 1:colcon.colcon_core.shell:create_environment_hook('xgo_body', 'cmake_prefix_path')
[5.861s] INFO:colcon.colcon_core.shell:Creating environment hook '/home/sunrise/xgo_demo/install/xgo_body/share/xgo_body/hook/cmake_prefix_path.ps1'
[5.864s] INFO:colcon.colcon_core.shell:Creating environment descriptor '/home/sunrise/xgo_demo/install/xgo_body/share/xgo_body/hook/cmake_prefix_path.dsv'
[5.866s] INFO:colcon.colcon_core.shell:Creating environment hook '/home/sunrise/xgo_demo/install/xgo_body/share/xgo_body/hook/cmake_prefix_path.sh'
[5.873s] Level 1:colcon.colcon_core.environment:checking '/home/sunrise/xgo_demo/install/xgo_body/lib'
[5.874s] Level 1:colcon.colcon_core.shell:create_environment_hook('xgo_body', 'ld_library_path_lib')
[5.876s] INFO:colcon.colcon_core.shell:Creating environment hook '/home/sunrise/xgo_demo/install/xgo_body/share/xgo_body/hook/ld_library_path_lib.ps1'
[5.879s] INFO:colcon.colcon_core.shell:Creating environment descriptor '/home/sunrise/xgo_demo/install/xgo_body/share/xgo_body/hook/ld_library_path_lib.dsv'
[5.883s] INFO:colcon.colcon_core.shell:Creating environment hook '/home/sunrise/xgo_demo/install/xgo_body/share/xgo_body/hook/ld_library_path_lib.sh'
[5.887s] Level 1:colcon.colcon_core.environment:checking '/home/sunrise/xgo_demo/install/xgo_body/bin'
[5.888s] Level 1:colcon.colcon_core.environment:checking '/home/sunrise/xgo_demo/install/xgo_body/lib/pkgconfig/xgo_body.pc'
[5.890s] Level 1:colcon.colcon_core.environment:checking '/home/sunrise/xgo_demo/install/xgo_body/lib/python3.10/site-packages'
[5.892s] Level 1:colcon.colcon_core.environment:checking '/home/sunrise/xgo_demo/install/xgo_body/bin'
[5.895s] INFO:colcon.colcon_core.shell:Creating package script '/home/sunrise/xgo_demo/install/xgo_body/share/xgo_body/package.ps1'
[5.899s] INFO:colcon.colcon_core.shell:Creating package descriptor '/home/sunrise/xgo_demo/install/xgo_body/share/xgo_body/package.dsv'
[5.905s] INFO:colcon.colcon_core.shell:Creating package script '/home/sunrise/xgo_demo/install/xgo_body/share/xgo_body/package.sh'
[5.910s] INFO:colcon.colcon_core.shell:Creating package script '/home/sunrise/xgo_demo/install/xgo_body/share/xgo_body/package.bash'
[5.913s] INFO:colcon.colcon_core.shell:Creating package script '/home/sunrise/xgo_demo/install/xgo_body/share/xgo_body/package.zsh'
[5.916s] Level 1:colcon.colcon_core.environment:create_file_with_runtime_dependencies(/home/sunrise/xgo_demo/install/xgo_body/share/colcon-core/packages/xgo_body)
[7.286s] DEBUG:colcon.colcon_core.event_handler.log_command:Invoking command in '/home/sunrise/xgo_demo/src/xgo_body_py': PYTHONPATH=/home/sunrise/xgo_demo/build/xgo_body_py/prefix_override:/usr/lib/python3/dist-packages/colcon_core/task/python/colcon_distutils_commands:/home/sunrise/xgo_demo/install/xgo_body_py/lib/python3.10/site-packages:${PYTHONPATH} /usr/bin/python3 -W ignore:setup.py install is deprecated -W ignore:easy_install command is deprecated setup.py egg_info --egg-base ../../build/xgo_body_py build --build-base /home/sunrise/xgo_demo/build/xgo_body_py/build install --record /home/sunrise/xgo_demo/build/xgo_body_py/install.log --single-version-externally-managed install_data
[9.627s] Level 1:colcon.colcon_core.environment:checking '/home/sunrise/xgo_demo/install/xgo_body_py' for CMake module files
[9.632s] DEBUG:colcon.colcon_core.event_handler.log_command:Invoked command in '/home/sunrise/xgo_demo/src/xgo_body_py' returned '0': PYTHONPATH=/home/sunrise/xgo_demo/build/xgo_body_py/prefix_override:/usr/lib/python3/dist-packages/colcon_core/task/python/colcon_distutils_commands:/home/sunrise/xgo_demo/install/xgo_body_py/lib/python3.10/site-packages:${PYTHONPATH} /usr/bin/python3 -W ignore:setup.py install is deprecated -W ignore:easy_install command is deprecated setup.py egg_info --egg-base ../../build/xgo_body_py build --build-base /home/sunrise/xgo_demo/build/xgo_body_py/build install --record /home/sunrise/xgo_demo/build/xgo_body_py/install.log --single-version-externally-managed install_data
[9.634s] Level 1:colcon.colcon_core.environment:checking '/home/sunrise/xgo_demo/install/xgo_body_py' for CMake config files
[9.637s] Level 1:colcon.colcon_core.environment:checking '/home/sunrise/xgo_demo/install/xgo_body_py/lib'
[9.638s] Level 1:colcon.colcon_core.environment:checking '/home/sunrise/xgo_demo/install/xgo_body_py/bin'
[9.638s] Level 1:colcon.colcon_core.environment:checking '/home/sunrise/xgo_demo/install/xgo_body_py/lib/pkgconfig/xgo_body_py.pc'
[9.640s] Level 1:colcon.colcon_core.environment:checking '/home/sunrise/xgo_demo/install/xgo_body_py/lib/python3.10/site-packages'
[9.641s] Level 1:colcon.colcon_core.shell:create_environment_hook('xgo_body_py', 'pythonpath')
[9.643s] INFO:colcon.colcon_core.shell:Creating environment hook '/home/sunrise/xgo_demo/install/xgo_body_py/share/xgo_body_py/hook/pythonpath.ps1'
[9.646s] INFO:colcon.colcon_core.shell:Creating environment descriptor '/home/sunrise/xgo_demo/install/xgo_body_py/share/xgo_body_py/hook/pythonpath.dsv'
[9.649s] INFO:colcon.colcon_core.shell:Creating environment hook '/home/sunrise/xgo_demo/install/xgo_body_py/share/xgo_body_py/hook/pythonpath.sh'
[9.653s] Level 1:colcon.colcon_core.environment:checking '/home/sunrise/xgo_demo/install/xgo_body_py/bin'
[9.654s] Level 1:colcon.colcon_core.environment:create_environment_scripts_only(xgo_body_py)
[9.656s] INFO:colcon.colcon_core.shell:Creating package script '/home/sunrise/xgo_demo/install/xgo_body_py/share/xgo_body_py/package.ps1'
[9.660s] INFO:colcon.colcon_core.shell:Creating package descriptor '/home/sunrise/xgo_demo/install/xgo_body_py/share/xgo_body_py/package.dsv'
[9.664s] INFO:colcon.colcon_core.shell:Creating package script '/home/sunrise/xgo_demo/install/xgo_body_py/share/xgo_body_py/package.sh'
[9.667s] INFO:colcon.colcon_core.shell:Creating package script '/home/sunrise/xgo_demo/install/xgo_body_py/share/xgo_body_py/package.bash'
[9.670s] INFO:colcon.colcon_core.shell:Creating package script '/home/sunrise/xgo_demo/install/xgo_body_py/share/xgo_body_py/package.zsh'
[9.673s] Level 1:colcon.colcon_core.environment:create_file_with_runtime_dependencies(/home/sunrise/xgo_demo/install/xgo_body_py/share/colcon-core/packages/xgo_body_py)
[148.265s] DEBUG:colcon.colcon_core.event_handler.log_command:Invoked command in '/home/sunrise/xgo_demo/build/xgo_head' returned '0': CMAKE_PREFIX_PATH=${CMAKE_PREFIX_PATH}:/home/sunrise/xgo_demo/install/xgo_body_py:/opt/tros/humble:/opt/ros/humble /usr/bin/cmake --build /home/sunrise/xgo_demo/build/xgo_head -- -j4 -l4
[148.273s] DEBUG:colcon.colcon_core.event_handler.log_command:Invoking command in '/home/sunrise/xgo_demo/build/xgo_head': CMAKE_PREFIX_PATH=${CMAKE_PREFIX_PATH}:/home/sunrise/xgo_demo/install/xgo_body_py:/opt/tros/humble:/opt/ros/humble /usr/bin/cmake --install /home/sunrise/xgo_demo/build/xgo_head
[148.374s] Level 1:colcon.colcon_core.environment:create_environment_scripts_only(xgo_head)
[148.376s] Level 1:colcon.colcon_core.environment:checking '/home/sunrise/xgo_demo/install/xgo_head' for CMake module files
[148.381s] DEBUG:colcon.colcon_core.event_handler.log_command:Invoked command in '/home/sunrise/xgo_demo/build/xgo_head' returned '0': CMAKE_PREFIX_PATH=${CMAKE_PREFIX_PATH}:/home/sunrise/xgo_demo/install/xgo_body_py:/opt/tros/humble:/opt/ros/humble /usr/bin/cmake --install /home/sunrise/xgo_demo/build/xgo_head
[148.383s] Level 1:colcon.colcon_core.environment:checking '/home/sunrise/xgo_demo/install/xgo_head' for CMake config files
[148.383s] Level 1:colcon.colcon_core.shell:create_environment_hook('xgo_head', 'cmake_prefix_path')
[148.385s] INFO:colcon.colcon_core.shell:Creating environment hook '/home/sunrise/xgo_demo/install/xgo_head/share/xgo_head/hook/cmake_prefix_path.ps1'
[148.389s] INFO:colcon.colcon_core.shell:Creating environment descriptor '/home/sunrise/xgo_demo/install/xgo_head/share/xgo_head/hook/cmake_prefix_path.dsv'
[148.392s] INFO:colcon.colcon_core.shell:Creating environment hook '/home/sunrise/xgo_demo/install/xgo_head/share/xgo_head/hook/cmake_prefix_path.sh'
[148.397s] Level 1:colcon.colcon_core.environment:checking '/home/sunrise/xgo_demo/install/xgo_head/lib'
[148.398s] Level 1:colcon.colcon_core.environment:checking '/home/sunrise/xgo_demo/install/xgo_head/bin'
[148.398s] Level 1:colcon.colcon_core.environment:checking '/home/sunrise/xgo_demo/install/xgo_head/lib/pkgconfig/xgo_head.pc'
[148.400s] Level 1:colcon.colcon_core.environment:checking '/home/sunrise/xgo_demo/install/xgo_head/lib/python3.10/site-packages'
[148.402s] Level 1:colcon.colcon_core.environment:checking '/home/sunrise/xgo_demo/install/xgo_head/bin'
[148.404s] INFO:colcon.colcon_core.shell:Creating package script '/home/sunrise/xgo_demo/install/xgo_head/share/xgo_head/package.ps1'
[148.407s] INFO:colcon.colcon_core.shell:Creating package descriptor '/home/sunrise/xgo_demo/install/xgo_head/share/xgo_head/package.dsv'
[148.413s] INFO:colcon.colcon_core.shell:Creating package script '/home/sunrise/xgo_demo/install/xgo_head/share/xgo_head/package.sh'
[148.419s] INFO:colcon.colcon_core.shell:Creating package script '/home/sunrise/xgo_demo/install/xgo_head/share/xgo_head/package.bash'
[148.425s] INFO:colcon.colcon_core.shell:Creating package script '/home/sunrise/xgo_demo/install/xgo_head/share/xgo_head/package.zsh'
[148.432s] Level 1:colcon.colcon_core.environment:create_file_with_runtime_dependencies(/home/sunrise/xgo_demo/install/xgo_head/share/colcon-core/packages/xgo_head)
[148.439s] Level 1:colcon.colcon_core.environment:create_environment_scripts_only(xgo_head)
[148.441s] Level 1:colcon.colcon_core.environment:checking '/home/sunrise/xgo_demo/install/xgo_head' for CMake module files
[148.445s] Level 1:colcon.colcon_core.environment:checking '/home/sunrise/xgo_demo/install/xgo_head' for CMake config files
[148.446s] Level 1:colcon.colcon_core.shell:create_environment_hook('xgo_head', 'cmake_prefix_path')
[148.447s] INFO:colcon.colcon_core.shell:Creating environment hook '/home/sunrise/xgo_demo/install/xgo_head/share/xgo_head/hook/cmake_prefix_path.ps1'
[148.450s] INFO:colcon.colcon_core.shell:Creating environment descriptor '/home/sunrise/xgo_demo/install/xgo_head/share/xgo_head/hook/cmake_prefix_path.dsv'
[148.454s] INFO:colcon.colcon_core.shell:Creating environment hook '/home/sunrise/xgo_demo/install/xgo_head/share/xgo_head/hook/cmake_prefix_path.sh'
[148.457s] Level 1:colcon.colcon_core.environment:checking '/home/sunrise/xgo_demo/install/xgo_head/lib'
[148.458s] Level 1:colcon.colcon_core.environment:checking '/home/sunrise/xgo_demo/install/xgo_head/bin'
[148.459s] Level 1:colcon.colcon_core.environment:checking '/home/sunrise/xgo_demo/install/xgo_head/lib/pkgconfig/xgo_head.pc'
[148.461s] Level 1:colcon.colcon_core.environment:checking '/home/sunrise/xgo_demo/install/xgo_head/lib/python3.10/site-packages'
[148.462s] Level 1:colcon.colcon_core.environment:checking '/home/sunrise/xgo_demo/install/xgo_head/bin'
[148.464s] INFO:colcon.colcon_core.shell:Creating package script '/home/sunrise/xgo_demo/install/xgo_head/share/xgo_head/package.ps1'
[148.467s] INFO:colcon.colcon_core.shell:Creating package descriptor '/home/sunrise/xgo_demo/install/xgo_head/share/xgo_head/package.dsv'
[148.471s] INFO:colcon.colcon_core.shell:Creating package script '/home/sunrise/xgo_demo/install/xgo_head/share/xgo_head/package.sh'
[148.474s] INFO:colcon.colcon_core.shell:Creating package script '/home/sunrise/xgo_demo/install/xgo_head/share/xgo_head/package.bash'
[148.477s] INFO:colcon.colcon_core.shell:Creating package script '/home/sunrise/xgo_demo/install/xgo_head/share/xgo_head/package.zsh'
[148.479s] Level 1:colcon.colcon_core.environment:create_file_with_runtime_dependencies(/home/sunrise/xgo_demo/install/xgo_head/share/colcon-core/packages/xgo_head)
[148.481s] DEBUG:colcon.colcon_parallel_executor.executor.parallel:closing loop
[148.482s] DEBUG:colcon.colcon_parallel_executor.executor.parallel:loop closed
[148.483s] DEBUG:colcon.colcon_parallel_executor.executor.parallel:run_until_complete finished with '0'
[148.485s] DEBUG:colcon.colcon_core.event_reactor:joining thread
[148.529s] INFO:colcon.colcon_core.plugin_system:Skipping extension 'colcon_notification.desktop_notification.notify_send': Could not find 'notify-send'
[148.530s] INFO:colcon.colcon_core.plugin_system:Skipping extension 'colcon_notification.desktop_notification.terminal_notifier': Not used on non-Darwin systems
[148.530s] INFO:colcon.colcon_core.plugin_system:Skipping extension 'colcon_notification.desktop_notification.win32': Not used on non-Windows systems
[148.531s] INFO:colcon.colcon_notification.desktop_notification:Sending desktop notification using 'notify2'
[148.549s] DEBUG:colcon.colcon_core.event_reactor:joined thread
[148.551s] INFO:colcon.colcon_core.shell:Creating prefix script '/home/sunrise/xgo_demo/install/local_setup.ps1'
[148.560s] INFO:colcon.colcon_core.shell:Creating prefix util module '/home/sunrise/xgo_demo/install/_local_setup_util_ps1.py'
[148.574s] INFO:colcon.colcon_core.shell:Creating prefix chain script '/home/sunrise/xgo_demo/install/setup.ps1'
[148.589s] INFO:colcon.colcon_core.shell:Creating prefix script '/home/sunrise/xgo_demo/install/local_setup.sh'
[148.593s] INFO:colcon.colcon_core.shell:Creating prefix util module '/home/sunrise/xgo_demo/install/_local_setup_util_sh.py'
[148.600s] INFO:colcon.colcon_core.shell:Creating prefix chain script '/home/sunrise/xgo_demo/install/setup.sh'
[148.610s] INFO:colcon.colcon_core.shell:Creating prefix script '/home/sunrise/xgo_demo/install/local_setup.bash'
[148.617s] INFO:colcon.colcon_core.shell:Creating prefix chain script '/home/sunrise/xgo_demo/install/setup.bash'
[148.625s] INFO:colcon.colcon_core.shell:Creating prefix script '/home/sunrise/xgo_demo/install/local_setup.zsh'
[148.632s] INFO:colcon.colcon_core.shell:Creating prefix chain script '/home/sunrise/xgo_demo/install/setup.zsh'
