[9.824s] Invoking command in '/home/sunrise/xgo_demo/src/xgo_device': PYTHONPATH=/home/sunrise/xgo_demo/build/xgo_device/prefix_override:/usr/lib/python3/dist-packages/colcon_core/task/python/colcon_distutils_commands:/home/sunrise/xgo_demo/install/xgo_device/lib/python3.10/site-packages:${PYTHONPATH} /usr/bin/python3 -W ignore:setup.py install is deprecated -W ignore:easy_install command is deprecated setup.py egg_info --egg-base ../../build/xgo_device build --build-base /home/sunrise/xgo_demo/build/xgo_device/build install --record /home/sunrise/xgo_demo/build/xgo_device/install.log --single-version-externally-managed
[13.737s] running egg_info
[13.747s] writing ../../build/xgo_device/xgo_device.egg-info/PKG-INFO
[13.754s] writing dependency_links to ../../build/xgo_device/xgo_device.egg-info/dependency_links.txt
[13.762s] writing entry points to ../../build/xgo_device/xgo_device.egg-info/entry_points.txt
[13.773s] writing requirements to ../../build/xgo_device/xgo_device.egg-info/requires.txt
[13.785s] writing top-level names to ../../build/xgo_device/xgo_device.egg-info/top_level.txt
[13.831s] reading manifest file '../../build/xgo_device/xgo_device.egg-info/SOURCES.txt'
[13.842s] writing manifest file '../../build/xgo_device/xgo_device.egg-info/SOURCES.txt'
[13.849s] running build
[13.853s] running build_py
[13.861s] running install
[13.875s] running install_lib
[13.904s] running install_egg_info
[13.939s] removing '/home/sunrise/xgo_demo/install/xgo_device/lib/python3.10/site-packages/xgo_device-0.0.1-py3.10.egg-info' (and everything under it)
[13.979s] Copying ../../build/xgo_device/xgo_device.egg-info to /home/sunrise/xgo_demo/install/xgo_device/lib/python3.10/site-packages/xgo_device-0.0.1-py3.10.egg-info
[14.038s] running install_scripts
[14.297s] Installing device_info script to /home/sunrise/xgo_demo/install/xgo_device/lib/xgo_device
[14.306s] writing list of installed files to '/home/sunrise/xgo_demo/build/xgo_device/install.log'
[14.653s] Invoked command in '/home/sunrise/xgo_demo/src/xgo_device' returned '0': PYTHONPATH=/home/sunrise/xgo_demo/build/xgo_device/prefix_override:/usr/lib/python3/dist-packages/colcon_core/task/python/colcon_distutils_commands:/home/sunrise/xgo_demo/install/xgo_device/lib/python3.10/site-packages:${PYTHONPATH} /usr/bin/python3 -W ignore:setup.py install is deprecated -W ignore:easy_install command is deprecated setup.py egg_info --egg-base ../../build/xgo_device build --build-base /home/sunrise/xgo_demo/build/xgo_device/build install --record /home/sunrise/xgo_demo/build/xgo_device/install.log --single-version-externally-managed
