[0.158s] Invoking command in '/home/sunrise/xgo_demo/build/xgo_body': CMAKE_PREFIX_PATH=${CMAKE_PREFIX_PATH}:/home/sunrise/xgo_demo/install/xgo_motion:/home/sunrise/xgo_demo/install/xgo_device:/home/sunrise/xgo_demo/install/xgo_body_py:/opt/tros/humble:/opt/ros/humble /usr/bin/cmake --build /home/sunrise/xgo_demo/build/xgo_body -- -j4 -l4
[4.077s] [  1%] Built target xgo_body__cpp
[4.079s] [  1%] Built target ament_cmake_python_copy_xgo_body
[4.083s] [ 12%] Built target xgo_body__rosidl_generator_c
[4.085s] [ 22%] Built target xgo_body__rosidl_typesupport_cpp
[4.086s] [ 33%] Built target xgo_body__rosidl_typesupport_introspection_cpp
[4.087s] [ 43%] Built target xgo_body__rosidl_typesupport_fastrtps_cpp
[4.088s] [ 54%] Built target xgo_body__rosidl_typesupport_fastrtps_c
[4.089s] [ 64%] Built target xgo_body__rosidl_typesupport_introspection_c
[4.093s] [ 75%] Built target xgo_body__rosidl_typesupport_c
[4.095s] [ 78%] Built target xgo_body_node
[4.096s] [ 78%] Built target xgo_body
[4.097s] [ 80%] Built target xgo_body__py
[4.098s] [ 89%] Built target xgo_body__rosidl_generator_py
[4.099s] [ 92%] Built target xgo_body__rosidl_typesupport_introspection_c__pyext
[4.100s] [ 96%] Built target xgo_body__rosidl_typesupport_fastrtps_c__pyext
[4.102s] [100%] Built target xgo_body__rosidl_typesupport_c__pyext
[4.103s] running egg_info
[4.104s] writing xgo_body.egg-info/PKG-INFO
[4.104s] writing dependency_links to xgo_body.egg-info/dependency_links.txt
[4.105s] writing top-level names to xgo_body.egg-info/top_level.txt
[4.106s] reading manifest file 'xgo_body.egg-info/SOURCES.txt'
[4.106s] writing manifest file 'xgo_body.egg-info/SOURCES.txt'
[4.107s] [100%] Built target ament_cmake_python_build_xgo_body_egg
[4.120s] Invoked command in '/home/sunrise/xgo_demo/build/xgo_body' returned '0': CMAKE_PREFIX_PATH=${CMAKE_PREFIX_PATH}:/home/sunrise/xgo_demo/install/xgo_motion:/home/sunrise/xgo_demo/install/xgo_device:/home/sunrise/xgo_demo/install/xgo_body_py:/opt/tros/humble:/opt/ros/humble /usr/bin/cmake --build /home/sunrise/xgo_demo/build/xgo_body -- -j4 -l4
[4.160s] Invoking command in '/home/sunrise/xgo_demo/build/xgo_body': CMAKE_PREFIX_PATH=${CMAKE_PREFIX_PATH}:/home/sunrise/xgo_demo/install/xgo_motion:/home/sunrise/xgo_demo/install/xgo_device:/home/sunrise/xgo_demo/install/xgo_body_py:/opt/tros/humble:/opt/ros/humble /usr/bin/cmake --install /home/sunrise/xgo_demo/build/xgo_body
[4.208s] -- Install configuration: ""
[4.210s] -- Up-to-date: /home/sunrise/xgo_demo/install/xgo_body/share/ament_index/resource_index/rosidl_interfaces/xgo_body
[4.211s] -- Up-to-date: /home/sunrise/xgo_demo/install/xgo_body/include/xgo_body/xgo_body
[4.213s] -- Up-to-date: /home/sunrise/xgo_demo/install/xgo_body/include/xgo_body/xgo_body/msg
[4.215s] -- Up-to-date: /home/sunrise/xgo_demo/install/xgo_body/include/xgo_body/xgo_body/msg/detail
[4.216s] -- Up-to-date: /home/sunrise/xgo_demo/install/xgo_body/include/xgo_body/xgo_body/msg/detail/leg_pose__struct.h
[4.218s] -- Up-to-date: /home/sunrise/xgo_demo/install/xgo_body/include/xgo_body/xgo_body/msg/detail/joint_angle__functions.c
[4.219s] -- Up-to-date: /home/sunrise/xgo_demo/install/xgo_body/include/xgo_body/xgo_body/msg/detail/body_pose__functions.h
[4.221s] -- Up-to-date: /home/sunrise/xgo_demo/install/xgo_body/include/xgo_body/xgo_body/msg/detail/joint_angle__functions.h
[4.223s] -- Up-to-date: /home/sunrise/xgo_demo/install/xgo_body/include/xgo_body/xgo_body/msg/detail/leg_pose__functions.h
[4.224s] -- Up-to-date: /home/sunrise/xgo_demo/install/xgo_body/include/xgo_body/xgo_body/msg/detail/joint_angle__struct.h
[4.226s] -- Up-to-date: /home/sunrise/xgo_demo/install/xgo_body/include/xgo_body/xgo_body/msg/detail/leg_pose__functions.c
[4.229s] -- Up-to-date: /home/sunrise/xgo_demo/install/xgo_body/include/xgo_body/xgo_body/msg/detail/leg_pose__type_support.h
[4.234s] -- Up-to-date: /home/sunrise/xgo_demo/install/xgo_body/include/xgo_body/xgo_body/msg/detail/joint_angle__type_support.h
[4.235s] -- Up-to-date: /home/sunrise/xgo_demo/install/xgo_body/include/xgo_body/xgo_body/msg/detail/body_pose__struct.h
[4.236s] -- Up-to-date: /home/sunrise/xgo_demo/install/xgo_body/include/xgo_body/xgo_body/msg/detail/body_pose__type_support.h
[4.236s] -- Up-to-date: /home/sunrise/xgo_demo/install/xgo_body/include/xgo_body/xgo_body/msg/detail/arm_pose__functions.c
[4.237s] -- Up-to-date: /home/sunrise/xgo_demo/install/xgo_body/include/xgo_body/xgo_body/msg/detail/arm_pose__struct.h
[4.244s] -- Up-to-date: /home/sunrise/xgo_demo/install/xgo_body/include/xgo_body/xgo_body/msg/detail/body_pose__functions.c
[4.244s] -- Up-to-date: /home/sunrise/xgo_demo/install/xgo_body/include/xgo_body/xgo_body/msg/detail/arm_pose__functions.h
[4.245s] -- Up-to-date: /home/sunrise/xgo_demo/install/xgo_body/include/xgo_body/xgo_body/msg/detail/arm_pose__type_support.h
[4.250s] -- Up-to-date: /home/sunrise/xgo_demo/install/xgo_body/include/xgo_body/xgo_body/msg/body_pose.h
[4.251s] -- Up-to-date: /home/sunrise/xgo_demo/install/xgo_body/include/xgo_body/xgo_body/msg/leg_pose.h
[4.253s] -- Up-to-date: /home/sunrise/xgo_demo/install/xgo_body/include/xgo_body/xgo_body/msg/arm_pose.h
[4.255s] -- Up-to-date: /home/sunrise/xgo_demo/install/xgo_body/include/xgo_body/xgo_body/msg/rosidl_generator_c__visibility_control.h
[4.257s] -- Up-to-date: /home/sunrise/xgo_demo/install/xgo_body/include/xgo_body/xgo_body/msg/joint_angle.h
[4.258s] -- Up-to-date: /home/sunrise/xgo_demo/install/xgo_body/share/xgo_body/environment/library_path.sh
[4.259s] -- Up-to-date: /home/sunrise/xgo_demo/install/xgo_body/share/xgo_body/environment/library_path.dsv
[4.260s] -- Up-to-date: /home/sunrise/xgo_demo/install/xgo_body/lib/libxgo_body__rosidl_generator_c.so
[4.261s] -- Up-to-date: /home/sunrise/xgo_demo/install/xgo_body/include/xgo_body/xgo_body
[4.262s] -- Up-to-date: /home/sunrise/xgo_demo/install/xgo_body/include/xgo_body/xgo_body/msg
[4.263s] -- Up-to-date: /home/sunrise/xgo_demo/install/xgo_body/include/xgo_body/xgo_body/msg/detail
[4.264s] -- Up-to-date: /home/sunrise/xgo_demo/install/xgo_body/include/xgo_body/xgo_body/msg/detail/leg_pose__rosidl_typesupport_fastrtps_c.h
[4.266s] -- Up-to-date: /home/sunrise/xgo_demo/install/xgo_body/include/xgo_body/xgo_body/msg/detail/body_pose__rosidl_typesupport_fastrtps_c.h
[4.267s] -- Up-to-date: /home/sunrise/xgo_demo/install/xgo_body/include/xgo_body/xgo_body/msg/detail/arm_pose__rosidl_typesupport_fastrtps_c.h
[4.267s] -- Up-to-date: /home/sunrise/xgo_demo/install/xgo_body/include/xgo_body/xgo_body/msg/detail/joint_angle__rosidl_typesupport_fastrtps_c.h
[4.268s] -- Up-to-date: /home/sunrise/xgo_demo/install/xgo_body/include/xgo_body/xgo_body/msg/rosidl_typesupport_fastrtps_c__visibility_control.h
[4.269s] -- Up-to-date: /home/sunrise/xgo_demo/install/xgo_body/lib/libxgo_body__rosidl_typesupport_fastrtps_c.so
[4.270s] -- Up-to-date: /home/sunrise/xgo_demo/install/xgo_body/include/xgo_body/xgo_body
[4.271s] -- Up-to-date: /home/sunrise/xgo_demo/install/xgo_body/include/xgo_body/xgo_body/msg
[4.273s] -- Up-to-date: /home/sunrise/xgo_demo/install/xgo_body/include/xgo_body/xgo_body/msg/detail
[4.275s] -- Up-to-date: /home/sunrise/xgo_demo/install/xgo_body/include/xgo_body/xgo_body/msg/detail/arm_pose__type_support.c
[4.276s] -- Up-to-date: /home/sunrise/xgo_demo/install/xgo_body/include/xgo_body/xgo_body/msg/detail/leg_pose__type_support.c
[4.278s] -- Up-to-date: /home/sunrise/xgo_demo/install/xgo_body/include/xgo_body/xgo_body/msg/detail/body_pose__type_support.c
[4.279s] -- Up-to-date: /home/sunrise/xgo_demo/install/xgo_body/include/xgo_body/xgo_body/msg/detail/arm_pose__rosidl_typesupport_introspection_c.h
[4.279s] -- Up-to-date: /home/sunrise/xgo_demo/install/xgo_body/include/xgo_body/xgo_body/msg/detail/body_pose__rosidl_typesupport_introspection_c.h
[4.280s] -- Up-to-date: /home/sunrise/xgo_demo/install/xgo_body/include/xgo_body/xgo_body/msg/detail/joint_angle__type_support.c
[4.281s] -- Up-to-date: /home/sunrise/xgo_demo/install/xgo_body/include/xgo_body/xgo_body/msg/detail/leg_pose__rosidl_typesupport_introspection_c.h
[4.283s] -- Up-to-date: /home/sunrise/xgo_demo/install/xgo_body/include/xgo_body/xgo_body/msg/detail/joint_angle__rosidl_typesupport_introspection_c.h
[4.285s] -- Up-to-date: /home/sunrise/xgo_demo/install/xgo_body/include/xgo_body/xgo_body/msg/rosidl_typesupport_introspection_c__visibility_control.h
[4.287s] -- Up-to-date: /home/sunrise/xgo_demo/install/xgo_body/lib/libxgo_body__rosidl_typesupport_introspection_c.so
[4.288s] -- Up-to-date: /home/sunrise/xgo_demo/install/xgo_body/lib/libxgo_body__rosidl_typesupport_c.so
[4.290s] -- Up-to-date: /home/sunrise/xgo_demo/install/xgo_body/include/xgo_body/xgo_body
[4.291s] -- Up-to-date: /home/sunrise/xgo_demo/install/xgo_body/include/xgo_body/xgo_body/msg
[4.292s] -- Up-to-date: /home/sunrise/xgo_demo/install/xgo_body/include/xgo_body/xgo_body/msg/detail
[4.293s] -- Up-to-date: /home/sunrise/xgo_demo/install/xgo_body/include/xgo_body/xgo_body/msg/detail/body_pose__type_support.hpp
[4.294s] -- Up-to-date: /home/sunrise/xgo_demo/install/xgo_body/include/xgo_body/xgo_body/msg/detail/leg_pose__builder.hpp
[4.295s] -- Up-to-date: /home/sunrise/xgo_demo/install/xgo_body/include/xgo_body/xgo_body/msg/detail/leg_pose__traits.hpp
[4.296s] -- Up-to-date: /home/sunrise/xgo_demo/install/xgo_body/include/xgo_body/xgo_body/msg/detail/body_pose__struct.hpp
[4.297s] -- Up-to-date: /home/sunrise/xgo_demo/install/xgo_body/include/xgo_body/xgo_body/msg/detail/joint_angle__builder.hpp
[4.298s] -- Up-to-date: /home/sunrise/xgo_demo/install/xgo_body/include/xgo_body/xgo_body/msg/detail/arm_pose__builder.hpp
[4.298s] -- Up-to-date: /home/sunrise/xgo_demo/install/xgo_body/include/xgo_body/xgo_body/msg/detail/body_pose__traits.hpp
[4.299s] -- Up-to-date: /home/sunrise/xgo_demo/install/xgo_body/include/xgo_body/xgo_body/msg/detail/joint_angle__type_support.hpp
[4.300s] -- Up-to-date: /home/sunrise/xgo_demo/install/xgo_body/include/xgo_body/xgo_body/msg/detail/arm_pose__traits.hpp
[4.301s] -- Up-to-date: /home/sunrise/xgo_demo/install/xgo_body/include/xgo_body/xgo_body/msg/detail/arm_pose__type_support.hpp
[4.301s] -- Up-to-date: /home/sunrise/xgo_demo/install/xgo_body/include/xgo_body/xgo_body/msg/detail/joint_angle__struct.hpp
[4.304s] -- Up-to-date: /home/sunrise/xgo_demo/install/xgo_body/include/xgo_body/xgo_body/msg/detail/leg_pose__struct.hpp
[4.305s] -- Up-to-date: /home/sunrise/xgo_demo/install/xgo_body/include/xgo_body/xgo_body/msg/detail/joint_angle__traits.hpp
[4.306s] -- Up-to-date: /home/sunrise/xgo_demo/install/xgo_body/include/xgo_body/xgo_body/msg/detail/arm_pose__struct.hpp
[4.307s] -- Up-to-date: /home/sunrise/xgo_demo/install/xgo_body/include/xgo_body/xgo_body/msg/detail/leg_pose__type_support.hpp
[4.307s] -- Up-to-date: /home/sunrise/xgo_demo/install/xgo_body/include/xgo_body/xgo_body/msg/detail/body_pose__builder.hpp
[4.308s] -- Up-to-date: /home/sunrise/xgo_demo/install/xgo_body/include/xgo_body/xgo_body/msg/joint_angle.hpp
[4.309s] -- Up-to-date: /home/sunrise/xgo_demo/install/xgo_body/include/xgo_body/xgo_body/msg/body_pose.hpp
[4.310s] -- Up-to-date: /home/sunrise/xgo_demo/install/xgo_body/include/xgo_body/xgo_body/msg/leg_pose.hpp
[4.311s] -- Up-to-date: /home/sunrise/xgo_demo/install/xgo_body/include/xgo_body/xgo_body/msg/arm_pose.hpp
[4.312s] -- Up-to-date: /home/sunrise/xgo_demo/install/xgo_body/include/xgo_body/xgo_body/msg/rosidl_generator_cpp__visibility_control.hpp
[4.313s] -- Up-to-date: /home/sunrise/xgo_demo/install/xgo_body/include/xgo_body/xgo_body
[4.314s] -- Up-to-date: /home/sunrise/xgo_demo/install/xgo_body/include/xgo_body/xgo_body/msg
[4.315s] -- Up-to-date: /home/sunrise/xgo_demo/install/xgo_body/include/xgo_body/xgo_body/msg/rosidl_typesupport_fastrtps_cpp__visibility_control.h
[4.316s] -- Up-to-date: /home/sunrise/xgo_demo/install/xgo_body/include/xgo_body/xgo_body/msg/detail
[4.317s] -- Up-to-date: /home/sunrise/xgo_demo/install/xgo_body/include/xgo_body/xgo_body/msg/detail/body_pose__rosidl_typesupport_fastrtps_cpp.hpp
[4.318s] -- Up-to-date: /home/sunrise/xgo_demo/install/xgo_body/include/xgo_body/xgo_body/msg/detail/joint_angle__rosidl_typesupport_fastrtps_cpp.hpp
[4.319s] -- Up-to-date: /home/sunrise/xgo_demo/install/xgo_body/include/xgo_body/xgo_body/msg/detail/dds_fastrtps
[4.320s] -- Up-to-date: /home/sunrise/xgo_demo/install/xgo_body/include/xgo_body/xgo_body/msg/detail/leg_pose__rosidl_typesupport_fastrtps_cpp.hpp
[4.321s] -- Up-to-date: /home/sunrise/xgo_demo/install/xgo_body/include/xgo_body/xgo_body/msg/detail/arm_pose__rosidl_typesupport_fastrtps_cpp.hpp
[4.323s] -- Up-to-date: /home/sunrise/xgo_demo/install/xgo_body/lib/libxgo_body__rosidl_typesupport_fastrtps_cpp.so
[4.324s] -- Up-to-date: /home/sunrise/xgo_demo/install/xgo_body/include/xgo_body/xgo_body
[4.325s] -- Up-to-date: /home/sunrise/xgo_demo/install/xgo_body/include/xgo_body/xgo_body/msg
[4.326s] -- Up-to-date: /home/sunrise/xgo_demo/install/xgo_body/include/xgo_body/xgo_body/msg/detail
[4.327s] -- Up-to-date: /home/sunrise/xgo_demo/install/xgo_body/include/xgo_body/xgo_body/msg/detail/arm_pose__rosidl_typesupport_introspection_cpp.hpp
[4.327s] -- Up-to-date: /home/sunrise/xgo_demo/install/xgo_body/include/xgo_body/xgo_body/msg/detail/body_pose__rosidl_typesupport_introspection_cpp.hpp
[4.328s] -- Up-to-date: /home/sunrise/xgo_demo/install/xgo_body/include/xgo_body/xgo_body/msg/detail/leg_pose__rosidl_typesupport_introspection_cpp.hpp
[4.329s] -- Up-to-date: /home/sunrise/xgo_demo/install/xgo_body/include/xgo_body/xgo_body/msg/detail/body_pose__type_support.cpp
[4.333s] -- Up-to-date: /home/sunrise/xgo_demo/install/xgo_body/include/xgo_body/xgo_body/msg/detail/arm_pose__type_support.cpp
[4.334s] -- Up-to-date: /home/sunrise/xgo_demo/install/xgo_body/include/xgo_body/xgo_body/msg/detail/joint_angle__rosidl_typesupport_introspection_cpp.hpp
[4.338s] -- Up-to-date: /home/sunrise/xgo_demo/install/xgo_body/include/xgo_body/xgo_body/msg/detail/joint_angle__type_support.cpp
[4.339s] -- Up-to-date: /home/sunrise/xgo_demo/install/xgo_body/include/xgo_body/xgo_body/msg/detail/leg_pose__type_support.cpp
[4.339s] -- Up-to-date: /home/sunrise/xgo_demo/install/xgo_body/lib/libxgo_body__rosidl_typesupport_introspection_cpp.so
[4.340s] -- Up-to-date: /home/sunrise/xgo_demo/install/xgo_body/lib/libxgo_body__rosidl_typesupport_cpp.so
[4.341s] -- Up-to-date: /home/sunrise/xgo_demo/install/xgo_body/share/xgo_body/environment/pythonpath.sh
[4.346s] -- Up-to-date: /home/sunrise/xgo_demo/install/xgo_body/share/xgo_body/environment/pythonpath.dsv
[4.347s] -- Up-to-date: /home/sunrise/xgo_demo/install/xgo_body/local/lib/python3.10/dist-packages/xgo_body-0.0.0-py3.10.egg-info
[4.348s] -- Installing: /home/sunrise/xgo_demo/install/xgo_body/local/lib/python3.10/dist-packages/xgo_body-0.0.0-py3.10.egg-info/dependency_links.txt
[4.354s] -- Installing: /home/sunrise/xgo_demo/install/xgo_body/local/lib/python3.10/dist-packages/xgo_body-0.0.0-py3.10.egg-info/PKG-INFO
[4.358s] -- Installing: /home/sunrise/xgo_demo/install/xgo_body/local/lib/python3.10/dist-packages/xgo_body-0.0.0-py3.10.egg-info/top_level.txt
[4.359s] -- Installing: /home/sunrise/xgo_demo/install/xgo_body/local/lib/python3.10/dist-packages/xgo_body-0.0.0-py3.10.egg-info/SOURCES.txt
[4.359s] -- Up-to-date: /home/sunrise/xgo_demo/install/xgo_body/local/lib/python3.10/dist-packages/xgo_body
[4.360s] -- Up-to-date: /home/sunrise/xgo_demo/install/xgo_body/local/lib/python3.10/dist-packages/xgo_body/xgo_body_s__rosidl_typesupport_fastrtps_c.cpython-310-aarch64-linux-gnu.so
[4.361s] -- Up-to-date: /home/sunrise/xgo_demo/install/xgo_body/local/lib/python3.10/dist-packages/xgo_body/__init__.py
[4.366s] -- Up-to-date: /home/sunrise/xgo_demo/install/xgo_body/local/lib/python3.10/dist-packages/xgo_body/_xgo_body_s.ep.rosidl_typesupport_introspection_c.c
[4.367s] -- Up-to-date: /home/sunrise/xgo_demo/install/xgo_body/local/lib/python3.10/dist-packages/xgo_body/_xgo_body_s.ep.rosidl_typesupport_fastrtps_c.c
[4.368s] -- Up-to-date: /home/sunrise/xgo_demo/install/xgo_body/local/lib/python3.10/dist-packages/xgo_body/libxgo_body__rosidl_generator_py.so
[4.369s] -- Up-to-date: /home/sunrise/xgo_demo/install/xgo_body/local/lib/python3.10/dist-packages/xgo_body/xgo_body_s__rosidl_typesupport_c.cpython-310-aarch64-linux-gnu.so
[4.374s] -- Up-to-date: /home/sunrise/xgo_demo/install/xgo_body/local/lib/python3.10/dist-packages/xgo_body/xgo_body_s__rosidl_typesupport_introspection_c.cpython-310-aarch64-linux-gnu.so
[4.375s] -- Up-to-date: /home/sunrise/xgo_demo/install/xgo_body/local/lib/python3.10/dist-packages/xgo_body/msg
[4.375s] -- Up-to-date: /home/sunrise/xgo_demo/install/xgo_body/local/lib/python3.10/dist-packages/xgo_body/msg/_body_pose_s.c
[4.383s] -- Up-to-date: /home/sunrise/xgo_demo/install/xgo_body/local/lib/python3.10/dist-packages/xgo_body/msg/_leg_pose_s.c
[4.384s] -- Up-to-date: /home/sunrise/xgo_demo/install/xgo_body/local/lib/python3.10/dist-packages/xgo_body/msg/_body_pose.py
[4.385s] -- Up-to-date: /home/sunrise/xgo_demo/install/xgo_body/local/lib/python3.10/dist-packages/xgo_body/msg/_arm_pose.py
[4.385s] -- Up-to-date: /home/sunrise/xgo_demo/install/xgo_body/local/lib/python3.10/dist-packages/xgo_body/msg/__init__.py
[4.387s] -- Up-to-date: /home/sunrise/xgo_demo/install/xgo_body/local/lib/python3.10/dist-packages/xgo_body/msg/_arm_pose_s.c
[4.387s] -- Up-to-date: /home/sunrise/xgo_demo/install/xgo_body/local/lib/python3.10/dist-packages/xgo_body/msg/_joint_angle_s.c
[4.388s] -- Up-to-date: /home/sunrise/xgo_demo/install/xgo_body/local/lib/python3.10/dist-packages/xgo_body/msg/_joint_angle.py
[4.389s] -- Up-to-date: /home/sunrise/xgo_demo/install/xgo_body/local/lib/python3.10/dist-packages/xgo_body/msg/_leg_pose.py
[4.394s] -- Up-to-date: /home/sunrise/xgo_demo/install/xgo_body/local/lib/python3.10/dist-packages/xgo_body/_xgo_body_s.ep.rosidl_typesupport_c.c
[4.716s] Listing '/home/sunrise/xgo_demo/install/xgo_body/local/lib/python3.10/dist-packages/xgo_body'...
[4.717s] Listing '/home/sunrise/xgo_demo/install/xgo_body/local/lib/python3.10/dist-packages/xgo_body/msg'...
[4.788s] -- Up-to-date: /home/sunrise/xgo_demo/install/xgo_body/local/lib/python3.10/dist-packages/xgo_body/xgo_body_s__rosidl_typesupport_fastrtps_c.cpython-310-aarch64-linux-gnu.so
[4.791s] -- Up-to-date: /home/sunrise/xgo_demo/install/xgo_body/local/lib/python3.10/dist-packages/xgo_body/xgo_body_s__rosidl_typesupport_introspection_c.cpython-310-aarch64-linux-gnu.so
[4.794s] -- Up-to-date: /home/sunrise/xgo_demo/install/xgo_body/local/lib/python3.10/dist-packages/xgo_body/xgo_body_s__rosidl_typesupport_c.cpython-310-aarch64-linux-gnu.so
[4.797s] -- Up-to-date: /home/sunrise/xgo_demo/install/xgo_body/lib/libxgo_body__rosidl_generator_py.so
[4.800s] -- Up-to-date: /home/sunrise/xgo_demo/install/xgo_body/share/xgo_body/msg/ArmPose.idl
[4.802s] -- Up-to-date: /home/sunrise/xgo_demo/install/xgo_body/share/xgo_body/msg/BodyPose.idl
[4.804s] -- Up-to-date: /home/sunrise/xgo_demo/install/xgo_body/share/xgo_body/msg/JointAngle.idl
[4.806s] -- Up-to-date: /home/sunrise/xgo_demo/install/xgo_body/share/xgo_body/msg/LegPose.idl
[4.808s] -- Up-to-date: /home/sunrise/xgo_demo/install/xgo_body/share/xgo_body/msg/ArmPose.msg
[4.810s] -- Up-to-date: /home/sunrise/xgo_demo/install/xgo_body/share/xgo_body/msg/BodyPose.msg
[4.814s] -- Up-to-date: /home/sunrise/xgo_demo/install/xgo_body/share/xgo_body/msg/JointAngle.msg
[4.815s] -- Up-to-date: /home/sunrise/xgo_demo/install/xgo_body/share/xgo_body/msg/LegPose.msg
[4.818s] -- Up-to-date: /home/sunrise/xgo_demo/install/xgo_body/lib/xgo_body/xgo_body_node
[4.819s] -- Up-to-date: /home/sunrise/xgo_demo/install/xgo_body/share/ament_index/resource_index/package_run_dependencies/xgo_body
[4.824s] -- Up-to-date: /home/sunrise/xgo_demo/install/xgo_body/share/ament_index/resource_index/parent_prefix_path/xgo_body
[4.825s] -- Up-to-date: /home/sunrise/xgo_demo/install/xgo_body/share/xgo_body/environment/ament_prefix_path.sh
[4.828s] -- Up-to-date: /home/sunrise/xgo_demo/install/xgo_body/share/xgo_body/environment/ament_prefix_path.dsv
[4.829s] -- Up-to-date: /home/sunrise/xgo_demo/install/xgo_body/share/xgo_body/environment/path.sh
[4.830s] -- Up-to-date: /home/sunrise/xgo_demo/install/xgo_body/share/xgo_body/environment/path.dsv
[4.831s] -- Up-to-date: /home/sunrise/xgo_demo/install/xgo_body/share/xgo_body/local_setup.bash
[4.831s] -- Up-to-date: /home/sunrise/xgo_demo/install/xgo_body/share/xgo_body/local_setup.sh
[4.839s] -- Up-to-date: /home/sunrise/xgo_demo/install/xgo_body/share/xgo_body/local_setup.zsh
[4.840s] -- Up-to-date: /home/sunrise/xgo_demo/install/xgo_body/share/xgo_body/local_setup.dsv
[4.841s] -- Installing: /home/sunrise/xgo_demo/install/xgo_body/share/xgo_body/package.dsv
[4.850s] -- Up-to-date: /home/sunrise/xgo_demo/install/xgo_body/share/ament_index/resource_index/packages/xgo_body
[4.850s] -- Up-to-date: /home/sunrise/xgo_demo/install/xgo_body/share/xgo_body/cmake/export_xgo_body__rosidl_generator_cExport.cmake
[4.859s] -- Up-to-date: /home/sunrise/xgo_demo/install/xgo_body/share/xgo_body/cmake/export_xgo_body__rosidl_generator_cExport-noconfig.cmake
[4.860s] -- Up-to-date: /home/sunrise/xgo_demo/install/xgo_body/share/xgo_body/cmake/export_xgo_body__rosidl_typesupport_fastrtps_cExport.cmake
[4.860s] -- Up-to-date: /home/sunrise/xgo_demo/install/xgo_body/share/xgo_body/cmake/export_xgo_body__rosidl_typesupport_fastrtps_cExport-noconfig.cmake
[4.865s] -- Up-to-date: /home/sunrise/xgo_demo/install/xgo_body/share/xgo_body/cmake/xgo_body__rosidl_typesupport_introspection_cExport.cmake
[4.867s] -- Up-to-date: /home/sunrise/xgo_demo/install/xgo_body/share/xgo_body/cmake/xgo_body__rosidl_typesupport_introspection_cExport-noconfig.cmake
[4.868s] -- Up-to-date: /home/sunrise/xgo_demo/install/xgo_body/share/xgo_body/cmake/xgo_body__rosidl_typesupport_cExport.cmake
[4.869s] -- Up-to-date: /home/sunrise/xgo_demo/install/xgo_body/share/xgo_body/cmake/xgo_body__rosidl_typesupport_cExport-noconfig.cmake
[4.875s] -- Up-to-date: /home/sunrise/xgo_demo/install/xgo_body/share/xgo_body/cmake/export_xgo_body__rosidl_generator_cppExport.cmake
[4.876s] -- Up-to-date: /home/sunrise/xgo_demo/install/xgo_body/share/xgo_body/cmake/export_xgo_body__rosidl_typesupport_fastrtps_cppExport.cmake
[4.877s] -- Up-to-date: /home/sunrise/xgo_demo/install/xgo_body/share/xgo_body/cmake/export_xgo_body__rosidl_typesupport_fastrtps_cppExport-noconfig.cmake
[4.894s] -- Up-to-date: /home/sunrise/xgo_demo/install/xgo_body/share/xgo_body/cmake/xgo_body__rosidl_typesupport_introspection_cppExport.cmake
[4.894s] -- Up-to-date: /home/sunrise/xgo_demo/install/xgo_body/share/xgo_body/cmake/xgo_body__rosidl_typesupport_introspection_cppExport-noconfig.cmake
[4.895s] -- Up-to-date: /home/sunrise/xgo_demo/install/xgo_body/share/xgo_body/cmake/xgo_body__rosidl_typesupport_cppExport.cmake
[4.896s] -- Up-to-date: /home/sunrise/xgo_demo/install/xgo_body/share/xgo_body/cmake/xgo_body__rosidl_typesupport_cppExport-noconfig.cmake
[4.897s] -- Up-to-date: /home/sunrise/xgo_demo/install/xgo_body/share/xgo_body/cmake/export_xgo_body__rosidl_generator_pyExport.cmake
[4.907s] -- Up-to-date: /home/sunrise/xgo_demo/install/xgo_body/share/xgo_body/cmake/export_xgo_body__rosidl_generator_pyExport-noconfig.cmake
[4.907s] -- Up-to-date: /home/sunrise/xgo_demo/install/xgo_body/share/xgo_body/cmake/rosidl_cmake-extras.cmake
[4.908s] -- Up-to-date: /home/sunrise/xgo_demo/install/xgo_body/share/xgo_body/cmake/ament_cmake_export_include_directories-extras.cmake
[4.909s] -- Up-to-date: /home/sunrise/xgo_demo/install/xgo_body/share/xgo_body/cmake/ament_cmake_export_libraries-extras.cmake
[4.910s] -- Up-to-date: /home/sunrise/xgo_demo/install/xgo_body/share/xgo_body/cmake/ament_cmake_export_targets-extras.cmake
[4.911s] -- Up-to-date: /home/sunrise/xgo_demo/install/xgo_body/share/xgo_body/cmake/rosidl_cmake_export_typesupport_targets-extras.cmake
[4.911s] -- Up-to-date: /home/sunrise/xgo_demo/install/xgo_body/share/xgo_body/cmake/ament_cmake_export_dependencies-extras.cmake
[4.916s] -- Up-to-date: /home/sunrise/xgo_demo/install/xgo_body/share/xgo_body/cmake/rosidl_cmake_export_typesupport_libraries-extras.cmake
[4.917s] -- Up-to-date: /home/sunrise/xgo_demo/install/xgo_body/share/xgo_body/cmake/xgo_bodyConfig.cmake
[4.918s] -- Up-to-date: /home/sunrise/xgo_demo/install/xgo_body/share/xgo_body/cmake/xgo_bodyConfig-version.cmake
[4.919s] -- Up-to-date: /home/sunrise/xgo_demo/install/xgo_body/share/xgo_body/package.xml
[4.920s] Invoked command in '/home/sunrise/xgo_demo/build/xgo_body' returned '0': CMAKE_PREFIX_PATH=${CMAKE_PREFIX_PATH}:/home/sunrise/xgo_demo/install/xgo_motion:/home/sunrise/xgo_demo/install/xgo_device:/home/sunrise/xgo_demo/install/xgo_body_py:/opt/tros/humble:/opt/ros/humble /usr/bin/cmake --install /home/sunrise/xgo_demo/build/xgo_body
