[  2%] [34m[1mGenerating include/moc_GpioReader.cpp[0m
[35m[1mConsolidate compiler generated dependencies of target xgo_head[0m
[  5%] [32mBuilding CXX object CMakeFiles/xgo_head.dir/src/GpioReader.cpp.o[0m
[  8%] [32mBuilding CXX object CMakeFiles/xgo_head.dir/src/main.cpp.o[0m
[ 11%] [32mBuilding CXX object CMakeFiles/xgo_head.dir/src/mainwindow.cpp.o[0m
[ 14%] [32mBuilding CXX object CMakeFiles/xgo_head.dir/include/moc_GpioReader.cpp.o[0m
[01m[K/home/sunrise/xgo_demo/src/xgo_head/src/GpioReader.cpp:[m[K In member function ‘[01m[Kvoid GpioReader::pauseRead()[m[K’:
[01m[K/home/sunrise/xgo_demo/src/xgo_head/src/GpioReader.cpp:62:5:[m[K [01;31m[Kerror: [m[K‘[01m[KmPaused[m[K’ was not declared in this scope; did you mean ‘[01m[Kpause[m[K’?
   62 |     [01;31m[KmPaused[m[K = true;
      |     [01;31m[K^~~~~~~[m[K
      |     [32m[Kpause[m[K
[01m[K/home/sunrise/xgo_demo/src/xgo_head/src/GpioReader.cpp:[m[K In member function ‘[01m[Kvoid GpioReader::resumeRead()[m[K’:
[01m[K/home/sunrise/xgo_demo/src/xgo_head/src/GpioReader.cpp:67:5:[m[K [01;31m[Kerror: [m[K‘[01m[KmPaused[m[K’ was not declared in this scope; did you mean ‘[01m[Kpause[m[K’?
   67 |     [01;31m[KmPaused[m[K = false;
      |     [01;31m[K^~~~~~~[m[K
      |     [32m[Kpause[m[K
[01m[K/home/sunrise/xgo_demo/src/xgo_head/src/GpioReader.cpp:[m[K In member function ‘[01m[Kvirtual void GpioReader::run()[m[K’:
[01m[K/home/sunrise/xgo_demo/src/xgo_head/src/GpioReader.cpp:83:13:[m[K [01;31m[Kerror: [m[K‘[01m[KmPaused[m[K’ was not declared in this scope; did you mean ‘[01m[Kpause[m[K’?
   83 |         if ([01;31m[KmPaused[m[K) {
      |             [01;31m[K^~~~~~~[m[K
      |             [32m[Kpause[m[K
gmake[2]: *** [CMakeFiles/xgo_head.dir/build.make:150: CMakeFiles/xgo_head.dir/src/GpioReader.cpp.o] Error 1
gmake[2]: *** Waiting for unfinished jobs....
[01m[K/home/sunrise/xgo_demo/src/xgo_head/src/mainwindow.cpp:[m[K In member function ‘[01m[Kvoid MainWindow::updateTopicInfo(QString)[m[K’:
[01m[K/home/sunrise/xgo_demo/src/xgo_head/src/mainwindow.cpp:68:42:[m[K [01;35m[Kwarning: [m[Kunused parameter ‘[01m[Kdata[m[K’ [[01;35m[K]8;;https://gcc.gnu.org/onlinedocs/gcc/Warning-Options.html#index-Wunused-parameter-Wunused-parameter]8;;[m[K]
   68 | void MainWindow::updateTopicInfo([01;35m[KQString data[m[K){
      |                                  [01;35m[K~~~~~~~~^~~~[m[K
gmake[1]: *** [CMakeFiles/Makefile2:137: CMakeFiles/xgo_head.dir/all] Error 2
gmake: *** [Makefile:146: all] Error 2
