[11.586s] Invoking command in '/home/sunrise/xgo_demo/src/xgo_device': PYTHONPATH=/home/sunrise/xgo_demo/build/xgo_device/prefix_override:/usr/lib/python3/dist-packages/colcon_core/task/python/colcon_distutils_commands:/home/sunrise/xgo_demo/install/xgo_device/lib/python3.10/site-packages:${PYTHONPATH} /usr/bin/python3 -W ignore:setup.py install is deprecated -W ignore:easy_install command is deprecated setup.py egg_info --egg-base ../../build/xgo_device build --build-base /home/sunrise/xgo_demo/build/xgo_device/build install --record /home/sunrise/xgo_demo/build/xgo_device/install.log --single-version-externally-managed
[14.522s] running egg_info
[14.536s] writing ../../build/xgo_device/xgo_device.egg-info/PKG-INFO
[14.542s] writing dependency_links to ../../build/xgo_device/xgo_device.egg-info/dependency_links.txt
[14.547s] writing entry points to ../../build/xgo_device/xgo_device.egg-info/entry_points.txt
[14.553s] writing requirements to ../../build/xgo_device/xgo_device.egg-info/requires.txt
[14.559s] writing top-level names to ../../build/xgo_device/xgo_device.egg-info/top_level.txt
[14.577s] reading manifest file '../../build/xgo_device/xgo_device.egg-info/SOURCES.txt'
[14.621s] writing manifest file '../../build/xgo_device/xgo_device.egg-info/SOURCES.txt'
[14.631s] running build
[14.635s] running build_py
[14.654s] running install
[14.666s] running install_lib
[14.686s] running install_egg_info
[14.710s] removing '/home/sunrise/xgo_demo/install/xgo_device/lib/python3.10/site-packages/xgo_device-0.0.1-py3.10.egg-info' (and everything under it)
[14.722s] Copying ../../build/xgo_device/xgo_device.egg-info to /home/sunrise/xgo_demo/install/xgo_device/lib/python3.10/site-packages/xgo_device-0.0.1-py3.10.egg-info
[14.758s] running install_scripts
[15.185s] Installing device_info script to /home/sunrise/xgo_demo/install/xgo_device/lib/xgo_device
[15.195s] writing list of installed files to '/home/sunrise/xgo_demo/build/xgo_device/install.log'
[15.611s] Invoked command in '/home/sunrise/xgo_demo/src/xgo_device' returned '0': PYTHONPATH=/home/sunrise/xgo_demo/build/xgo_device/prefix_override:/usr/lib/python3/dist-packages/colcon_core/task/python/colcon_distutils_commands:/home/sunrise/xgo_demo/install/xgo_device/lib/python3.10/site-packages:${PYTHONPATH} /usr/bin/python3 -W ignore:setup.py install is deprecated -W ignore:easy_install command is deprecated setup.py egg_info --egg-base ../../build/xgo_device build --build-base /home/sunrise/xgo_demo/build/xgo_device/build install --record /home/sunrise/xgo_demo/build/xgo_device/install.log --single-version-externally-managed
