[5.927s] Invoking command in '/home/sunrise/xgo_demo/src/xgo_motion': PYTHONPATH=/home/sunrise/xgo_demo/build/xgo_motion/prefix_override:/usr/lib/python3/dist-packages/colcon_core/task/python/colcon_distutils_commands:/home/sunrise/xgo_demo/install/xgo_motion/lib/python3.10/site-packages:${PYTHONPATH} /usr/bin/python3 -W ignore:setup.py install is deprecated -W ignore:easy_install command is deprecated setup.py egg_info --egg-base ../../build/xgo_motion build --build-base /home/sunrise/xgo_demo/build/xgo_motion/build install --record /home/sunrise/xgo_demo/build/xgo_motion/install.log --single-version-externally-managed install_data
[7.974s] running egg_info
[7.990s] writing ../../build/xgo_motion/xgo_motion.egg-info/PKG-INFO
[7.997s] writing dependency_links to ../../build/xgo_motion/xgo_motion.egg-info/dependency_links.txt
[8.004s] writing entry points to ../../build/xgo_motion/xgo_motion.egg-info/entry_points.txt
[8.010s] writing requirements to ../../build/xgo_motion/xgo_motion.egg-info/requires.txt
[8.017s] writing top-level names to ../../build/xgo_motion/xgo_motion.egg-info/top_level.txt
[8.120s] reading manifest file '../../build/xgo_motion/xgo_motion.egg-info/SOURCES.txt'
[8.176s] writing manifest file '../../build/xgo_motion/xgo_motion.egg-info/SOURCES.txt'
[8.182s] running build
[8.190s] running build_py
[8.813s] running install
[8.817s] running install_lib
[8.992s] running install_data
[8.995s] running install_egg_info
[9.030s] removing '/home/sunrise/xgo_demo/install/xgo_motion/lib/python3.10/site-packages/xgo_motion-0.0.0-py3.10.egg-info' (and everything under it)
[9.045s] Copying ../../build/xgo_motion/xgo_motion.egg-info to /home/sunrise/xgo_demo/install/xgo_motion/lib/python3.10/site-packages/xgo_motion-0.0.0-py3.10.egg-info
[9.065s] running install_scripts
[9.489s] Installing dog_show script to /home/sunrise/xgo_demo/install/xgo_motion/lib/xgo_motion
[9.586s] writing list of installed files to '/home/sunrise/xgo_demo/build/xgo_motion/install.log'
[9.970s] Invoked command in '/home/sunrise/xgo_demo/src/xgo_motion' returned '0': PYTHONPATH=/home/sunrise/xgo_demo/build/xgo_motion/prefix_override:/usr/lib/python3/dist-packages/colcon_core/task/python/colcon_distutils_commands:/home/sunrise/xgo_demo/install/xgo_motion/lib/python3.10/site-packages:${PYTHONPATH} /usr/bin/python3 -W ignore:setup.py install is deprecated -W ignore:easy_install command is deprecated setup.py egg_info --egg-base ../../build/xgo_motion build --build-base /home/sunrise/xgo_demo/build/xgo_motion/build install --record /home/sunrise/xgo_demo/build/xgo_motion/install.log --single-version-externally-managed install_data
