[0.669s] DEBUG:colcon:Command line arguments: ['/usr/bin/colcon', 'build', '--packages-select', 'xgo_head', '--parallel-workers', '4']
[0.670s] DEBUG:colcon:Parsed command line arguments: Namespace(log_base=None, log_level=None, verb_name='build', build_base='build', install_base='install', merge_install=False, symlink_install=False, test_result_base=None, continue_on_error=False, executor='parallel', parallel_workers=4, event_handlers=None, ignore_user_meta=False, metas=['./colcon.meta'], base_paths=['.'], packages_ignore=None, packages_ignore_regex=None, paths=None, packages_up_to=None, packages_up_to_regex=None, packages_above=None, packages_above_and_dependencies=None, packages_above_depth=None, packages_select_by_dep=None, packages_skip_by_dep=None, packages_skip_up_to=None, packages_select_build_failed=False, packages_skip_build_finished=False, packages_select_test_failures=False, packages_skip_test_passed=False, packages_select=['xgo_head'], packages_skip=None, packages_select_regex=None, packages_skip_regex=None, packages_start=None, packages_end=None, allow_overriding=[], cmake_args=None, cmake_target=None, cmake_target_skip_unavailable=False, cmake_clean_cache=False, cmake_clean_first=False, cmake_force_configure=False, ament_cmake_args=None, catkin_cmake_args=None, catkin_skip_building_tests=False, verb_parser=<colcon_defaults.argument_parser.defaults.DefaultArgumentsDecorator object at 0x7fad843340>, verb_extension=<colcon_core.verb.build.BuildVerb object at 0x7fad842e60>, main=<bound method BuildVerb.main of <colcon_core.verb.build.BuildVerb object at 0x7fad842e60>>)
[1.684s] Level 1:colcon.colcon_core.package_discovery:discover_packages(colcon_meta) check parameters
[1.685s] Level 1:colcon.colcon_core.package_discovery:discover_packages(recursive) check parameters
[1.697s] Level 1:colcon.colcon_core.package_discovery:discover_packages(ignore) check parameters
[1.698s] Level 1:colcon.colcon_core.package_discovery:discover_packages(path) check parameters
[1.698s] Level 1:colcon.colcon_core.package_discovery:discover_packages(colcon_meta) discover
[1.698s] Level 1:colcon.colcon_core.package_discovery:discover_packages(recursive) discover
[1.699s] INFO:colcon.colcon_core.package_discovery:Crawling recursively for packages in '/home/sunrise/xgo_demo'
[1.699s] Level 1:colcon.colcon_core.package_identification:_identify(.) by extensions ['ignore', 'ignore_ament_install']
[1.700s] Level 1:colcon.colcon_core.package_identification:_identify(.) by extension 'ignore'
[1.700s] Level 1:colcon.colcon_core.package_identification:_identify(.) by extension 'ignore_ament_install'
[1.701s] Level 1:colcon.colcon_core.package_identification:_identify(.) by extensions ['colcon_pkg']
[1.701s] Level 1:colcon.colcon_core.package_identification:_identify(.) by extension 'colcon_pkg'
[1.701s] Level 1:colcon.colcon_core.package_identification:_identify(.) by extensions ['colcon_meta']
[1.702s] Level 1:colcon.colcon_core.package_identification:_identify(.) by extension 'colcon_meta'
[1.702s] Level 1:colcon.colcon_core.package_identification:_identify(.) by extensions ['ros']
[1.702s] Level 1:colcon.colcon_core.package_identification:_identify(.) by extension 'ros'
[1.784s] Level 1:colcon.colcon_core.package_identification:_identify(.) by extensions ['cmake', 'python']
[1.784s] Level 1:colcon.colcon_core.package_identification:_identify(.) by extension 'cmake'
[1.784s] Level 1:colcon.colcon_core.package_identification:_identify(.) by extension 'python'
[1.785s] Level 1:colcon.colcon_core.package_identification:_identify(.) by extensions ['python_setup_py']
[1.785s] Level 1:colcon.colcon_core.package_identification:_identify(.) by extension 'python_setup_py'
[1.786s] Level 1:colcon.colcon_core.package_identification:_identify(build) by extensions ['ignore', 'ignore_ament_install']
[1.786s] Level 1:colcon.colcon_core.package_identification:_identify(build) by extension 'ignore'
[1.787s] Level 1:colcon.colcon_core.package_identification:_identify(build) ignored
[1.788s] Level 1:colcon.colcon_core.package_identification:_identify(config) by extensions ['ignore', 'ignore_ament_install']
[1.788s] Level 1:colcon.colcon_core.package_identification:_identify(config) by extension 'ignore'
[1.789s] Level 1:colcon.colcon_core.package_identification:_identify(config) by extension 'ignore_ament_install'
[1.789s] Level 1:colcon.colcon_core.package_identification:_identify(config) by extensions ['colcon_pkg']
[1.789s] Level 1:colcon.colcon_core.package_identification:_identify(config) by extension 'colcon_pkg'
[1.790s] Level 1:colcon.colcon_core.package_identification:_identify(config) by extensions ['colcon_meta']
[1.790s] Level 1:colcon.colcon_core.package_identification:_identify(config) by extension 'colcon_meta'
[1.790s] Level 1:colcon.colcon_core.package_identification:_identify(config) by extensions ['ros']
[1.791s] Level 1:colcon.colcon_core.package_identification:_identify(config) by extension 'ros'
[1.791s] Level 1:colcon.colcon_core.package_identification:_identify(config) by extensions ['cmake', 'python']
[1.792s] Level 1:colcon.colcon_core.package_identification:_identify(config) by extension 'cmake'
[1.793s] Level 1:colcon.colcon_core.package_identification:_identify(config) by extension 'python'
[1.793s] Level 1:colcon.colcon_core.package_identification:_identify(config) by extensions ['python_setup_py']
[1.794s] Level 1:colcon.colcon_core.package_identification:_identify(config) by extension 'python_setup_py'
[1.795s] Level 1:colcon.colcon_core.package_identification:_identify(config/efficient_det) by extensions ['ignore', 'ignore_ament_install']
[1.795s] Level 1:colcon.colcon_core.package_identification:_identify(config/efficient_det) by extension 'ignore'
[1.796s] Level 1:colcon.colcon_core.package_identification:_identify(config/efficient_det) by extension 'ignore_ament_install'
[1.796s] Level 1:colcon.colcon_core.package_identification:_identify(config/efficient_det) by extensions ['colcon_pkg']
[1.797s] Level 1:colcon.colcon_core.package_identification:_identify(config/efficient_det) by extension 'colcon_pkg'
[1.797s] Level 1:colcon.colcon_core.package_identification:_identify(config/efficient_det) by extensions ['colcon_meta']
[1.797s] Level 1:colcon.colcon_core.package_identification:_identify(config/efficient_det) by extension 'colcon_meta'
[1.798s] Level 1:colcon.colcon_core.package_identification:_identify(config/efficient_det) by extensions ['ros']
[1.798s] Level 1:colcon.colcon_core.package_identification:_identify(config/efficient_det) by extension 'ros'
[1.799s] Level 1:colcon.colcon_core.package_identification:_identify(config/efficient_det) by extensions ['cmake', 'python']
[1.799s] Level 1:colcon.colcon_core.package_identification:_identify(config/efficient_det) by extension 'cmake'
[1.799s] Level 1:colcon.colcon_core.package_identification:_identify(config/efficient_det) by extension 'python'
[1.799s] Level 1:colcon.colcon_core.package_identification:_identify(config/efficient_det) by extensions ['python_setup_py']
[1.800s] Level 1:colcon.colcon_core.package_identification:_identify(config/efficient_det) by extension 'python_setup_py'
[1.800s] Level 1:colcon.colcon_core.package_identification:_identify(install) by extensions ['ignore', 'ignore_ament_install']
[1.801s] Level 1:colcon.colcon_core.package_identification:_identify(install) by extension 'ignore'
[1.801s] Level 1:colcon.colcon_core.package_identification:_identify(install) ignored
[1.802s] Level 1:colcon.colcon_core.package_identification:_identify(log) by extensions ['ignore', 'ignore_ament_install']
[1.803s] Level 1:colcon.colcon_core.package_identification:_identify(log) by extension 'ignore'
[1.803s] Level 1:colcon.colcon_core.package_identification:_identify(log) ignored
[1.804s] Level 1:colcon.colcon_core.package_identification:_identify(src) by extensions ['ignore', 'ignore_ament_install']
[1.804s] Level 1:colcon.colcon_core.package_identification:_identify(src) by extension 'ignore'
[1.805s] Level 1:colcon.colcon_core.package_identification:_identify(src) by extension 'ignore_ament_install'
[1.805s] Level 1:colcon.colcon_core.package_identification:_identify(src) by extensions ['colcon_pkg']
[1.805s] Level 1:colcon.colcon_core.package_identification:_identify(src) by extension 'colcon_pkg'
[1.806s] Level 1:colcon.colcon_core.package_identification:_identify(src) by extensions ['colcon_meta']
[1.806s] Level 1:colcon.colcon_core.package_identification:_identify(src) by extension 'colcon_meta'
[1.806s] Level 1:colcon.colcon_core.package_identification:_identify(src) by extensions ['ros']
[1.807s] Level 1:colcon.colcon_core.package_identification:_identify(src) by extension 'ros'
[1.807s] Level 1:colcon.colcon_core.package_identification:_identify(src) by extensions ['cmake', 'python']
[1.807s] Level 1:colcon.colcon_core.package_identification:_identify(src) by extension 'cmake'
[1.808s] Level 1:colcon.colcon_core.package_identification:_identify(src) by extension 'python'
[1.808s] Level 1:colcon.colcon_core.package_identification:_identify(src) by extensions ['python_setup_py']
[1.808s] Level 1:colcon.colcon_core.package_identification:_identify(src) by extension 'python_setup_py'
[1.809s] Level 1:colcon.colcon_core.package_identification:_identify(src/xgo_body) by extensions ['ignore', 'ignore_ament_install']
[1.810s] Level 1:colcon.colcon_core.package_identification:_identify(src/xgo_body) by extension 'ignore'
[1.810s] Level 1:colcon.colcon_core.package_identification:_identify(src/xgo_body) by extension 'ignore_ament_install'
[1.810s] Level 1:colcon.colcon_core.package_identification:_identify(src/xgo_body) by extensions ['colcon_pkg']
[1.811s] Level 1:colcon.colcon_core.package_identification:_identify(src/xgo_body) by extension 'colcon_pkg'
[1.811s] Level 1:colcon.colcon_core.package_identification:_identify(src/xgo_body) by extensions ['colcon_meta']
[1.811s] Level 1:colcon.colcon_core.package_identification:_identify(src/xgo_body) by extension 'colcon_meta'
[1.812s] Level 1:colcon.colcon_core.package_identification:_identify(src/xgo_body) by extensions ['ros']
[1.812s] Level 1:colcon.colcon_core.package_identification:_identify(src/xgo_body) by extension 'ros'
[1.826s] DEBUG:colcon.colcon_core.package_identification:Package 'src/xgo_body' with type 'ros.ament_cmake' and name 'xgo_body'
[1.827s] Level 1:colcon.colcon_core.package_identification:_identify(src/xgo_body_py) by extensions ['ignore', 'ignore_ament_install']
[1.828s] Level 1:colcon.colcon_core.package_identification:_identify(src/xgo_body_py) by extension 'ignore'
[1.828s] Level 1:colcon.colcon_core.package_identification:_identify(src/xgo_body_py) by extension 'ignore_ament_install'
[1.829s] Level 1:colcon.colcon_core.package_identification:_identify(src/xgo_body_py) by extensions ['colcon_pkg']
[1.829s] Level 1:colcon.colcon_core.package_identification:_identify(src/xgo_body_py) by extension 'colcon_pkg'
[1.829s] Level 1:colcon.colcon_core.package_identification:_identify(src/xgo_body_py) by extensions ['colcon_meta']
[1.830s] Level 1:colcon.colcon_core.package_identification:_identify(src/xgo_body_py) by extension 'colcon_meta'
[1.830s] Level 1:colcon.colcon_core.package_identification:_identify(src/xgo_body_py) by extensions ['ros']
[1.830s] Level 1:colcon.colcon_core.package_identification:_identify(src/xgo_body_py) by extension 'ros'
[1.844s] DEBUG:colcon.colcon_core.package_identification:Package 'src/xgo_body_py' with type 'ros.ament_python' and name 'xgo_body_py'
[1.845s] Level 1:colcon.colcon_core.package_identification:_identify(src/xgo_head) by extensions ['ignore', 'ignore_ament_install']
[1.846s] Level 1:colcon.colcon_core.package_identification:_identify(src/xgo_head) by extension 'ignore'
[1.846s] Level 1:colcon.colcon_core.package_identification:_identify(src/xgo_head) by extension 'ignore_ament_install'
[1.847s] Level 1:colcon.colcon_core.package_identification:_identify(src/xgo_head) by extensions ['colcon_pkg']
[1.847s] Level 1:colcon.colcon_core.package_identification:_identify(src/xgo_head) by extension 'colcon_pkg'
[1.847s] Level 1:colcon.colcon_core.package_identification:_identify(src/xgo_head) by extensions ['colcon_meta']
[1.847s] Level 1:colcon.colcon_core.package_identification:_identify(src/xgo_head) by extension 'colcon_meta'
[1.848s] Level 1:colcon.colcon_core.package_identification:_identify(src/xgo_head) by extensions ['ros']
[1.848s] Level 1:colcon.colcon_core.package_identification:_identify(src/xgo_head) by extension 'ros'
[1.852s] DEBUG:colcon.colcon_core.package_identification:Package 'src/xgo_head' with type 'ros.ament_cmake' and name 'xgo_head'
[1.852s] Level 1:colcon.colcon_core.package_discovery:discover_packages(recursive) using defaults
[1.852s] Level 1:colcon.colcon_core.package_discovery:discover_packages(ignore) discover
[1.853s] Level 1:colcon.colcon_core.package_discovery:discover_packages(ignore) using defaults
[1.853s] Level 1:colcon.colcon_core.package_discovery:discover_packages(path) discover
[1.853s] Level 1:colcon.colcon_core.package_discovery:discover_packages(path) using defaults
[1.972s] INFO:colcon.colcon_core.package_selection:Skipping not selected package 'xgo_body' in 'src/xgo_body'
[1.973s] INFO:colcon.colcon_core.package_selection:Skipping not selected package 'xgo_body_py' in 'src/xgo_body_py'
[1.975s] Level 1:colcon.colcon_core.package_discovery:discover_packages(prefix_path) check parameters
[1.975s] Level 1:colcon.colcon_core.package_discovery:discover_packages(prefix_path) discover
[1.986s] DEBUG:colcon.colcon_installed_package_information.package_discovery:Found 3 installed packages in /home/sunrise/xgo_demo/install
[1.989s] DEBUG:colcon.colcon_installed_package_information.package_discovery:Found 49 installed packages in /opt/tros/humble
[1.998s] DEBUG:colcon.colcon_installed_package_information.package_discovery:Found 183 installed packages in /opt/ros/humble
[2.007s] Level 1:colcon.colcon_core.package_discovery:discover_packages(prefix_path) using defaults
[2.295s] Level 5:colcon.colcon_core.verb:set package 'xgo_head' build argument 'cmake_args' from command line to 'None'
[2.295s] Level 5:colcon.colcon_core.verb:set package 'xgo_head' build argument 'cmake_target' from command line to 'None'
[2.295s] Level 5:colcon.colcon_core.verb:set package 'xgo_head' build argument 'cmake_target_skip_unavailable' from command line to 'False'
[2.295s] Level 5:colcon.colcon_core.verb:set package 'xgo_head' build argument 'cmake_clean_cache' from command line to 'False'
[2.296s] Level 5:colcon.colcon_core.verb:set package 'xgo_head' build argument 'cmake_clean_first' from command line to 'False'
[2.296s] Level 5:colcon.colcon_core.verb:set package 'xgo_head' build argument 'cmake_force_configure' from command line to 'False'
[2.296s] Level 5:colcon.colcon_core.verb:set package 'xgo_head' build argument 'ament_cmake_args' from command line to 'None'
[2.296s] Level 5:colcon.colcon_core.verb:set package 'xgo_head' build argument 'catkin_cmake_args' from command line to 'None'
[2.296s] Level 5:colcon.colcon_core.verb:set package 'xgo_head' build argument 'catkin_skip_building_tests' from command line to 'False'
[2.297s] DEBUG:colcon.colcon_core.verb:Building package 'xgo_head' with the following arguments: {'ament_cmake_args': None, 'build_base': '/home/sunrise/xgo_demo/build/xgo_head', 'catkin_cmake_args': None, 'catkin_skip_building_tests': False, 'cmake_args': None, 'cmake_clean_cache': False, 'cmake_clean_first': False, 'cmake_force_configure': False, 'cmake_target': None, 'cmake_target_skip_unavailable': False, 'install_base': '/home/sunrise/xgo_demo/install/xgo_head', 'merge_install': False, 'path': '/home/sunrise/xgo_demo/src/xgo_head', 'symlink_install': False, 'test_result_base': None}
[2.298s] INFO:colcon.colcon_core.executor:Executing jobs using 'parallel' executor
[2.303s] DEBUG:colcon.colcon_parallel_executor.executor.parallel:run_until_complete
[2.304s] INFO:colcon.colcon_ros.task.ament_cmake.build:Building ROS package in '/home/sunrise/xgo_demo/src/xgo_head' with build type 'ament_cmake'
[2.305s] INFO:colcon.colcon_cmake.task.cmake.build:Building CMake package in '/home/sunrise/xgo_demo/src/xgo_head'
[2.318s] INFO:colcon.colcon_core.plugin_system:Skipping extension 'colcon_core.shell.bat': Not used on non-Windows systems
[2.319s] INFO:colcon.colcon_core.shell:Skip shell extension 'powershell' for command environment: Not usable outside of PowerShell
[2.320s] DEBUG:colcon.colcon_core.shell:Skip shell extension 'dsv' for command environment
[2.357s] DEBUG:colcon.colcon_core.event_handler.log_command:Invoking command in '/home/sunrise/xgo_demo/build/xgo_head': CMAKE_PREFIX_PATH=${CMAKE_PREFIX_PATH}:/home/sunrise/xgo_demo/install/xgo_body_py:/opt/tros/humble:/opt/ros/humble /usr/bin/cmake --build /home/sunrise/xgo_demo/build/xgo_head -- -j4 -l4
