[3.669s] Invoking command in '/home/sunrise/xgo_demo/build/xgo_head': CMAKE_PREFIX_PATH=${CMAKE_PREFIX_PATH}:/home/sunrise/xgo_demo/install/xgo_body_py:/opt/tros/humble:/opt/ros/humble /usr/bin/cmake --build /home/sunrise/xgo_demo/build/xgo_head -- -j4 -l4
[4.656s] [  2%] [32mBuilding CXX object CMakeFiles/xgo_head.dir/src/mainwindow.cpp.o[0m
[4.657s] [  5%] [32mBuilding CXX object CMakeFiles/xgo_head.dir/src/rclcomm.cpp.o[0m
[4.713s] [  8%] [32mBuilding CXX object CMakeFiles/xgo_head.dir/src/main.cpp.o[0m
[5.861s] [ 11%] [32mBuilding CXX object CMakeFiles/xgo_head.dir/include/moc_mainwindow.cpp.o[0m
[53.154s] [01m[K/home/sunrise/xgo_demo/src/xgo_head/src/rclcomm.cpp:[m[K In member function ‘[01m[Kvoid rclcomm::recvCompressedImageCallback(sensor_msgs::msg::CompressedImage_<std::allocator<void> >::SharedPtr)[m[K’:
[53.199s] [01m[K/home/sunrise/xgo_demo/src/xgo_head/src/rclcomm.cpp:427:37:[m[K [01;31m[Kerror: [m[K‘[01m[Kclass QList<TrackedPoint>::const_iterator[m[K’ has no member named ‘[01m[Kpos[m[K’
[53.200s]   427 |         QPointF prev_pos = it_point.[01;31m[Kpos[m[K;
[53.201s]       |                                     [01;31m[K^~~[m[K
[53.202s] [01m[K/home/sunrise/xgo_demo/src/xgo_head/src/rclcomm.cpp:437:46:[m[K [01;31m[Kerror: [m[K‘[01m[Kclass QList<TrackedPoint>::const_iterator[m[K’ has no member named ‘[01m[Kpos[m[K’
[53.208s]   437 |           const QPointF& curr_pos = it_point.[01;31m[Kpos[m[K;
[53.209s]       |                                              [01;31m[K^~~[m[K
[53.210s] [01m[K/home/sunrise/xgo_demo/src/xgo_head/src/rclcomm.cpp:442:18:[m[K [01;31m[Kerror: [m[Kno matching function for call to ‘[01m[KTLog::d(const char [34], double&, double&, double&, double&)[m[K’
[53.211s]   442 |           [01;31m[KTLog::d("draw line from (%f,%f) to (%f,%f)", prevX, prevY, currX, currY)[m[K;
[53.213s]       |           [01;31m[K~~~~~~~^~~~~~~~~~~~~~~~~~~~~~~~~~~~~~~~~~~~~~~~~~~~~~~~~~~~~~~~~~~~~~~~~[m[K
[53.214s] In file included from [01m[K/home/sunrise/xgo_demo/src/xgo_head/include/rclcomm.h:30[m[K,
[53.219s]                  from [01m[K/home/sunrise/xgo_demo/src/xgo_head/src/rclcomm.cpp:1[m[K:
[53.220s] [01m[K/home/sunrise/xgo_demo/src/xgo_head/include/TLog.h:27:17:[m[K [01;36m[Knote: [m[Kcandidate: ‘[01m[Kstatic void TLog::d(QString)[m[K’
[53.221s]    27 |     static void [01;36m[Kd[m[K(QString txt);
[53.222s]       |                 [01;36m[K^[m[K
[53.233s] [01m[K/home/sunrise/xgo_demo/src/xgo_head/include/TLog.h:27:17:[m[K [01;36m[Knote: [m[K  candidate expects 1 argument, 5 provided
[60.120s] [01m[K/home/sunrise/xgo_demo/src/xgo_head/src/mainwindow.cpp:[m[K In member function ‘[01m[Kvoid MainWindow::updateTopicInfo(QString)[m[K’:
[60.133s] [01m[K/home/sunrise/xgo_demo/src/xgo_head/src/mainwindow.cpp:69:42:[m[K [01;35m[Kwarning: [m[Kunused parameter ‘[01m[Kdata[m[K’ [[01;35m[K]8;;https://gcc.gnu.org/onlinedocs/gcc/Warning-Options.html#index-Wunused-parameter-Wunused-parameter]8;;[m[K]
[60.134s]    69 | void MainWindow::updateTopicInfo([01;35m[KQString data[m[K){
[60.134s]       |                                  [01;35m[K~~~~~~~~^~~~[m[K
