In file included from [01m[K/home/sunrise/xgo_demo/src/xgo_head/src/rclcomm.cpp:1[m[K:
[01m[K/home/sunrise/xgo_demo/src/xgo_head/include/rclcomm.h:58:55:[m[K [01;35m[Kwarning: [m[Kuse of ‘[01m[Kauto[m[K’ in parameter declaration only available with ‘[01m[K-std=c++20[m[K’ or ‘[01m[K-fconcepts[m[K’
   58 |     std::optional<QPoint> extractIndexFingerTip(const [01;35m[Kauto[m[K& target);
      |                                                       [01;35m[K^~~~[m[K
In file included from [01m[K/home/sunrise/xgo_demo/src/xgo_head/include/mainwindow.h:7[m[K,
                 from [01m[K/home/sunrise/xgo_demo/src/xgo_head/src/main.cpp:1[m[K:
[01m[K/home/sunrise/xgo_demo/src/xgo_head/include/rclcomm.h:58:55:[m[K [01;35m[Kwarning: [m[Kuse of ‘[01m[Kauto[m[K’ in parameter declaration only available with ‘[01m[K-std=c++20[m[K’ or ‘[01m[K-fconcepts[m[K’
   58 |     std::optional<QPoint> extractIndexFingerTip(const [01;35m[Kauto[m[K& target);
      |                                                       [01;35m[K^~~~[m[K
In file included from [01m[K/home/sunrise/xgo_demo/build/xgo_head/include/../../../src/xgo_head/include/mainwindow.h:7[m[K,
                 from [01m[K/home/sunrise/xgo_demo/build/xgo_head/include/moc_mainwindow.cpp:10[m[K:
[01m[K/home/sunrise/xgo_demo/build/xgo_head/include/../../../src/xgo_head/include/rclcomm.h:58:55:[m[K [01;35m[Kwarning: [m[Kuse of ‘[01m[Kauto[m[K’ in parameter declaration only available with ‘[01m[K-std=c++20[m[K’ or ‘[01m[K-fconcepts[m[K’
   58 |     std::optional<QPoint> extractIndexFingerTip(const [01;35m[Kauto[m[K& target);
      |                                                       [01;35m[K^~~~[m[K
In file included from [01m[K/home/sunrise/xgo_demo/src/xgo_head/include/mainwindow.h:7[m[K,
                 from [01m[K/home/sunrise/xgo_demo/src/xgo_head/src/mainwindow.cpp:1[m[K:
[01m[K/home/sunrise/xgo_demo/src/xgo_head/include/rclcomm.h:58:55:[m[K [01;35m[Kwarning: [m[Kuse of ‘[01m[Kauto[m[K’ in parameter declaration only available with ‘[01m[K-std=c++20[m[K’ or ‘[01m[K-fconcepts[m[K’
   58 |     std::optional<QPoint> extractIndexFingerTip(const [01;35m[Kauto[m[K& target);
      |                                                       [01;35m[K^~~~[m[K
[01m[K/home/sunrise/xgo_demo/src/xgo_head/src/rclcomm.cpp:[m[K In member function ‘[01m[Kvoid rclcomm::recvCompressedImageCallback(sensor_msgs::msg::CompressedImage_<std::allocator<void> >::SharedPtr)[m[K’:
[01m[K/home/sunrise/xgo_demo/src/xgo_head/src/rclcomm.cpp:358:7:[m[K [01;31m[Kerror: [m[K‘[01m[Kpen[m[K’ was not declared in this scope
  358 |       [01;31m[Kpen[m[K.setWidth(4);
      |       [01;31m[K^~~[m[K
[01m[K/home/sunrise/xgo_demo/src/xgo_head/src/rclcomm.cpp:[m[K In member function ‘[01m[Kvoid rclcomm::recvHandFollowCallback(ai_msgs::msg::PerceptionTargets_<std::allocator<void> >::SharedPtr)[m[K’:
[01m[K/home/sunrise/xgo_demo/src/xgo_head/src/rclcomm.cpp:471:3:[m[K [01;31m[Kerror: [m[Kexpected ‘[01m[K,[m[K’ or ‘[01m[K;[m[K’ before ‘[01m[Kqint64[m[K’
  471 |   [01;31m[Kqint64[m[K now = QDateTime::currentMSecsSinceEpoch();
      |   [01;31m[K^~~~~~[m[K
[01m[K/home/sunrise/xgo_demo/src/xgo_head/src/rclcomm.cpp:483:27:[m[K [01;31m[Kerror: [m[K‘[01m[Know[m[K’ was not declared in this scope; did you mean ‘[01m[Kpow[m[K’?
  483 |             p.timestamp = [01;31m[Know[m[K;
      |                           [01;31m[K^~~[m[K
      |                           [32m[Kpow[m[K
[01m[K/home/sunrise/xgo_demo/src/xgo_head/src/rclcomm.cpp:500:26:[m[K [01;31m[Kerror: [m[K‘[01m[Know[m[K’ was not declared in this scope; did you mean ‘[01m[Kpow[m[K’?
  500 |         cleanupOldTracks([01;31m[Know[m[K);
      |                          [01;31m[K^~~[m[K
      |                          [32m[Kpow[m[K
[01m[K/home/sunrise/xgo_demo/src/xgo_head/src/rclcomm.cpp:470:8:[m[K [01;35m[Kwarning: [m[Kunused variable ‘[01m[KtargetNum[m[K’ [[01;35m[K]8;;https://gcc.gnu.org/onlinedocs/gcc/Warning-Options.html#index-Wunused-variable-Wunused-variable]8;;[m[K]
  470 |   auto [01;35m[KtargetNum[m[K = targetList.size()
      |        [01;35m[K^~~~~~~~~[m[K
[01m[K/home/sunrise/xgo_demo/src/xgo_head/src/rclcomm.cpp:[m[K At global scope:
[01m[K/home/sunrise/xgo_demo/src/xgo_head/src/rclcomm.cpp:504:60:[m[K [01;35m[Kwarning: [m[Kuse of ‘[01m[Kauto[m[K’ in parameter declaration only available with ‘[01m[K-std=c++20[m[K’ or ‘[01m[K-fconcepts[m[K’
  504 | std::optional<QPoint> rclcomm::extractIndexFingerTip(const [01;35m[Kauto[m[K& target) {
      |                                                            [01;35m[K^~~~[m[K
[01m[K/home/sunrise/xgo_demo/src/xgo_head/src/rclcomm.cpp:[m[K In member function ‘[01m[Kvoid rclcomm::cleanupOldTracks(qint64)[m[K’:
[01m[K/home/sunrise/xgo_demo/src/xgo_head/src/rclcomm.cpp:523:26:[m[K [01;31m[Kerror: [m[K‘[01m[Kclass QQueue<TrackedPoint>[m[K’ has no member named ‘[01m[Ktail[m[K’
  523 |     if (now - it.value().[01;31m[Ktail[m[K().timestamp > 5000) { // 超过5秒无更新
      |                          [01;31m[K^~~~[m[K
[01m[K/home/sunrise/xgo_demo/src/xgo_head/src/mainwindow.cpp:[m[K In member function ‘[01m[Kvoid MainWindow::updateTopicInfo(QString)[m[K’:
[01m[K/home/sunrise/xgo_demo/src/xgo_head/src/mainwindow.cpp:69:42:[m[K [01;35m[Kwarning: [m[Kunused parameter ‘[01m[Kdata[m[K’ [[01;35m[K]8;;https://gcc.gnu.org/onlinedocs/gcc/Warning-Options.html#index-Wunused-parameter-Wunused-parameter]8;;[m[K]
   69 | void MainWindow::updateTopicInfo([01;35m[KQString data[m[K){
      |                                  [01;35m[K~~~~~~~~^~~~[m[K
[01m[Kc++:[m[K [01;31m[Kfatal error: [m[KKilled signal terminated program cc1plus
compilation terminated.
gmake[2]: *** [CMakeFiles/xgo_head.dir/build.make:262: CMakeFiles/xgo_head.dir/src/main.cpp.o] Error 1
gmake[2]: *** Waiting for unfinished jobs....
gmake[2]: *** [CMakeFiles/xgo_head.dir/build.make:290: CMakeFiles/xgo_head.dir/src/rclcomm.cpp.o] Error 1
gmake[1]: *** [CMakeFiles/Makefile2:137: CMakeFiles/xgo_head.dir/all] Error 2
gmake: *** [Makefile:146: all] Error 2
