[3.967s] Invoking command in '/home/sunrise/xgo_demo/build/xgo_head': CMAKE_PREFIX_PATH=${CMAKE_PREFIX_PATH}:/home/sunrise/xgo_demo/install/xgo_motion:/home/sunrise/xgo_demo/install/xgo_device:/home/sunrise/xgo_demo/install/xgo_body_py:/opt/tros/humble:/opt/ros/humble /usr/bin/cmake --build /home/sunrise/xgo_demo/build/xgo_head -- -j4 -l4
[4.347s] [35m[1mConsolidate compiler generated dependencies of target xgo_head[0m
[4.724s] [  2%] [32mBuilding CXX object CMakeFiles/xgo_head.dir/src/mainwindow.cpp.o[0m
[35.176s] [01m[K/home/sunrise/xgo_demo/src/xgo_head/src/mainwindow.cpp:[m[K In member function ‘[01m[Kvoid MainWindow::updateTopicInfo(QString)[m[K’:
[35.176s] [01m[K/home/sunrise/xgo_demo/src/xgo_head/src/mainwindow.cpp:67:42:[m[K [01;35m[Kwarning: [m[Kunused parameter ‘[01m[Kdata[m[K’ [[01;35m[K]8;;https://gcc.gnu.org/onlinedocs/gcc/Warning-Options.html#index-Wunused-parameter-Wunused-parameter]8;;[m[K]
[35.177s]    67 | void MainWindow::updateTopicInfo([01;35m[KQString data[m[K){
[35.178s]       |                                  [01;35m[K~~~~~~~~^~~~[m[K
[35.199s] [01m[K/home/sunrise/xgo_demo/src/xgo_head/src/mainwindow.cpp:[m[K In member function ‘[01m[Kvoid MainWindow::onGpioData(int, int, int)[m[K’:
[35.200s] [01m[K/home/sunrise/xgo_demo/src/xgo_head/src/mainwindow.cpp:194:37:[m[K [01;31m[Kerror: [m[Kqualified-id in declaration before ‘[01m[K([m[K’ token
[35.201s]   194 | void MainWindow::changeBackgroundImg[01;31m[K([m[K)
[35.201s]       |                                     [01;31m[K^[m[K
[35.202s] [01m[K/home/sunrise/xgo_demo/src/xgo_head/src/mainwindow.cpp:204:26:[m[K [01;31m[Kerror: [m[Kqualified-id in declaration before ‘[01m[K([m[K’ token
[35.203s]   204 | void MainWindow::xgoSpeak[01;31m[K([m[K)
[35.203s]       |                          [01;31m[K^[m[K
[35.204s] [01m[K/home/sunrise/xgo_demo/src/xgo_head/src/mainwindow.cpp:233:28:[m[K [01;31m[Kerror: [m[Kqualified-id in declaration before ‘[01m[K([m[K’ token
[35.205s]   233 | void MainWindow::initLabels[01;31m[K([m[K)
[35.206s]       |                            [01;31m[K^[m[K
[35.206s] [01m[K/home/sunrise/xgo_demo/src/xgo_head/src/mainwindow.cpp:276:30:[m[K [01;31m[Kerror: [m[Kqualified-id in declaration before ‘[01m[K([m[K’ token
[35.207s]   276 | void MainWindow::change_focus[01;31m[K([m[Kbool direction)
[35.208s]       |                              [01;31m[K^[m[K
[35.209s] [01m[K/home/sunrise/xgo_demo/src/xgo_head/src/mainwindow.cpp:297:33:[m[K [01;31m[Kerror: [m[Kqualified-id in declaration before ‘[01m[K([m[K’ token
[35.210s]   297 | void MainWindow::updateSelection[01;31m[K([m[K)
[35.211s]       |                                 [01;31m[K^[m[K
[35.211s] [01m[K/home/sunrise/xgo_demo/src/xgo_head/src/mainwindow.cpp:310:2:[m[K [01;31m[Kerror: [m[Kexpected ‘[01m[K}[m[K’ at end of input
[35.212s]   310 | }
[35.213s]       |  [01;31m[K^[m[K
[35.214s] [01m[K/home/sunrise/xgo_demo/src/xgo_head/src/mainwindow.cpp:100:1:[m[K [01;36m[Knote: [m[Kto match this ‘[01m[K{[m[K’
[35.215s]   100 | [01;36m[K{[m[K
[35.216s]       | [01;36m[K^[m[K
[40.603s] gmake[2]: *** [CMakeFiles/xgo_head.dir/build.make:276: CMakeFiles/xgo_head.dir/src/mainwindow.cpp.o] Error 1
[40.605s] gmake[1]: *** [CMakeFiles/Makefile2:137: CMakeFiles/xgo_head.dir/all] Error 2
[40.606s] gmake: *** [Makefile:146: all] Error 2
[40.614s] Invoked command in '/home/sunrise/xgo_demo/build/xgo_head' returned '2': CMAKE_PREFIX_PATH=${CMAKE_PREFIX_PATH}:/home/sunrise/xgo_demo/install/xgo_motion:/home/sunrise/xgo_demo/install/xgo_device:/home/sunrise/xgo_demo/install/xgo_body_py:/opt/tros/humble:/opt/ros/humble /usr/bin/cmake --build /home/sunrise/xgo_demo/build/xgo_head -- -j4 -l4
