[0.127s] Invoking command in '/home/sunrise/xgo_demo/build/xgo_body': CMAKE_PREFIX_PATH=${CMAKE_PREFIX_PATH}:/home/sunrise/xgo_demo/install/xgo_body_py:/opt/tros/humble:/opt/ros/humble /usr/bin/cmake --build /home/sunrise/xgo_demo/build/xgo_body -- -j4 -l4
[2.422s] [  1%] Built target xgo_body__cpp
[2.423s] [ 12%] Built target xgo_body__rosidl_generator_c
[2.424s] [ 12%] Built target ament_cmake_python_copy_xgo_body
[2.426s] [ 22%] Built target xgo_body__rosidl_typesupport_cpp
[2.426s] [ 33%] Built target xgo_body__rosidl_typesupport_fastrtps_cpp
[2.427s] [ 43%] Built target xgo_body__rosidl_typesupport_fastrtps_c
[2.428s] [ 54%] Built target xgo_body__rosidl_typesupport_introspection_cpp
[2.429s] [ 64%] Built target xgo_body__rosidl_typesupport_introspection_c
[2.430s] [ 75%] Built target xgo_body__rosidl_typesupport_c
[2.430s] [ 78%] Built target xgo_body_node
[2.431s] [ 78%] Built target xgo_body
[2.435s] [ 80%] Built target xgo_body__py
[2.436s] [ 89%] Built target xgo_body__rosidl_generator_py
[2.437s] [ 92%] Built target xgo_body__rosidl_typesupport_fastrtps_c__pyext
[2.438s] [ 96%] Built target xgo_body__rosidl_typesupport_c__pyext
[2.438s] [100%] Built target xgo_body__rosidl_typesupport_introspection_c__pyext
[2.914s] running egg_info
[2.924s] writing xgo_body.egg-info/PKG-INFO
[2.931s] writing dependency_links to xgo_body.egg-info/dependency_links.txt
[2.944s] writing top-level names to xgo_body.egg-info/top_level.txt
[2.987s] reading manifest file 'xgo_body.egg-info/SOURCES.txt'
[3.000s] writing manifest file 'xgo_body.egg-info/SOURCES.txt'
[3.321s] [100%] Built target ament_cmake_python_build_xgo_body_egg
[3.398s] Invoked command in '/home/sunrise/xgo_demo/build/xgo_body' returned '0': CMAKE_PREFIX_PATH=${CMAKE_PREFIX_PATH}:/home/sunrise/xgo_demo/install/xgo_body_py:/opt/tros/humble:/opt/ros/humble /usr/bin/cmake --build /home/sunrise/xgo_demo/build/xgo_body -- -j4 -l4
[3.454s] Invoking command in '/home/sunrise/xgo_demo/build/xgo_body': CMAKE_PREFIX_PATH=${CMAKE_PREFIX_PATH}:/home/sunrise/xgo_demo/install/xgo_body_py:/opt/tros/humble:/opt/ros/humble /usr/bin/cmake --install /home/sunrise/xgo_demo/build/xgo_body
[3.502s] -- Install configuration: ""
[3.507s] -- Up-to-date: /home/sunrise/xgo_demo/install/xgo_body/share/ament_index/resource_index/rosidl_interfaces/xgo_body
[3.511s] -- Up-to-date: /home/sunrise/xgo_demo/install/xgo_body/include/xgo_body/xgo_body
[3.515s] -- Up-to-date: /home/sunrise/xgo_demo/install/xgo_body/include/xgo_body/xgo_body/msg
[3.519s] -- Up-to-date: /home/sunrise/xgo_demo/install/xgo_body/include/xgo_body/xgo_body/msg/detail
[3.524s] -- Up-to-date: /home/sunrise/xgo_demo/install/xgo_body/include/xgo_body/xgo_body/msg/detail/leg_pose__struct.h
[3.528s] -- Up-to-date: /home/sunrise/xgo_demo/install/xgo_body/include/xgo_body/xgo_body/msg/detail/joint_angle__functions.c
[3.532s] -- Up-to-date: /home/sunrise/xgo_demo/install/xgo_body/include/xgo_body/xgo_body/msg/detail/body_pose__functions.h
[3.536s] -- Up-to-date: /home/sunrise/xgo_demo/install/xgo_body/include/xgo_body/xgo_body/msg/detail/joint_angle__functions.h
[3.544s] -- Up-to-date: /home/sunrise/xgo_demo/install/xgo_body/include/xgo_body/xgo_body/msg/detail/leg_pose__functions.h
[3.562s] -- Up-to-date: /home/sunrise/xgo_demo/install/xgo_body/include/xgo_body/xgo_body/msg/detail/joint_angle__struct.h
[3.569s] -- Up-to-date: /home/sunrise/xgo_demo/install/xgo_body/include/xgo_body/xgo_body/msg/detail/leg_pose__functions.c
[3.573s] -- Up-to-date: /home/sunrise/xgo_demo/install/xgo_body/include/xgo_body/xgo_body/msg/detail/leg_pose__type_support.h
[3.576s] -- Up-to-date: /home/sunrise/xgo_demo/install/xgo_body/include/xgo_body/xgo_body/msg/detail/joint_angle__type_support.h
[3.584s] -- Up-to-date: /home/sunrise/xgo_demo/install/xgo_body/include/xgo_body/xgo_body/msg/detail/body_pose__struct.h
[3.587s] -- Up-to-date: /home/sunrise/xgo_demo/install/xgo_body/include/xgo_body/xgo_body/msg/detail/body_pose__type_support.h
[3.590s] -- Up-to-date: /home/sunrise/xgo_demo/install/xgo_body/include/xgo_body/xgo_body/msg/detail/arm_pose__functions.c
[3.600s] -- Up-to-date: /home/sunrise/xgo_demo/install/xgo_body/include/xgo_body/xgo_body/msg/detail/arm_pose__struct.h
[3.603s] -- Up-to-date: /home/sunrise/xgo_demo/install/xgo_body/include/xgo_body/xgo_body/msg/detail/body_pose__functions.c
[3.624s] -- Up-to-date: /home/sunrise/xgo_demo/install/xgo_body/include/xgo_body/xgo_body/msg/detail/arm_pose__functions.h
[3.625s] -- Up-to-date: /home/sunrise/xgo_demo/install/xgo_body/include/xgo_body/xgo_body/msg/detail/arm_pose__type_support.h
[3.629s] -- Up-to-date: /home/sunrise/xgo_demo/install/xgo_body/include/xgo_body/xgo_body/msg/body_pose.h
[3.632s] -- Up-to-date: /home/sunrise/xgo_demo/install/xgo_body/include/xgo_body/xgo_body/msg/leg_pose.h
[3.635s] -- Up-to-date: /home/sunrise/xgo_demo/install/xgo_body/include/xgo_body/xgo_body/msg/arm_pose.h
[3.638s] -- Up-to-date: /home/sunrise/xgo_demo/install/xgo_body/include/xgo_body/xgo_body/msg/rosidl_generator_c__visibility_control.h
[3.641s] -- Up-to-date: /home/sunrise/xgo_demo/install/xgo_body/include/xgo_body/xgo_body/msg/joint_angle.h
[3.650s] -- Up-to-date: /home/sunrise/xgo_demo/install/xgo_body/share/xgo_body/environment/library_path.sh
[3.657s] -- Up-to-date: /home/sunrise/xgo_demo/install/xgo_body/share/xgo_body/environment/library_path.dsv
[3.670s] -- Up-to-date: /home/sunrise/xgo_demo/install/xgo_body/lib/libxgo_body__rosidl_generator_c.so
[3.681s] -- Up-to-date: /home/sunrise/xgo_demo/install/xgo_body/include/xgo_body/xgo_body
[3.682s] -- Up-to-date: /home/sunrise/xgo_demo/install/xgo_body/include/xgo_body/xgo_body/msg
[3.683s] -- Up-to-date: /home/sunrise/xgo_demo/install/xgo_body/include/xgo_body/xgo_body/msg/detail
[3.688s] -- Up-to-date: /home/sunrise/xgo_demo/install/xgo_body/include/xgo_body/xgo_body/msg/detail/leg_pose__rosidl_typesupport_fastrtps_c.h
[3.689s] -- Up-to-date: /home/sunrise/xgo_demo/install/xgo_body/include/xgo_body/xgo_body/msg/detail/body_pose__rosidl_typesupport_fastrtps_c.h
[3.689s] -- Up-to-date: /home/sunrise/xgo_demo/install/xgo_body/include/xgo_body/xgo_body/msg/detail/arm_pose__rosidl_typesupport_fastrtps_c.h
[3.690s] -- Up-to-date: /home/sunrise/xgo_demo/install/xgo_body/include/xgo_body/xgo_body/msg/detail/joint_angle__rosidl_typesupport_fastrtps_c.h
[3.691s] -- Up-to-date: /home/sunrise/xgo_demo/install/xgo_body/include/xgo_body/xgo_body/msg/rosidl_typesupport_fastrtps_c__visibility_control.h
[3.691s] -- Up-to-date: /home/sunrise/xgo_demo/install/xgo_body/lib/libxgo_body__rosidl_typesupport_fastrtps_c.so
[3.700s] -- Up-to-date: /home/sunrise/xgo_demo/install/xgo_body/include/xgo_body/xgo_body
[3.701s] -- Up-to-date: /home/sunrise/xgo_demo/install/xgo_body/include/xgo_body/xgo_body/msg
[3.701s] -- Up-to-date: /home/sunrise/xgo_demo/install/xgo_body/include/xgo_body/xgo_body/msg/detail
[3.702s] -- Up-to-date: /home/sunrise/xgo_demo/install/xgo_body/include/xgo_body/xgo_body/msg/detail/arm_pose__type_support.c
[3.702s] -- Up-to-date: /home/sunrise/xgo_demo/install/xgo_body/include/xgo_body/xgo_body/msg/detail/leg_pose__type_support.c
[3.703s] -- Up-to-date: /home/sunrise/xgo_demo/install/xgo_body/include/xgo_body/xgo_body/msg/detail/body_pose__type_support.c
[3.704s] -- Up-to-date: /home/sunrise/xgo_demo/install/xgo_body/include/xgo_body/xgo_body/msg/detail/arm_pose__rosidl_typesupport_introspection_c.h
[3.704s] -- Up-to-date: /home/sunrise/xgo_demo/install/xgo_body/include/xgo_body/xgo_body/msg/detail/body_pose__rosidl_typesupport_introspection_c.h
[3.705s] -- Up-to-date: /home/sunrise/xgo_demo/install/xgo_body/include/xgo_body/xgo_body/msg/detail/joint_angle__type_support.c
[3.706s] -- Up-to-date: /home/sunrise/xgo_demo/install/xgo_body/include/xgo_body/xgo_body/msg/detail/leg_pose__rosidl_typesupport_introspection_c.h
[3.707s] -- Up-to-date: /home/sunrise/xgo_demo/install/xgo_body/include/xgo_body/xgo_body/msg/detail/joint_angle__rosidl_typesupport_introspection_c.h
[3.708s] -- Up-to-date: /home/sunrise/xgo_demo/install/xgo_body/include/xgo_body/xgo_body/msg/rosidl_typesupport_introspection_c__visibility_control.h
[3.713s] -- Up-to-date: /home/sunrise/xgo_demo/install/xgo_body/lib/libxgo_body__rosidl_typesupport_introspection_c.so
[3.713s] -- Up-to-date: /home/sunrise/xgo_demo/install/xgo_body/lib/libxgo_body__rosidl_typesupport_c.so
[3.718s] -- Up-to-date: /home/sunrise/xgo_demo/install/xgo_body/include/xgo_body/xgo_body
[3.718s] -- Up-to-date: /home/sunrise/xgo_demo/install/xgo_body/include/xgo_body/xgo_body/msg
[3.719s] -- Up-to-date: /home/sunrise/xgo_demo/install/xgo_body/include/xgo_body/xgo_body/msg/detail
[3.720s] -- Up-to-date: /home/sunrise/xgo_demo/install/xgo_body/include/xgo_body/xgo_body/msg/detail/body_pose__type_support.hpp
[3.725s] -- Up-to-date: /home/sunrise/xgo_demo/install/xgo_body/include/xgo_body/xgo_body/msg/detail/leg_pose__builder.hpp
[3.725s] -- Up-to-date: /home/sunrise/xgo_demo/install/xgo_body/include/xgo_body/xgo_body/msg/detail/leg_pose__traits.hpp
[3.726s] -- Up-to-date: /home/sunrise/xgo_demo/install/xgo_body/include/xgo_body/xgo_body/msg/detail/body_pose__struct.hpp
[3.726s] -- Up-to-date: /home/sunrise/xgo_demo/install/xgo_body/include/xgo_body/xgo_body/msg/detail/joint_angle__builder.hpp
[3.727s] -- Up-to-date: /home/sunrise/xgo_demo/install/xgo_body/include/xgo_body/xgo_body/msg/detail/arm_pose__builder.hpp
[3.728s] -- Up-to-date: /home/sunrise/xgo_demo/install/xgo_body/include/xgo_body/xgo_body/msg/detail/body_pose__traits.hpp
[3.733s] -- Up-to-date: /home/sunrise/xgo_demo/install/xgo_body/include/xgo_body/xgo_body/msg/detail/joint_angle__type_support.hpp
[3.734s] -- Up-to-date: /home/sunrise/xgo_demo/install/xgo_body/include/xgo_body/xgo_body/msg/detail/arm_pose__traits.hpp
[3.735s] -- Up-to-date: /home/sunrise/xgo_demo/install/xgo_body/include/xgo_body/xgo_body/msg/detail/arm_pose__type_support.hpp
[3.748s] -- Up-to-date: /home/sunrise/xgo_demo/install/xgo_body/include/xgo_body/xgo_body/msg/detail/joint_angle__struct.hpp
[3.750s] -- Up-to-date: /home/sunrise/xgo_demo/install/xgo_body/include/xgo_body/xgo_body/msg/detail/leg_pose__struct.hpp
[3.750s] -- Up-to-date: /home/sunrise/xgo_demo/install/xgo_body/include/xgo_body/xgo_body/msg/detail/joint_angle__traits.hpp
[3.751s] -- Up-to-date: /home/sunrise/xgo_demo/install/xgo_body/include/xgo_body/xgo_body/msg/detail/arm_pose__struct.hpp
[3.752s] -- Up-to-date: /home/sunrise/xgo_demo/install/xgo_body/include/xgo_body/xgo_body/msg/detail/leg_pose__type_support.hpp
[3.753s] -- Up-to-date: /home/sunrise/xgo_demo/install/xgo_body/include/xgo_body/xgo_body/msg/detail/body_pose__builder.hpp
[3.753s] -- Up-to-date: /home/sunrise/xgo_demo/install/xgo_body/include/xgo_body/xgo_body/msg/joint_angle.hpp
[3.754s] -- Up-to-date: /home/sunrise/xgo_demo/install/xgo_body/include/xgo_body/xgo_body/msg/body_pose.hpp
[3.755s] -- Up-to-date: /home/sunrise/xgo_demo/install/xgo_body/include/xgo_body/xgo_body/msg/leg_pose.hpp
[3.755s] -- Up-to-date: /home/sunrise/xgo_demo/install/xgo_body/include/xgo_body/xgo_body/msg/arm_pose.hpp
[3.756s] -- Up-to-date: /home/sunrise/xgo_demo/install/xgo_body/include/xgo_body/xgo_body/msg/rosidl_generator_cpp__visibility_control.hpp
[3.757s] -- Up-to-date: /home/sunrise/xgo_demo/install/xgo_body/include/xgo_body/xgo_body
[3.758s] -- Up-to-date: /home/sunrise/xgo_demo/install/xgo_body/include/xgo_body/xgo_body/msg
[3.759s] -- Up-to-date: /home/sunrise/xgo_demo/install/xgo_body/include/xgo_body/xgo_body/msg/rosidl_typesupport_fastrtps_cpp__visibility_control.h
[3.759s] -- Up-to-date: /home/sunrise/xgo_demo/install/xgo_body/include/xgo_body/xgo_body/msg/detail
[3.765s] -- Up-to-date: /home/sunrise/xgo_demo/install/xgo_body/include/xgo_body/xgo_body/msg/detail/body_pose__rosidl_typesupport_fastrtps_cpp.hpp
[3.768s] -- Up-to-date: /home/sunrise/xgo_demo/install/xgo_body/include/xgo_body/xgo_body/msg/detail/joint_angle__rosidl_typesupport_fastrtps_cpp.hpp
[3.769s] -- Up-to-date: /home/sunrise/xgo_demo/install/xgo_body/include/xgo_body/xgo_body/msg/detail/dds_fastrtps
[3.770s] -- Up-to-date: /home/sunrise/xgo_demo/install/xgo_body/include/xgo_body/xgo_body/msg/detail/leg_pose__rosidl_typesupport_fastrtps_cpp.hpp
[3.770s] -- Up-to-date: /home/sunrise/xgo_demo/install/xgo_body/include/xgo_body/xgo_body/msg/detail/arm_pose__rosidl_typesupport_fastrtps_cpp.hpp
[3.771s] -- Up-to-date: /home/sunrise/xgo_demo/install/xgo_body/lib/libxgo_body__rosidl_typesupport_fastrtps_cpp.so
[3.772s] -- Up-to-date: /home/sunrise/xgo_demo/install/xgo_body/include/xgo_body/xgo_body
[3.773s] -- Up-to-date: /home/sunrise/xgo_demo/install/xgo_body/include/xgo_body/xgo_body/msg
[3.773s] -- Up-to-date: /home/sunrise/xgo_demo/install/xgo_body/include/xgo_body/xgo_body/msg/detail
[3.774s] -- Up-to-date: /home/sunrise/xgo_demo/install/xgo_body/include/xgo_body/xgo_body/msg/detail/arm_pose__rosidl_typesupport_introspection_cpp.hpp
[3.774s] -- Up-to-date: /home/sunrise/xgo_demo/install/xgo_body/include/xgo_body/xgo_body/msg/detail/body_pose__rosidl_typesupport_introspection_cpp.hpp
[3.775s] -- Up-to-date: /home/sunrise/xgo_demo/install/xgo_body/include/xgo_body/xgo_body/msg/detail/leg_pose__rosidl_typesupport_introspection_cpp.hpp
[3.775s] -- Up-to-date: /home/sunrise/xgo_demo/install/xgo_body/include/xgo_body/xgo_body/msg/detail/body_pose__type_support.cpp
[3.784s] -- Up-to-date: /home/sunrise/xgo_demo/install/xgo_body/include/xgo_body/xgo_body/msg/detail/arm_pose__type_support.cpp
[3.785s] -- Up-to-date: /home/sunrise/xgo_demo/install/xgo_body/include/xgo_body/xgo_body/msg/detail/joint_angle__rosidl_typesupport_introspection_cpp.hpp
[3.786s] -- Up-to-date: /home/sunrise/xgo_demo/install/xgo_body/include/xgo_body/xgo_body/msg/detail/joint_angle__type_support.cpp
[3.787s] -- Up-to-date: /home/sunrise/xgo_demo/install/xgo_body/include/xgo_body/xgo_body/msg/detail/leg_pose__type_support.cpp
[3.787s] -- Up-to-date: /home/sunrise/xgo_demo/install/xgo_body/lib/libxgo_body__rosidl_typesupport_introspection_cpp.so
[3.795s] -- Up-to-date: /home/sunrise/xgo_demo/install/xgo_body/lib/libxgo_body__rosidl_typesupport_cpp.so
[3.798s] -- Up-to-date: /home/sunrise/xgo_demo/install/xgo_body/share/xgo_body/environment/pythonpath.sh
[3.802s] -- Up-to-date: /home/sunrise/xgo_demo/install/xgo_body/share/xgo_body/environment/pythonpath.dsv
[3.805s] -- Up-to-date: /home/sunrise/xgo_demo/install/xgo_body/local/lib/python3.10/dist-packages/xgo_body-0.0.0-py3.10.egg-info
[3.808s] -- Installing: /home/sunrise/xgo_demo/install/xgo_body/local/lib/python3.10/dist-packages/xgo_body-0.0.0-py3.10.egg-info/dependency_links.txt
[3.811s] -- Installing: /home/sunrise/xgo_demo/install/xgo_body/local/lib/python3.10/dist-packages/xgo_body-0.0.0-py3.10.egg-info/PKG-INFO
[3.813s] -- Installing: /home/sunrise/xgo_demo/install/xgo_body/local/lib/python3.10/dist-packages/xgo_body-0.0.0-py3.10.egg-info/top_level.txt
[3.816s] -- Installing: /home/sunrise/xgo_demo/install/xgo_body/local/lib/python3.10/dist-packages/xgo_body-0.0.0-py3.10.egg-info/SOURCES.txt
[3.819s] -- Up-to-date: /home/sunrise/xgo_demo/install/xgo_body/local/lib/python3.10/dist-packages/xgo_body
[3.822s] -- Up-to-date: /home/sunrise/xgo_demo/install/xgo_body/local/lib/python3.10/dist-packages/xgo_body/xgo_body_s__rosidl_typesupport_fastrtps_c.cpython-310-aarch64-linux-gnu.so
[3.825s] -- Up-to-date: /home/sunrise/xgo_demo/install/xgo_body/local/lib/python3.10/dist-packages/xgo_body/__init__.py
[3.827s] -- Up-to-date: /home/sunrise/xgo_demo/install/xgo_body/local/lib/python3.10/dist-packages/xgo_body/_xgo_body_s.ep.rosidl_typesupport_introspection_c.c
[3.830s] -- Up-to-date: /home/sunrise/xgo_demo/install/xgo_body/local/lib/python3.10/dist-packages/xgo_body/_xgo_body_s.ep.rosidl_typesupport_fastrtps_c.c
[3.833s] -- Up-to-date: /home/sunrise/xgo_demo/install/xgo_body/local/lib/python3.10/dist-packages/xgo_body/libxgo_body__rosidl_generator_py.so
[3.836s] -- Up-to-date: /home/sunrise/xgo_demo/install/xgo_body/local/lib/python3.10/dist-packages/xgo_body/xgo_body_s__rosidl_typesupport_c.cpython-310-aarch64-linux-gnu.so
[3.839s] -- Up-to-date: /home/sunrise/xgo_demo/install/xgo_body/local/lib/python3.10/dist-packages/xgo_body/xgo_body_s__rosidl_typesupport_introspection_c.cpython-310-aarch64-linux-gnu.so
[3.842s] -- Up-to-date: /home/sunrise/xgo_demo/install/xgo_body/local/lib/python3.10/dist-packages/xgo_body/msg
[3.845s] -- Up-to-date: /home/sunrise/xgo_demo/install/xgo_body/local/lib/python3.10/dist-packages/xgo_body/msg/_body_pose_s.c
[3.848s] -- Up-to-date: /home/sunrise/xgo_demo/install/xgo_body/local/lib/python3.10/dist-packages/xgo_body/msg/_leg_pose_s.c
[3.851s] -- Up-to-date: /home/sunrise/xgo_demo/install/xgo_body/local/lib/python3.10/dist-packages/xgo_body/msg/_body_pose.py
[3.856s] -- Up-to-date: /home/sunrise/xgo_demo/install/xgo_body/local/lib/python3.10/dist-packages/xgo_body/msg/_arm_pose.py
[3.861s] -- Up-to-date: /home/sunrise/xgo_demo/install/xgo_body/local/lib/python3.10/dist-packages/xgo_body/msg/__init__.py
[3.864s] -- Up-to-date: /home/sunrise/xgo_demo/install/xgo_body/local/lib/python3.10/dist-packages/xgo_body/msg/_arm_pose_s.c
[3.867s] -- Up-to-date: /home/sunrise/xgo_demo/install/xgo_body/local/lib/python3.10/dist-packages/xgo_body/msg/_joint_angle_s.c
[3.871s] -- Up-to-date: /home/sunrise/xgo_demo/install/xgo_body/local/lib/python3.10/dist-packages/xgo_body/msg/_joint_angle.py
[3.873s] -- Up-to-date: /home/sunrise/xgo_demo/install/xgo_body/local/lib/python3.10/dist-packages/xgo_body/msg/_leg_pose.py
[3.876s] -- Up-to-date: /home/sunrise/xgo_demo/install/xgo_body/local/lib/python3.10/dist-packages/xgo_body/_xgo_body_s.ep.rosidl_typesupport_c.c
[4.372s] Listing '/home/sunrise/xgo_demo/install/xgo_body/local/lib/python3.10/dist-packages/xgo_body'...
[4.375s] Listing '/home/sunrise/xgo_demo/install/xgo_body/local/lib/python3.10/dist-packages/xgo_body/msg'...
[4.471s] -- Up-to-date: /home/sunrise/xgo_demo/install/xgo_body/local/lib/python3.10/dist-packages/xgo_body/xgo_body_s__rosidl_typesupport_fastrtps_c.cpython-310-aarch64-linux-gnu.so
[4.475s] -- Up-to-date: /home/sunrise/xgo_demo/install/xgo_body/local/lib/python3.10/dist-packages/xgo_body/xgo_body_s__rosidl_typesupport_introspection_c.cpython-310-aarch64-linux-gnu.so
[4.478s] -- Up-to-date: /home/sunrise/xgo_demo/install/xgo_body/local/lib/python3.10/dist-packages/xgo_body/xgo_body_s__rosidl_typesupport_c.cpython-310-aarch64-linux-gnu.so
[4.485s] -- Up-to-date: /home/sunrise/xgo_demo/install/xgo_body/lib/libxgo_body__rosidl_generator_py.so
[4.496s] -- Up-to-date: /home/sunrise/xgo_demo/install/xgo_body/share/xgo_body/msg/ArmPose.idl
[4.501s] -- Up-to-date: /home/sunrise/xgo_demo/install/xgo_body/share/xgo_body/msg/BodyPose.idl
[4.504s] -- Up-to-date: /home/sunrise/xgo_demo/install/xgo_body/share/xgo_body/msg/JointAngle.idl
[4.508s] -- Up-to-date: /home/sunrise/xgo_demo/install/xgo_body/share/xgo_body/msg/LegPose.idl
[4.513s] -- Up-to-date: /home/sunrise/xgo_demo/install/xgo_body/share/xgo_body/msg/ArmPose.msg
[4.520s] -- Up-to-date: /home/sunrise/xgo_demo/install/xgo_body/share/xgo_body/msg/BodyPose.msg
[4.529s] -- Up-to-date: /home/sunrise/xgo_demo/install/xgo_body/share/xgo_body/msg/JointAngle.msg
[4.533s] -- Up-to-date: /home/sunrise/xgo_demo/install/xgo_body/share/xgo_body/msg/LegPose.msg
[4.535s] -- Up-to-date: /home/sunrise/xgo_demo/install/xgo_body/lib/xgo_body/xgo_body_node
[4.538s] -- Up-to-date: /home/sunrise/xgo_demo/install/xgo_body/share/ament_index/resource_index/package_run_dependencies/xgo_body
[4.541s] -- Up-to-date: /home/sunrise/xgo_demo/install/xgo_body/share/ament_index/resource_index/parent_prefix_path/xgo_body
[4.544s] -- Up-to-date: /home/sunrise/xgo_demo/install/xgo_body/share/xgo_body/environment/ament_prefix_path.sh
[4.553s] -- Up-to-date: /home/sunrise/xgo_demo/install/xgo_body/share/xgo_body/environment/ament_prefix_path.dsv
[4.556s] -- Up-to-date: /home/sunrise/xgo_demo/install/xgo_body/share/xgo_body/environment/path.sh
[4.561s] -- Up-to-date: /home/sunrise/xgo_demo/install/xgo_body/share/xgo_body/environment/path.dsv
[4.565s] -- Up-to-date: /home/sunrise/xgo_demo/install/xgo_body/share/xgo_body/local_setup.bash
[4.572s] -- Up-to-date: /home/sunrise/xgo_demo/install/xgo_body/share/xgo_body/local_setup.sh
[4.575s] -- Up-to-date: /home/sunrise/xgo_demo/install/xgo_body/share/xgo_body/local_setup.zsh
[4.592s] -- Up-to-date: /home/sunrise/xgo_demo/install/xgo_body/share/xgo_body/local_setup.dsv
[4.593s] -- Installing: /home/sunrise/xgo_demo/install/xgo_body/share/xgo_body/package.dsv
[4.594s] -- Up-to-date: /home/sunrise/xgo_demo/install/xgo_body/share/ament_index/resource_index/packages/xgo_body
[4.595s] -- Up-to-date: /home/sunrise/xgo_demo/install/xgo_body/share/xgo_body/cmake/export_xgo_body__rosidl_generator_cExport.cmake
[4.597s] -- Up-to-date: /home/sunrise/xgo_demo/install/xgo_body/share/xgo_body/cmake/export_xgo_body__rosidl_generator_cExport-noconfig.cmake
[4.598s] -- Up-to-date: /home/sunrise/xgo_demo/install/xgo_body/share/xgo_body/cmake/export_xgo_body__rosidl_typesupport_fastrtps_cExport.cmake
[4.600s] -- Up-to-date: /home/sunrise/xgo_demo/install/xgo_body/share/xgo_body/cmake/export_xgo_body__rosidl_typesupport_fastrtps_cExport-noconfig.cmake
[4.602s] -- Up-to-date: /home/sunrise/xgo_demo/install/xgo_body/share/xgo_body/cmake/xgo_body__rosidl_typesupport_introspection_cExport.cmake
[4.607s] -- Up-to-date: /home/sunrise/xgo_demo/install/xgo_body/share/xgo_body/cmake/xgo_body__rosidl_typesupport_introspection_cExport-noconfig.cmake
[4.609s] -- Up-to-date: /home/sunrise/xgo_demo/install/xgo_body/share/xgo_body/cmake/xgo_body__rosidl_typesupport_cExport.cmake
[4.610s] -- Up-to-date: /home/sunrise/xgo_demo/install/xgo_body/share/xgo_body/cmake/xgo_body__rosidl_typesupport_cExport-noconfig.cmake
[4.613s] -- Up-to-date: /home/sunrise/xgo_demo/install/xgo_body/share/xgo_body/cmake/export_xgo_body__rosidl_generator_cppExport.cmake
[4.616s] -- Up-to-date: /home/sunrise/xgo_demo/install/xgo_body/share/xgo_body/cmake/export_xgo_body__rosidl_typesupport_fastrtps_cppExport.cmake
[4.616s] -- Up-to-date: /home/sunrise/xgo_demo/install/xgo_body/share/xgo_body/cmake/export_xgo_body__rosidl_typesupport_fastrtps_cppExport-noconfig.cmake
[4.617s] -- Up-to-date: /home/sunrise/xgo_demo/install/xgo_body/share/xgo_body/cmake/xgo_body__rosidl_typesupport_introspection_cppExport.cmake
[4.618s] -- Up-to-date: /home/sunrise/xgo_demo/install/xgo_body/share/xgo_body/cmake/xgo_body__rosidl_typesupport_introspection_cppExport-noconfig.cmake
[4.618s] -- Up-to-date: /home/sunrise/xgo_demo/install/xgo_body/share/xgo_body/cmake/xgo_body__rosidl_typesupport_cppExport.cmake
[4.619s] -- Up-to-date: /home/sunrise/xgo_demo/install/xgo_body/share/xgo_body/cmake/xgo_body__rosidl_typesupport_cppExport-noconfig.cmake
[4.622s] -- Up-to-date: /home/sunrise/xgo_demo/install/xgo_body/share/xgo_body/cmake/export_xgo_body__rosidl_generator_pyExport.cmake
[4.623s] -- Up-to-date: /home/sunrise/xgo_demo/install/xgo_body/share/xgo_body/cmake/export_xgo_body__rosidl_generator_pyExport-noconfig.cmake
[4.633s] -- Up-to-date: /home/sunrise/xgo_demo/install/xgo_body/share/xgo_body/cmake/rosidl_cmake-extras.cmake
[4.636s] -- Up-to-date: /home/sunrise/xgo_demo/install/xgo_body/share/xgo_body/cmake/ament_cmake_export_include_directories-extras.cmake
[4.637s] -- Up-to-date: /home/sunrise/xgo_demo/install/xgo_body/share/xgo_body/cmake/ament_cmake_export_libraries-extras.cmake
[4.639s] -- Up-to-date: /home/sunrise/xgo_demo/install/xgo_body/share/xgo_body/cmake/ament_cmake_export_targets-extras.cmake
[4.640s] -- Up-to-date: /home/sunrise/xgo_demo/install/xgo_body/share/xgo_body/cmake/rosidl_cmake_export_typesupport_targets-extras.cmake
[4.640s] -- Up-to-date: /home/sunrise/xgo_demo/install/xgo_body/share/xgo_body/cmake/ament_cmake_export_dependencies-extras.cmake
[4.641s] -- Up-to-date: /home/sunrise/xgo_demo/install/xgo_body/share/xgo_body/cmake/rosidl_cmake_export_typesupport_libraries-extras.cmake
[4.642s] -- Up-to-date: /home/sunrise/xgo_demo/install/xgo_body/share/xgo_body/cmake/xgo_bodyConfig.cmake
[4.642s] -- Up-to-date: /home/sunrise/xgo_demo/install/xgo_body/share/xgo_body/cmake/xgo_bodyConfig-version.cmake
[4.643s] -- Up-to-date: /home/sunrise/xgo_demo/install/xgo_body/share/xgo_body/package.xml
[4.644s] Invoked command in '/home/sunrise/xgo_demo/build/xgo_body' returned '0': CMAKE_PREFIX_PATH=${CMAKE_PREFIX_PATH}:/home/sunrise/xgo_demo/install/xgo_body_py:/opt/tros/humble:/opt/ros/humble /usr/bin/cmake --install /home/sunrise/xgo_demo/build/xgo_body
