[5.317s] Invoking command in '/home/sunrise/xgo_demo/src/xgo_body_py': PYTHONPATH=/home/sunrise/xgo_demo/build/xgo_body_py/prefix_override:/usr/lib/python3/dist-packages/colcon_core/task/python/colcon_distutils_commands:/home/sunrise/xgo_demo/install/xgo_body_py/lib/python3.10/site-packages:${PYTHONPATH} /usr/bin/python3 -W ignore:setup.py install is deprecated -W ignore:easy_install command is deprecated setup.py egg_info --egg-base ../../build/xgo_body_py build --build-base /home/sunrise/xgo_demo/build/xgo_body_py/build install --record /home/sunrise/xgo_demo/build/xgo_body_py/install.log --single-version-externally-managed install_data
[7.166s] running egg_info
[7.171s] writing ../../build/xgo_body_py/xgo_body_py.egg-info/PKG-INFO
[7.175s] writing dependency_links to ../../build/xgo_body_py/xgo_body_py.egg-info/dependency_links.txt
[7.177s] writing entry points to ../../build/xgo_body_py/xgo_body_py.egg-info/entry_points.txt
[7.180s] writing requirements to ../../build/xgo_body_py/xgo_body_py.egg-info/requires.txt
[7.181s] writing top-level names to ../../build/xgo_body_py/xgo_body_py.egg-info/top_level.txt
[7.194s] reading manifest file '../../build/xgo_body_py/xgo_body_py.egg-info/SOURCES.txt'
[7.202s] writing manifest file '../../build/xgo_body_py/xgo_body_py.egg-info/SOURCES.txt'
[7.203s] running build
[7.204s] running build_py
[7.207s] running install
[7.209s] running install_lib
[7.219s] running install_data
[7.222s] running install_egg_info
[7.232s] removing '/home/sunrise/xgo_demo/install/xgo_body_py/lib/python3.10/site-packages/xgo_body_py-0.0.0-py3.10.egg-info' (and everything under it)
[7.234s] Copying ../../build/xgo_body_py/xgo_body_py.egg-info to /home/sunrise/xgo_demo/install/xgo_body_py/lib/python3.10/site-packages/xgo_body_py-0.0.0-py3.10.egg-info
[7.240s] running install_scripts
[7.386s] writing list of installed files to '/home/sunrise/xgo_demo/build/xgo_body_py/install.log'
[7.620s] Invoked command in '/home/sunrise/xgo_demo/src/xgo_body_py' returned '0': PYTHONPATH=/home/sunrise/xgo_demo/build/xgo_body_py/prefix_override:/usr/lib/python3/dist-packages/colcon_core/task/python/colcon_distutils_commands:/home/sunrise/xgo_demo/install/xgo_body_py/lib/python3.10/site-packages:${PYTHONPATH} /usr/bin/python3 -W ignore:setup.py install is deprecated -W ignore:easy_install command is deprecated setup.py egg_info --egg-base ../../build/xgo_body_py build --build-base /home/sunrise/xgo_demo/build/xgo_body_py/build install --record /home/sunrise/xgo_demo/build/xgo_body_py/install.log --single-version-externally-managed install_data
