[5.076s] Invoking command in '/home/sunrise/xgo_demo/src/xgo_body_py': PYTHONPATH=/home/sunrise/xgo_demo/build/xgo_body_py/prefix_override:/usr/lib/python3/dist-packages/colcon_core/task/python/colcon_distutils_commands:/home/sunrise/xgo_demo/install/xgo_body_py/lib/python3.10/site-packages:${PYTHONPATH} /usr/bin/python3 -W ignore:setup.py install is deprecated -W ignore:easy_install command is deprecated setup.py egg_info --egg-base ../../build/xgo_body_py build --build-base /home/sunrise/xgo_demo/build/xgo_body_py/build install --record /home/sunrise/xgo_demo/build/xgo_body_py/install.log --single-version-externally-managed install_data
[6.864s] running egg_info
[6.869s] writing ../../build/xgo_body_py/xgo_body_py.egg-info/PKG-INFO
[6.871s] writing dependency_links to ../../build/xgo_body_py/xgo_body_py.egg-info/dependency_links.txt
[6.873s] writing entry points to ../../build/xgo_body_py/xgo_body_py.egg-info/entry_points.txt
[6.874s] writing requirements to ../../build/xgo_body_py/xgo_body_py.egg-info/requires.txt
[6.875s] writing top-level names to ../../build/xgo_body_py/xgo_body_py.egg-info/top_level.txt
[6.886s] reading manifest file '../../build/xgo_body_py/xgo_body_py.egg-info/SOURCES.txt'
[6.894s] writing manifest file '../../build/xgo_body_py/xgo_body_py.egg-info/SOURCES.txt'
[6.899s] running build
[6.902s] running build_py
[6.904s] running install
[6.905s] running install_lib
[6.908s] running install_data
[6.909s] running install_egg_info
[6.921s] removing '/home/sunrise/xgo_demo/install/xgo_body_py/lib/python3.10/site-packages/xgo_body_py-0.0.0-py3.10.egg-info' (and everything under it)
[6.925s] Copying ../../build/xgo_body_py/xgo_body_py.egg-info to /home/sunrise/xgo_demo/install/xgo_body_py/lib/python3.10/site-packages/xgo_body_py-0.0.0-py3.10.egg-info
[6.932s] running install_scripts
[7.088s] writing list of installed files to '/home/sunrise/xgo_demo/build/xgo_body_py/install.log'
[7.319s] Invoked command in '/home/sunrise/xgo_demo/src/xgo_body_py' returned '0': PYTHONPATH=/home/sunrise/xgo_demo/build/xgo_body_py/prefix_override:/usr/lib/python3/dist-packages/colcon_core/task/python/colcon_distutils_commands:/home/sunrise/xgo_demo/install/xgo_body_py/lib/python3.10/site-packages:${PYTHONPATH} /usr/bin/python3 -W ignore:setup.py install is deprecated -W ignore:easy_install command is deprecated setup.py egg_info --egg-base ../../build/xgo_body_py build --build-base /home/sunrise/xgo_demo/build/xgo_body_py/build install --record /home/sunrise/xgo_demo/build/xgo_body_py/install.log --single-version-externally-managed install_data
