[8.224s] Invoking command in '/home/sunrise/xgo_demo/src/xgo_body_py': PYTHONPATH=/home/sunrise/xgo_demo/build/xgo_body_py/prefix_override:/usr/lib/python3/dist-packages/colcon_core/task/python/colcon_distutils_commands:/home/sunrise/xgo_demo/install/xgo_body_py/lib/python3.10/site-packages:${PYTHONPATH} /usr/bin/python3 -W ignore:setup.py install is deprecated -W ignore:easy_install command is deprecated setup.py egg_info --egg-base ../../build/xgo_body_py build --build-base /home/sunrise/xgo_demo/build/xgo_body_py/build install --record /home/sunrise/xgo_demo/build/xgo_body_py/install.log --single-version-externally-managed install_data
[10.401s] running egg_info
[10.405s] writing ../../build/xgo_body_py/xgo_body_py.egg-info/PKG-INFO
[10.409s] writing dependency_links to ../../build/xgo_body_py/xgo_body_py.egg-info/dependency_links.txt
[10.413s] writing entry points to ../../build/xgo_body_py/xgo_body_py.egg-info/entry_points.txt
[10.417s] writing requirements to ../../build/xgo_body_py/xgo_body_py.egg-info/requires.txt
[10.420s] writing top-level names to ../../build/xgo_body_py/xgo_body_py.egg-info/top_level.txt
[10.436s] reading manifest file '../../build/xgo_body_py/xgo_body_py.egg-info/SOURCES.txt'
[10.444s] writing manifest file '../../build/xgo_body_py/xgo_body_py.egg-info/SOURCES.txt'
[10.447s] running build
[10.448s] running build_py
[10.456s] running install
[10.459s] running install_lib
[10.469s] running install_data
[10.470s] running install_egg_info
[10.482s] removing '/home/sunrise/xgo_demo/install/xgo_body_py/lib/python3.10/site-packages/xgo_body_py-0.0.0-py3.10.egg-info' (and everything under it)
[10.484s] Copying ../../build/xgo_body_py/xgo_body_py.egg-info to /home/sunrise/xgo_demo/install/xgo_body_py/lib/python3.10/site-packages/xgo_body_py-0.0.0-py3.10.egg-info
[10.491s] running install_scripts
[10.662s] writing list of installed files to '/home/sunrise/xgo_demo/build/xgo_body_py/install.log'
[11.039s] Invoked command in '/home/sunrise/xgo_demo/src/xgo_body_py' returned '0': PYTHONPATH=/home/sunrise/xgo_demo/build/xgo_body_py/prefix_override:/usr/lib/python3/dist-packages/colcon_core/task/python/colcon_distutils_commands:/home/sunrise/xgo_demo/install/xgo_body_py/lib/python3.10/site-packages:${PYTHONPATH} /usr/bin/python3 -W ignore:setup.py install is deprecated -W ignore:easy_install command is deprecated setup.py egg_info --egg-base ../../build/xgo_body_py build --build-base /home/sunrise/xgo_demo/build/xgo_body_py/build install --record /home/sunrise/xgo_demo/build/xgo_body_py/install.log --single-version-externally-managed install_data
