[7.590s] Invoking command in '/home/sunrise/xgo_demo/src/xgo_motion': PYTHONPATH=/home/sunrise/xgo_demo/build/xgo_motion/prefix_override:/usr/lib/python3/dist-packages/colcon_core/task/python/colcon_distutils_commands:/home/sunrise/xgo_demo/install/xgo_motion/lib/python3.10/site-packages:${PYTHONPATH} /usr/bin/python3 -W ignore:setup.py install is deprecated -W ignore:easy_install command is deprecated setup.py egg_info --egg-base ../../build/xgo_motion build --build-base /home/sunrise/xgo_demo/build/xgo_motion/build install --record /home/sunrise/xgo_demo/build/xgo_motion/install.log --single-version-externally-managed install_data
[9.904s] running egg_info
[9.920s] writing ../../build/xgo_motion/xgo_motion.egg-info/PKG-INFO
[9.923s] writing dependency_links to ../../build/xgo_motion/xgo_motion.egg-info/dependency_links.txt
[9.927s] writing entry points to ../../build/xgo_motion/xgo_motion.egg-info/entry_points.txt
[9.930s] writing requirements to ../../build/xgo_motion/xgo_motion.egg-info/requires.txt
[9.933s] writing top-level names to ../../build/xgo_motion/xgo_motion.egg-info/top_level.txt
[10.004s] reading manifest file '../../build/xgo_motion/xgo_motion.egg-info/SOURCES.txt'
[10.053s] writing manifest file '../../build/xgo_motion/xgo_motion.egg-info/SOURCES.txt'
[10.056s] running build
[10.059s] running build_py
[10.390s] running install
[10.392s] running install_lib
[10.491s] running install_data
[10.495s] running install_egg_info
[10.546s] removing '/home/sunrise/xgo_demo/install/xgo_motion/lib/python3.10/site-packages/xgo_motion-0.0.0-py3.10.egg-info' (and everything under it)
[10.547s] Copying ../../build/xgo_motion/xgo_motion.egg-info to /home/sunrise/xgo_demo/install/xgo_motion/lib/python3.10/site-packages/xgo_motion-0.0.0-py3.10.egg-info
[10.548s] running install_scripts
[10.715s] Installing dog_show script to /home/sunrise/xgo_demo/install/xgo_motion/lib/xgo_motion
[10.738s] writing list of installed files to '/home/sunrise/xgo_demo/build/xgo_motion/install.log'
[11.017s] Invoked command in '/home/sunrise/xgo_demo/src/xgo_motion' returned '0': PYTHONPATH=/home/sunrise/xgo_demo/build/xgo_motion/prefix_override:/usr/lib/python3/dist-packages/colcon_core/task/python/colcon_distutils_commands:/home/sunrise/xgo_demo/install/xgo_motion/lib/python3.10/site-packages:${PYTHONPATH} /usr/bin/python3 -W ignore:setup.py install is deprecated -W ignore:easy_install command is deprecated setup.py egg_info --egg-base ../../build/xgo_motion build --build-base /home/sunrise/xgo_demo/build/xgo_motion/build install --record /home/sunrise/xgo_demo/build/xgo_motion/install.log --single-version-externally-managed install_data
