gmake: Warning: File 'Makefile' has modification time 4830363 s in the future
gmake[1]: Warning: File 'CMakeFiles/Makefile2' has modification time 4830363 s in the future
gmake[2]: Warning: File 'CMakeFiles/xgo_body__cpp.dir/progress.make' has modification time 4830363 s in the future
gmake[2]: warning:  Clock skew detected.  Your build may be incomplete.
gmake[2]: Warning: File 'CMakeFiles/xgo_body__cpp.dir/progress.make' has modification time 4830363 s in the future
gmake[2]: warning:  Clock skew detected.  Your build may be incomplete.
gmake[2]: Warning: File 'CMakeFiles/ament_cmake_python_copy_xgo_body.dir/progress.make' has modification time 4830363 s in the future
gmake[2]: warning:  Clock skew detected.  Your build may be incomplete.
gmake[2]: Warning: File 'CMakeFiles/ament_cmake_python_copy_xgo_body.dir/progress.make' has modification time 4830363 s in the future
gmake[2]: warning:  Clock skew detected.  Your build may be incomplete.
gmake[2]: Warning: File 'CMakeFiles/xgo_body__rosidl_typesupport_fastrtps_cpp.dir/flags.make' has modification time 4830362 s in the future
gmake[2]: warning:  Clock skew detected.  Your build may be incomplete.
gmake[2]: Warning: File 'CMakeFiles/xgo_body__rosidl_typesupport_fastrtps_cpp.dir/flags.make' has modification time 4830362 s in the future
gmake[2]: warning:  Clock skew detected.  Your build may be incomplete.
gmake[2]: Warning: File 'CMakeFiles/xgo_body__rosidl_typesupport_introspection_cpp.dir/flags.make' has modification time 4830362 s in the future
gmake[2]: warning:  Clock skew detected.  Your build may be incomplete.
gmake[2]: Warning: File 'CMakeFiles/xgo_body__rosidl_typesupport_introspection_cpp.dir/flags.make' has modification time 4830362 s in the future
gmake[2]: warning:  Clock skew detected.  Your build may be incomplete.
gmake[2]: Warning: File 'CMakeFiles/ament_cmake_python_build_xgo_body_egg.dir/progress.make' has modification time 4830362 s in the future
gmake[2]: warning:  Clock skew detected.  Your build may be incomplete.
gmake[2]: Warning: File 'CMakeFiles/ament_cmake_python_build_xgo_body_egg.dir/progress.make' has modification time 4830362 s in the future
gmake[2]: warning:  Clock skew detected.  Your build may be incomplete.
gmake[2]: Warning: File 'CMakeFiles/xgo_body__rosidl_typesupport_cpp.dir/flags.make' has modification time 4830359 s in the future
gmake[2]: warning:  Clock skew detected.  Your build may be incomplete.
gmake[2]: Warning: File 'CMakeFiles/xgo_body__rosidl_typesupport_cpp.dir/flags.make' has modification time 4830359 s in the future
gmake[2]: warning:  Clock skew detected.  Your build may be incomplete.
gmake[2]: Warning: File 'CMakeFiles/xgo_body__rosidl_generator_c.dir/flags.make' has modification time 4830359 s in the future
gmake[2]: warning:  Clock skew detected.  Your build may be incomplete.
gmake[2]: Warning: File 'CMakeFiles/xgo_body__rosidl_generator_c.dir/flags.make' has modification time 4830359 s in the future
gmake[2]: warning:  Clock skew detected.  Your build may be incomplete.
gmake[2]: Warning: File 'CMakeFiles/xgo_body_node.dir/flags.make' has modification time 4830359 s in the future
gmake[2]: warning:  Clock skew detected.  Your build may be incomplete.
gmake[2]: Warning: File 'CMakeFiles/xgo_body_node.dir/flags.make' has modification time 4830359 s in the future
gmake[2]: warning:  Clock skew detected.  Your build may be incomplete.
gmake[2]: Warning: File 'CMakeFiles/xgo_body__rosidl_typesupport_c.dir/flags.make' has modification time 4830359 s in the future
gmake[2]: warning:  Clock skew detected.  Your build may be incomplete.
gmake[2]: Warning: File 'CMakeFiles/xgo_body__rosidl_typesupport_c.dir/flags.make' has modification time 4830359 s in the future
gmake[2]: warning:  Clock skew detected.  Your build may be incomplete.
gmake[2]: Warning: File 'CMakeFiles/xgo_body__rosidl_typesupport_introspection_c.dir/flags.make' has modification time 4830359 s in the future
gmake[2]: warning:  Clock skew detected.  Your build may be incomplete.
gmake[2]: Warning: File 'CMakeFiles/xgo_body__rosidl_typesupport_introspection_c.dir/flags.make' has modification time 4830359 s in the future
gmake[2]: warning:  Clock skew detected.  Your build may be incomplete.
gmake[2]: Warning: File 'CMakeFiles/xgo_body__rosidl_typesupport_fastrtps_c.dir/flags.make' has modification time 4830359 s in the future
gmake[2]: warning:  Clock skew detected.  Your build may be incomplete.
gmake[2]: Warning: File 'CMakeFiles/xgo_body__rosidl_typesupport_fastrtps_c.dir/flags.make' has modification time 4830359 s in the future
gmake[2]: warning:  Clock skew detected.  Your build may be incomplete.
gmake[2]: Warning: File 'CMakeFiles/xgo_body.dir/progress.make' has modification time 4830359 s in the future
gmake[2]: warning:  Clock skew detected.  Your build may be incomplete.
gmake[2]: Warning: File 'CMakeFiles/xgo_body.dir/progress.make' has modification time 4830359 s in the future
gmake[2]: warning:  Clock skew detected.  Your build may be incomplete.
gmake[2]: Warning: File 'xgo_body__py/CMakeFiles/xgo_body__py.dir/progress.make' has modification time 4830359 s in the future
gmake[2]: warning:  Clock skew detected.  Your build may be incomplete.
gmake[2]: Warning: File 'xgo_body__py/CMakeFiles/xgo_body__py.dir/progress.make' has modification time 4830359 s in the future
gmake[2]: warning:  Clock skew detected.  Your build may be incomplete.
gmake[2]: Warning: File 'CMakeFiles/xgo_body__rosidl_generator_py.dir/flags.make' has modification time 4830359 s in the future
gmake[2]: warning:  Clock skew detected.  Your build may be incomplete.
gmake[2]: Warning: File 'CMakeFiles/xgo_body__rosidl_generator_py.dir/flags.make' has modification time 4830358 s in the future
gmake[2]: warning:  Clock skew detected.  Your build may be incomplete.
gmake[2]: Warning: File 'CMakeFiles/xgo_body__rosidl_typesupport_fastrtps_c__pyext.dir/flags.make' has modification time 4830358 s in the future
gmake[2]: warning:  Clock skew detected.  Your build may be incomplete.
gmake[2]: Warning: File 'CMakeFiles/xgo_body__rosidl_typesupport_fastrtps_c__pyext.dir/flags.make' has modification time 4830358 s in the future
gmake[2]: warning:  Clock skew detected.  Your build may be incomplete.
gmake[2]: Warning: File 'CMakeFiles/xgo_body__rosidl_typesupport_c__pyext.dir/flags.make' has modification time 4830358 s in the future
gmake[2]: warning:  Clock skew detected.  Your build may be incomplete.
gmake[2]: Warning: File 'CMakeFiles/xgo_body__rosidl_typesupport_c__pyext.dir/flags.make' has modification time 4830358 s in the future
gmake[2]: warning:  Clock skew detected.  Your build may be incomplete.
gmake[2]: Warning: File 'CMakeFiles/xgo_body__rosidl_typesupport_introspection_c__pyext.dir/flags.make' has modification time 4830358 s in the future
gmake[2]: warning:  Clock skew detected.  Your build may be incomplete.
gmake[2]: Warning: File 'CMakeFiles/xgo_body__rosidl_typesupport_introspection_c__pyext.dir/flags.make' has modification time 4830358 s in the future
gmake[2]: warning:  Clock skew detected.  Your build may be incomplete.
gmake[1]: warning:  Clock skew detected.  Your build may be incomplete.
gmake: warning:  Clock skew detected.  Your build may be incomplete.
