-- Found ament_cmake: 1.3.12 (/opt/ros/humble/share/ament_cmake/cmake)
-- Found std_msgs: 4.9.0 (/opt/ros/humble/share/std_msgs/cmake)
-- Found rosidl_generator_c: 3.1.7 (/opt/ros/humble/share/rosidl_generator_c/cmake)
-- Found rosidl_adapter: 3.1.7 (/opt/ros/humble/share/rosidl_adapter/cmake)
-- Found rosidl_generator_cpp: 3.1.7 (/opt/ros/humble/share/rosidl_generator_cpp/cmake)
-- Using all available rosidl_typesupport_c: rosidl_typesupport_fastrtps_c;rosidl_typesupport_introspection_c
-- Using all available rosidl_typesupport_cpp: rosidl_typesupport_fastrtps_cpp;rosidl_typesupport_introspection_cpp
-- Found rclcpp: 16.0.14 (/opt/ros/humble/share/rclcpp/cmake)
-- Found rmw_implementation_cmake: 6.1.2 (/opt/ros/humble/share/rmw_implementation_cmake/cmake)
-- Found rmw_fastrtps_cpp: 6.2.8 (/opt/ros/humble/share/rmw_fastrtps_cpp/cmake)
-- Using RMW implementation 'rmw_fastrtps_cpp' as default
-- Found sensor_msgs: 4.9.0 (/opt/ros/humble/share/sensor_msgs/cmake)
-- Found ai_msgs: 2.0.1 (/opt/tros/humble/share/ai_msgs/cmake)
-- Found hbm_img_msgs: 2.0.0 (/opt/tros/humble/share/hbm_img_msgs/cmake)
-- Found audio_msg: 2.0.0 (/opt/tros/humble/share/audio_msg/cmake)
-- Configuring done
-- Generating done
-- Build files have been written to: /home/sunrise/xgo_demo/build/xgo_head
[35m[1mConsolidate compiler generated dependencies of target xgo_head[0m
[  2%] [32mBuilding CXX object CMakeFiles/xgo_head.dir/src/GpioReader.cpp.o[0m
[  5%] [32mBuilding CXX object CMakeFiles/xgo_head.dir/src/MatrixLabel.cpp.o[0m
[  8%] [32mBuilding CXX object CMakeFiles/xgo_head.dir/src/SpiScreen2Inch.cpp.o[0m
[ 11%] [32mBuilding CXX object CMakeFiles/xgo_head.dir/src/TGpioUtil.cpp.o[0m
[ 14%] [32mBuilding CXX object CMakeFiles/xgo_head.dir/src/TLog.cpp.o[0m
[ 17%] [32mBuilding CXX object CMakeFiles/xgo_head.dir/src/TSpiUtil.cpp.o[0m
[ 20%] [32mBuilding CXX object CMakeFiles/xgo_head.dir/src/TUtil.cpp.o[0m
[ 22%] [32mBuilding CXX object CMakeFiles/xgo_head.dir/src/XgoSpeaker.cpp.o[0m
[ 25%] [32mBuilding CXX object CMakeFiles/xgo_head.dir/src/main.cpp.o[0m
[ 28%] [32mBuilding CXX object CMakeFiles/xgo_head.dir/src/mainwindow.cpp.o[0m
[ 31%] [32mBuilding CXX object CMakeFiles/xgo_head.dir/src/rclcomm.cpp.o[0m
[ 34%] [32mBuilding CXX object CMakeFiles/xgo_head.dir/qrc_images.cpp.o[0m
[ 37%] [32mBuilding CXX object CMakeFiles/xgo_head.dir/include/moc_SpiScreen2Inch.cpp.o[0m
[ 40%] [32mBuilding CXX object CMakeFiles/xgo_head.dir/include/moc_MatrixLabel.cpp.o[0m
[ 42%] [32mBuilding CXX object CMakeFiles/xgo_head.dir/include/moc_GpioReader.cpp.o[0m
[ 45%] [32mBuilding CXX object CMakeFiles/xgo_head.dir/include/moc_TSpiUtil.cpp.o[0m
[ 48%] [32mBuilding CXX object CMakeFiles/xgo_head.dir/include/moc_TLog.cpp.o[0m
[ 51%] [32mBuilding CXX object CMakeFiles/xgo_head.dir/include/moc_TUtil.cpp.o[0m
[ 54%] [32mBuilding CXX object CMakeFiles/xgo_head.dir/include/moc_XgoSpeaker.cpp.o[0m
[ 57%] [32mBuilding CXX object CMakeFiles/xgo_head.dir/include/moc_mainwindow.cpp.o[0m
[ 60%] [32mBuilding CXX object CMakeFiles/xgo_head.dir/include/moc_TGpioUtil.cpp.o[0m
[ 62%] [32mBuilding CXX object CMakeFiles/xgo_head.dir/include/moc_rclcomm.cpp.o[0m
