[0.065s] Invoking command in '/home/sunrise/xgo_demo/build/xgo_head': CMAKE_PREFIX_PATH=${CMAKE_PREFIX_PATH}:/home/sunrise/xgo_demo/install/xgo_body_py:/opt/tros/humble:/opt/ros/humble /usr/bin/cmake --build /home/sunrise/xgo_demo/build/xgo_head -- -j4 -l4
[0.494s] [35m[1mConsolidate compiler generated dependencies of target xgo_head[0m
[0.989s] [  2%] [32mBuilding CXX object CMakeFiles/xgo_head.dir/src/main.cpp.o[0m
[1.005s] [  5%] [32mBuilding CXX object CMakeFiles/xgo_head.dir/src/rclcomm.cpp.o[0m
[1.017s] [  8%] [32mBuilding CXX object CMakeFiles/xgo_head.dir/include/moc_rclcomm.cpp.o[0m
[32.961s] In file included from [01m[K/home/sunrise/xgo_demo/build/xgo_head/include/moc_rclcomm.cpp:10[m[K:
[32.962s] [01m[K/home/sunrise/xgo_demo/build/xgo_head/include/../../../src/xgo_head/include/rclcomm.h:58:55:[m[K [01;35m[Kwarning: [m[Kuse of ‘[01m[Kauto[m[K’ in parameter declaration only available with ‘[01m[K-std=c++20[m[K’ or ‘[01m[K-fconcepts[m[K’
[32.963s]    58 |     std::optional<QPoint> extractIndexFingerTip(const [01;35m[Kauto[m[K& target);
[32.964s]       |                                                       [01;35m[K^~~~[m[K
[33.084s] In file included from [01m[K/home/sunrise/xgo_demo/src/xgo_head/src/rclcomm.cpp:1[m[K:
[33.085s] [01m[K/home/sunrise/xgo_demo/src/xgo_head/include/rclcomm.h:58:55:[m[K [01;35m[Kwarning: [m[Kuse of ‘[01m[Kauto[m[K’ in parameter declaration only available with ‘[01m[K-std=c++20[m[K’ or ‘[01m[K-fconcepts[m[K’
[33.086s]    58 |     std::optional<QPoint> extractIndexFingerTip(const [01;35m[Kauto[m[K& target);
[33.087s]       |                                                       [01;35m[K^~~~[m[K
[33.499s] In file included from [01m[K/home/sunrise/xgo_demo/src/xgo_head/include/mainwindow.h:7[m[K,
[33.500s]                  from [01m[K/home/sunrise/xgo_demo/src/xgo_head/src/main.cpp:1[m[K:
[33.501s] [01m[K/home/sunrise/xgo_demo/src/xgo_head/include/rclcomm.h:58:55:[m[K [01;35m[Kwarning: [m[Kuse of ‘[01m[Kauto[m[K’ in parameter declaration only available with ‘[01m[K-std=c++20[m[K’ or ‘[01m[K-fconcepts[m[K’
[33.502s]    58 |     std::optional<QPoint> extractIndexFingerTip(const [01;35m[Kauto[m[K& target);
[33.503s]       |                                                       [01;35m[K^~~~[m[K
[34.967s] [01m[K/home/sunrise/xgo_demo/src/xgo_head/src/rclcomm.cpp:[m[K In member function ‘[01m[Kvoid rclcomm::recvCompressedImageCallback(sensor_msgs::msg::CompressedImage_<std::allocator<void> >::SharedPtr)[m[K’:
[34.968s] [01m[K/home/sunrise/xgo_demo/src/xgo_head/src/rclcomm.cpp:381:5:[m[K [01;31m[Kerror: [m[Kjump to case label
[34.969s]   381 |     [01;31m[Kdefault[m[K:
[34.970s]       |     [01;31m[K^~~~~~~[m[K
[34.975s] [01m[K/home/sunrise/xgo_demo/src/xgo_head/src/rclcomm.cpp:358:12:[m[K [01;36m[Knote: [m[K  crosses initialization of ‘[01m[KQPen pen[m[K’
[34.976s]   358 |       QPen [01;36m[Kpen[m[K;
[34.977s]       |            [01;36m[K^~~[m[K
[35.044s] [01m[K/home/sunrise/xgo_demo/src/xgo_head/src/rclcomm.cpp:[m[K In member function ‘[01m[Kvoid rclcomm::recvHandFollowCallback(ai_msgs::msg::PerceptionTargets_<std::allocator<void> >::SharedPtr)[m[K’:
[35.045s] [01m[K/home/sunrise/xgo_demo/src/xgo_head/src/rclcomm.cpp:471:8:[m[K [01;35m[Kwarning: [m[Kunused variable ‘[01m[KtargetNum[m[K’ [[01;35m[K]8;;https://gcc.gnu.org/onlinedocs/gcc/Warning-Options.html#index-Wunused-variable-Wunused-variable]8;;[m[K]
[35.047s]   471 |   auto [01;35m[KtargetNum[m[K = targetList.size();
[35.048s]       |        [01;35m[K^~~~~~~~~[m[K
[35.049s] [01m[K/home/sunrise/xgo_demo/src/xgo_head/src/rclcomm.cpp:[m[K At global scope:
[35.050s] [01m[K/home/sunrise/xgo_demo/src/xgo_head/src/rclcomm.cpp:505:60:[m[K [01;35m[Kwarning: [m[Kuse of ‘[01m[Kauto[m[K’ in parameter declaration only available with ‘[01m[K-std=c++20[m[K’ or ‘[01m[K-fconcepts[m[K’
[35.051s]   505 | std::optional<QPoint> rclcomm::extractIndexFingerTip(const [01;35m[Kauto[m[K& target) {
[35.052s]       |                                                            [01;35m[K^~~~[m[K
[35.061s] [01m[K/home/sunrise/xgo_demo/src/xgo_head/src/rclcomm.cpp:[m[K In member function ‘[01m[Kvoid rclcomm::cleanupOldTracks(qint64)[m[K’:
[35.062s] [01m[K/home/sunrise/xgo_demo/src/xgo_head/src/rclcomm.cpp:524:26:[m[K [01;31m[Kerror: [m[K‘[01m[Kclass QQueue<TrackedPoint>[m[K’ has no member named ‘[01m[Ktail[m[K’
[35.063s]   524 |     if (now - it.value().[01;31m[Ktail[m[K().timestamp > 5000) { // 超过5秒无更新
[35.064s]       |                          [01;31m[K^~~~[m[K
[59.893s] [01m[Kc++:[m[K [01;31m[Kfatal error: [m[KKilled signal terminated program cc1plus
[59.927s] compilation terminated.
[59.928s] gmake[2]: *** [CMakeFiles/xgo_head.dir/build.make:290: CMakeFiles/xgo_head.dir/src/rclcomm.cpp.o] Error 1
[59.929s] gmake[2]: *** Waiting for unfinished jobs....
[61.388s] gmake[1]: *** [CMakeFiles/Makefile2:137: CMakeFiles/xgo_head.dir/all] Error 2
[61.389s] gmake: *** [Makefile:146: all] Error 2
[61.576s] Invoked command in '/home/sunrise/xgo_demo/build/xgo_head' returned '2': CMAKE_PREFIX_PATH=${CMAKE_PREFIX_PATH}:/home/sunrise/xgo_demo/install/xgo_body_py:/opt/tros/humble:/opt/ros/humble /usr/bin/cmake --build /home/sunrise/xgo_demo/build/xgo_head -- -j4 -l4
