[2.573s] Invoking command in '/home/sunrise/xgo_demo/build/xgo_head': CMAKE_PREFIX_PATH=${CMAKE_PREFIX_PATH}:/home/sunrise/xgo_demo/install/xgo_body_py:/opt/tros/humble:/opt/ros/humble /usr/bin/cmake --build /home/sunrise/xgo_demo/build/xgo_head -- -j4 -l4
[3.014s] [35m[1mConsolidate compiler generated dependencies of target xgo_head[0m
[3.446s] [  2%] [32mBuilding CXX object CMakeFiles/xgo_head.dir/src/rclcomm.cpp.o[0m
[160.511s] [  5%] [32m[1mLinking CXX executable xgo_head[0m
[184.154s] [100%] Built target xgo_head
[184.212s] Invoked command in '/home/sunrise/xgo_demo/build/xgo_head' returned '0': CMAKE_PREFIX_PATH=${CMAKE_PREFIX_PATH}:/home/sunrise/xgo_demo/install/xgo_body_py:/opt/tros/humble:/opt/ros/humble /usr/bin/cmake --build /home/sunrise/xgo_demo/build/xgo_head -- -j4 -l4
[184.234s] Invoking command in '/home/sunrise/xgo_demo/build/xgo_head': CMAKE_PREFIX_PATH=${CMAKE_PREFIX_PATH}:/home/sunrise/xgo_demo/install/xgo_body_py:/opt/tros/humble:/opt/ros/humble /usr/bin/cmake --install /home/sunrise/xgo_demo/build/xgo_head
[184.270s] -- Install configuration: ""
[184.276s] -- Installing: /home/sunrise/xgo_demo/install/xgo_head/lib/xgo_head/xgo_head
[184.343s] -- Set runtime path of "/home/sunrise/xgo_demo/install/xgo_head/lib/xgo_head/xgo_head" to ""
[184.347s] -- Up-to-date: /home/sunrise/xgo_demo/install/xgo_head/share/ament_index/resource_index/package_run_dependencies/xgo_head
[184.348s] -- Up-to-date: /home/sunrise/xgo_demo/install/xgo_head/share/ament_index/resource_index/parent_prefix_path/xgo_head
[184.369s] -- Up-to-date: /home/sunrise/xgo_demo/install/xgo_head/share/xgo_head/environment/ament_prefix_path.sh
[184.371s] -- Up-to-date: /home/sunrise/xgo_demo/install/xgo_head/share/xgo_head/environment/ament_prefix_path.dsv
[184.372s] -- Up-to-date: /home/sunrise/xgo_demo/install/xgo_head/share/xgo_head/environment/path.sh
[184.373s] -- Up-to-date: /home/sunrise/xgo_demo/install/xgo_head/share/xgo_head/environment/path.dsv
[184.374s] -- Up-to-date: /home/sunrise/xgo_demo/install/xgo_head/share/xgo_head/local_setup.bash
[184.376s] -- Up-to-date: /home/sunrise/xgo_demo/install/xgo_head/share/xgo_head/local_setup.sh
[184.377s] -- Up-to-date: /home/sunrise/xgo_demo/install/xgo_head/share/xgo_head/local_setup.zsh
[184.378s] -- Up-to-date: /home/sunrise/xgo_demo/install/xgo_head/share/xgo_head/local_setup.dsv
[184.378s] -- Installing: /home/sunrise/xgo_demo/install/xgo_head/share/xgo_head/package.dsv
[184.379s] -- Up-to-date: /home/sunrise/xgo_demo/install/xgo_head/share/ament_index/resource_index/packages/xgo_head
[184.379s] -- Up-to-date: /home/sunrise/xgo_demo/install/xgo_head/share/xgo_head/cmake/xgo_headConfig.cmake
[184.382s] -- Up-to-date: /home/sunrise/xgo_demo/install/xgo_head/share/xgo_head/cmake/xgo_headConfig-version.cmake
[184.384s] -- Up-to-date: /home/sunrise/xgo_demo/install/xgo_head/share/xgo_head/package.xml
[184.394s] Invoked command in '/home/sunrise/xgo_demo/build/xgo_head' returned '0': CMAKE_PREFIX_PATH=${CMAKE_PREFIX_PATH}:/home/sunrise/xgo_demo/install/xgo_body_py:/opt/tros/humble:/opt/ros/humble /usr/bin/cmake --install /home/sunrise/xgo_demo/build/xgo_head
