[7.626s] Invoking command in '/home/sunrise/xgo_demo/src/xgo_device': PYTHONPATH=/home/sunrise/xgo_demo/build/xgo_device/prefix_override:/usr/lib/python3/dist-packages/colcon_core/task/python/colcon_distutils_commands:/home/sunrise/xgo_demo/install/xgo_device/lib/python3.10/site-packages:${PYTHONPATH} /usr/bin/python3 -W ignore:setup.py install is deprecated -W ignore:easy_install command is deprecated setup.py egg_info --egg-base ../../build/xgo_device build --build-base /home/sunrise/xgo_demo/build/xgo_device/build install --record /home/sunrise/xgo_demo/build/xgo_device/install.log --single-version-externally-managed
[10.117s] running egg_info
[10.138s] writing ../../build/xgo_device/xgo_device.egg-info/PKG-INFO
[10.143s] writing dependency_links to ../../build/xgo_device/xgo_device.egg-info/dependency_links.txt
[10.147s] writing entry points to ../../build/xgo_device/xgo_device.egg-info/entry_points.txt
[10.151s] writing requirements to ../../build/xgo_device/xgo_device.egg-info/requires.txt
[10.154s] writing top-level names to ../../build/xgo_device/xgo_device.egg-info/top_level.txt
[10.173s] reading manifest file '../../build/xgo_device/xgo_device.egg-info/SOURCES.txt'
[10.187s] writing manifest file '../../build/xgo_device/xgo_device.egg-info/SOURCES.txt'
[10.188s] running build
[10.189s] running build_py
[10.199s] running install
[10.201s] running install_lib
[10.214s] running install_egg_info
[10.235s] removing '/home/sunrise/xgo_demo/install/xgo_device/lib/python3.10/site-packages/xgo_device-0.0.1-py3.10.egg-info' (and everything under it)
[10.248s] Copying ../../build/xgo_device/xgo_device.egg-info to /home/sunrise/xgo_demo/install/xgo_device/lib/python3.10/site-packages/xgo_device-0.0.1-py3.10.egg-info
[10.255s] running install_scripts
[10.482s] Installing device_info script to /home/sunrise/xgo_demo/install/xgo_device/lib/xgo_device
[10.493s] writing list of installed files to '/home/sunrise/xgo_demo/build/xgo_device/install.log'
[10.846s] Invoked command in '/home/sunrise/xgo_demo/src/xgo_device' returned '0': PYTHONPATH=/home/sunrise/xgo_demo/build/xgo_device/prefix_override:/usr/lib/python3/dist-packages/colcon_core/task/python/colcon_distutils_commands:/home/sunrise/xgo_demo/install/xgo_device/lib/python3.10/site-packages:${PYTHONPATH} /usr/bin/python3 -W ignore:setup.py install is deprecated -W ignore:easy_install command is deprecated setup.py egg_info --egg-base ../../build/xgo_device build --build-base /home/sunrise/xgo_demo/build/xgo_device/build install --record /home/sunrise/xgo_demo/build/xgo_device/install.log --single-version-externally-managed
