[7.576s] Invoking command in '/home/sunrise/xgo_demo/src/xgo_device': PYTHONPATH=/home/sunrise/xgo_demo/build/xgo_device/prefix_override:/usr/lib/python3/dist-packages/colcon_core/task/python/colcon_distutils_commands:/home/sunrise/xgo_demo/install/xgo_device/lib/python3.10/site-packages:${PYTHONPATH} /usr/bin/python3 -W ignore:setup.py install is deprecated -W ignore:easy_install command is deprecated setup.py egg_info --egg-base ../../build/xgo_device build --build-base /home/sunrise/xgo_demo/build/xgo_device/build install --record /home/sunrise/xgo_demo/build/xgo_device/install.log --single-version-externally-managed
[9.829s] running egg_info
[9.838s] writing ../../build/xgo_device/xgo_device.egg-info/PKG-INFO
[9.839s] writing dependency_links to ../../build/xgo_device/xgo_device.egg-info/dependency_links.txt
[9.841s] writing entry points to ../../build/xgo_device/xgo_device.egg-info/entry_points.txt
[9.842s] writing requirements to ../../build/xgo_device/xgo_device.egg-info/requires.txt
[9.843s] writing top-level names to ../../build/xgo_device/xgo_device.egg-info/top_level.txt
[9.857s] reading manifest file '../../build/xgo_device/xgo_device.egg-info/SOURCES.txt'
[9.868s] writing manifest file '../../build/xgo_device/xgo_device.egg-info/SOURCES.txt'
[9.870s] running build
[9.871s] running build_py
[9.874s] running install
[9.876s] running install_lib
[9.886s] running install_egg_info
[9.904s] removing '/home/sunrise/xgo_demo/install/xgo_device/lib/python3.10/site-packages/xgo_device-0.0.1-py3.10.egg-info' (and everything under it)
[9.907s] Copying ../../build/xgo_device/xgo_device.egg-info to /home/sunrise/xgo_demo/install/xgo_device/lib/python3.10/site-packages/xgo_device-0.0.1-py3.10.egg-info
[9.914s] running install_scripts
[10.147s] Installing device_info script to /home/sunrise/xgo_demo/install/xgo_device/lib/xgo_device
[10.151s] writing list of installed files to '/home/sunrise/xgo_demo/build/xgo_device/install.log'
[10.456s] Invoked command in '/home/sunrise/xgo_demo/src/xgo_device' returned '0': PYTHONPATH=/home/sunrise/xgo_demo/build/xgo_device/prefix_override:/usr/lib/python3/dist-packages/colcon_core/task/python/colcon_distutils_commands:/home/sunrise/xgo_demo/install/xgo_device/lib/python3.10/site-packages:${PYTHONPATH} /usr/bin/python3 -W ignore:setup.py install is deprecated -W ignore:easy_install command is deprecated setup.py egg_info --egg-base ../../build/xgo_device build --build-base /home/sunrise/xgo_demo/build/xgo_device/build install --record /home/sunrise/xgo_demo/build/xgo_device/install.log --single-version-externally-managed
