[0.151s] Invoking command in '/home/sunrise/xgo_demo/build/xgo_body': CMAKE_PREFIX_PATH=${CMAKE_PREFIX_PATH}:/home/sunrise/xgo_demo/install/xgo_body_py:/opt/tros/humble:/opt/ros/humble /usr/bin/cmake --build /home/sunrise/xgo_demo/build/xgo_body -- -j4 -l4
[2.694s] [  1%] Built target xgo_body__cpp
[2.695s] [  1%] Built target ament_cmake_python_copy_xgo_body
[2.695s] [ 12%] Built target xgo_body__rosidl_typesupport_fastrtps_cpp
[2.696s] [ 22%] Built target xgo_body__rosidl_typesupport_introspection_cpp
[3.395s] running egg_info
[3.411s] writing xgo_body.egg-info/PKG-INFO
[3.415s] writing dependency_links to xgo_body.egg-info/dependency_links.txt
[3.421s] writing top-level names to xgo_body.egg-info/top_level.txt
[3.454s] reading manifest file 'xgo_body.egg-info/SOURCES.txt'
[3.461s] writing manifest file 'xgo_body.egg-info/SOURCES.txt'
[3.853s] [ 22%] Built target ament_cmake_python_build_xgo_body_egg
[4.079s] [ 33%] Built target xgo_body__rosidl_typesupport_cpp
[4.247s] [ 43%] Built target xgo_body__rosidl_generator_c
[4.439s] [ 47%] Built target xgo_body_node
[4.572s] [ 57%] Built target xgo_body__rosidl_typesupport_c
[4.707s] [ 68%] Built target xgo_body__rosidl_typesupport_introspection_c
[4.845s] [ 78%] Built target xgo_body__rosidl_typesupport_fastrtps_c
[4.992s] [ 78%] Built target xgo_body
[5.172s] [ 80%] Built target xgo_body__py
[5.316s] [ 89%] Built target xgo_body__rosidl_generator_py
[5.472s] [ 92%] Built target xgo_body__rosidl_typesupport_fastrtps_c__pyext
[5.627s] [ 96%] Built target xgo_body__rosidl_typesupport_c__pyext
[5.759s] [100%] Built target xgo_body__rosidl_typesupport_introspection_c__pyext
[5.825s] Invoked command in '/home/sunrise/xgo_demo/build/xgo_body' returned '0': CMAKE_PREFIX_PATH=${CMAKE_PREFIX_PATH}:/home/sunrise/xgo_demo/install/xgo_body_py:/opt/tros/humble:/opt/ros/humble /usr/bin/cmake --build /home/sunrise/xgo_demo/build/xgo_body -- -j4 -l4
[5.882s] Invoking command in '/home/sunrise/xgo_demo/build/xgo_body': CMAKE_PREFIX_PATH=${CMAKE_PREFIX_PATH}:/home/sunrise/xgo_demo/install/xgo_body_py:/opt/tros/humble:/opt/ros/humble /usr/bin/cmake --install /home/sunrise/xgo_demo/build/xgo_body
[5.935s] -- Install configuration: ""
[5.940s] -- Up-to-date: /home/sunrise/xgo_demo/install/xgo_body/share/ament_index/resource_index/rosidl_interfaces/xgo_body
[5.941s] -- Up-to-date: /home/sunrise/xgo_demo/install/xgo_body/include/xgo_body/xgo_body
[5.944s] -- Up-to-date: /home/sunrise/xgo_demo/install/xgo_body/include/xgo_body/xgo_body/msg
[5.947s] -- Up-to-date: /home/sunrise/xgo_demo/install/xgo_body/include/xgo_body/xgo_body/msg/detail
[5.949s] -- Up-to-date: /home/sunrise/xgo_demo/install/xgo_body/include/xgo_body/xgo_body/msg/detail/leg_pose__struct.h
[5.952s] -- Up-to-date: /home/sunrise/xgo_demo/install/xgo_body/include/xgo_body/xgo_body/msg/detail/joint_angle__functions.c
[5.954s] -- Up-to-date: /home/sunrise/xgo_demo/install/xgo_body/include/xgo_body/xgo_body/msg/detail/body_pose__functions.h
[5.958s] -- Up-to-date: /home/sunrise/xgo_demo/install/xgo_body/include/xgo_body/xgo_body/msg/detail/joint_angle__functions.h
[5.962s] -- Up-to-date: /home/sunrise/xgo_demo/install/xgo_body/include/xgo_body/xgo_body/msg/detail/leg_pose__functions.h
[5.966s] -- Up-to-date: /home/sunrise/xgo_demo/install/xgo_body/include/xgo_body/xgo_body/msg/detail/joint_angle__struct.h
[5.968s] -- Up-to-date: /home/sunrise/xgo_demo/install/xgo_body/include/xgo_body/xgo_body/msg/detail/leg_pose__functions.c
[5.973s] -- Up-to-date: /home/sunrise/xgo_demo/install/xgo_body/include/xgo_body/xgo_body/msg/detail/leg_pose__type_support.h
[5.975s] -- Up-to-date: /home/sunrise/xgo_demo/install/xgo_body/include/xgo_body/xgo_body/msg/detail/joint_angle__type_support.h
[5.977s] -- Up-to-date: /home/sunrise/xgo_demo/install/xgo_body/include/xgo_body/xgo_body/msg/detail/body_pose__struct.h
[5.979s] -- Up-to-date: /home/sunrise/xgo_demo/install/xgo_body/include/xgo_body/xgo_body/msg/detail/body_pose__type_support.h
[5.981s] -- Up-to-date: /home/sunrise/xgo_demo/install/xgo_body/include/xgo_body/xgo_body/msg/detail/arm_pose__functions.c
[5.983s] -- Up-to-date: /home/sunrise/xgo_demo/install/xgo_body/include/xgo_body/xgo_body/msg/detail/arm_pose__struct.h
[5.983s] -- Up-to-date: /home/sunrise/xgo_demo/install/xgo_body/include/xgo_body/xgo_body/msg/detail/body_pose__functions.c
[5.984s] -- Up-to-date: /home/sunrise/xgo_demo/install/xgo_body/include/xgo_body/xgo_body/msg/detail/arm_pose__functions.h
[5.985s] -- Up-to-date: /home/sunrise/xgo_demo/install/xgo_body/include/xgo_body/xgo_body/msg/detail/arm_pose__type_support.h
[5.987s] -- Up-to-date: /home/sunrise/xgo_demo/install/xgo_body/include/xgo_body/xgo_body/msg/body_pose.h
[5.988s] -- Up-to-date: /home/sunrise/xgo_demo/install/xgo_body/include/xgo_body/xgo_body/msg/leg_pose.h
[5.992s] -- Up-to-date: /home/sunrise/xgo_demo/install/xgo_body/include/xgo_body/xgo_body/msg/arm_pose.h
[5.993s] -- Up-to-date: /home/sunrise/xgo_demo/install/xgo_body/include/xgo_body/xgo_body/msg/rosidl_generator_c__visibility_control.h
[5.995s] -- Up-to-date: /home/sunrise/xgo_demo/install/xgo_body/include/xgo_body/xgo_body/msg/joint_angle.h
[5.997s] -- Up-to-date: /home/sunrise/xgo_demo/install/xgo_body/share/xgo_body/environment/library_path.sh
[6.004s] -- Up-to-date: /home/sunrise/xgo_demo/install/xgo_body/share/xgo_body/environment/library_path.dsv
[6.005s] -- Up-to-date: /home/sunrise/xgo_demo/install/xgo_body/lib/libxgo_body__rosidl_generator_c.so
[6.007s] -- Up-to-date: /home/sunrise/xgo_demo/install/xgo_body/include/xgo_body/xgo_body
[6.009s] -- Up-to-date: /home/sunrise/xgo_demo/install/xgo_body/include/xgo_body/xgo_body/msg
[6.011s] -- Up-to-date: /home/sunrise/xgo_demo/install/xgo_body/include/xgo_body/xgo_body/msg/detail
[6.013s] -- Up-to-date: /home/sunrise/xgo_demo/install/xgo_body/include/xgo_body/xgo_body/msg/detail/leg_pose__rosidl_typesupport_fastrtps_c.h
[6.014s] -- Up-to-date: /home/sunrise/xgo_demo/install/xgo_body/include/xgo_body/xgo_body/msg/detail/body_pose__rosidl_typesupport_fastrtps_c.h
[6.015s] -- Up-to-date: /home/sunrise/xgo_demo/install/xgo_body/include/xgo_body/xgo_body/msg/detail/arm_pose__rosidl_typesupport_fastrtps_c.h
[6.016s] -- Up-to-date: /home/sunrise/xgo_demo/install/xgo_body/include/xgo_body/xgo_body/msg/detail/joint_angle__rosidl_typesupport_fastrtps_c.h
[6.017s] -- Up-to-date: /home/sunrise/xgo_demo/install/xgo_body/include/xgo_body/xgo_body/msg/rosidl_typesupport_fastrtps_c__visibility_control.h
[6.019s] -- Up-to-date: /home/sunrise/xgo_demo/install/xgo_body/lib/libxgo_body__rosidl_typesupport_fastrtps_c.so
[6.019s] -- Up-to-date: /home/sunrise/xgo_demo/install/xgo_body/include/xgo_body/xgo_body
[6.022s] -- Up-to-date: /home/sunrise/xgo_demo/install/xgo_body/include/xgo_body/xgo_body/msg
[6.024s] -- Up-to-date: /home/sunrise/xgo_demo/install/xgo_body/include/xgo_body/xgo_body/msg/detail
[6.025s] -- Up-to-date: /home/sunrise/xgo_demo/install/xgo_body/include/xgo_body/xgo_body/msg/detail/arm_pose__type_support.c
[6.030s] -- Up-to-date: /home/sunrise/xgo_demo/install/xgo_body/include/xgo_body/xgo_body/msg/detail/leg_pose__type_support.c
[6.037s] -- Up-to-date: /home/sunrise/xgo_demo/install/xgo_body/include/xgo_body/xgo_body/msg/detail/body_pose__type_support.c
[6.038s] -- Up-to-date: /home/sunrise/xgo_demo/install/xgo_body/include/xgo_body/xgo_body/msg/detail/arm_pose__rosidl_typesupport_introspection_c.h
[6.039s] -- Up-to-date: /home/sunrise/xgo_demo/install/xgo_body/include/xgo_body/xgo_body/msg/detail/body_pose__rosidl_typesupport_introspection_c.h
[6.040s] -- Up-to-date: /home/sunrise/xgo_demo/install/xgo_body/include/xgo_body/xgo_body/msg/detail/joint_angle__type_support.c
[6.053s] -- Up-to-date: /home/sunrise/xgo_demo/install/xgo_body/include/xgo_body/xgo_body/msg/detail/leg_pose__rosidl_typesupport_introspection_c.h
[6.054s] -- Up-to-date: /home/sunrise/xgo_demo/install/xgo_body/include/xgo_body/xgo_body/msg/detail/joint_angle__rosidl_typesupport_introspection_c.h
[6.054s] -- Up-to-date: /home/sunrise/xgo_demo/install/xgo_body/include/xgo_body/xgo_body/msg/rosidl_typesupport_introspection_c__visibility_control.h
[6.059s] -- Up-to-date: /home/sunrise/xgo_demo/install/xgo_body/lib/libxgo_body__rosidl_typesupport_introspection_c.so
[6.062s] -- Up-to-date: /home/sunrise/xgo_demo/install/xgo_body/lib/libxgo_body__rosidl_typesupport_c.so
[6.063s] -- Up-to-date: /home/sunrise/xgo_demo/install/xgo_body/include/xgo_body/xgo_body
[6.064s] -- Up-to-date: /home/sunrise/xgo_demo/install/xgo_body/include/xgo_body/xgo_body/msg
[6.069s] -- Up-to-date: /home/sunrise/xgo_demo/install/xgo_body/include/xgo_body/xgo_body/msg/detail
[6.070s] -- Up-to-date: /home/sunrise/xgo_demo/install/xgo_body/include/xgo_body/xgo_body/msg/detail/body_pose__type_support.hpp
[6.078s] -- Up-to-date: /home/sunrise/xgo_demo/install/xgo_body/include/xgo_body/xgo_body/msg/detail/leg_pose__builder.hpp
[6.080s] -- Up-to-date: /home/sunrise/xgo_demo/install/xgo_body/include/xgo_body/xgo_body/msg/detail/leg_pose__traits.hpp
[6.082s] -- Up-to-date: /home/sunrise/xgo_demo/install/xgo_body/include/xgo_body/xgo_body/msg/detail/body_pose__struct.hpp
[6.084s] -- Up-to-date: /home/sunrise/xgo_demo/install/xgo_body/include/xgo_body/xgo_body/msg/detail/joint_angle__builder.hpp
[6.086s] -- Up-to-date: /home/sunrise/xgo_demo/install/xgo_body/include/xgo_body/xgo_body/msg/detail/arm_pose__builder.hpp
[6.090s] -- Up-to-date: /home/sunrise/xgo_demo/install/xgo_body/include/xgo_body/xgo_body/msg/detail/body_pose__traits.hpp
[6.103s] -- Up-to-date: /home/sunrise/xgo_demo/install/xgo_body/include/xgo_body/xgo_body/msg/detail/joint_angle__type_support.hpp
[6.104s] -- Up-to-date: /home/sunrise/xgo_demo/install/xgo_body/include/xgo_body/xgo_body/msg/detail/arm_pose__traits.hpp
[6.111s] -- Up-to-date: /home/sunrise/xgo_demo/install/xgo_body/include/xgo_body/xgo_body/msg/detail/arm_pose__type_support.hpp
[6.113s] -- Up-to-date: /home/sunrise/xgo_demo/install/xgo_body/include/xgo_body/xgo_body/msg/detail/joint_angle__struct.hpp
[6.114s] -- Up-to-date: /home/sunrise/xgo_demo/install/xgo_body/include/xgo_body/xgo_body/msg/detail/leg_pose__struct.hpp
[6.115s] -- Up-to-date: /home/sunrise/xgo_demo/install/xgo_body/include/xgo_body/xgo_body/msg/detail/joint_angle__traits.hpp
[6.116s] -- Up-to-date: /home/sunrise/xgo_demo/install/xgo_body/include/xgo_body/xgo_body/msg/detail/arm_pose__struct.hpp
[6.118s] -- Up-to-date: /home/sunrise/xgo_demo/install/xgo_body/include/xgo_body/xgo_body/msg/detail/leg_pose__type_support.hpp
[6.118s] -- Up-to-date: /home/sunrise/xgo_demo/install/xgo_body/include/xgo_body/xgo_body/msg/detail/body_pose__builder.hpp
[6.119s] -- Up-to-date: /home/sunrise/xgo_demo/install/xgo_body/include/xgo_body/xgo_body/msg/joint_angle.hpp
[6.121s] -- Up-to-date: /home/sunrise/xgo_demo/install/xgo_body/include/xgo_body/xgo_body/msg/body_pose.hpp
[6.127s] -- Up-to-date: /home/sunrise/xgo_demo/install/xgo_body/include/xgo_body/xgo_body/msg/leg_pose.hpp
[6.132s] -- Up-to-date: /home/sunrise/xgo_demo/install/xgo_body/include/xgo_body/xgo_body/msg/arm_pose.hpp
[6.136s] -- Up-to-date: /home/sunrise/xgo_demo/install/xgo_body/include/xgo_body/xgo_body/msg/rosidl_generator_cpp__visibility_control.hpp
[6.142s] -- Up-to-date: /home/sunrise/xgo_demo/install/xgo_body/include/xgo_body/xgo_body
[6.149s] -- Up-to-date: /home/sunrise/xgo_demo/install/xgo_body/include/xgo_body/xgo_body/msg
[6.154s] -- Up-to-date: /home/sunrise/xgo_demo/install/xgo_body/include/xgo_body/xgo_body/msg/rosidl_typesupport_fastrtps_cpp__visibility_control.h
[6.158s] -- Up-to-date: /home/sunrise/xgo_demo/install/xgo_body/include/xgo_body/xgo_body/msg/detail
[6.166s] -- Up-to-date: /home/sunrise/xgo_demo/install/xgo_body/include/xgo_body/xgo_body/msg/detail/body_pose__rosidl_typesupport_fastrtps_cpp.hpp
[6.168s] -- Up-to-date: /home/sunrise/xgo_demo/install/xgo_body/include/xgo_body/xgo_body/msg/detail/joint_angle__rosidl_typesupport_fastrtps_cpp.hpp
[6.171s] -- Up-to-date: /home/sunrise/xgo_demo/install/xgo_body/include/xgo_body/xgo_body/msg/detail/dds_fastrtps
[6.175s] -- Up-to-date: /home/sunrise/xgo_demo/install/xgo_body/include/xgo_body/xgo_body/msg/detail/leg_pose__rosidl_typesupport_fastrtps_cpp.hpp
[6.178s] -- Up-to-date: /home/sunrise/xgo_demo/install/xgo_body/include/xgo_body/xgo_body/msg/detail/arm_pose__rosidl_typesupport_fastrtps_cpp.hpp
[6.179s] -- Up-to-date: /home/sunrise/xgo_demo/install/xgo_body/lib/libxgo_body__rosidl_typesupport_fastrtps_cpp.so
[6.180s] -- Up-to-date: /home/sunrise/xgo_demo/install/xgo_body/include/xgo_body/xgo_body
[6.181s] -- Up-to-date: /home/sunrise/xgo_demo/install/xgo_body/include/xgo_body/xgo_body/msg
[6.183s] -- Up-to-date: /home/sunrise/xgo_demo/install/xgo_body/include/xgo_body/xgo_body/msg/detail
[6.184s] -- Up-to-date: /home/sunrise/xgo_demo/install/xgo_body/include/xgo_body/xgo_body/msg/detail/arm_pose__rosidl_typesupport_introspection_cpp.hpp
[6.185s] -- Up-to-date: /home/sunrise/xgo_demo/install/xgo_body/include/xgo_body/xgo_body/msg/detail/body_pose__rosidl_typesupport_introspection_cpp.hpp
[6.191s] -- Up-to-date: /home/sunrise/xgo_demo/install/xgo_body/include/xgo_body/xgo_body/msg/detail/leg_pose__rosidl_typesupport_introspection_cpp.hpp
[6.192s] -- Up-to-date: /home/sunrise/xgo_demo/install/xgo_body/include/xgo_body/xgo_body/msg/detail/body_pose__type_support.cpp
[6.197s] -- Up-to-date: /home/sunrise/xgo_demo/install/xgo_body/include/xgo_body/xgo_body/msg/detail/arm_pose__type_support.cpp
[6.198s] -- Up-to-date: /home/sunrise/xgo_demo/install/xgo_body/include/xgo_body/xgo_body/msg/detail/joint_angle__rosidl_typesupport_introspection_cpp.hpp
[6.199s] -- Up-to-date: /home/sunrise/xgo_demo/install/xgo_body/include/xgo_body/xgo_body/msg/detail/joint_angle__type_support.cpp
[6.203s] -- Up-to-date: /home/sunrise/xgo_demo/install/xgo_body/include/xgo_body/xgo_body/msg/detail/leg_pose__type_support.cpp
[6.206s] -- Up-to-date: /home/sunrise/xgo_demo/install/xgo_body/lib/libxgo_body__rosidl_typesupport_introspection_cpp.so
[6.207s] -- Up-to-date: /home/sunrise/xgo_demo/install/xgo_body/lib/libxgo_body__rosidl_typesupport_cpp.so
[6.208s] -- Up-to-date: /home/sunrise/xgo_demo/install/xgo_body/share/xgo_body/environment/pythonpath.sh
[6.210s] -- Up-to-date: /home/sunrise/xgo_demo/install/xgo_body/share/xgo_body/environment/pythonpath.dsv
[6.217s] -- Up-to-date: /home/sunrise/xgo_demo/install/xgo_body/local/lib/python3.10/dist-packages/xgo_body-0.0.0-py3.10.egg-info
[6.221s] -- Installing: /home/sunrise/xgo_demo/install/xgo_body/local/lib/python3.10/dist-packages/xgo_body-0.0.0-py3.10.egg-info/dependency_links.txt
[6.223s] -- Installing: /home/sunrise/xgo_demo/install/xgo_body/local/lib/python3.10/dist-packages/xgo_body-0.0.0-py3.10.egg-info/PKG-INFO
[6.229s] -- Installing: /home/sunrise/xgo_demo/install/xgo_body/local/lib/python3.10/dist-packages/xgo_body-0.0.0-py3.10.egg-info/top_level.txt
[6.233s] -- Installing: /home/sunrise/xgo_demo/install/xgo_body/local/lib/python3.10/dist-packages/xgo_body-0.0.0-py3.10.egg-info/SOURCES.txt
[6.238s] -- Up-to-date: /home/sunrise/xgo_demo/install/xgo_body/local/lib/python3.10/dist-packages/xgo_body
[6.241s] -- Up-to-date: /home/sunrise/xgo_demo/install/xgo_body/local/lib/python3.10/dist-packages/xgo_body/xgo_body_s__rosidl_typesupport_fastrtps_c.cpython-310-aarch64-linux-gnu.so
[6.242s] -- Up-to-date: /home/sunrise/xgo_demo/install/xgo_body/local/lib/python3.10/dist-packages/xgo_body/__init__.py
[6.244s] -- Up-to-date: /home/sunrise/xgo_demo/install/xgo_body/local/lib/python3.10/dist-packages/xgo_body/_xgo_body_s.ep.rosidl_typesupport_introspection_c.c
[6.248s] -- Up-to-date: /home/sunrise/xgo_demo/install/xgo_body/local/lib/python3.10/dist-packages/xgo_body/_xgo_body_s.ep.rosidl_typesupport_fastrtps_c.c
[6.252s] -- Up-to-date: /home/sunrise/xgo_demo/install/xgo_body/local/lib/python3.10/dist-packages/xgo_body/libxgo_body__rosidl_generator_py.so
[6.256s] -- Up-to-date: /home/sunrise/xgo_demo/install/xgo_body/local/lib/python3.10/dist-packages/xgo_body/xgo_body_s__rosidl_typesupport_c.cpython-310-aarch64-linux-gnu.so
[6.259s] -- Up-to-date: /home/sunrise/xgo_demo/install/xgo_body/local/lib/python3.10/dist-packages/xgo_body/xgo_body_s__rosidl_typesupport_introspection_c.cpython-310-aarch64-linux-gnu.so
[6.263s] -- Up-to-date: /home/sunrise/xgo_demo/install/xgo_body/local/lib/python3.10/dist-packages/xgo_body/msg
[6.264s] -- Up-to-date: /home/sunrise/xgo_demo/install/xgo_body/local/lib/python3.10/dist-packages/xgo_body/msg/_body_pose_s.c
[6.266s] -- Up-to-date: /home/sunrise/xgo_demo/install/xgo_body/local/lib/python3.10/dist-packages/xgo_body/msg/_leg_pose_s.c
[6.268s] -- Up-to-date: /home/sunrise/xgo_demo/install/xgo_body/local/lib/python3.10/dist-packages/xgo_body/msg/_body_pose.py
[6.270s] -- Up-to-date: /home/sunrise/xgo_demo/install/xgo_body/local/lib/python3.10/dist-packages/xgo_body/msg/_arm_pose.py
[6.271s] -- Up-to-date: /home/sunrise/xgo_demo/install/xgo_body/local/lib/python3.10/dist-packages/xgo_body/msg/__init__.py
[6.272s] -- Up-to-date: /home/sunrise/xgo_demo/install/xgo_body/local/lib/python3.10/dist-packages/xgo_body/msg/_arm_pose_s.c
[6.273s] -- Up-to-date: /home/sunrise/xgo_demo/install/xgo_body/local/lib/python3.10/dist-packages/xgo_body/msg/_joint_angle_s.c
[6.274s] -- Up-to-date: /home/sunrise/xgo_demo/install/xgo_body/local/lib/python3.10/dist-packages/xgo_body/msg/_joint_angle.py
[6.275s] -- Up-to-date: /home/sunrise/xgo_demo/install/xgo_body/local/lib/python3.10/dist-packages/xgo_body/msg/_leg_pose.py
[6.276s] -- Up-to-date: /home/sunrise/xgo_demo/install/xgo_body/local/lib/python3.10/dist-packages/xgo_body/_xgo_body_s.ep.rosidl_typesupport_c.c
[6.556s] Listing '/home/sunrise/xgo_demo/install/xgo_body/local/lib/python3.10/dist-packages/xgo_body'...
[6.559s] Listing '/home/sunrise/xgo_demo/install/xgo_body/local/lib/python3.10/dist-packages/xgo_body/msg'...
[6.644s] -- Up-to-date: /home/sunrise/xgo_demo/install/xgo_body/local/lib/python3.10/dist-packages/xgo_body/xgo_body_s__rosidl_typesupport_fastrtps_c.cpython-310-aarch64-linux-gnu.so
[6.651s] -- Up-to-date: /home/sunrise/xgo_demo/install/xgo_body/local/lib/python3.10/dist-packages/xgo_body/xgo_body_s__rosidl_typesupport_introspection_c.cpython-310-aarch64-linux-gnu.so
[6.659s] -- Up-to-date: /home/sunrise/xgo_demo/install/xgo_body/local/lib/python3.10/dist-packages/xgo_body/xgo_body_s__rosidl_typesupport_c.cpython-310-aarch64-linux-gnu.so
[6.660s] -- Up-to-date: /home/sunrise/xgo_demo/install/xgo_body/lib/libxgo_body__rosidl_generator_py.so
[6.662s] -- Up-to-date: /home/sunrise/xgo_demo/install/xgo_body/share/xgo_body/msg/ArmPose.idl
[6.664s] -- Up-to-date: /home/sunrise/xgo_demo/install/xgo_body/share/xgo_body/msg/BodyPose.idl
[6.666s] -- Up-to-date: /home/sunrise/xgo_demo/install/xgo_body/share/xgo_body/msg/JointAngle.idl
[6.669s] -- Up-to-date: /home/sunrise/xgo_demo/install/xgo_body/share/xgo_body/msg/LegPose.idl
[6.671s] -- Up-to-date: /home/sunrise/xgo_demo/install/xgo_body/share/xgo_body/msg/ArmPose.msg
[6.672s] -- Up-to-date: /home/sunrise/xgo_demo/install/xgo_body/share/xgo_body/msg/BodyPose.msg
[6.674s] -- Up-to-date: /home/sunrise/xgo_demo/install/xgo_body/share/xgo_body/msg/JointAngle.msg
[6.675s] -- Up-to-date: /home/sunrise/xgo_demo/install/xgo_body/share/xgo_body/msg/LegPose.msg
[6.688s] -- Up-to-date: /home/sunrise/xgo_demo/install/xgo_body/lib/xgo_body/xgo_body_node
[6.689s] -- Up-to-date: /home/sunrise/xgo_demo/install/xgo_body/share/ament_index/resource_index/package_run_dependencies/xgo_body
[6.691s] -- Up-to-date: /home/sunrise/xgo_demo/install/xgo_body/share/ament_index/resource_index/parent_prefix_path/xgo_body
[6.692s] -- Up-to-date: /home/sunrise/xgo_demo/install/xgo_body/share/xgo_body/environment/ament_prefix_path.sh
[6.694s] -- Up-to-date: /home/sunrise/xgo_demo/install/xgo_body/share/xgo_body/environment/ament_prefix_path.dsv
[6.696s] -- Up-to-date: /home/sunrise/xgo_demo/install/xgo_body/share/xgo_body/environment/path.sh
[6.698s] -- Up-to-date: /home/sunrise/xgo_demo/install/xgo_body/share/xgo_body/environment/path.dsv
[6.703s] -- Up-to-date: /home/sunrise/xgo_demo/install/xgo_body/share/xgo_body/local_setup.bash
[6.709s] -- Up-to-date: /home/sunrise/xgo_demo/install/xgo_body/share/xgo_body/local_setup.sh
[6.711s] -- Up-to-date: /home/sunrise/xgo_demo/install/xgo_body/share/xgo_body/local_setup.zsh
[6.712s] -- Up-to-date: /home/sunrise/xgo_demo/install/xgo_body/share/xgo_body/local_setup.dsv
[6.714s] -- Installing: /home/sunrise/xgo_demo/install/xgo_body/share/xgo_body/package.dsv
[6.719s] -- Up-to-date: /home/sunrise/xgo_demo/install/xgo_body/share/ament_index/resource_index/packages/xgo_body
[6.721s] -- Up-to-date: /home/sunrise/xgo_demo/install/xgo_body/share/xgo_body/cmake/export_xgo_body__rosidl_generator_cExport.cmake
[6.724s] -- Up-to-date: /home/sunrise/xgo_demo/install/xgo_body/share/xgo_body/cmake/export_xgo_body__rosidl_generator_cExport-noconfig.cmake
[6.726s] -- Up-to-date: /home/sunrise/xgo_demo/install/xgo_body/share/xgo_body/cmake/export_xgo_body__rosidl_typesupport_fastrtps_cExport.cmake
[6.729s] -- Up-to-date: /home/sunrise/xgo_demo/install/xgo_body/share/xgo_body/cmake/export_xgo_body__rosidl_typesupport_fastrtps_cExport-noconfig.cmake
[6.734s] -- Up-to-date: /home/sunrise/xgo_demo/install/xgo_body/share/xgo_body/cmake/xgo_body__rosidl_typesupport_introspection_cExport.cmake
[6.736s] -- Up-to-date: /home/sunrise/xgo_demo/install/xgo_body/share/xgo_body/cmake/xgo_body__rosidl_typesupport_introspection_cExport-noconfig.cmake
[6.737s] -- Up-to-date: /home/sunrise/xgo_demo/install/xgo_body/share/xgo_body/cmake/xgo_body__rosidl_typesupport_cExport.cmake
[6.741s] -- Up-to-date: /home/sunrise/xgo_demo/install/xgo_body/share/xgo_body/cmake/xgo_body__rosidl_typesupport_cExport-noconfig.cmake
[6.742s] -- Up-to-date: /home/sunrise/xgo_demo/install/xgo_body/share/xgo_body/cmake/export_xgo_body__rosidl_generator_cppExport.cmake
[6.743s] -- Up-to-date: /home/sunrise/xgo_demo/install/xgo_body/share/xgo_body/cmake/export_xgo_body__rosidl_typesupport_fastrtps_cppExport.cmake
[6.745s] -- Up-to-date: /home/sunrise/xgo_demo/install/xgo_body/share/xgo_body/cmake/export_xgo_body__rosidl_typesupport_fastrtps_cppExport-noconfig.cmake
[6.746s] -- Up-to-date: /home/sunrise/xgo_demo/install/xgo_body/share/xgo_body/cmake/xgo_body__rosidl_typesupport_introspection_cppExport.cmake
[6.747s] -- Up-to-date: /home/sunrise/xgo_demo/install/xgo_body/share/xgo_body/cmake/xgo_body__rosidl_typesupport_introspection_cppExport-noconfig.cmake
[6.760s] -- Up-to-date: /home/sunrise/xgo_demo/install/xgo_body/share/xgo_body/cmake/xgo_body__rosidl_typesupport_cppExport.cmake
[6.762s] -- Up-to-date: /home/sunrise/xgo_demo/install/xgo_body/share/xgo_body/cmake/xgo_body__rosidl_typesupport_cppExport-noconfig.cmake
[6.766s] -- Up-to-date: /home/sunrise/xgo_demo/install/xgo_body/share/xgo_body/cmake/export_xgo_body__rosidl_generator_pyExport.cmake
[6.768s] -- Up-to-date: /home/sunrise/xgo_demo/install/xgo_body/share/xgo_body/cmake/export_xgo_body__rosidl_generator_pyExport-noconfig.cmake
[6.769s] -- Up-to-date: /home/sunrise/xgo_demo/install/xgo_body/share/xgo_body/cmake/rosidl_cmake-extras.cmake
[6.772s] -- Up-to-date: /home/sunrise/xgo_demo/install/xgo_body/share/xgo_body/cmake/ament_cmake_export_include_directories-extras.cmake
[6.773s] -- Up-to-date: /home/sunrise/xgo_demo/install/xgo_body/share/xgo_body/cmake/ament_cmake_export_libraries-extras.cmake
[6.776s] -- Up-to-date: /home/sunrise/xgo_demo/install/xgo_body/share/xgo_body/cmake/ament_cmake_export_targets-extras.cmake
[6.781s] -- Up-to-date: /home/sunrise/xgo_demo/install/xgo_body/share/xgo_body/cmake/rosidl_cmake_export_typesupport_targets-extras.cmake
[6.782s] -- Up-to-date: /home/sunrise/xgo_demo/install/xgo_body/share/xgo_body/cmake/ament_cmake_export_dependencies-extras.cmake
[6.783s] -- Up-to-date: /home/sunrise/xgo_demo/install/xgo_body/share/xgo_body/cmake/rosidl_cmake_export_typesupport_libraries-extras.cmake
[6.787s] -- Up-to-date: /home/sunrise/xgo_demo/install/xgo_body/share/xgo_body/cmake/xgo_bodyConfig.cmake
[6.791s] -- Up-to-date: /home/sunrise/xgo_demo/install/xgo_body/share/xgo_body/cmake/xgo_bodyConfig-version.cmake
[6.792s] -- Up-to-date: /home/sunrise/xgo_demo/install/xgo_body/share/xgo_body/package.xml
[6.797s] Invoked command in '/home/sunrise/xgo_demo/build/xgo_body' returned '0': CMAKE_PREFIX_PATH=${CMAKE_PREFIX_PATH}:/home/sunrise/xgo_demo/install/xgo_body_py:/opt/tros/humble:/opt/ros/humble /usr/bin/cmake --install /home/sunrise/xgo_demo/build/xgo_body
